Before clearing:
⬛⬛⬛⬛⬛⬛⬛⬛⬛
⬛⬛⬛⬛⬛⬛⬛⬛⬛
⬛⬛⬛⬛⬛⬛⬛⬛⬛
⬛⬛⬛⬛⬛⬛⬛⬛⬛
⬛⬛⬛⬛⬛⬜⬛⬛⬛
⬛⬛⬛⬛⬛⬜⬛⬛⬛
⬜⬜⬜⬛⬛⬜⬛⬛⬛
⬜⬜⬜⬜⬜⬜⬜⬜⬜


Before clearing:
⬛⬛⬛⬛⬛⬛⬛⬛⬛
⬛⬛⬛⬛⬛⬛⬛⬛⬛
⬛⬛⬛⬛⬛⬛⬛⬛⬛
⬛⬛⬛⬛⬛⬛⬛⬛⬛
⬛⬛⬛⬛⬛⬜⬛⬛⬛
⬛⬛⬛⬛⬜⬜⬛⬛⬛
⬛⬛⬛⬜⬜⬜⬛⬛⬜
⬜⬜⬜⬜⬜⬜⬜⬜⬜


Before clearing:
⬛⬛⬛⬛⬛⬛⬛⬛⬛
⬛⬛⬛⬛⬛⬛⬛⬛⬛
⬛⬛⬛⬛⬛⬛⬛⬛⬛
⬛⬛⬛⬛⬛⬛⬛⬛⬛
⬛⬛⬛⬛⬛⬛⬛⬛⬛
⬛⬛⬛⬛⬛⬜⬛⬛⬛
⬛⬜⬛⬛⬜⬜⬛⬜⬜
⬜⬜⬜⬜⬜⬜⬜⬜⬜


Before clearing:
⬛⬛⬛⬛⬛⬛⬛⬛⬛
⬛⬛⬛⬛⬛⬛⬛⬛⬛
⬛⬛⬛⬛⬛⬛⬛⬛⬛
⬛⬛⬛⬛⬜⬛⬛⬛⬛
⬛⬛⬛⬜⬜⬜⬜⬛⬜
⬛⬜⬛⬜⬜⬛⬛⬜⬛
⬜⬜⬜⬜⬜⬜⬜⬛⬜
⬜⬜⬛⬜⬜⬜⬛⬜⬜


GAME FINISHED!
No more commands.
Final grid and score:

Score: 1323
High Score: 5660
⬛⬛⬛⬛⬛⬛⬛⬛⬛
⬛⬛⬛⬛⬛⬛⬛⬛⬛
⬛⬛⬛⬛⬛⬛⬛⬛⬛
⬛⬛⬛⬛⬛⬛⬛⬛⬛
⬛⬛⬛⬛⬛⬛⬛⬛⬛
⬛⬛⬛⬛⬛⬛⬛⬛⬛
⬛⬛⬛⬛⬛⬛⬛⬛⬛
⬛⬛⬛⬛⬛⬛⬛⬛⬛

Leaderboard
-----------
1. BlockBuster 5660 17:48:57/06.11.2023
2. HeapHopper 5660 12:52:01/07.11.2023
3. GravityGuru 4368 17:48:57/06.11.2023
4. DebugDropper 4368 12:52:00/07.11.2023
5. RowRanger 2289 17:48:56/06.11.2023
6. InfiniteLooper 2289 12:52:00/07.11.2023
7. TetraTitan 2216 17:48:56/06.11.2023
8. RecursiveRaider 2216 12:52:00/07.11.2023
9. CascadeKing 1807 17:48:57/06.11.2023
10. ArrayAvenger 1807 12:52:01/07.11.2023


