Score: 0
High Score: 5660
⬜⬛⬜⬛⬛⬛⬛⬛⬛⬛⬛⬛
⬜⬜⬜⬛⬛⬛⬛⬛⬛⬛⬛⬛
⬛⬛⬛⬛⬛⬛⬛⬛⬛⬛⬛⬛
⬛⬛⬛⬛⬛⬛⬛⬛⬛⬛⬛⬛
⬛⬛⬛⬛⬛⬛⬛⬛⬛⬛⬛⬛
⬛⬛⬛⬛⬛⬛⬛⬛⬛⬛⬛⬛
⬛⬛⬛⬛⬛⬛⬛⬛⬛⬛⬛⬛
⬛⬛⬛⬛⬛⬛⬛⬛⬛⬛⬛⬛
⬛⬛⬛⬛⬛⬛⬛⬛⬛⬛⬛⬛
⬛⬛⬛⬛⬛⬛⬛⬛⬛⬛⬛⬛
⬛⬛⬛⬛⬛⬛⬛⬛⬛⬛⬛⬛
⬛⬛⬛⬛⬛⬛⬛⬛⬛⬛⬛⬛
⬛⬛⬛⬛⬛⬛⬛⬛⬛⬛⬛⬛
⬛⬛⬛⬛⬛⬛⬛⬛⬛⬛⬛⬛
⬛⬛⬛⬛⬛⬛⬛⬛⬛⬛⬛⬛


Score: 65
High Score: 5660
⬜⬛⬛⬛⬛⬛⬛⬛⬛⬛⬛⬛
⬛⬛⬛⬛⬛⬛⬛⬛⬛⬛⬛⬛
⬛⬛⬛⬛⬛⬛⬛⬛⬛⬛⬛⬛
⬛⬛⬛⬛⬛⬛⬛⬛⬛⬛⬛⬛
⬛⬛⬛⬛⬛⬛⬛⬛⬛⬛⬛⬛
⬛⬛⬛⬛⬛⬛⬛⬛⬛⬛⬛⬛
⬛⬛⬛⬛⬛⬛⬛⬛⬛⬛⬛⬛
⬛⬛⬛⬛⬛⬛⬛⬛⬛⬛⬛⬛
⬛⬛⬛⬛⬛⬛⬛⬛⬛⬛⬛⬛
⬛⬛⬛⬛⬛⬛⬛⬛⬛⬛⬛⬛
⬛⬛⬛⬛⬛⬛⬛⬛⬛⬛⬛⬛
⬛⬛⬛⬛⬛⬛⬛⬛⬛⬛⬛⬛
⬛⬛⬛⬛⬛⬛⬛⬛⬛⬛⬛⬛
⬜⬛⬜⬛⬛⬛⬛⬛⬛⬛⬛⬛
⬜⬜⬜⬛⬛⬛⬛⬛⬛⬛⬛⬛


Score: 77
High Score: 5660
⬜⬜⬛⬛⬛⬛⬛⬛⬛⬛⬛⬛
⬛⬛⬛⬛⬛⬛⬛⬛⬛⬛⬛⬛
⬛⬛⬛⬛⬛⬛⬛⬛⬛⬛⬛⬛
⬛⬛⬛⬛⬛⬛⬛⬛⬛⬛⬛⬛
⬛⬛⬛⬛⬛⬛⬛⬛⬛⬛⬛⬛
⬛⬛⬛⬛⬛⬛⬛⬛⬛⬛⬛⬛
⬛⬛⬛⬛⬛⬛⬛⬛⬛⬛⬛⬛
⬛⬛⬛⬛⬛⬛⬛⬛⬛⬛⬛⬛
⬛⬛⬛⬛⬛⬛⬛⬛⬛⬛⬛⬛
⬛⬛⬛⬛⬛⬛⬛⬛⬛⬛⬛⬛
⬛⬛⬛⬛⬛⬛⬛⬛⬛⬛⬛⬛
⬛⬛⬛⬛⬛⬛⬛⬛⬛⬛⬛⬛
⬜⬛⬛⬛⬛⬛⬛⬛⬛⬛⬛⬛
⬜⬛⬜⬛⬛⬛⬛⬛⬛⬛⬛⬛
⬜⬜⬜⬛⬛⬛⬛⬛⬛⬛⬛⬛


Score: 99
High Score: 5660
⬜⬜⬜⬛⬛⬛⬛⬛⬛⬛⬛⬛
⬛⬛⬛⬛⬛⬛⬛⬛⬛⬛⬛⬛
⬛⬛⬛⬛⬛⬛⬛⬛⬛⬛⬛⬛
⬛⬛⬛⬛⬛⬛⬛⬛⬛⬛⬛⬛
⬛⬛⬛⬛⬛⬛⬛⬛⬛⬛⬛⬛
⬛⬛⬛⬛⬛⬛⬛⬛⬛⬛⬛⬛
⬛⬛⬛⬛⬛⬛⬛⬛⬛⬛⬛⬛
⬛⬛⬛⬛⬛⬛⬛⬛⬛⬛⬛⬛
⬛⬛⬛⬛⬛⬛⬛⬛⬛⬛⬛⬛
⬛⬛⬛⬛⬛⬛⬛⬛⬛⬛⬛⬛
⬛⬛⬛⬛⬛⬛⬛⬛⬛⬛⬛⬛
⬜⬜⬛⬛⬛⬛⬛⬛⬛⬛⬛⬛
⬜⬛⬛⬛⬛⬛⬛⬛⬛⬛⬛⬛
⬜⬛⬜⬛⬛⬛⬛⬛⬛⬛⬛⬛
⬜⬜⬜⬛⬛⬛⬛⬛⬛⬛⬛⬛


Score: 129
High Score: 5660
⬜⬜⬜⬜⬛⬛⬛⬛⬛⬛⬛⬛
⬛⬛⬛⬛⬛⬛⬛⬛⬛⬛⬛⬛
⬛⬛⬛⬛⬛⬛⬛⬛⬛⬛⬛⬛
⬛⬛⬛⬛⬛⬛⬛⬛⬛⬛⬛⬛
⬛⬛⬛⬛⬛⬛⬛⬛⬛⬛⬛⬛
⬛⬛⬛⬛⬛⬛⬛⬛⬛⬛⬛⬛
⬛⬛⬛⬛⬛⬛⬛⬛⬛⬛⬛⬛
⬛⬛⬛⬛⬛⬛⬛⬛⬛⬛⬛⬛
⬛⬛⬛⬛⬛⬛⬛⬛⬛⬛⬛⬛
⬛⬛⬛⬛⬛⬛⬛⬛⬛⬛⬛⬛
⬜⬜⬜⬛⬛⬛⬛⬛⬛⬛⬛⬛
⬜⬜⬛⬛⬛⬛⬛⬛⬛⬛⬛⬛
⬜⬛⬛⬛⬛⬛⬛⬛⬛⬛⬛⬛
⬜⬛⬜⬛⬛⬛⬛⬛⬛⬛⬛⬛
⬜⬜⬜⬛⬛⬛⬛⬛⬛⬛⬛⬛


Score: 165
High Score: 5660
⬜⬜⬛⬛⬛⬛⬛⬛⬛⬛⬛⬛
⬜⬜⬛⬛⬛⬛⬛⬛⬛⬛⬛⬛
⬛⬛⬛⬛⬛⬛⬛⬛⬛⬛⬛⬛
⬛⬛⬛⬛⬛⬛⬛⬛⬛⬛⬛⬛
⬛⬛⬛⬛⬛⬛⬛⬛⬛⬛⬛⬛
⬛⬛⬛⬛⬛⬛⬛⬛⬛⬛⬛⬛
⬛⬛⬛⬛⬛⬛⬛⬛⬛⬛⬛⬛
⬛⬛⬛⬛⬛⬛⬛⬛⬛⬛⬛⬛
⬛⬛⬛⬛⬛⬛⬛⬛⬛⬛⬛⬛
⬜⬜⬜⬜⬛⬛⬛⬛⬛⬛⬛⬛
⬜⬜⬜⬛⬛⬛⬛⬛⬛⬛⬛⬛
⬜⬜⬛⬛⬛⬛⬛⬛⬛⬛⬛⬛
⬜⬛⬛⬛⬛⬛⬛⬛⬛⬛⬛⬛
⬜⬛⬜⬛⬛⬛⬛⬛⬛⬛⬛⬛
⬜⬜⬜⬛⬛⬛⬛⬛⬛⬛⬛⬛


Score: 193
High Score: 5660
⬜⬛⬛⬛⬛⬛⬛⬛⬛⬛⬛⬛
⬛⬜⬛⬛⬛⬛⬛⬛⬛⬛⬛⬛
⬛⬛⬛⬛⬛⬛⬛⬛⬛⬛⬛⬛
⬛⬛⬛⬛⬛⬛⬛⬛⬛⬛⬛⬛
⬛⬛⬛⬛⬛⬛⬛⬛⬛⬛⬛⬛
⬛⬛⬛⬛⬛⬛⬛⬛⬛⬛⬛⬛
⬛⬛⬛⬛⬛⬛⬛⬛⬛⬛⬛⬛
⬜⬜⬛⬛⬛⬛⬛⬛⬛⬛⬛⬛
⬜⬜⬛⬛⬛⬛⬛⬛⬛⬛⬛⬛
⬜⬜⬜⬜⬛⬛⬛⬛⬛⬛⬛⬛
⬜⬜⬜⬛⬛⬛⬛⬛⬛⬛⬛⬛
⬜⬜⬛⬛⬛⬛⬛⬛⬛⬛⬛⬛
⬜⬛⬛⬛⬛⬛⬛⬛⬛⬛⬛⬛
⬜⬛⬜⬛⬛⬛⬛⬛⬛⬛⬛⬛
⬜⬜⬜⬛⬛⬛⬛⬛⬛⬛⬛⬛


Score: 203
High Score: 5660
⬜⬛⬛⬛⬛⬛⬛⬛⬛⬛⬛⬛
⬜⬛⬛⬛⬛⬛⬛⬛⬛⬛⬛⬛
⬜⬜⬛⬛⬛⬛⬛⬛⬛⬛⬛⬛
⬛⬛⬛⬛⬛⬛⬛⬛⬛⬛⬛⬛
⬛⬛⬛⬛⬛⬛⬛⬛⬛⬛⬛⬛
⬜⬛⬛⬛⬛⬛⬛⬛⬛⬛⬛⬛
⬛⬜⬛⬛⬛⬛⬛⬛⬛⬛⬛⬛
⬜⬜⬛⬛⬛⬛⬛⬛⬛⬛⬛⬛
⬜⬜⬛⬛⬛⬛⬛⬛⬛⬛⬛⬛
⬜⬜⬜⬜⬛⬛⬛⬛⬛⬛⬛⬛
⬜⬜⬜⬛⬛⬛⬛⬛⬛⬛⬛⬛
⬜⬜⬛⬛⬛⬛⬛⬛⬛⬛⬛⬛
⬜⬛⬛⬛⬛⬛⬛⬛⬛⬛⬛⬛
⬜⬛⬜⬛⬛⬛⬛⬛⬛⬛⬛⬛
⬜⬜⬜⬛⬛⬛⬛⬛⬛⬛⬛⬛


Score: 211
High Score: 5660
⬜⬛⬛⬛⬛⬛⬛⬛⬛⬛⬛⬛
⬜⬜⬛⬛⬛⬛⬛⬛⬛⬛⬛⬛
⬜⬜⬛⬛⬛⬛⬛⬛⬛⬛⬛⬛
⬜⬛⬛⬛⬛⬛⬛⬛⬛⬛⬛⬛
⬜⬜⬛⬛⬛⬛⬛⬛⬛⬛⬛⬛
⬜⬛⬛⬛⬛⬛⬛⬛⬛⬛⬛⬛
⬛⬜⬛⬛⬛⬛⬛⬛⬛⬛⬛⬛
⬜⬜⬛⬛⬛⬛⬛⬛⬛⬛⬛⬛
⬜⬜⬛⬛⬛⬛⬛⬛⬛⬛⬛⬛
⬜⬜⬜⬜⬛⬛⬛⬛⬛⬛⬛⬛
⬜⬜⬜⬛⬛⬛⬛⬛⬛⬛⬛⬛
⬜⬜⬛⬛⬛⬛⬛⬛⬛⬛⬛⬛
⬜⬛⬛⬛⬛⬛⬛⬛⬛⬛⬛⬛
⬜⬛⬜⬛⬛⬛⬛⬛⬛⬛⬛⬛
⬜⬜⬜⬛⬛⬛⬛⬛⬛⬛⬛⬛


GAME OVER!
Next block that couldn't fit:
⬜⬜⬜
⬛⬜⬛

Final grid and score:

Score: 211
High Score: 5660
⬜⬛⬛⬛⬛⬛⬛⬛⬛⬛⬛⬛
⬜⬜⬛⬛⬛⬛⬛⬛⬛⬛⬛⬛
⬜⬜⬛⬛⬛⬛⬛⬛⬛⬛⬛⬛
⬜⬛⬛⬛⬛⬛⬛⬛⬛⬛⬛⬛
⬜⬜⬛⬛⬛⬛⬛⬛⬛⬛⬛⬛
⬜⬛⬛⬛⬛⬛⬛⬛⬛⬛⬛⬛
⬛⬜⬛⬛⬛⬛⬛⬛⬛⬛⬛⬛
⬜⬜⬛⬛⬛⬛⬛⬛⬛⬛⬛⬛
⬜⬜⬛⬛⬛⬛⬛⬛⬛⬛⬛⬛
⬜⬜⬜⬜⬛⬛⬛⬛⬛⬛⬛⬛
⬜⬜⬜⬛⬛⬛⬛⬛⬛⬛⬛⬛
⬜⬜⬛⬛⬛⬛⬛⬛⬛⬛⬛⬛
⬜⬛⬛⬛⬛⬛⬛⬛⬛⬛⬛⬛
⬜⬛⬜⬛⬛⬛⬛⬛⬛⬛⬛⬛
⬜⬜⬜⬛⬛⬛⬛⬛⬛⬛⬛⬛

Leaderboard
-----------
1. BlockBuster 5660 17:48:57/06.11.2023
2. GravityGuru 4368 17:48:57/06.11.2023
3. RowRanger 2289 17:48:56/06.11.2023
4. InfiniteLooper 2289 12:52:00/07.11.2023
5. TetraTitan 2216 17:48:56/06.11.2023
6. CascadeKing 1807 17:48:57/06.11.2023
7. PuzzlePrince 1391 17:48:56/06.11.2023
8. LineLiberator 1323 17:48:58/06.11.2023
9. CubeConqueror 928 17:48:57/06.11.2023
10. FallPhenom 304 17:48:57/06.11.2023


