Score: 0
High Score: 5660
⬜⬛⬜⬛⬛⬛⬛⬛⬛⬛⬛⬛
⬜⬜⬜⬛⬛⬛⬛⬛⬛⬛⬛⬛
⬛⬛⬛⬛⬛⬛⬛⬛⬛⬛⬛⬛
⬛⬛⬛⬛⬛⬛⬛⬛⬛⬛⬛⬛
⬛⬛⬛⬛⬛⬛⬛⬛⬛⬛⬛⬛
⬛⬛⬛⬛⬛⬛⬛⬛⬛⬛⬛⬛
⬛⬛⬛⬛⬛⬛⬛⬛⬛⬛⬛⬛
⬛⬛⬛⬛⬛⬛⬛⬛⬛⬛⬛⬛
⬛⬛⬛⬛⬛⬛⬛⬛⬛⬛⬛⬛
⬛⬛⬛⬛⬛⬛⬛⬛⬛⬛⬛⬛
⬛⬛⬛⬛⬛⬛⬛⬛⬛⬛⬛⬛
⬛⬛⬛⬛⬛⬛⬛⬛⬛⬛⬛⬛
⬛⬛⬛⬛⬛⬛⬛⬛⬛⬛⬛⬛
⬛⬛⬛⬛⬛⬛⬛⬛⬛⬛⬛⬛
⬛⬛⬛⬛⬛⬛⬛⬛⬛⬛⬛⬛


Score: 65
High Score: 5660
⬜⬛⬛⬛⬛⬛⬛⬛⬛⬛⬛⬛
⬛⬛⬛⬛⬛⬛⬛⬛⬛⬛⬛⬛
⬛⬛⬛⬛⬛⬛⬛⬛⬛⬛⬛⬛
⬛⬛⬛⬛⬛⬛⬛⬛⬛⬛⬛⬛
⬛⬛⬛⬛⬛⬛⬛⬛⬛⬛⬛⬛
⬛⬛⬛⬛⬛⬛⬛⬛⬛⬛⬛⬛
⬛⬛⬛⬛⬛⬛⬛⬛⬛⬛⬛⬛
⬛⬛⬛⬛⬛⬛⬛⬛⬛⬛⬛⬛
⬛⬛⬛⬛⬛⬛⬛⬛⬛⬛⬛⬛
⬛⬛⬛⬛⬛⬛⬛⬛⬛⬛⬛⬛
⬛⬛⬛⬛⬛⬛⬛⬛⬛⬛⬛⬛
⬛⬛⬛⬛⬛⬛⬛⬛⬛⬛⬛⬛
⬛⬛⬛⬛⬛⬛⬛⬛⬛⬛⬛⬛
⬜⬛⬜⬛⬛⬛⬛⬛⬛⬛⬛⬛
⬜⬜⬜⬛⬛⬛⬛⬛⬛⬛⬛⬛


Score: 65
High Score: 5660
⬛⬛⬜⬛⬛⬛⬛⬛⬛⬛⬛⬛
⬛⬛⬛⬛⬛⬛⬛⬛⬛⬛⬛⬛
⬛⬛⬛⬛⬛⬛⬛⬛⬛⬛⬛⬛
⬛⬛⬛⬛⬛⬛⬛⬛⬛⬛⬛⬛
⬛⬛⬛⬛⬛⬛⬛⬛⬛⬛⬛⬛
⬛⬛⬛⬛⬛⬛⬛⬛⬛⬛⬛⬛
⬛⬛⬛⬛⬛⬛⬛⬛⬛⬛⬛⬛
⬛⬛⬛⬛⬛⬛⬛⬛⬛⬛⬛⬛
⬛⬛⬛⬛⬛⬛⬛⬛⬛⬛⬛⬛
⬛⬛⬛⬛⬛⬛⬛⬛⬛⬛⬛⬛
⬛⬛⬛⬛⬛⬛⬛⬛⬛⬛⬛⬛
⬛⬛⬛⬛⬛⬛⬛⬛⬛⬛⬛⬛
⬛⬛⬛⬛⬛⬛⬛⬛⬛⬛⬛⬛
⬜⬛⬜⬛⬛⬛⬛⬛⬛⬛⬛⬛
⬜⬜⬜⬛⬛⬛⬛⬛⬛⬛⬛⬛


Score: 77
High Score: 5660
⬜⬜⬛⬛⬛⬛⬛⬛⬛⬛⬛⬛
⬛⬛⬛⬛⬛⬛⬛⬛⬛⬛⬛⬛
⬛⬛⬛⬛⬛⬛⬛⬛⬛⬛⬛⬛
⬛⬛⬛⬛⬛⬛⬛⬛⬛⬛⬛⬛
⬛⬛⬛⬛⬛⬛⬛⬛⬛⬛⬛⬛
⬛⬛⬛⬛⬛⬛⬛⬛⬛⬛⬛⬛
⬛⬛⬛⬛⬛⬛⬛⬛⬛⬛⬛⬛
⬛⬛⬛⬛⬛⬛⬛⬛⬛⬛⬛⬛
⬛⬛⬛⬛⬛⬛⬛⬛⬛⬛⬛⬛
⬛⬛⬛⬛⬛⬛⬛⬛⬛⬛⬛⬛
⬛⬛⬛⬛⬛⬛⬛⬛⬛⬛⬛⬛
⬛⬛⬛⬛⬛⬛⬛⬛⬛⬛⬛⬛
⬛⬛⬜⬛⬛⬛⬛⬛⬛⬛⬛⬛
⬜⬛⬜⬛⬛⬛⬛⬛⬛⬛⬛⬛
⬜⬜⬜⬛⬛⬛⬛⬛⬛⬛⬛⬛


Score: 77
High Score: 5660
⬛⬜⬛⬛⬛⬛⬛⬛⬛⬛⬛⬛
⬛⬜⬛⬛⬛⬛⬛⬛⬛⬛⬛⬛
⬛⬛⬛⬛⬛⬛⬛⬛⬛⬛⬛⬛
⬛⬛⬛⬛⬛⬛⬛⬛⬛⬛⬛⬛
⬛⬛⬛⬛⬛⬛⬛⬛⬛⬛⬛⬛
⬛⬛⬛⬛⬛⬛⬛⬛⬛⬛⬛⬛
⬛⬛⬛⬛⬛⬛⬛⬛⬛⬛⬛⬛
⬛⬛⬛⬛⬛⬛⬛⬛⬛⬛⬛⬛
⬛⬛⬛⬛⬛⬛⬛⬛⬛⬛⬛⬛
⬛⬛⬛⬛⬛⬛⬛⬛⬛⬛⬛⬛
⬛⬛⬛⬛⬛⬛⬛⬛⬛⬛⬛⬛
⬛⬛⬛⬛⬛⬛⬛⬛⬛⬛⬛⬛
⬛⬛⬜⬛⬛⬛⬛⬛⬛⬛⬛⬛
⬜⬛⬜⬛⬛⬛⬛⬛⬛⬛⬛⬛
⬜⬜⬜⬛⬛⬛⬛⬛⬛⬛⬛⬛


Score: 101
High Score: 5660
⬜⬜⬜⬛⬛⬛⬛⬛⬛⬛⬛⬛
⬛⬛⬛⬛⬛⬛⬛⬛⬛⬛⬛⬛
⬛⬛⬛⬛⬛⬛⬛⬛⬛⬛⬛⬛
⬛⬛⬛⬛⬛⬛⬛⬛⬛⬛⬛⬛
⬛⬛⬛⬛⬛⬛⬛⬛⬛⬛⬛⬛
⬛⬛⬛⬛⬛⬛⬛⬛⬛⬛⬛⬛
⬛⬛⬛⬛⬛⬛⬛⬛⬛⬛⬛⬛
⬛⬛⬛⬛⬛⬛⬛⬛⬛⬛⬛⬛
⬛⬛⬛⬛⬛⬛⬛⬛⬛⬛⬛⬛
⬛⬛⬛⬛⬛⬛⬛⬛⬛⬛⬛⬛
⬛⬛⬛⬛⬛⬛⬛⬛⬛⬛⬛⬛
⬛⬛⬛⬛⬛⬛⬛⬛⬛⬛⬛⬛
⬛⬜⬜⬛⬛⬛⬛⬛⬛⬛⬛⬛
⬜⬜⬜⬛⬛⬛⬛⬛⬛⬛⬛⬛
⬜⬜⬜⬛⬛⬛⬛⬛⬛⬛⬛⬛


Score: 101
High Score: 5660
⬛⬛⬛⬜⬜⬜⬛⬛⬛⬛⬛⬛
⬛⬛⬛⬛⬛⬛⬛⬛⬛⬛⬛⬛
⬛⬛⬛⬛⬛⬛⬛⬛⬛⬛⬛⬛
⬛⬛⬛⬛⬛⬛⬛⬛⬛⬛⬛⬛
⬛⬛⬛⬛⬛⬛⬛⬛⬛⬛⬛⬛
⬛⬛⬛⬛⬛⬛⬛⬛⬛⬛⬛⬛
⬛⬛⬛⬛⬛⬛⬛⬛⬛⬛⬛⬛
⬛⬛⬛⬛⬛⬛⬛⬛⬛⬛⬛⬛
⬛⬛⬛⬛⬛⬛⬛⬛⬛⬛⬛⬛
⬛⬛⬛⬛⬛⬛⬛⬛⬛⬛⬛⬛
⬛⬛⬛⬛⬛⬛⬛⬛⬛⬛⬛⬛
⬛⬛⬛⬛⬛⬛⬛⬛⬛⬛⬛⬛
⬛⬜⬜⬛⬛⬛⬛⬛⬛⬛⬛⬛
⬜⬜⬜⬛⬛⬛⬛⬛⬛⬛⬛⬛
⬜⬜⬜⬛⬛⬛⬛⬛⬛⬛⬛⬛


Score: 143
High Score: 5660
⬜⬜⬜⬜⬛⬛⬛⬛⬛⬛⬛⬛
⬛⬛⬛⬛⬛⬛⬛⬛⬛⬛⬛⬛
⬛⬛⬛⬛⬛⬛⬛⬛⬛⬛⬛⬛
⬛⬛⬛⬛⬛⬛⬛⬛⬛⬛⬛⬛
⬛⬛⬛⬛⬛⬛⬛⬛⬛⬛⬛⬛
⬛⬛⬛⬛⬛⬛⬛⬛⬛⬛⬛⬛
⬛⬛⬛⬛⬛⬛⬛⬛⬛⬛⬛⬛
⬛⬛⬛⬛⬛⬛⬛⬛⬛⬛⬛⬛
⬛⬛⬛⬛⬛⬛⬛⬛⬛⬛⬛⬛
⬛⬛⬛⬛⬛⬛⬛⬛⬛⬛⬛⬛
⬛⬛⬛⬛⬛⬛⬛⬛⬛⬛⬛⬛
⬛⬛⬛⬛⬛⬛⬛⬛⬛⬛⬛⬛
⬛⬜⬜⬛⬛⬛⬛⬛⬛⬛⬛⬛
⬜⬜⬜⬛⬛⬛⬛⬛⬛⬛⬛⬛
⬜⬜⬜⬜⬜⬜⬛⬛⬛⬛⬛⬛


Score: 143
High Score: 5660
⬛⬛⬛⬛⬛⬛⬛⬛⬜⬜⬜⬜
⬛⬛⬛⬛⬛⬛⬛⬛⬛⬛⬛⬛
⬛⬛⬛⬛⬛⬛⬛⬛⬛⬛⬛⬛
⬛⬛⬛⬛⬛⬛⬛⬛⬛⬛⬛⬛
⬛⬛⬛⬛⬛⬛⬛⬛⬛⬛⬛⬛
⬛⬛⬛⬛⬛⬛⬛⬛⬛⬛⬛⬛
⬛⬛⬛⬛⬛⬛⬛⬛⬛⬛⬛⬛
⬛⬛⬛⬛⬛⬛⬛⬛⬛⬛⬛⬛
⬛⬛⬛⬛⬛⬛⬛⬛⬛⬛⬛⬛
⬛⬛⬛⬛⬛⬛⬛⬛⬛⬛⬛⬛
⬛⬛⬛⬛⬛⬛⬛⬛⬛⬛⬛⬛
⬛⬛⬛⬛⬛⬛⬛⬛⬛⬛⬛⬛
⬛⬜⬜⬛⬛⬛⬛⬛⬛⬛⬛⬛
⬜⬜⬜⬛⬛⬛⬛⬛⬛⬛⬛⬛
⬜⬜⬜⬜⬜⬜⬛⬛⬛⬛⬛⬛


Score: 199
High Score: 5660
⬜⬜⬛⬛⬛⬛⬛⬛⬛⬛⬛⬛
⬜⬜⬛⬛⬛⬛⬛⬛⬛⬛⬛⬛
⬛⬛⬛⬛⬛⬛⬛⬛⬛⬛⬛⬛
⬛⬛⬛⬛⬛⬛⬛⬛⬛⬛⬛⬛
⬛⬛⬛⬛⬛⬛⬛⬛⬛⬛⬛⬛
⬛⬛⬛⬛⬛⬛⬛⬛⬛⬛⬛⬛
⬛⬛⬛⬛⬛⬛⬛⬛⬛⬛⬛⬛
⬛⬛⬛⬛⬛⬛⬛⬛⬛⬛⬛⬛
⬛⬛⬛⬛⬛⬛⬛⬛⬛⬛⬛⬛
⬛⬛⬛⬛⬛⬛⬛⬛⬛⬛⬛⬛
⬛⬛⬛⬛⬛⬛⬛⬛⬛⬛⬛⬛
⬛⬛⬛⬛⬛⬛⬛⬛⬛⬛⬛⬛
⬛⬜⬜⬛⬛⬛⬛⬛⬛⬛⬛⬛
⬜⬜⬜⬛⬛⬛⬛⬛⬛⬛⬛⬛
⬜⬜⬜⬜⬜⬜⬛⬛⬜⬜⬜⬜


Score: 199
High Score: 5660
⬛⬛⬛⬛⬛⬜⬜⬛⬛⬛⬛⬛
⬛⬛⬛⬛⬛⬜⬜⬛⬛⬛⬛⬛
⬛⬛⬛⬛⬛⬛⬛⬛⬛⬛⬛⬛
⬛⬛⬛⬛⬛⬛⬛⬛⬛⬛⬛⬛
⬛⬛⬛⬛⬛⬛⬛⬛⬛⬛⬛⬛
⬛⬛⬛⬛⬛⬛⬛⬛⬛⬛⬛⬛
⬛⬛⬛⬛⬛⬛⬛⬛⬛⬛⬛⬛
⬛⬛⬛⬛⬛⬛⬛⬛⬛⬛⬛⬛
⬛⬛⬛⬛⬛⬛⬛⬛⬛⬛⬛⬛
⬛⬛⬛⬛⬛⬛⬛⬛⬛⬛⬛⬛
⬛⬛⬛⬛⬛⬛⬛⬛⬛⬛⬛⬛
⬛⬛⬛⬛⬛⬛⬛⬛⬛⬛⬛⬛
⬛⬜⬜⬛⬛⬛⬛⬛⬛⬛⬛⬛
⬜⬜⬜⬛⬛⬛⬛⬛⬛⬛⬛⬛
⬜⬜⬜⬜⬜⬜⬛⬛⬜⬜⬜⬜


Score: 247
High Score: 5660
⬜⬛⬛⬛⬛⬛⬛⬛⬛⬛⬛⬛
⬛⬜⬛⬛⬛⬛⬛⬛⬛⬛⬛⬛
⬛⬛⬛⬛⬛⬛⬛⬛⬛⬛⬛⬛
⬛⬛⬛⬛⬛⬛⬛⬛⬛⬛⬛⬛
⬛⬛⬛⬛⬛⬛⬛⬛⬛⬛⬛⬛
⬛⬛⬛⬛⬛⬛⬛⬛⬛⬛⬛⬛
⬛⬛⬛⬛⬛⬛⬛⬛⬛⬛⬛⬛
⬛⬛⬛⬛⬛⬛⬛⬛⬛⬛⬛⬛
⬛⬛⬛⬛⬛⬛⬛⬛⬛⬛⬛⬛
⬛⬛⬛⬛⬛⬛⬛⬛⬛⬛⬛⬛
⬛⬛⬛⬛⬛⬛⬛⬛⬛⬛⬛⬛
⬛⬛⬛⬛⬛⬛⬛⬛⬛⬛⬛⬛
⬛⬜⬜⬛⬛⬜⬛⬛⬛⬛⬛⬛
⬜⬜⬜⬛⬛⬜⬜⬛⬛⬛⬛⬛
⬜⬜⬜⬜⬜⬜⬜⬛⬜⬜⬜⬜


Score: 247
High Score: 5660
⬛⬜⬛⬛⬛⬛⬛⬛⬛⬛⬛⬛
⬜⬛⬛⬛⬛⬛⬛⬛⬛⬛⬛⬛
⬛⬛⬛⬛⬛⬛⬛⬛⬛⬛⬛⬛
⬛⬛⬛⬛⬛⬛⬛⬛⬛⬛⬛⬛
⬛⬛⬛⬛⬛⬛⬛⬛⬛⬛⬛⬛
⬛⬛⬛⬛⬛⬛⬛⬛⬛⬛⬛⬛
⬛⬛⬛⬛⬛⬛⬛⬛⬛⬛⬛⬛
⬛⬛⬛⬛⬛⬛⬛⬛⬛⬛⬛⬛
⬛⬛⬛⬛⬛⬛⬛⬛⬛⬛⬛⬛
⬛⬛⬛⬛⬛⬛⬛⬛⬛⬛⬛⬛
⬛⬛⬛⬛⬛⬛⬛⬛⬛⬛⬛⬛
⬛⬛⬛⬛⬛⬛⬛⬛⬛⬛⬛⬛
⬛⬜⬜⬛⬛⬜⬛⬛⬛⬛⬛⬛
⬜⬜⬜⬛⬛⬜⬜⬛⬛⬛⬛⬛
⬜⬜⬜⬜⬜⬜⬜⬛⬜⬜⬜⬜


Score: 269
High Score: 5660
⬜⬛⬛⬛⬛⬛⬛⬛⬛⬛⬛⬛
⬜⬛⬛⬛⬛⬛⬛⬛⬛⬛⬛⬛
⬜⬜⬛⬛⬛⬛⬛⬛⬛⬛⬛⬛
⬛⬛⬛⬛⬛⬛⬛⬛⬛⬛⬛⬛
⬛⬛⬛⬛⬛⬛⬛⬛⬛⬛⬛⬛
⬛⬛⬛⬛⬛⬛⬛⬛⬛⬛⬛⬛
⬛⬛⬛⬛⬛⬛⬛⬛⬛⬛⬛⬛
⬛⬛⬛⬛⬛⬛⬛⬛⬛⬛⬛⬛
⬛⬛⬛⬛⬛⬛⬛⬛⬛⬛⬛⬛
⬛⬛⬛⬛⬛⬛⬛⬛⬛⬛⬛⬛
⬛⬛⬛⬛⬛⬛⬛⬛⬛⬛⬛⬛
⬛⬜⬛⬛⬛⬛⬛⬛⬛⬛⬛⬛
⬜⬜⬜⬛⬛⬜⬛⬛⬛⬛⬛⬛
⬜⬜⬜⬛⬛⬜⬜⬛⬛⬛⬛⬛
⬜⬜⬜⬜⬜⬜⬜⬛⬜⬜⬜⬜


Score: 269
High Score: 5660
⬛⬛⬛⬜⬛⬛⬛⬛⬛⬛⬛⬛
⬛⬛⬛⬜⬛⬛⬛⬛⬛⬛⬛⬛
⬛⬛⬛⬜⬜⬛⬛⬛⬛⬛⬛⬛
⬛⬛⬛⬛⬛⬛⬛⬛⬛⬛⬛⬛
⬛⬛⬛⬛⬛⬛⬛⬛⬛⬛⬛⬛
⬛⬛⬛⬛⬛⬛⬛⬛⬛⬛⬛⬛
⬛⬛⬛⬛⬛⬛⬛⬛⬛⬛⬛⬛
⬛⬛⬛⬛⬛⬛⬛⬛⬛⬛⬛⬛
⬛⬛⬛⬛⬛⬛⬛⬛⬛⬛⬛⬛
⬛⬛⬛⬛⬛⬛⬛⬛⬛⬛⬛⬛
⬛⬛⬛⬛⬛⬛⬛⬛⬛⬛⬛⬛
⬛⬜⬛⬛⬛⬛⬛⬛⬛⬛⬛⬛
⬜⬜⬜⬛⬛⬜⬛⬛⬛⬛⬛⬛
⬜⬜⬜⬛⬛⬜⬜⬛⬛⬛⬛⬛
⬜⬜⬜⬜⬜⬜⬜⬛⬜⬜⬜⬜


Score: 313
High Score: 5660
⬜⬛⬛⬛⬛⬛⬛⬛⬛⬛⬛⬛
⬜⬜⬛⬛⬛⬛⬛⬛⬛⬛⬛⬛
⬛⬜⬛⬛⬛⬛⬛⬛⬛⬛⬛⬛
⬛⬛⬛⬛⬛⬛⬛⬛⬛⬛⬛⬛
⬛⬛⬛⬛⬛⬛⬛⬛⬛⬛⬛⬛
⬛⬛⬛⬛⬛⬛⬛⬛⬛⬛⬛⬛
⬛⬛⬛⬛⬛⬛⬛⬛⬛⬛⬛⬛
⬛⬛⬛⬛⬛⬛⬛⬛⬛⬛⬛⬛
⬛⬛⬛⬛⬛⬛⬛⬛⬛⬛⬛⬛
⬛⬛⬛⬛⬛⬛⬛⬛⬛⬛⬛⬛
⬛⬛⬛⬛⬛⬛⬛⬛⬛⬛⬛⬛
⬛⬜⬛⬜⬛⬛⬛⬛⬛⬛⬛⬛
⬜⬜⬜⬜⬛⬜⬛⬛⬛⬛⬛⬛
⬜⬜⬜⬜⬜⬜⬜⬛⬛⬛⬛⬛
⬜⬜⬜⬜⬜⬜⬜⬛⬜⬜⬜⬜


Score: 313
High Score: 5660
⬛⬜⬛⬛⬛⬛⬛⬛⬛⬛⬛⬛
⬛⬜⬜⬛⬛⬛⬛⬛⬛⬛⬛⬛
⬛⬛⬜⬛⬛⬛⬛⬛⬛⬛⬛⬛
⬛⬛⬛⬛⬛⬛⬛⬛⬛⬛⬛⬛
⬛⬛⬛⬛⬛⬛⬛⬛⬛⬛⬛⬛
⬛⬛⬛⬛⬛⬛⬛⬛⬛⬛⬛⬛
⬛⬛⬛⬛⬛⬛⬛⬛⬛⬛⬛⬛
⬛⬛⬛⬛⬛⬛⬛⬛⬛⬛⬛⬛
⬛⬛⬛⬛⬛⬛⬛⬛⬛⬛⬛⬛
⬛⬛⬛⬛⬛⬛⬛⬛⬛⬛⬛⬛
⬛⬛⬛⬛⬛⬛⬛⬛⬛⬛⬛⬛
⬛⬜⬛⬜⬛⬛⬛⬛⬛⬛⬛⬛
⬜⬜⬜⬜⬛⬜⬛⬛⬛⬛⬛⬛
⬜⬜⬜⬜⬜⬜⬜⬛⬛⬛⬛⬛
⬜⬜⬜⬜⬜⬜⬜⬛⬜⬜⬜⬜


Score: 349
High Score: 5660
⬜⬜⬜⬛⬛⬛⬛⬛⬛⬛⬛⬛
⬛⬜⬛⬛⬛⬛⬛⬛⬛⬛⬛⬛
⬛⬛⬛⬛⬛⬛⬛⬛⬛⬛⬛⬛
⬛⬛⬛⬛⬛⬛⬛⬛⬛⬛⬛⬛
⬛⬛⬛⬛⬛⬛⬛⬛⬛⬛⬛⬛
⬛⬛⬛⬛⬛⬛⬛⬛⬛⬛⬛⬛
⬛⬛⬛⬛⬛⬛⬛⬛⬛⬛⬛⬛
⬛⬛⬛⬛⬛⬛⬛⬛⬛⬛⬛⬛
⬛⬛⬛⬛⬛⬛⬛⬛⬛⬛⬛⬛
⬛⬜⬛⬛⬛⬛⬛⬛⬛⬛⬛⬛
⬛⬜⬜⬛⬛⬛⬛⬛⬛⬛⬛⬛
⬛⬜⬜⬜⬛⬛⬛⬛⬛⬛⬛⬛
⬜⬜⬜⬜⬛⬜⬛⬛⬛⬛⬛⬛
⬜⬜⬜⬜⬜⬜⬜⬛⬛⬛⬛⬛
⬜⬜⬜⬜⬜⬜⬜⬛⬜⬜⬜⬜


Score: 349
High Score: 5660
⬛⬛⬛⬛⬜⬛⬛⬛⬛⬛⬛⬛
⬛⬛⬛⬛⬜⬜⬛⬛⬛⬛⬛⬛
⬛⬛⬛⬛⬜⬛⬛⬛⬛⬛⬛⬛
⬛⬛⬛⬛⬛⬛⬛⬛⬛⬛⬛⬛
⬛⬛⬛⬛⬛⬛⬛⬛⬛⬛⬛⬛
⬛⬛⬛⬛⬛⬛⬛⬛⬛⬛⬛⬛
⬛⬛⬛⬛⬛⬛⬛⬛⬛⬛⬛⬛
⬛⬛⬛⬛⬛⬛⬛⬛⬛⬛⬛⬛
⬛⬛⬛⬛⬛⬛⬛⬛⬛⬛⬛⬛
⬛⬜⬛⬛⬛⬛⬛⬛⬛⬛⬛⬛
⬛⬜⬜⬛⬛⬛⬛⬛⬛⬛⬛⬛
⬛⬜⬜⬜⬛⬛⬛⬛⬛⬛⬛⬛
⬜⬜⬜⬜⬛⬜⬛⬛⬛⬛⬛⬛
⬜⬜⬜⬜⬜⬜⬜⬛⬛⬛⬛⬛
⬜⬜⬜⬜⬜⬜⬜⬛⬜⬜⬜⬜


Score: 389
High Score: 5660
⬛⬜⬛⬛⬛⬛⬛⬛⬛⬛⬛⬛
⬜⬜⬜⬛⬛⬛⬛⬛⬛⬛⬛⬛
⬛⬜⬛⬛⬛⬛⬛⬛⬛⬛⬛⬛
⬛⬛⬛⬛⬛⬛⬛⬛⬛⬛⬛⬛
⬛⬛⬛⬛⬛⬛⬛⬛⬛⬛⬛⬛
⬛⬛⬛⬛⬛⬛⬛⬛⬛⬛⬛⬛
⬛⬛⬛⬛⬛⬛⬛⬛⬛⬛⬛⬛
⬛⬛⬛⬛⬛⬛⬛⬛⬛⬛⬛⬛
⬛⬛⬛⬛⬛⬛⬛⬛⬛⬛⬛⬛
⬛⬜⬛⬛⬛⬛⬛⬛⬛⬛⬛⬛
⬛⬜⬜⬛⬜⬛⬛⬛⬛⬛⬛⬛
⬛⬜⬜⬜⬜⬜⬛⬛⬛⬛⬛⬛
⬜⬜⬜⬜⬜⬜⬛⬛⬛⬛⬛⬛
⬜⬜⬜⬜⬜⬜⬜⬛⬛⬛⬛⬛
⬜⬜⬜⬜⬜⬜⬜⬛⬜⬜⬜⬜


Score: 389
High Score: 5660
⬛⬛⬛⬜⬛⬛⬛⬛⬛⬛⬛⬛
⬛⬛⬜⬜⬜⬛⬛⬛⬛⬛⬛⬛
⬛⬛⬛⬜⬛⬛⬛⬛⬛⬛⬛⬛
⬛⬛⬛⬛⬛⬛⬛⬛⬛⬛⬛⬛
⬛⬛⬛⬛⬛⬛⬛⬛⬛⬛⬛⬛
⬛⬛⬛⬛⬛⬛⬛⬛⬛⬛⬛⬛
⬛⬛⬛⬛⬛⬛⬛⬛⬛⬛⬛⬛
⬛⬛⬛⬛⬛⬛⬛⬛⬛⬛⬛⬛
⬛⬛⬛⬛⬛⬛⬛⬛⬛⬛⬛⬛
⬛⬜⬛⬛⬛⬛⬛⬛⬛⬛⬛⬛
⬛⬜⬜⬛⬜⬛⬛⬛⬛⬛⬛⬛
⬛⬜⬜⬜⬜⬜⬛⬛⬛⬛⬛⬛
⬜⬜⬜⬜⬜⬜⬛⬛⬛⬛⬛⬛
⬜⬜⬜⬜⬜⬜⬜⬛⬛⬛⬛⬛
⬜⬜⬜⬜⬜⬜⬜⬛⬜⬜⬜⬜


Score: 429
High Score: 5660
⬜⬜⬛⬛⬛⬛⬛⬛⬛⬛⬛⬛
⬛⬜⬜⬛⬛⬛⬛⬛⬛⬛⬛⬛
⬛⬛⬛⬛⬛⬛⬛⬛⬛⬛⬛⬛
⬛⬛⬛⬛⬛⬛⬛⬛⬛⬛⬛⬛
⬛⬛⬛⬛⬛⬛⬛⬛⬛⬛⬛⬛
⬛⬛⬛⬛⬛⬛⬛⬛⬛⬛⬛⬛
⬛⬛⬛⬛⬛⬛⬛⬛⬛⬛⬛⬛
⬛⬛⬛⬛⬛⬛⬛⬛⬛⬛⬛⬛
⬛⬛⬛⬜⬛⬛⬛⬛⬛⬛⬛⬛
⬛⬜⬜⬜⬜⬛⬛⬛⬛⬛⬛⬛
⬛⬜⬜⬜⬜⬛⬛⬛⬛⬛⬛⬛
⬛⬜⬜⬜⬜⬜⬛⬛⬛⬛⬛⬛
⬜⬜⬜⬜⬜⬜⬛⬛⬛⬛⬛⬛
⬜⬜⬜⬜⬜⬜⬜⬛⬛⬛⬛⬛
⬜⬜⬜⬜⬜⬜⬜⬛⬜⬜⬜⬜


Score: 429
High Score: 5660
⬛⬛⬛⬛⬛⬛⬛⬛⬜⬛⬛⬛
⬛⬛⬛⬛⬛⬛⬛⬜⬜⬛⬛⬛
⬛⬛⬛⬛⬛⬛⬛⬜⬛⬛⬛⬛
⬛⬛⬛⬛⬛⬛⬛⬛⬛⬛⬛⬛
⬛⬛⬛⬛⬛⬛⬛⬛⬛⬛⬛⬛
⬛⬛⬛⬛⬛⬛⬛⬛⬛⬛⬛⬛
⬛⬛⬛⬛⬛⬛⬛⬛⬛⬛⬛⬛
⬛⬛⬛⬛⬛⬛⬛⬛⬛⬛⬛⬛
⬛⬛⬛⬜⬛⬛⬛⬛⬛⬛⬛⬛
⬛⬜⬜⬜⬜⬛⬛⬛⬛⬛⬛⬛
⬛⬜⬜⬜⬜⬛⬛⬛⬛⬛⬛⬛
⬛⬜⬜⬜⬜⬜⬛⬛⬛⬛⬛⬛
⬜⬜⬜⬜⬜⬜⬛⬛⬛⬛⬛⬛
⬜⬜⬜⬜⬜⬜⬜⬛⬛⬛⬛⬛
⬜⬜⬜⬜⬜⬜⬜⬛⬜⬜⬜⬜


Before clearing:
⬛⬛⬛⬛⬛⬛⬛⬛⬛⬛⬛⬛
⬛⬛⬛⬛⬛⬛⬛⬛⬛⬛⬛⬛
⬛⬛⬛⬛⬛⬛⬛⬛⬛⬛⬛⬛
⬛⬛⬛⬛⬛⬛⬛⬛⬛⬛⬛⬛
⬛⬛⬛⬛⬛⬛⬛⬛⬛⬛⬛⬛
⬛⬛⬛⬛⬛⬛⬛⬛⬛⬛⬛⬛
⬛⬛⬛⬛⬛⬛⬛⬛⬛⬛⬛⬛
⬛⬛⬛⬛⬛⬛⬛⬛⬛⬛⬛⬛
⬛⬛⬛⬜⬛⬛⬛⬛⬛⬛⬛⬛
⬛⬜⬜⬜⬜⬛⬛⬛⬛⬛⬛⬛
⬛⬜⬜⬜⬜⬛⬛⬛⬛⬛⬛⬛
⬛⬜⬜⬜⬜⬜⬛⬛⬛⬛⬛⬛
⬜⬜⬜⬜⬜⬜⬛⬛⬜⬛⬛⬛
⬜⬜⬜⬜⬜⬜⬜⬜⬜⬛⬛⬛
⬜⬜⬜⬜⬜⬜⬜⬜⬜⬜⬜⬜


Score: 489
High Score: 5660
⬛⬜⬛⬛⬛⬛⬛⬛⬛⬛⬛⬛
⬜⬜⬜⬛⬛⬛⬛⬛⬛⬛⬛⬛
⬛⬜⬛⬛⬛⬛⬛⬛⬛⬛⬛⬛
⬛⬛⬛⬛⬛⬛⬛⬛⬛⬛⬛⬛
⬛⬛⬛⬛⬛⬛⬛⬛⬛⬛⬛⬛
⬛⬛⬛⬛⬛⬛⬛⬛⬛⬛⬛⬛
⬛⬛⬛⬛⬛⬛⬛⬛⬛⬛⬛⬛
⬛⬛⬛⬛⬛⬛⬛⬛⬛⬛⬛⬛
⬛⬛⬛⬛⬛⬛⬛⬛⬛⬛⬛⬛
⬛⬛⬛⬜⬛⬛⬛⬛⬛⬛⬛⬛
⬛⬜⬜⬜⬜⬛⬛⬛⬛⬛⬛⬛
⬛⬜⬜⬜⬜⬛⬛⬛⬛⬛⬛⬛
⬛⬜⬜⬜⬜⬜⬛⬛⬛⬛⬛⬛
⬜⬜⬜⬜⬜⬜⬛⬛⬜⬛⬛⬛
⬜⬜⬜⬜⬜⬜⬜⬜⬜⬛⬛⬛


Score: 489
High Score: 5660
⬛⬛⬛⬛⬛⬛⬛⬜⬛⬛⬛⬛
⬛⬛⬛⬛⬛⬛⬜⬜⬜⬛⬛⬛
⬛⬛⬛⬛⬛⬛⬛⬜⬛⬛⬛⬛
⬛⬛⬛⬛⬛⬛⬛⬛⬛⬛⬛⬛
⬛⬛⬛⬛⬛⬛⬛⬛⬛⬛⬛⬛
⬛⬛⬛⬛⬛⬛⬛⬛⬛⬛⬛⬛
⬛⬛⬛⬛⬛⬛⬛⬛⬛⬛⬛⬛
⬛⬛⬛⬛⬛⬛⬛⬛⬛⬛⬛⬛
⬛⬛⬛⬛⬛⬛⬛⬛⬛⬛⬛⬛
⬛⬛⬛⬜⬛⬛⬛⬛⬛⬛⬛⬛
⬛⬜⬜⬜⬜⬛⬛⬛⬛⬛⬛⬛
⬛⬜⬜⬜⬜⬛⬛⬛⬛⬛⬛⬛
⬛⬜⬜⬜⬜⬜⬛⬛⬛⬛⬛⬛
⬜⬜⬜⬜⬜⬜⬛⬛⬜⬛⬛⬛
⬜⬜⬜⬜⬜⬜⬜⬜⬜⬛⬛⬛


Score: 544
High Score: 5660
⬜⬛⬜⬛⬛⬛⬛⬛⬛⬛⬛⬛
⬛⬜⬛⬛⬛⬛⬛⬛⬛⬛⬛⬛
⬜⬛⬜⬛⬛⬛⬛⬛⬛⬛⬛⬛
⬛⬛⬛⬛⬛⬛⬛⬛⬛⬛⬛⬛
⬛⬛⬛⬛⬛⬛⬛⬛⬛⬛⬛⬛
⬛⬛⬛⬛⬛⬛⬛⬛⬛⬛⬛⬛
⬛⬛⬛⬛⬛⬛⬛⬛⬛⬛⬛⬛
⬛⬛⬛⬛⬛⬛⬛⬛⬛⬛⬛⬛
⬛⬛⬛⬛⬛⬛⬛⬛⬛⬛⬛⬛
⬛⬛⬛⬜⬛⬛⬛⬛⬛⬛⬛⬛
⬛⬜⬜⬜⬜⬛⬛⬛⬛⬛⬛⬛
⬛⬜⬜⬜⬜⬛⬛⬜⬛⬛⬛⬛
⬛⬜⬜⬜⬜⬜⬛⬜⬜⬛⬛⬛
⬜⬜⬜⬜⬜⬜⬜⬜⬜⬛⬛⬛
⬜⬜⬜⬜⬜⬜⬜⬜⬜⬛⬛⬛


Score: 544
High Score: 5660
⬛⬛⬛⬛⬛⬛⬜⬛⬜⬛⬛⬛
⬛⬛⬛⬛⬛⬛⬛⬜⬛⬛⬛⬛
⬛⬛⬛⬛⬛⬛⬜⬛⬜⬛⬛⬛
⬛⬛⬛⬛⬛⬛⬛⬛⬛⬛⬛⬛
⬛⬛⬛⬛⬛⬛⬛⬛⬛⬛⬛⬛
⬛⬛⬛⬛⬛⬛⬛⬛⬛⬛⬛⬛
⬛⬛⬛⬛⬛⬛⬛⬛⬛⬛⬛⬛
⬛⬛⬛⬛⬛⬛⬛⬛⬛⬛⬛⬛
⬛⬛⬛⬛⬛⬛⬛⬛⬛⬛⬛⬛
⬛⬛⬛⬜⬛⬛⬛⬛⬛⬛⬛⬛
⬛⬜⬜⬜⬜⬛⬛⬛⬛⬛⬛⬛
⬛⬜⬜⬜⬜⬛⬛⬜⬛⬛⬛⬛
⬛⬜⬜⬜⬜⬜⬛⬜⬜⬛⬛⬛
⬜⬜⬜⬜⬜⬜⬜⬜⬜⬛⬛⬛
⬜⬜⬜⬜⬜⬜⬜⬜⬜⬛⬛⬛


Score: 589
High Score: 5660
⬜⬛⬜⬛⬛⬛⬛⬛⬛⬛⬛⬛
⬜⬜⬜⬛⬛⬛⬛⬛⬛⬛⬛⬛
⬛⬛⬛⬛⬛⬛⬛⬛⬛⬛⬛⬛
⬛⬛⬛⬛⬛⬛⬛⬛⬛⬛⬛⬛
⬛⬛⬛⬛⬛⬛⬛⬛⬛⬛⬛⬛
⬛⬛⬛⬛⬛⬛⬛⬛⬛⬛⬛⬛
⬛⬛⬛⬛⬛⬛⬛⬛⬛⬛⬛⬛
⬛⬛⬛⬛⬛⬛⬛⬛⬛⬛⬛⬛
⬛⬛⬛⬛⬛⬛⬛⬛⬛⬛⬛⬛
⬛⬛⬛⬜⬛⬛⬛⬛⬛⬛⬛⬛
⬛⬜⬜⬜⬜⬛⬛⬜⬜⬛⬛⬛
⬛⬜⬜⬜⬜⬛⬜⬜⬜⬛⬛⬛
⬛⬜⬜⬜⬜⬜⬜⬜⬜⬛⬛⬛
⬜⬜⬜⬜⬜⬜⬜⬜⬜⬛⬛⬛
⬜⬜⬜⬜⬜⬜⬜⬜⬜⬛⬛⬛


Score: 589
High Score: 5660
⬛⬛⬜⬜⬜⬛⬛⬛⬛⬛⬛⬛
⬛⬛⬜⬛⬜⬛⬛⬛⬛⬛⬛⬛
⬛⬛⬛⬛⬛⬛⬛⬛⬛⬛⬛⬛
⬛⬛⬛⬛⬛⬛⬛⬛⬛⬛⬛⬛
⬛⬛⬛⬛⬛⬛⬛⬛⬛⬛⬛⬛
⬛⬛⬛⬛⬛⬛⬛⬛⬛⬛⬛⬛
⬛⬛⬛⬛⬛⬛⬛⬛⬛⬛⬛⬛
⬛⬛⬛⬛⬛⬛⬛⬛⬛⬛⬛⬛
⬛⬛⬛⬛⬛⬛⬛⬛⬛⬛⬛⬛
⬛⬛⬛⬜⬛⬛⬛⬛⬛⬛⬛⬛
⬛⬜⬜⬜⬜⬛⬛⬜⬜⬛⬛⬛
⬛⬜⬜⬜⬜⬛⬜⬜⬜⬛⬛⬛
⬛⬜⬜⬜⬜⬜⬜⬜⬜⬛⬛⬛
⬜⬜⬜⬜⬜⬜⬜⬜⬜⬛⬛⬛
⬜⬜⬜⬜⬜⬜⬜⬜⬜⬛⬛⬛


Score: 629
High Score: 5660
⬜⬛⬛⬛⬛⬛⬛⬛⬛⬛⬛⬛
⬛⬛⬛⬛⬛⬛⬛⬛⬛⬛⬛⬛
⬛⬛⬛⬛⬛⬛⬛⬛⬛⬛⬛⬛
⬛⬛⬛⬛⬛⬛⬛⬛⬛⬛⬛⬛
⬛⬛⬛⬛⬛⬛⬛⬛⬛⬛⬛⬛
⬛⬛⬛⬛⬛⬛⬛⬛⬛⬛⬛⬛
⬛⬛⬛⬛⬛⬛⬛⬛⬛⬛⬛⬛
⬛⬛⬛⬛⬛⬛⬛⬛⬛⬛⬛⬛
⬛⬛⬜⬜⬜⬛⬛⬛⬛⬛⬛⬛
⬛⬛⬜⬜⬜⬛⬛⬛⬛⬛⬛⬛
⬛⬜⬜⬜⬜⬛⬛⬜⬜⬛⬛⬛
⬛⬜⬜⬜⬜⬛⬜⬜⬜⬛⬛⬛
⬛⬜⬜⬜⬜⬜⬜⬜⬜⬛⬛⬛
⬜⬜⬜⬜⬜⬜⬜⬜⬜⬛⬛⬛
⬜⬜⬜⬜⬜⬜⬜⬜⬜⬛⬛⬛


Score: 629
High Score: 5660
⬜⬛⬛⬛⬛⬛⬛⬛⬛⬛⬛⬛
⬛⬛⬛⬛⬛⬛⬛⬛⬛⬛⬛⬛
⬛⬛⬛⬛⬛⬛⬛⬛⬛⬛⬛⬛
⬛⬛⬛⬛⬛⬛⬛⬛⬛⬛⬛⬛
⬛⬛⬛⬛⬛⬛⬛⬛⬛⬛⬛⬛
⬛⬛⬛⬛⬛⬛⬛⬛⬛⬛⬛⬛
⬛⬛⬛⬛⬛⬛⬛⬛⬛⬛⬛⬛
⬛⬛⬛⬛⬛⬛⬛⬛⬛⬛⬛⬛
⬛⬛⬜⬜⬜⬛⬛⬛⬛⬛⬛⬛
⬛⬛⬜⬜⬜⬛⬛⬛⬛⬛⬛⬛
⬛⬜⬜⬜⬜⬛⬛⬜⬜⬛⬛⬛
⬛⬜⬜⬜⬜⬛⬜⬜⬜⬛⬛⬛
⬛⬜⬜⬜⬜⬜⬜⬜⬜⬛⬛⬛
⬜⬜⬜⬜⬜⬜⬜⬜⬜⬛⬛⬛
⬜⬜⬜⬜⬜⬜⬜⬜⬜⬛⬛⬛


Score: 641
High Score: 5660
⬜⬜⬛⬛⬛⬛⬛⬛⬛⬛⬛⬛
⬛⬛⬛⬛⬛⬛⬛⬛⬛⬛⬛⬛
⬛⬛⬛⬛⬛⬛⬛⬛⬛⬛⬛⬛
⬛⬛⬛⬛⬛⬛⬛⬛⬛⬛⬛⬛
⬛⬛⬛⬛⬛⬛⬛⬛⬛⬛⬛⬛
⬛⬛⬛⬛⬛⬛⬛⬛⬛⬛⬛⬛
⬛⬛⬛⬛⬛⬛⬛⬛⬛⬛⬛⬛
⬛⬛⬛⬛⬛⬛⬛⬛⬛⬛⬛⬛
⬛⬛⬜⬜⬜⬛⬛⬛⬛⬛⬛⬛
⬛⬛⬜⬜⬜⬛⬛⬛⬛⬛⬛⬛
⬛⬜⬜⬜⬜⬛⬛⬜⬜⬛⬛⬛
⬛⬜⬜⬜⬜⬛⬜⬜⬜⬛⬛⬛
⬜⬜⬜⬜⬜⬜⬜⬜⬜⬛⬛⬛
⬜⬜⬜⬜⬜⬜⬜⬜⬜⬛⬛⬛
⬜⬜⬜⬜⬜⬜⬜⬜⬜⬛⬛⬛


Score: 641
High Score: 5660
⬜⬛⬛⬛⬛⬛⬛⬛⬛⬛⬛⬛
⬜⬛⬛⬛⬛⬛⬛⬛⬛⬛⬛⬛
⬛⬛⬛⬛⬛⬛⬛⬛⬛⬛⬛⬛
⬛⬛⬛⬛⬛⬛⬛⬛⬛⬛⬛⬛
⬛⬛⬛⬛⬛⬛⬛⬛⬛⬛⬛⬛
⬛⬛⬛⬛⬛⬛⬛⬛⬛⬛⬛⬛
⬛⬛⬛⬛⬛⬛⬛⬛⬛⬛⬛⬛
⬛⬛⬛⬛⬛⬛⬛⬛⬛⬛⬛⬛
⬛⬛⬜⬜⬜⬛⬛⬛⬛⬛⬛⬛
⬛⬛⬜⬜⬜⬛⬛⬛⬛⬛⬛⬛
⬛⬜⬜⬜⬜⬛⬛⬜⬜⬛⬛⬛
⬛⬜⬜⬜⬜⬛⬜⬜⬜⬛⬛⬛
⬜⬜⬜⬜⬜⬜⬜⬜⬜⬛⬛⬛
⬜⬜⬜⬜⬜⬜⬜⬜⬜⬛⬛⬛
⬜⬜⬜⬜⬜⬜⬜⬜⬜⬛⬛⬛


Score: 661
High Score: 5660
⬜⬜⬜⬛⬛⬛⬛⬛⬛⬛⬛⬛
⬛⬛⬛⬛⬛⬛⬛⬛⬛⬛⬛⬛
⬛⬛⬛⬛⬛⬛⬛⬛⬛⬛⬛⬛
⬛⬛⬛⬛⬛⬛⬛⬛⬛⬛⬛⬛
⬛⬛⬛⬛⬛⬛⬛⬛⬛⬛⬛⬛
⬛⬛⬛⬛⬛⬛⬛⬛⬛⬛⬛⬛
⬛⬛⬛⬛⬛⬛⬛⬛⬛⬛⬛⬛
⬛⬛⬛⬛⬛⬛⬛⬛⬛⬛⬛⬛
⬛⬛⬜⬜⬜⬛⬛⬛⬛⬛⬛⬛
⬛⬛⬜⬜⬜⬛⬛⬛⬛⬛⬛⬛
⬜⬜⬜⬜⬜⬛⬛⬜⬜⬛⬛⬛
⬜⬜⬜⬜⬜⬛⬜⬜⬜⬛⬛⬛
⬜⬜⬜⬜⬜⬜⬜⬜⬜⬛⬛⬛
⬜⬜⬜⬜⬜⬜⬜⬜⬜⬛⬛⬛
⬜⬜⬜⬜⬜⬜⬜⬜⬜⬛⬛⬛


Score: 661
High Score: 5660
⬛⬛⬛⬛⬛⬜⬛⬛⬛⬛⬛⬛
⬛⬛⬛⬛⬛⬜⬛⬛⬛⬛⬛⬛
⬛⬛⬛⬛⬛⬜⬛⬛⬛⬛⬛⬛
⬛⬛⬛⬛⬛⬛⬛⬛⬛⬛⬛⬛
⬛⬛⬛⬛⬛⬛⬛⬛⬛⬛⬛⬛
⬛⬛⬛⬛⬛⬛⬛⬛⬛⬛⬛⬛
⬛⬛⬛⬛⬛⬛⬛⬛⬛⬛⬛⬛
⬛⬛⬛⬛⬛⬛⬛⬛⬛⬛⬛⬛
⬛⬛⬜⬜⬜⬛⬛⬛⬛⬛⬛⬛
⬛⬛⬜⬜⬜⬛⬛⬛⬛⬛⬛⬛
⬜⬜⬜⬜⬜⬛⬛⬜⬜⬛⬛⬛
⬜⬜⬜⬜⬜⬛⬜⬜⬜⬛⬛⬛
⬜⬜⬜⬜⬜⬜⬜⬜⬜⬛⬛⬛
⬜⬜⬜⬜⬜⬜⬜⬜⬜⬛⬛⬛
⬜⬜⬜⬜⬜⬜⬜⬜⬜⬛⬛⬛


Score: 688
High Score: 5660
⬜⬜⬜⬜⬛⬛⬛⬛⬛⬛⬛⬛
⬛⬛⬛⬛⬛⬛⬛⬛⬛⬛⬛⬛
⬛⬛⬛⬛⬛⬛⬛⬛⬛⬛⬛⬛
⬛⬛⬛⬛⬛⬛⬛⬛⬛⬛⬛⬛
⬛⬛⬛⬛⬛⬛⬛⬛⬛⬛⬛⬛
⬛⬛⬛⬛⬛⬛⬛⬛⬛⬛⬛⬛
⬛⬛⬛⬛⬛⬛⬛⬛⬛⬛⬛⬛
⬛⬛⬛⬛⬛⬛⬛⬛⬛⬛⬛⬛
⬛⬛⬜⬜⬜⬛⬛⬛⬛⬛⬛⬛
⬛⬛⬜⬜⬜⬜⬛⬛⬛⬛⬛⬛
⬜⬜⬜⬜⬜⬜⬛⬜⬜⬛⬛⬛
⬜⬜⬜⬜⬜⬜⬜⬜⬜⬛⬛⬛
⬜⬜⬜⬜⬜⬜⬜⬜⬜⬛⬛⬛
⬜⬜⬜⬜⬜⬜⬜⬜⬜⬛⬛⬛
⬜⬜⬜⬜⬜⬜⬜⬜⬜⬛⬛⬛


Score: 688
High Score: 5660
⬛⬛⬛⬛⬛⬛⬛⬛⬛⬛⬛⬜
⬛⬛⬛⬛⬛⬛⬛⬛⬛⬛⬛⬜
⬛⬛⬛⬛⬛⬛⬛⬛⬛⬛⬛⬜
⬛⬛⬛⬛⬛⬛⬛⬛⬛⬛⬛⬜
⬛⬛⬛⬛⬛⬛⬛⬛⬛⬛⬛⬛
⬛⬛⬛⬛⬛⬛⬛⬛⬛⬛⬛⬛
⬛⬛⬛⬛⬛⬛⬛⬛⬛⬛⬛⬛
⬛⬛⬛⬛⬛⬛⬛⬛⬛⬛⬛⬛
⬛⬛⬜⬜⬜⬛⬛⬛⬛⬛⬛⬛
⬛⬛⬜⬜⬜⬜⬛⬛⬛⬛⬛⬛
⬜⬜⬜⬜⬜⬜⬛⬜⬜⬛⬛⬛
⬜⬜⬜⬜⬜⬜⬜⬜⬜⬛⬛⬛
⬜⬜⬜⬜⬜⬜⬜⬜⬜⬛⬛⬛
⬜⬜⬜⬜⬜⬜⬜⬜⬜⬛⬛⬛
⬜⬜⬜⬜⬜⬜⬜⬜⬜⬛⬛⬛


Score: 732
High Score: 5660
⬜⬜⬛⬛⬛⬛⬛⬛⬛⬛⬛⬛
⬜⬜⬛⬛⬛⬛⬛⬛⬛⬛⬛⬛
⬛⬛⬛⬛⬛⬛⬛⬛⬛⬛⬛⬛
⬛⬛⬛⬛⬛⬛⬛⬛⬛⬛⬛⬛
⬛⬛⬛⬛⬛⬛⬛⬛⬛⬛⬛⬛
⬛⬛⬛⬛⬛⬛⬛⬛⬛⬛⬛⬛
⬛⬛⬛⬛⬛⬛⬛⬛⬛⬛⬛⬛
⬛⬛⬛⬛⬛⬛⬛⬛⬛⬛⬛⬛
⬛⬛⬜⬜⬜⬛⬛⬛⬛⬛⬛⬛
⬛⬛⬜⬜⬜⬜⬛⬛⬛⬛⬛⬛
⬜⬜⬜⬜⬜⬜⬛⬜⬜⬛⬛⬛
⬜⬜⬜⬜⬜⬜⬜⬜⬜⬛⬛⬜
⬜⬜⬜⬜⬜⬜⬜⬜⬜⬛⬛⬜
⬜⬜⬜⬜⬜⬜⬜⬜⬜⬛⬛⬜
⬜⬜⬜⬜⬜⬜⬜⬜⬜⬛⬛⬜


Score: 732
High Score: 5660
⬛⬛⬛⬛⬛⬛⬛⬛⬛⬜⬜⬛
⬛⬛⬛⬛⬛⬛⬛⬛⬛⬜⬜⬛
⬛⬛⬛⬛⬛⬛⬛⬛⬛⬛⬛⬛
⬛⬛⬛⬛⬛⬛⬛⬛⬛⬛⬛⬛
⬛⬛⬛⬛⬛⬛⬛⬛⬛⬛⬛⬛
⬛⬛⬛⬛⬛⬛⬛⬛⬛⬛⬛⬛
⬛⬛⬛⬛⬛⬛⬛⬛⬛⬛⬛⬛
⬛⬛⬛⬛⬛⬛⬛⬛⬛⬛⬛⬛
⬛⬛⬜⬜⬜⬛⬛⬛⬛⬛⬛⬛
⬛⬛⬜⬜⬜⬜⬛⬛⬛⬛⬛⬛
⬜⬜⬜⬜⬜⬜⬛⬜⬜⬛⬛⬛
⬜⬜⬜⬜⬜⬜⬜⬜⬜⬛⬛⬜
⬜⬜⬜⬜⬜⬜⬜⬜⬜⬛⬛⬜
⬜⬜⬜⬜⬜⬜⬜⬜⬜⬛⬛⬜
⬜⬜⬜⬜⬜⬜⬜⬜⬜⬛⬛⬜


Before clearing:
⬛⬛⬛⬛⬛⬛⬛⬛⬛⬛⬛⬛
⬛⬛⬛⬛⬛⬛⬛⬛⬛⬛⬛⬛
⬛⬛⬛⬛⬛⬛⬛⬛⬛⬛⬛⬛
⬛⬛⬛⬛⬛⬛⬛⬛⬛⬛⬛⬛
⬛⬛⬛⬛⬛⬛⬛⬛⬛⬛⬛⬛
⬛⬛⬛⬛⬛⬛⬛⬛⬛⬛⬛⬛
⬛⬛⬛⬛⬛⬛⬛⬛⬛⬛⬛⬛
⬛⬛⬛⬛⬛⬛⬛⬛⬛⬛⬛⬛
⬛⬛⬜⬜⬜⬛⬛⬛⬛⬛⬛⬛
⬛⬛⬜⬜⬜⬜⬛⬛⬛⬛⬛⬛
⬜⬜⬜⬜⬜⬜⬛⬜⬜⬛⬛⬛
⬜⬜⬜⬜⬜⬜⬜⬜⬜⬛⬛⬜
⬜⬜⬜⬜⬜⬜⬜⬜⬜⬛⬛⬜
⬜⬜⬜⬜⬜⬜⬜⬜⬜⬜⬜⬜
⬜⬜⬜⬜⬜⬜⬜⬜⬜⬜⬜⬜


Score: 808
High Score: 5660
⬜⬛⬛⬛⬛⬛⬛⬛⬛⬛⬛⬛
⬛⬜⬛⬛⬛⬛⬛⬛⬛⬛⬛⬛
⬛⬛⬛⬛⬛⬛⬛⬛⬛⬛⬛⬛
⬛⬛⬛⬛⬛⬛⬛⬛⬛⬛⬛⬛
⬛⬛⬛⬛⬛⬛⬛⬛⬛⬛⬛⬛
⬛⬛⬛⬛⬛⬛⬛⬛⬛⬛⬛⬛
⬛⬛⬛⬛⬛⬛⬛⬛⬛⬛⬛⬛
⬛⬛⬛⬛⬛⬛⬛⬛⬛⬛⬛⬛
⬛⬛⬛⬛⬛⬛⬛⬛⬛⬛⬛⬛
⬛⬛⬛⬛⬛⬛⬛⬛⬛⬛⬛⬛
⬛⬛⬜⬜⬜⬛⬛⬛⬛⬛⬛⬛
⬛⬛⬜⬜⬜⬜⬛⬛⬛⬛⬛⬛
⬜⬜⬜⬜⬜⬜⬛⬜⬜⬛⬛⬛
⬜⬜⬜⬜⬜⬜⬜⬜⬜⬛⬛⬜
⬜⬜⬜⬜⬜⬜⬜⬜⬜⬛⬛⬜


Score: 808
High Score: 5660
⬛⬛⬛⬛⬛⬛⬜⬛⬛⬛⬛⬛
⬛⬛⬛⬛⬛⬛⬛⬜⬛⬛⬛⬛
⬛⬛⬛⬛⬛⬛⬛⬛⬛⬛⬛⬛
⬛⬛⬛⬛⬛⬛⬛⬛⬛⬛⬛⬛
⬛⬛⬛⬛⬛⬛⬛⬛⬛⬛⬛⬛
⬛⬛⬛⬛⬛⬛⬛⬛⬛⬛⬛⬛
⬛⬛⬛⬛⬛⬛⬛⬛⬛⬛⬛⬛
⬛⬛⬛⬛⬛⬛⬛⬛⬛⬛⬛⬛
⬛⬛⬛⬛⬛⬛⬛⬛⬛⬛⬛⬛
⬛⬛⬛⬛⬛⬛⬛⬛⬛⬛⬛⬛
⬛⬛⬜⬜⬜⬛⬛⬛⬛⬛⬛⬛
⬛⬛⬜⬜⬜⬜⬛⬛⬛⬛⬛⬛
⬜⬜⬜⬜⬜⬜⬛⬜⬜⬛⬛⬛
⬜⬜⬜⬜⬜⬜⬜⬜⬜⬛⬛⬜
⬜⬜⬜⬜⬜⬜⬜⬜⬜⬛⬛⬜


Score: 828
High Score: 5660
⬜⬛⬛⬛⬛⬛⬛⬛⬛⬛⬛⬛
⬜⬛⬛⬛⬛⬛⬛⬛⬛⬛⬛⬛
⬜⬜⬛⬛⬛⬛⬛⬛⬛⬛⬛⬛
⬛⬛⬛⬛⬛⬛⬛⬛⬛⬛⬛⬛
⬛⬛⬛⬛⬛⬛⬛⬛⬛⬛⬛⬛
⬛⬛⬛⬛⬛⬛⬛⬛⬛⬛⬛⬛
⬛⬛⬛⬛⬛⬛⬛⬛⬛⬛⬛⬛
⬛⬛⬛⬛⬛⬛⬛⬛⬛⬛⬛⬛
⬛⬛⬛⬛⬛⬛⬛⬛⬛⬛⬛⬛
⬛⬛⬛⬛⬛⬛⬛⬛⬛⬛⬛⬛
⬛⬛⬜⬜⬜⬛⬛⬛⬛⬛⬛⬛
⬛⬛⬜⬜⬜⬜⬛⬜⬛⬛⬛⬛
⬜⬜⬜⬜⬜⬜⬜⬜⬜⬛⬛⬛
⬜⬜⬜⬜⬜⬜⬜⬜⬜⬛⬛⬜
⬜⬜⬜⬜⬜⬜⬜⬜⬜⬛⬛⬜


Score: 828
High Score: 5660
⬛⬛⬛⬛⬛⬛⬛⬛⬛⬜⬛⬛
⬛⬛⬛⬛⬛⬛⬛⬛⬛⬜⬛⬛
⬛⬛⬛⬛⬛⬛⬛⬛⬛⬜⬜⬛
⬛⬛⬛⬛⬛⬛⬛⬛⬛⬛⬛⬛
⬛⬛⬛⬛⬛⬛⬛⬛⬛⬛⬛⬛
⬛⬛⬛⬛⬛⬛⬛⬛⬛⬛⬛⬛
⬛⬛⬛⬛⬛⬛⬛⬛⬛⬛⬛⬛
⬛⬛⬛⬛⬛⬛⬛⬛⬛⬛⬛⬛
⬛⬛⬛⬛⬛⬛⬛⬛⬛⬛⬛⬛
⬛⬛⬛⬛⬛⬛⬛⬛⬛⬛⬛⬛
⬛⬛⬜⬜⬜⬛⬛⬛⬛⬛⬛⬛
⬛⬛⬜⬜⬜⬜⬛⬜⬛⬛⬛⬛
⬜⬜⬜⬜⬜⬜⬜⬜⬜⬛⬛⬛
⬜⬜⬜⬜⬜⬜⬜⬜⬜⬛⬛⬜
⬜⬜⬜⬜⬜⬜⬜⬜⬜⬛⬛⬜


Before clearing:
⬛⬛⬛⬛⬛⬛⬛⬛⬛⬛⬛⬛
⬛⬛⬛⬛⬛⬛⬛⬛⬛⬛⬛⬛
⬛⬛⬛⬛⬛⬛⬛⬛⬛⬛⬛⬛
⬛⬛⬛⬛⬛⬛⬛⬛⬛⬛⬛⬛
⬛⬛⬛⬛⬛⬛⬛⬛⬛⬛⬛⬛
⬛⬛⬛⬛⬛⬛⬛⬛⬛⬛⬛⬛
⬛⬛⬛⬛⬛⬛⬛⬛⬛⬛⬛⬛
⬛⬛⬛⬛⬛⬛⬛⬛⬛⬛⬛⬛
⬛⬛⬛⬛⬛⬛⬛⬛⬛⬛⬛⬛
⬛⬛⬛⬛⬛⬛⬛⬛⬛⬛⬛⬛
⬛⬛⬜⬜⬜⬛⬛⬛⬛⬛⬛⬛
⬛⬛⬜⬜⬜⬜⬛⬜⬛⬛⬛⬛
⬜⬜⬜⬜⬜⬜⬜⬜⬜⬜⬛⬛
⬜⬜⬜⬜⬜⬜⬜⬜⬜⬜⬛⬜
⬜⬜⬜⬜⬜⬜⬜⬜⬜⬜⬜⬜


Score: 888
High Score: 5660
⬜⬛⬛⬛⬛⬛⬛⬛⬛⬛⬛⬛
⬜⬜⬛⬛⬛⬛⬛⬛⬛⬛⬛⬛
⬛⬜⬛⬛⬛⬛⬛⬛⬛⬛⬛⬛
⬛⬛⬛⬛⬛⬛⬛⬛⬛⬛⬛⬛
⬛⬛⬛⬛⬛⬛⬛⬛⬛⬛⬛⬛
⬛⬛⬛⬛⬛⬛⬛⬛⬛⬛⬛⬛
⬛⬛⬛⬛⬛⬛⬛⬛⬛⬛⬛⬛
⬛⬛⬛⬛⬛⬛⬛⬛⬛⬛⬛⬛
⬛⬛⬛⬛⬛⬛⬛⬛⬛⬛⬛⬛
⬛⬛⬛⬛⬛⬛⬛⬛⬛⬛⬛⬛
⬛⬛⬛⬛⬛⬛⬛⬛⬛⬛⬛⬛
⬛⬛⬜⬜⬜⬛⬛⬛⬛⬛⬛⬛
⬛⬛⬜⬜⬜⬜⬛⬜⬛⬛⬛⬛
⬜⬜⬜⬜⬜⬜⬜⬜⬜⬜⬛⬛
⬜⬜⬜⬜⬜⬜⬜⬜⬜⬜⬛⬜


Score: 888
High Score: 5660
⬛⬛⬛⬛⬜⬛⬛⬛⬛⬛⬛⬛
⬛⬛⬛⬛⬜⬜⬛⬛⬛⬛⬛⬛
⬛⬛⬛⬛⬛⬜⬛⬛⬛⬛⬛⬛
⬛⬛⬛⬛⬛⬛⬛⬛⬛⬛⬛⬛
⬛⬛⬛⬛⬛⬛⬛⬛⬛⬛⬛⬛
⬛⬛⬛⬛⬛⬛⬛⬛⬛⬛⬛⬛
⬛⬛⬛⬛⬛⬛⬛⬛⬛⬛⬛⬛
⬛⬛⬛⬛⬛⬛⬛⬛⬛⬛⬛⬛
⬛⬛⬛⬛⬛⬛⬛⬛⬛⬛⬛⬛
⬛⬛⬛⬛⬛⬛⬛⬛⬛⬛⬛⬛
⬛⬛⬛⬛⬛⬛⬛⬛⬛⬛⬛⬛
⬛⬛⬜⬜⬜⬛⬛⬛⬛⬛⬛⬛
⬛⬛⬜⬜⬜⬜⬛⬜⬛⬛⬛⬛
⬜⬜⬜⬜⬜⬜⬜⬜⬜⬜⬛⬛
⬜⬜⬜⬜⬜⬜⬜⬜⬜⬜⬛⬜


Score: 924
High Score: 5660
⬜⬜⬜⬛⬛⬛⬛⬛⬛⬛⬛⬛
⬛⬜⬛⬛⬛⬛⬛⬛⬛⬛⬛⬛
⬛⬛⬛⬛⬛⬛⬛⬛⬛⬛⬛⬛
⬛⬛⬛⬛⬛⬛⬛⬛⬛⬛⬛⬛
⬛⬛⬛⬛⬛⬛⬛⬛⬛⬛⬛⬛
⬛⬛⬛⬛⬛⬛⬛⬛⬛⬛⬛⬛
⬛⬛⬛⬛⬛⬛⬛⬛⬛⬛⬛⬛
⬛⬛⬛⬛⬛⬛⬛⬛⬛⬛⬛⬛
⬛⬛⬛⬛⬛⬛⬛⬛⬛⬛⬛⬛
⬛⬛⬛⬛⬜⬛⬛⬛⬛⬛⬛⬛
⬛⬛⬛⬛⬜⬜⬛⬛⬛⬛⬛⬛
⬛⬛⬜⬜⬜⬜⬛⬛⬛⬛⬛⬛
⬛⬛⬜⬜⬜⬜⬛⬜⬛⬛⬛⬛
⬜⬜⬜⬜⬜⬜⬜⬜⬜⬜⬛⬛
⬜⬜⬜⬜⬜⬜⬜⬜⬜⬜⬛⬜


Score: 924
High Score: 5660
⬛⬛⬛⬛⬛⬛⬛⬛⬛⬛⬜⬛
⬛⬛⬛⬛⬛⬛⬛⬛⬛⬛⬜⬜
⬛⬛⬛⬛⬛⬛⬛⬛⬛⬛⬜⬛
⬛⬛⬛⬛⬛⬛⬛⬛⬛⬛⬛⬛
⬛⬛⬛⬛⬛⬛⬛⬛⬛⬛⬛⬛
⬛⬛⬛⬛⬛⬛⬛⬛⬛⬛⬛⬛
⬛⬛⬛⬛⬛⬛⬛⬛⬛⬛⬛⬛
⬛⬛⬛⬛⬛⬛⬛⬛⬛⬛⬛⬛
⬛⬛⬛⬛⬛⬛⬛⬛⬛⬛⬛⬛
⬛⬛⬛⬛⬜⬛⬛⬛⬛⬛⬛⬛
⬛⬛⬛⬛⬜⬜⬛⬛⬛⬛⬛⬛
⬛⬛⬜⬜⬜⬜⬛⬛⬛⬛⬛⬛
⬛⬛⬜⬜⬜⬜⬛⬜⬛⬛⬛⬛
⬜⬜⬜⬜⬜⬜⬜⬜⬜⬜⬛⬛
⬜⬜⬜⬜⬜⬜⬜⬜⬜⬜⬛⬜


Before clearing:
⬛⬛⬛⬛⬛⬛⬛⬛⬛⬛⬛⬛
⬛⬛⬛⬛⬛⬛⬛⬛⬛⬛⬛⬛
⬛⬛⬛⬛⬛⬛⬛⬛⬛⬛⬛⬛
⬛⬛⬛⬛⬛⬛⬛⬛⬛⬛⬛⬛
⬛⬛⬛⬛⬛⬛⬛⬛⬛⬛⬛⬛
⬛⬛⬛⬛⬛⬛⬛⬛⬛⬛⬛⬛
⬛⬛⬛⬛⬛⬛⬛⬛⬛⬛⬛⬛
⬛⬛⬛⬛⬛⬛⬛⬛⬛⬛⬛⬛
⬛⬛⬛⬛⬛⬛⬛⬛⬛⬛⬛⬛
⬛⬛⬛⬛⬜⬛⬛⬛⬛⬛⬛⬛
⬛⬛⬛⬛⬜⬜⬛⬛⬛⬛⬛⬛
⬛⬛⬜⬜⬜⬜⬛⬛⬛⬛⬛⬛
⬛⬛⬜⬜⬜⬜⬛⬜⬛⬛⬜⬛
⬜⬜⬜⬜⬜⬜⬜⬜⬜⬜⬜⬜
⬜⬜⬜⬜⬜⬜⬜⬜⬜⬜⬜⬜


Score: 996
High Score: 5660
⬛⬜⬛⬛⬛⬛⬛⬛⬛⬛⬛⬛
⬜⬜⬜⬛⬛⬛⬛⬛⬛⬛⬛⬛
⬛⬜⬛⬛⬛⬛⬛⬛⬛⬛⬛⬛
⬛⬛⬛⬛⬛⬛⬛⬛⬛⬛⬛⬛
⬛⬛⬛⬛⬛⬛⬛⬛⬛⬛⬛⬛
⬛⬛⬛⬛⬛⬛⬛⬛⬛⬛⬛⬛
⬛⬛⬛⬛⬛⬛⬛⬛⬛⬛⬛⬛
⬛⬛⬛⬛⬛⬛⬛⬛⬛⬛⬛⬛
⬛⬛⬛⬛⬛⬛⬛⬛⬛⬛⬛⬛
⬛⬛⬛⬛⬛⬛⬛⬛⬛⬛⬛⬛
⬛⬛⬛⬛⬛⬛⬛⬛⬛⬛⬛⬛
⬛⬛⬛⬛⬜⬛⬛⬛⬛⬛⬛⬛
⬛⬛⬛⬛⬜⬜⬛⬛⬛⬛⬛⬛
⬛⬛⬜⬜⬜⬜⬛⬛⬛⬛⬛⬛
⬛⬛⬜⬜⬜⬜⬛⬜⬛⬛⬜⬛


Score: 996
High Score: 5660
⬛⬛⬛⬛⬛⬛⬛⬛⬛⬜⬛⬛
⬛⬛⬛⬛⬛⬛⬛⬛⬜⬜⬜⬛
⬛⬛⬛⬛⬛⬛⬛⬛⬛⬜⬛⬛
⬛⬛⬛⬛⬛⬛⬛⬛⬛⬛⬛⬛
⬛⬛⬛⬛⬛⬛⬛⬛⬛⬛⬛⬛
⬛⬛⬛⬛⬛⬛⬛⬛⬛⬛⬛⬛
⬛⬛⬛⬛⬛⬛⬛⬛⬛⬛⬛⬛
⬛⬛⬛⬛⬛⬛⬛⬛⬛⬛⬛⬛
⬛⬛⬛⬛⬛⬛⬛⬛⬛⬛⬛⬛
⬛⬛⬛⬛⬛⬛⬛⬛⬛⬛⬛⬛
⬛⬛⬛⬛⬛⬛⬛⬛⬛⬛⬛⬛
⬛⬛⬛⬛⬜⬛⬛⬛⬛⬛⬛⬛
⬛⬛⬛⬛⬜⬜⬛⬛⬛⬛⬛⬛
⬛⬛⬜⬜⬜⬜⬛⬛⬛⬛⬛⬛
⬛⬛⬜⬜⬜⬜⬛⬜⬛⬛⬜⬛


Score: 1056
High Score: 5660
⬜⬜⬛⬛⬛⬛⬛⬛⬛⬛⬛⬛
⬛⬜⬜⬛⬛⬛⬛⬛⬛⬛⬛⬛
⬛⬛⬛⬛⬛⬛⬛⬛⬛⬛⬛⬛
⬛⬛⬛⬛⬛⬛⬛⬛⬛⬛⬛⬛
⬛⬛⬛⬛⬛⬛⬛⬛⬛⬛⬛⬛
⬛⬛⬛⬛⬛⬛⬛⬛⬛⬛⬛⬛
⬛⬛⬛⬛⬛⬛⬛⬛⬛⬛⬛⬛
⬛⬛⬛⬛⬛⬛⬛⬛⬛⬛⬛⬛
⬛⬛⬛⬛⬛⬛⬛⬛⬛⬛⬛⬛
⬛⬛⬛⬛⬛⬛⬛⬛⬛⬛⬛⬛
⬛⬛⬛⬛⬛⬛⬛⬛⬛⬛⬛⬛
⬛⬛⬛⬛⬜⬛⬛⬛⬛⬛⬛⬛
⬛⬛⬛⬛⬜⬜⬛⬛⬛⬜⬛⬛
⬛⬛⬜⬜⬜⬜⬛⬛⬛⬜⬜⬛
⬛⬛⬜⬜⬜⬜⬛⬜⬜⬜⬜⬛


Score: 1056
High Score: 5660
⬛⬛⬛⬛⬛⬛⬛⬛⬜⬛⬛⬛
⬛⬛⬛⬛⬛⬛⬛⬜⬜⬛⬛⬛
⬛⬛⬛⬛⬛⬛⬛⬜⬛⬛⬛⬛
⬛⬛⬛⬛⬛⬛⬛⬛⬛⬛⬛⬛
⬛⬛⬛⬛⬛⬛⬛⬛⬛⬛⬛⬛
⬛⬛⬛⬛⬛⬛⬛⬛⬛⬛⬛⬛
⬛⬛⬛⬛⬛⬛⬛⬛⬛⬛⬛⬛
⬛⬛⬛⬛⬛⬛⬛⬛⬛⬛⬛⬛
⬛⬛⬛⬛⬛⬛⬛⬛⬛⬛⬛⬛
⬛⬛⬛⬛⬛⬛⬛⬛⬛⬛⬛⬛
⬛⬛⬛⬛⬛⬛⬛⬛⬛⬛⬛⬛
⬛⬛⬛⬛⬜⬛⬛⬛⬛⬛⬛⬛
⬛⬛⬛⬛⬜⬜⬛⬛⬛⬜⬛⬛
⬛⬛⬜⬜⬜⬜⬛⬛⬛⬜⬜⬛
⬛⬛⬜⬜⬜⬜⬛⬜⬜⬜⬜⬛


Score: 1100
High Score: 5660
⬛⬜⬛⬛⬛⬛⬛⬛⬛⬛⬛⬛
⬜⬜⬜⬛⬛⬛⬛⬛⬛⬛⬛⬛
⬛⬜⬛⬛⬛⬛⬛⬛⬛⬛⬛⬛
⬛⬛⬛⬛⬛⬛⬛⬛⬛⬛⬛⬛
⬛⬛⬛⬛⬛⬛⬛⬛⬛⬛⬛⬛
⬛⬛⬛⬛⬛⬛⬛⬛⬛⬛⬛⬛
⬛⬛⬛⬛⬛⬛⬛⬛⬛⬛⬛⬛
⬛⬛⬛⬛⬛⬛⬛⬛⬛⬛⬛⬛
⬛⬛⬛⬛⬛⬛⬛⬛⬛⬛⬛⬛
⬛⬛⬛⬛⬛⬛⬛⬛⬛⬛⬛⬛
⬛⬛⬛⬛⬛⬛⬛⬛⬛⬛⬛⬛
⬛⬛⬛⬛⬜⬛⬛⬛⬛⬛⬛⬛
⬛⬛⬛⬛⬜⬜⬛⬜⬜⬜⬛⬛
⬛⬛⬜⬜⬜⬜⬛⬜⬜⬜⬜⬛
⬛⬛⬜⬜⬜⬜⬛⬜⬜⬜⬜⬛


Score: 1100
High Score: 5660
⬛⬛⬛⬛⬛⬛⬜⬛⬛⬛⬛⬛
⬛⬛⬛⬛⬛⬜⬜⬜⬛⬛⬛⬛
⬛⬛⬛⬛⬛⬛⬜⬛⬛⬛⬛⬛
⬛⬛⬛⬛⬛⬛⬛⬛⬛⬛⬛⬛
⬛⬛⬛⬛⬛⬛⬛⬛⬛⬛⬛⬛
⬛⬛⬛⬛⬛⬛⬛⬛⬛⬛⬛⬛
⬛⬛⬛⬛⬛⬛⬛⬛⬛⬛⬛⬛
⬛⬛⬛⬛⬛⬛⬛⬛⬛⬛⬛⬛
⬛⬛⬛⬛⬛⬛⬛⬛⬛⬛⬛⬛
⬛⬛⬛⬛⬛⬛⬛⬛⬛⬛⬛⬛
⬛⬛⬛⬛⬛⬛⬛⬛⬛⬛⬛⬛
⬛⬛⬛⬛⬜⬛⬛⬛⬛⬛⬛⬛
⬛⬛⬛⬛⬜⬜⬛⬜⬜⬜⬛⬛
⬛⬛⬜⬜⬜⬜⬛⬜⬜⬜⬜⬛
⬛⬛⬜⬜⬜⬜⬛⬜⬜⬜⬜⬛


Score: 1150
High Score: 5660
⬜⬛⬜⬛⬛⬛⬛⬛⬛⬛⬛⬛
⬛⬜⬛⬛⬛⬛⬛⬛⬛⬛⬛⬛
⬜⬛⬜⬛⬛⬛⬛⬛⬛⬛⬛⬛
⬛⬛⬛⬛⬛⬛⬛⬛⬛⬛⬛⬛
⬛⬛⬛⬛⬛⬛⬛⬛⬛⬛⬛⬛
⬛⬛⬛⬛⬛⬛⬛⬛⬛⬛⬛⬛
⬛⬛⬛⬛⬛⬛⬛⬛⬛⬛⬛⬛
⬛⬛⬛⬛⬛⬛⬛⬛⬛⬛⬛⬛
⬛⬛⬛⬛⬛⬛⬛⬛⬛⬛⬛⬛
⬛⬛⬛⬛⬛⬛⬛⬛⬛⬛⬛⬛
⬛⬛⬛⬛⬛⬛⬛⬛⬛⬛⬛⬛
⬛⬛⬛⬛⬜⬜⬛⬜⬛⬛⬛⬛
⬛⬛⬛⬛⬜⬜⬜⬜⬜⬜⬛⬛
⬛⬛⬜⬜⬜⬜⬜⬜⬜⬜⬜⬛
⬛⬛⬜⬜⬜⬜⬜⬜⬜⬜⬜⬛


Score: 1150
High Score: 5660
⬛⬛⬛⬛⬛⬜⬛⬜⬛⬛⬛⬛
⬛⬛⬛⬛⬛⬛⬜⬛⬛⬛⬛⬛
⬛⬛⬛⬛⬛⬜⬛⬜⬛⬛⬛⬛
⬛⬛⬛⬛⬛⬛⬛⬛⬛⬛⬛⬛
⬛⬛⬛⬛⬛⬛⬛⬛⬛⬛⬛⬛
⬛⬛⬛⬛⬛⬛⬛⬛⬛⬛⬛⬛
⬛⬛⬛⬛⬛⬛⬛⬛⬛⬛⬛⬛
⬛⬛⬛⬛⬛⬛⬛⬛⬛⬛⬛⬛
⬛⬛⬛⬛⬛⬛⬛⬛⬛⬛⬛⬛
⬛⬛⬛⬛⬛⬛⬛⬛⬛⬛⬛⬛
⬛⬛⬛⬛⬛⬛⬛⬛⬛⬛⬛⬛
⬛⬛⬛⬛⬜⬜⬛⬜⬛⬛⬛⬛
⬛⬛⬛⬛⬜⬜⬜⬜⬜⬜⬛⬛
⬛⬛⬜⬜⬜⬜⬜⬜⬜⬜⬜⬛
⬛⬛⬜⬜⬜⬜⬜⬜⬜⬜⬜⬛


Score: 1190
High Score: 5660
⬜⬛⬜⬛⬛⬛⬛⬛⬛⬛⬛⬛
⬜⬜⬜⬛⬛⬛⬛⬛⬛⬛⬛⬛
⬛⬛⬛⬛⬛⬛⬛⬛⬛⬛⬛⬛
⬛⬛⬛⬛⬛⬛⬛⬛⬛⬛⬛⬛
⬛⬛⬛⬛⬛⬛⬛⬛⬛⬛⬛⬛
⬛⬛⬛⬛⬛⬛⬛⬛⬛⬛⬛⬛
⬛⬛⬛⬛⬛⬛⬛⬛⬛⬛⬛⬛
⬛⬛⬛⬛⬛⬛⬛⬛⬛⬛⬛⬛
⬛⬛⬛⬛⬛⬛⬛⬛⬛⬛⬛⬛
⬛⬛⬛⬛⬛⬜⬛⬜⬛⬛⬛⬛
⬛⬛⬛⬛⬛⬜⬛⬜⬛⬛⬛⬛
⬛⬛⬛⬛⬜⬜⬜⬜⬛⬛⬛⬛
⬛⬛⬛⬛⬜⬜⬜⬜⬜⬜⬛⬛
⬛⬛⬜⬜⬜⬜⬜⬜⬜⬜⬜⬛
⬛⬛⬜⬜⬜⬜⬜⬜⬜⬜⬜⬛


Score: 1190
High Score: 5660
⬜⬜⬛⬛⬛⬛⬛⬛⬛⬛⬛⬛
⬜⬛⬛⬛⬛⬛⬛⬛⬛⬛⬛⬛
⬜⬜⬛⬛⬛⬛⬛⬛⬛⬛⬛⬛
⬛⬛⬛⬛⬛⬛⬛⬛⬛⬛⬛⬛
⬛⬛⬛⬛⬛⬛⬛⬛⬛⬛⬛⬛
⬛⬛⬛⬛⬛⬛⬛⬛⬛⬛⬛⬛
⬛⬛⬛⬛⬛⬛⬛⬛⬛⬛⬛⬛
⬛⬛⬛⬛⬛⬛⬛⬛⬛⬛⬛⬛
⬛⬛⬛⬛⬛⬛⬛⬛⬛⬛⬛⬛
⬛⬛⬛⬛⬛⬜⬛⬜⬛⬛⬛⬛
⬛⬛⬛⬛⬛⬜⬛⬜⬛⬛⬛⬛
⬛⬛⬛⬛⬜⬜⬜⬜⬛⬛⬛⬛
⬛⬛⬛⬛⬜⬜⬜⬜⬜⬜⬛⬛
⬛⬛⬜⬜⬜⬜⬜⬜⬜⬜⬜⬛
⬛⬛⬜⬜⬜⬜⬜⬜⬜⬜⬜⬛


Score: 1250
High Score: 5660
⬜⬛⬛⬛⬛⬛⬛⬛⬛⬛⬛⬛
⬛⬛⬛⬛⬛⬛⬛⬛⬛⬛⬛⬛
⬛⬛⬛⬛⬛⬛⬛⬛⬛⬛⬛⬛
⬛⬛⬛⬛⬛⬛⬛⬛⬛⬛⬛⬛
⬛⬛⬛⬛⬛⬛⬛⬛⬛⬛⬛⬛
⬛⬛⬛⬛⬛⬛⬛⬛⬛⬛⬛⬛
⬛⬛⬛⬛⬛⬛⬛⬛⬛⬛⬛⬛
⬛⬛⬛⬛⬛⬛⬛⬛⬛⬛⬛⬛
⬛⬛⬛⬛⬛⬛⬛⬛⬛⬛⬛⬛
⬛⬛⬛⬛⬛⬜⬛⬜⬛⬛⬛⬛
⬛⬛⬛⬛⬛⬜⬛⬜⬛⬛⬛⬛
⬛⬛⬛⬛⬜⬜⬜⬜⬛⬛⬛⬛
⬜⬛⬛⬛⬜⬜⬜⬜⬜⬜⬛⬛
⬜⬜⬜⬜⬜⬜⬜⬜⬜⬜⬜⬛
⬜⬜⬜⬜⬜⬜⬜⬜⬜⬜⬜⬛


Score: 1250
High Score: 5660
⬛⬛⬛⬛⬛⬛⬛⬛⬛⬛⬛⬜
⬛⬛⬛⬛⬛⬛⬛⬛⬛⬛⬛⬛
⬛⬛⬛⬛⬛⬛⬛⬛⬛⬛⬛⬛
⬛⬛⬛⬛⬛⬛⬛⬛⬛⬛⬛⬛
⬛⬛⬛⬛⬛⬛⬛⬛⬛⬛⬛⬛
⬛⬛⬛⬛⬛⬛⬛⬛⬛⬛⬛⬛
⬛⬛⬛⬛⬛⬛⬛⬛⬛⬛⬛⬛
⬛⬛⬛⬛⬛⬛⬛⬛⬛⬛⬛⬛
⬛⬛⬛⬛⬛⬛⬛⬛⬛⬛⬛⬛
⬛⬛⬛⬛⬛⬜⬛⬜⬛⬛⬛⬛
⬛⬛⬛⬛⬛⬜⬛⬜⬛⬛⬛⬛
⬛⬛⬛⬛⬜⬜⬜⬜⬛⬛⬛⬛
⬜⬛⬛⬛⬜⬜⬜⬜⬜⬜⬛⬛
⬜⬜⬜⬜⬜⬜⬜⬜⬜⬜⬜⬛
⬜⬜⬜⬜⬜⬜⬜⬜⬜⬜⬜⬛


Before clearing:
⬛⬛⬛⬛⬛⬛⬛⬛⬛⬛⬛⬛
⬛⬛⬛⬛⬛⬛⬛⬛⬛⬛⬛⬛
⬛⬛⬛⬛⬛⬛⬛⬛⬛⬛⬛⬛
⬛⬛⬛⬛⬛⬛⬛⬛⬛⬛⬛⬛
⬛⬛⬛⬛⬛⬛⬛⬛⬛⬛⬛⬛
⬛⬛⬛⬛⬛⬛⬛⬛⬛⬛⬛⬛
⬛⬛⬛⬛⬛⬛⬛⬛⬛⬛⬛⬛
⬛⬛⬛⬛⬛⬛⬛⬛⬛⬛⬛⬛
⬛⬛⬛⬛⬛⬛⬛⬛⬛⬛⬛⬛
⬛⬛⬛⬛⬛⬜⬛⬜⬛⬛⬛⬛
⬛⬛⬛⬛⬛⬜⬛⬜⬛⬛⬛⬛
⬛⬛⬛⬛⬜⬜⬜⬜⬛⬛⬛⬛
⬜⬛⬛⬛⬜⬜⬜⬜⬜⬜⬛⬛
⬜⬜⬜⬜⬜⬜⬜⬜⬜⬜⬜⬛
⬜⬜⬜⬜⬜⬜⬜⬜⬜⬜⬜⬜


Score: 1276
High Score: 5660
⬜⬜⬛⬛⬛⬛⬛⬛⬛⬛⬛⬛
⬛⬛⬛⬛⬛⬛⬛⬛⬛⬛⬛⬛
⬛⬛⬛⬛⬛⬛⬛⬛⬛⬛⬛⬛
⬛⬛⬛⬛⬛⬛⬛⬛⬛⬛⬛⬛
⬛⬛⬛⬛⬛⬛⬛⬛⬛⬛⬛⬛
⬛⬛⬛⬛⬛⬛⬛⬛⬛⬛⬛⬛
⬛⬛⬛⬛⬛⬛⬛⬛⬛⬛⬛⬛
⬛⬛⬛⬛⬛⬛⬛⬛⬛⬛⬛⬛
⬛⬛⬛⬛⬛⬛⬛⬛⬛⬛⬛⬛
⬛⬛⬛⬛⬛⬛⬛⬛⬛⬛⬛⬛
⬛⬛⬛⬛⬛⬜⬛⬜⬛⬛⬛⬛
⬛⬛⬛⬛⬛⬜⬛⬜⬛⬛⬛⬛
⬛⬛⬛⬛⬜⬜⬜⬜⬛⬛⬛⬛
⬜⬛⬛⬛⬜⬜⬜⬜⬜⬜⬛⬛
⬜⬜⬜⬜⬜⬜⬜⬜⬜⬜⬜⬛


Score: 1276
High Score: 5660
⬛⬛⬛⬛⬛⬛⬛⬛⬛⬛⬛⬜
⬛⬛⬛⬛⬛⬛⬛⬛⬛⬛⬛⬜
⬛⬛⬛⬛⬛⬛⬛⬛⬛⬛⬛⬛
⬛⬛⬛⬛⬛⬛⬛⬛⬛⬛⬛⬛
⬛⬛⬛⬛⬛⬛⬛⬛⬛⬛⬛⬛
⬛⬛⬛⬛⬛⬛⬛⬛⬛⬛⬛⬛
⬛⬛⬛⬛⬛⬛⬛⬛⬛⬛⬛⬛
⬛⬛⬛⬛⬛⬛⬛⬛⬛⬛⬛⬛
⬛⬛⬛⬛⬛⬛⬛⬛⬛⬛⬛⬛
⬛⬛⬛⬛⬛⬛⬛⬛⬛⬛⬛⬛
⬛⬛⬛⬛⬛⬜⬛⬜⬛⬛⬛⬛
⬛⬛⬛⬛⬛⬜⬛⬜⬛⬛⬛⬛
⬛⬛⬛⬛⬜⬜⬜⬜⬛⬛⬛⬛
⬜⬛⬛⬛⬜⬜⬜⬜⬜⬜⬛⬛
⬜⬜⬜⬜⬜⬜⬜⬜⬜⬜⬜⬛


Before clearing:
⬛⬛⬛⬛⬛⬛⬛⬛⬛⬛⬛⬛
⬛⬛⬛⬛⬛⬛⬛⬛⬛⬛⬛⬛
⬛⬛⬛⬛⬛⬛⬛⬛⬛⬛⬛⬛
⬛⬛⬛⬛⬛⬛⬛⬛⬛⬛⬛⬛
⬛⬛⬛⬛⬛⬛⬛⬛⬛⬛⬛⬛
⬛⬛⬛⬛⬛⬛⬛⬛⬛⬛⬛⬛
⬛⬛⬛⬛⬛⬛⬛⬛⬛⬛⬛⬛
⬛⬛⬛⬛⬛⬛⬛⬛⬛⬛⬛⬛
⬛⬛⬛⬛⬛⬛⬛⬛⬛⬛⬛⬛
⬛⬛⬛⬛⬛⬛⬛⬛⬛⬛⬛⬛
⬛⬛⬛⬛⬛⬜⬛⬜⬛⬛⬛⬛
⬛⬛⬛⬛⬛⬜⬛⬜⬛⬛⬛⬛
⬛⬛⬛⬛⬜⬜⬜⬜⬛⬛⬛⬛
⬜⬛⬛⬛⬜⬜⬜⬜⬜⬜⬛⬜
⬜⬜⬜⬜⬜⬜⬜⬜⬜⬜⬜⬜


Score: 1314
High Score: 5660
⬜⬜⬜⬛⬛⬛⬛⬛⬛⬛⬛⬛
⬛⬛⬛⬛⬛⬛⬛⬛⬛⬛⬛⬛
⬛⬛⬛⬛⬛⬛⬛⬛⬛⬛⬛⬛
⬛⬛⬛⬛⬛⬛⬛⬛⬛⬛⬛⬛
⬛⬛⬛⬛⬛⬛⬛⬛⬛⬛⬛⬛
⬛⬛⬛⬛⬛⬛⬛⬛⬛⬛⬛⬛
⬛⬛⬛⬛⬛⬛⬛⬛⬛⬛⬛⬛
⬛⬛⬛⬛⬛⬛⬛⬛⬛⬛⬛⬛
⬛⬛⬛⬛⬛⬛⬛⬛⬛⬛⬛⬛
⬛⬛⬛⬛⬛⬛⬛⬛⬛⬛⬛⬛
⬛⬛⬛⬛⬛⬛⬛⬛⬛⬛⬛⬛
⬛⬛⬛⬛⬛⬜⬛⬜⬛⬛⬛⬛
⬛⬛⬛⬛⬛⬜⬛⬜⬛⬛⬛⬛
⬛⬛⬛⬛⬜⬜⬜⬜⬛⬛⬛⬛
⬜⬛⬛⬛⬜⬜⬜⬜⬜⬜⬛⬜


Score: 1314
High Score: 5660
⬛⬛⬛⬛⬛⬛⬛⬛⬛⬛⬛⬜
⬛⬛⬛⬛⬛⬛⬛⬛⬛⬛⬛⬜
⬛⬛⬛⬛⬛⬛⬛⬛⬛⬛⬛⬜
⬛⬛⬛⬛⬛⬛⬛⬛⬛⬛⬛⬛
⬛⬛⬛⬛⬛⬛⬛⬛⬛⬛⬛⬛
⬛⬛⬛⬛⬛⬛⬛⬛⬛⬛⬛⬛
⬛⬛⬛⬛⬛⬛⬛⬛⬛⬛⬛⬛
⬛⬛⬛⬛⬛⬛⬛⬛⬛⬛⬛⬛
⬛⬛⬛⬛⬛⬛⬛⬛⬛⬛⬛⬛
⬛⬛⬛⬛⬛⬛⬛⬛⬛⬛⬛⬛
⬛⬛⬛⬛⬛⬛⬛⬛⬛⬛⬛⬛
⬛⬛⬛⬛⬛⬜⬛⬜⬛⬛⬛⬛
⬛⬛⬛⬛⬛⬜⬛⬜⬛⬛⬛⬛
⬛⬛⬛⬛⬜⬜⬜⬜⬛⬛⬛⬛
⬜⬛⬛⬛⬜⬜⬜⬜⬜⬜⬛⬜


Score: 1347
High Score: 5660
⬜⬜⬜⬜⬛⬛⬛⬛⬛⬛⬛⬛
⬛⬛⬛⬛⬛⬛⬛⬛⬛⬛⬛⬛
⬛⬛⬛⬛⬛⬛⬛⬛⬛⬛⬛⬛
⬛⬛⬛⬛⬛⬛⬛⬛⬛⬛⬛⬛
⬛⬛⬛⬛⬛⬛⬛⬛⬛⬛⬛⬛
⬛⬛⬛⬛⬛⬛⬛⬛⬛⬛⬛⬛
⬛⬛⬛⬛⬛⬛⬛⬛⬛⬛⬛⬛
⬛⬛⬛⬛⬛⬛⬛⬛⬛⬛⬛⬛
⬛⬛⬛⬛⬛⬛⬛⬛⬛⬛⬛⬛
⬛⬛⬛⬛⬛⬛⬛⬛⬛⬛⬛⬛
⬛⬛⬛⬛⬛⬛⬛⬛⬛⬛⬛⬛
⬛⬛⬛⬛⬛⬜⬛⬜⬛⬛⬛⬜
⬛⬛⬛⬛⬛⬜⬛⬜⬛⬛⬛⬜
⬛⬛⬛⬛⬜⬜⬜⬜⬛⬛⬛⬜
⬜⬛⬛⬛⬜⬜⬜⬜⬜⬜⬛⬜


Score: 1347
High Score: 5660
⬛⬛⬛⬛⬛⬛⬛⬛⬛⬛⬜⬛
⬛⬛⬛⬛⬛⬛⬛⬛⬛⬛⬜⬛
⬛⬛⬛⬛⬛⬛⬛⬛⬛⬛⬜⬛
⬛⬛⬛⬛⬛⬛⬛⬛⬛⬛⬜⬛
⬛⬛⬛⬛⬛⬛⬛⬛⬛⬛⬛⬛
⬛⬛⬛⬛⬛⬛⬛⬛⬛⬛⬛⬛
⬛⬛⬛⬛⬛⬛⬛⬛⬛⬛⬛⬛
⬛⬛⬛⬛⬛⬛⬛⬛⬛⬛⬛⬛
⬛⬛⬛⬛⬛⬛⬛⬛⬛⬛⬛⬛
⬛⬛⬛⬛⬛⬛⬛⬛⬛⬛⬛⬛
⬛⬛⬛⬛⬛⬛⬛⬛⬛⬛⬛⬛
⬛⬛⬛⬛⬛⬜⬛⬜⬛⬛⬛⬜
⬛⬛⬛⬛⬛⬜⬛⬜⬛⬛⬛⬜
⬛⬛⬛⬛⬜⬜⬜⬜⬛⬛⬛⬜
⬜⬛⬛⬛⬜⬜⬜⬜⬜⬜⬛⬜


Score: 1391
High Score: 5660
⬜⬜⬛⬛⬛⬛⬛⬛⬛⬛⬛⬛
⬜⬜⬛⬛⬛⬛⬛⬛⬛⬛⬛⬛
⬛⬛⬛⬛⬛⬛⬛⬛⬛⬛⬛⬛
⬛⬛⬛⬛⬛⬛⬛⬛⬛⬛⬛⬛
⬛⬛⬛⬛⬛⬛⬛⬛⬛⬛⬛⬛
⬛⬛⬛⬛⬛⬛⬛⬛⬛⬛⬛⬛
⬛⬛⬛⬛⬛⬛⬛⬛⬛⬛⬛⬛
⬛⬛⬛⬛⬛⬛⬛⬛⬛⬛⬛⬛
⬛⬛⬛⬛⬛⬛⬛⬛⬛⬛⬛⬛
⬛⬛⬛⬛⬛⬛⬛⬛⬛⬛⬛⬛
⬛⬛⬛⬛⬛⬛⬛⬛⬛⬛⬛⬛
⬛⬛⬛⬛⬛⬜⬛⬜⬛⬛⬜⬜
⬛⬛⬛⬛⬛⬜⬛⬜⬛⬛⬜⬜
⬛⬛⬛⬛⬜⬜⬜⬜⬛⬛⬜⬜
⬜⬛⬛⬛⬜⬜⬜⬜⬜⬜⬜⬜


Score: 1391
High Score: 5660
⬛⬛⬜⬜⬛⬛⬛⬛⬛⬛⬛⬛
⬛⬛⬜⬜⬛⬛⬛⬛⬛⬛⬛⬛
⬛⬛⬛⬛⬛⬛⬛⬛⬛⬛⬛⬛
⬛⬛⬛⬛⬛⬛⬛⬛⬛⬛⬛⬛
⬛⬛⬛⬛⬛⬛⬛⬛⬛⬛⬛⬛
⬛⬛⬛⬛⬛⬛⬛⬛⬛⬛⬛⬛
⬛⬛⬛⬛⬛⬛⬛⬛⬛⬛⬛⬛
⬛⬛⬛⬛⬛⬛⬛⬛⬛⬛⬛⬛
⬛⬛⬛⬛⬛⬛⬛⬛⬛⬛⬛⬛
⬛⬛⬛⬛⬛⬛⬛⬛⬛⬛⬛⬛
⬛⬛⬛⬛⬛⬛⬛⬛⬛⬛⬛⬛
⬛⬛⬛⬛⬛⬜⬛⬜⬛⬛⬜⬜
⬛⬛⬛⬛⬛⬜⬛⬜⬛⬛⬜⬜
⬛⬛⬛⬛⬜⬜⬜⬜⬛⬛⬜⬜
⬜⬛⬛⬛⬜⬜⬜⬜⬜⬜⬜⬜


Score: 1443
High Score: 5660
⬜⬛⬛⬛⬛⬛⬛⬛⬛⬛⬛⬛
⬛⬜⬛⬛⬛⬛⬛⬛⬛⬛⬛⬛
⬛⬛⬛⬛⬛⬛⬛⬛⬛⬛⬛⬛
⬛⬛⬛⬛⬛⬛⬛⬛⬛⬛⬛⬛
⬛⬛⬛⬛⬛⬛⬛⬛⬛⬛⬛⬛
⬛⬛⬛⬛⬛⬛⬛⬛⬛⬛⬛⬛
⬛⬛⬛⬛⬛⬛⬛⬛⬛⬛⬛⬛
⬛⬛⬛⬛⬛⬛⬛⬛⬛⬛⬛⬛
⬛⬛⬛⬛⬛⬛⬛⬛⬛⬛⬛⬛
⬛⬛⬛⬛⬛⬛⬛⬛⬛⬛⬛⬛
⬛⬛⬛⬛⬛⬛⬛⬛⬛⬛⬛⬛
⬛⬛⬛⬛⬛⬜⬛⬜⬛⬛⬜⬜
⬛⬛⬛⬛⬛⬜⬛⬜⬛⬛⬜⬜
⬛⬛⬜⬜⬜⬜⬜⬜⬛⬛⬜⬜
⬜⬛⬜⬜⬜⬜⬜⬜⬜⬜⬜⬜


Score: 1443
High Score: 5660
⬜⬛⬛⬛⬛⬛⬛⬛⬛⬛⬛⬛
⬛⬜⬛⬛⬛⬛⬛⬛⬛⬛⬛⬛
⬛⬛⬛⬛⬛⬛⬛⬛⬛⬛⬛⬛
⬛⬛⬛⬛⬛⬛⬛⬛⬛⬛⬛⬛
⬛⬛⬛⬛⬛⬛⬛⬛⬛⬛⬛⬛
⬛⬛⬛⬛⬛⬛⬛⬛⬛⬛⬛⬛
⬛⬛⬛⬛⬛⬛⬛⬛⬛⬛⬛⬛
⬛⬛⬛⬛⬛⬛⬛⬛⬛⬛⬛⬛
⬛⬛⬛⬛⬛⬛⬛⬛⬛⬛⬛⬛
⬛⬛⬛⬛⬛⬛⬛⬛⬛⬛⬛⬛
⬛⬛⬛⬛⬛⬛⬛⬛⬛⬛⬛⬛
⬛⬛⬛⬛⬛⬜⬛⬜⬛⬛⬜⬜
⬛⬛⬛⬛⬛⬜⬛⬜⬛⬛⬜⬜
⬛⬛⬜⬜⬜⬜⬜⬜⬛⬛⬜⬜
⬜⬛⬜⬜⬜⬜⬜⬜⬜⬜⬜⬜


Before clearing:
⬛⬛⬛⬛⬛⬛⬛⬛⬛⬛⬛⬛
⬛⬛⬛⬛⬛⬛⬛⬛⬛⬛⬛⬛
⬛⬛⬛⬛⬛⬛⬛⬛⬛⬛⬛⬛
⬛⬛⬛⬛⬛⬛⬛⬛⬛⬛⬛⬛
⬛⬛⬛⬛⬛⬛⬛⬛⬛⬛⬛⬛
⬛⬛⬛⬛⬛⬛⬛⬛⬛⬛⬛⬛
⬛⬛⬛⬛⬛⬛⬛⬛⬛⬛⬛⬛
⬛⬛⬛⬛⬛⬛⬛⬛⬛⬛⬛⬛
⬛⬛⬛⬛⬛⬛⬛⬛⬛⬛⬛⬛
⬛⬛⬛⬛⬛⬛⬛⬛⬛⬛⬛⬛
⬛⬛⬛⬛⬛⬛⬛⬛⬛⬛⬛⬛
⬛⬛⬛⬛⬛⬜⬛⬜⬛⬛⬜⬜
⬛⬛⬛⬛⬛⬜⬛⬜⬛⬛⬜⬜
⬜⬛⬜⬜⬜⬜⬜⬜⬛⬛⬜⬜
⬜⬜⬜⬜⬜⬜⬜⬜⬜⬜⬜⬜


Score: 1481
High Score: 5660
⬜⬛⬛⬛⬛⬛⬛⬛⬛⬛⬛⬛
⬜⬛⬛⬛⬛⬛⬛⬛⬛⬛⬛⬛
⬜⬜⬛⬛⬛⬛⬛⬛⬛⬛⬛⬛
⬛⬛⬛⬛⬛⬛⬛⬛⬛⬛⬛⬛
⬛⬛⬛⬛⬛⬛⬛⬛⬛⬛⬛⬛
⬛⬛⬛⬛⬛⬛⬛⬛⬛⬛⬛⬛
⬛⬛⬛⬛⬛⬛⬛⬛⬛⬛⬛⬛
⬛⬛⬛⬛⬛⬛⬛⬛⬛⬛⬛⬛
⬛⬛⬛⬛⬛⬛⬛⬛⬛⬛⬛⬛
⬛⬛⬛⬛⬛⬛⬛⬛⬛⬛⬛⬛
⬛⬛⬛⬛⬛⬛⬛⬛⬛⬛⬛⬛
⬛⬛⬛⬛⬛⬛⬛⬛⬛⬛⬛⬛
⬛⬛⬛⬛⬛⬜⬛⬜⬛⬛⬜⬜
⬛⬛⬛⬛⬛⬜⬛⬜⬛⬛⬜⬜
⬜⬛⬜⬜⬜⬜⬜⬜⬛⬛⬜⬜


Score: 1481
High Score: 5660
⬛⬜⬜⬜⬛⬛⬛⬛⬛⬛⬛⬛
⬛⬜⬛⬛⬛⬛⬛⬛⬛⬛⬛⬛
⬛⬛⬛⬛⬛⬛⬛⬛⬛⬛⬛⬛
⬛⬛⬛⬛⬛⬛⬛⬛⬛⬛⬛⬛
⬛⬛⬛⬛⬛⬛⬛⬛⬛⬛⬛⬛
⬛⬛⬛⬛⬛⬛⬛⬛⬛⬛⬛⬛
⬛⬛⬛⬛⬛⬛⬛⬛⬛⬛⬛⬛
⬛⬛⬛⬛⬛⬛⬛⬛⬛⬛⬛⬛
⬛⬛⬛⬛⬛⬛⬛⬛⬛⬛⬛⬛
⬛⬛⬛⬛⬛⬛⬛⬛⬛⬛⬛⬛
⬛⬛⬛⬛⬛⬛⬛⬛⬛⬛⬛⬛
⬛⬛⬛⬛⬛⬛⬛⬛⬛⬛⬛⬛
⬛⬛⬛⬛⬛⬜⬛⬜⬛⬛⬜⬜
⬛⬛⬛⬛⬛⬜⬛⬜⬛⬛⬜⬜
⬜⬛⬜⬜⬜⬜⬜⬜⬛⬛⬜⬜


Score: 1533
High Score: 5660
⬜⬛⬛⬛⬛⬛⬛⬛⬛⬛⬛⬛
⬜⬜⬛⬛⬛⬛⬛⬛⬛⬛⬛⬛
⬛⬜⬛⬛⬛⬛⬛⬛⬛⬛⬛⬛
⬛⬛⬛⬛⬛⬛⬛⬛⬛⬛⬛⬛
⬛⬛⬛⬛⬛⬛⬛⬛⬛⬛⬛⬛
⬛⬛⬛⬛⬛⬛⬛⬛⬛⬛⬛⬛
⬛⬛⬛⬛⬛⬛⬛⬛⬛⬛⬛⬛
⬛⬛⬛⬛⬛⬛⬛⬛⬛⬛⬛⬛
⬛⬛⬛⬛⬛⬛⬛⬛⬛⬛⬛⬛
⬛⬛⬛⬛⬛⬛⬛⬛⬛⬛⬛⬛
⬛⬛⬛⬛⬛⬛⬛⬛⬛⬛⬛⬛
⬛⬛⬛⬛⬛⬛⬛⬛⬛⬛⬛⬛
⬛⬛⬛⬛⬛⬜⬛⬜⬛⬛⬜⬜
⬛⬜⬜⬜⬛⬜⬛⬜⬛⬛⬜⬜
⬜⬜⬜⬜⬜⬜⬜⬜⬛⬛⬜⬜


Score: 1533
High Score: 5660
⬛⬛⬛⬜⬛⬛⬛⬛⬛⬛⬛⬛
⬛⬛⬛⬜⬜⬛⬛⬛⬛⬛⬛⬛
⬛⬛⬛⬛⬜⬛⬛⬛⬛⬛⬛⬛
⬛⬛⬛⬛⬛⬛⬛⬛⬛⬛⬛⬛
⬛⬛⬛⬛⬛⬛⬛⬛⬛⬛⬛⬛
⬛⬛⬛⬛⬛⬛⬛⬛⬛⬛⬛⬛
⬛⬛⬛⬛⬛⬛⬛⬛⬛⬛⬛⬛
⬛⬛⬛⬛⬛⬛⬛⬛⬛⬛⬛⬛
⬛⬛⬛⬛⬛⬛⬛⬛⬛⬛⬛⬛
⬛⬛⬛⬛⬛⬛⬛⬛⬛⬛⬛⬛
⬛⬛⬛⬛⬛⬛⬛⬛⬛⬛⬛⬛
⬛⬛⬛⬛⬛⬛⬛⬛⬛⬛⬛⬛
⬛⬛⬛⬛⬛⬜⬛⬜⬛⬛⬜⬜
⬛⬜⬜⬜⬛⬜⬛⬜⬛⬛⬜⬜
⬜⬜⬜⬜⬜⬜⬜⬜⬛⬛⬜⬜


Score: 1577
High Score: 5660
⬜⬜⬜⬛⬛⬛⬛⬛⬛⬛⬛⬛
⬛⬜⬛⬛⬛⬛⬛⬛⬛⬛⬛⬛
⬛⬛⬛⬛⬛⬛⬛⬛⬛⬛⬛⬛
⬛⬛⬛⬛⬛⬛⬛⬛⬛⬛⬛⬛
⬛⬛⬛⬛⬛⬛⬛⬛⬛⬛⬛⬛
⬛⬛⬛⬛⬛⬛⬛⬛⬛⬛⬛⬛
⬛⬛⬛⬛⬛⬛⬛⬛⬛⬛⬛⬛
⬛⬛⬛⬛⬛⬛⬛⬛⬛⬛⬛⬛
⬛⬛⬛⬛⬛⬛⬛⬛⬛⬛⬛⬛
⬛⬛⬛⬛⬛⬛⬛⬛⬛⬛⬛⬛
⬛⬛⬛⬛⬛⬛⬛⬛⬛⬛⬛⬛
⬛⬛⬛⬜⬛⬛⬛⬛⬛⬛⬛⬛
⬛⬛⬛⬜⬜⬜⬛⬜⬛⬛⬜⬜
⬛⬜⬜⬜⬜⬜⬛⬜⬛⬛⬜⬜
⬜⬜⬜⬜⬜⬜⬜⬜⬛⬛⬜⬜


Score: 1577
High Score: 5660
⬜⬛⬛⬛⬛⬛⬛⬛⬛⬛⬛⬛
⬜⬜⬛⬛⬛⬛⬛⬛⬛⬛⬛⬛
⬜⬛⬛⬛⬛⬛⬛⬛⬛⬛⬛⬛
⬛⬛⬛⬛⬛⬛⬛⬛⬛⬛⬛⬛
⬛⬛⬛⬛⬛⬛⬛⬛⬛⬛⬛⬛
⬛⬛⬛⬛⬛⬛⬛⬛⬛⬛⬛⬛
⬛⬛⬛⬛⬛⬛⬛⬛⬛⬛⬛⬛
⬛⬛⬛⬛⬛⬛⬛⬛⬛⬛⬛⬛
⬛⬛⬛⬛⬛⬛⬛⬛⬛⬛⬛⬛
⬛⬛⬛⬛⬛⬛⬛⬛⬛⬛⬛⬛
⬛⬛⬛⬛⬛⬛⬛⬛⬛⬛⬛⬛
⬛⬛⬛⬜⬛⬛⬛⬛⬛⬛⬛⬛
⬛⬛⬛⬜⬜⬜⬛⬜⬛⬛⬜⬜
⬛⬜⬜⬜⬜⬜⬛⬜⬛⬛⬜⬜
⬜⬜⬜⬜⬜⬜⬜⬜⬛⬛⬜⬜


Score: 1621
High Score: 5660
⬛⬜⬛⬛⬛⬛⬛⬛⬛⬛⬛⬛
⬜⬜⬜⬛⬛⬛⬛⬛⬛⬛⬛⬛
⬛⬜⬛⬛⬛⬛⬛⬛⬛⬛⬛⬛
⬛⬛⬛⬛⬛⬛⬛⬛⬛⬛⬛⬛
⬛⬛⬛⬛⬛⬛⬛⬛⬛⬛⬛⬛
⬛⬛⬛⬛⬛⬛⬛⬛⬛⬛⬛⬛
⬛⬛⬛⬛⬛⬛⬛⬛⬛⬛⬛⬛
⬛⬛⬛⬛⬛⬛⬛⬛⬛⬛⬛⬛
⬛⬛⬛⬛⬛⬛⬛⬛⬛⬛⬛⬛
⬛⬛⬛⬛⬛⬛⬛⬛⬛⬛⬛⬛
⬛⬛⬛⬛⬛⬛⬛⬛⬛⬛⬛⬛
⬜⬛⬛⬜⬛⬛⬛⬛⬛⬛⬛⬛
⬜⬜⬛⬜⬜⬜⬛⬜⬛⬛⬜⬜
⬜⬜⬜⬜⬜⬜⬛⬜⬛⬛⬜⬜
⬜⬜⬜⬜⬜⬜⬜⬜⬛⬛⬜⬜


Score: 1621
High Score: 5660
⬛⬛⬛⬛⬜⬛⬛⬛⬛⬛⬛⬛
⬛⬛⬛⬜⬜⬜⬛⬛⬛⬛⬛⬛
⬛⬛⬛⬛⬜⬛⬛⬛⬛⬛⬛⬛
⬛⬛⬛⬛⬛⬛⬛⬛⬛⬛⬛⬛
⬛⬛⬛⬛⬛⬛⬛⬛⬛⬛⬛⬛
⬛⬛⬛⬛⬛⬛⬛⬛⬛⬛⬛⬛
⬛⬛⬛⬛⬛⬛⬛⬛⬛⬛⬛⬛
⬛⬛⬛⬛⬛⬛⬛⬛⬛⬛⬛⬛
⬛⬛⬛⬛⬛⬛⬛⬛⬛⬛⬛⬛
⬛⬛⬛⬛⬛⬛⬛⬛⬛⬛⬛⬛
⬛⬛⬛⬛⬛⬛⬛⬛⬛⬛⬛⬛
⬜⬛⬛⬜⬛⬛⬛⬛⬛⬛⬛⬛
⬜⬜⬛⬜⬜⬜⬛⬜⬛⬛⬜⬜
⬜⬜⬜⬜⬜⬜⬛⬜⬛⬛⬜⬜
⬜⬜⬜⬜⬜⬜⬜⬜⬛⬛⬜⬜


Score: 1666
High Score: 5660
⬜⬜⬛⬛⬛⬛⬛⬛⬛⬛⬛⬛
⬛⬜⬜⬛⬛⬛⬛⬛⬛⬛⬛⬛
⬛⬛⬛⬛⬛⬛⬛⬛⬛⬛⬛⬛
⬛⬛⬛⬛⬛⬛⬛⬛⬛⬛⬛⬛
⬛⬛⬛⬛⬛⬛⬛⬛⬛⬛⬛⬛
⬛⬛⬛⬛⬛⬛⬛⬛⬛⬛⬛⬛
⬛⬛⬛⬛⬛⬛⬛⬛⬛⬛⬛⬛
⬛⬛⬛⬛⬛⬛⬛⬛⬛⬛⬛⬛
⬛⬛⬛⬛⬛⬛⬛⬛⬛⬛⬛⬛
⬛⬛⬛⬛⬜⬛⬛⬛⬛⬛⬛⬛
⬛⬛⬛⬜⬜⬛⬛⬛⬛⬛⬛⬛
⬜⬛⬛⬜⬜⬜⬛⬛⬛⬛⬛⬛
⬜⬜⬛⬜⬜⬜⬛⬜⬛⬛⬜⬜
⬜⬜⬜⬜⬜⬜⬛⬜⬛⬛⬜⬜
⬜⬜⬜⬜⬜⬜⬜⬜⬛⬛⬜⬜


Score: 1666
High Score: 5660
⬛⬛⬛⬛⬛⬛⬛⬜⬛⬛⬛⬛
⬛⬛⬛⬛⬛⬛⬜⬜⬛⬛⬛⬛
⬛⬛⬛⬛⬛⬛⬜⬛⬛⬛⬛⬛
⬛⬛⬛⬛⬛⬛⬛⬛⬛⬛⬛⬛
⬛⬛⬛⬛⬛⬛⬛⬛⬛⬛⬛⬛
⬛⬛⬛⬛⬛⬛⬛⬛⬛⬛⬛⬛
⬛⬛⬛⬛⬛⬛⬛⬛⬛⬛⬛⬛
⬛⬛⬛⬛⬛⬛⬛⬛⬛⬛⬛⬛
⬛⬛⬛⬛⬛⬛⬛⬛⬛⬛⬛⬛
⬛⬛⬛⬛⬜⬛⬛⬛⬛⬛⬛⬛
⬛⬛⬛⬜⬜⬛⬛⬛⬛⬛⬛⬛
⬜⬛⬛⬜⬜⬜⬛⬛⬛⬛⬛⬛
⬜⬜⬛⬜⬜⬜⬛⬜⬛⬛⬜⬜
⬜⬜⬜⬜⬜⬜⬛⬜⬛⬛⬜⬜
⬜⬜⬜⬜⬜⬜⬜⬜⬛⬛⬜⬜


Score: 1706
High Score: 5660
⬛⬜⬛⬛⬛⬛⬛⬛⬛⬛⬛⬛
⬜⬜⬜⬛⬛⬛⬛⬛⬛⬛⬛⬛
⬛⬜⬛⬛⬛⬛⬛⬛⬛⬛⬛⬛
⬛⬛⬛⬛⬛⬛⬛⬛⬛⬛⬛⬛
⬛⬛⬛⬛⬛⬛⬛⬛⬛⬛⬛⬛
⬛⬛⬛⬛⬛⬛⬛⬛⬛⬛⬛⬛
⬛⬛⬛⬛⬛⬛⬛⬛⬛⬛⬛⬛
⬛⬛⬛⬛⬛⬛⬛⬛⬛⬛⬛⬛
⬛⬛⬛⬛⬛⬛⬛⬛⬛⬛⬛⬛
⬛⬛⬛⬛⬜⬛⬛⬛⬛⬛⬛⬛
⬛⬛⬛⬜⬜⬛⬛⬜⬛⬛⬛⬛
⬜⬛⬛⬜⬜⬜⬛⬜⬛⬛⬛⬛
⬜⬜⬛⬜⬜⬜⬜⬜⬛⬛⬜⬜
⬜⬜⬜⬜⬜⬜⬜⬜⬛⬛⬜⬜
⬜⬜⬜⬜⬜⬜⬜⬜⬛⬛⬜⬜


Score: 1706
High Score: 5660
⬛⬛⬛⬜⬛⬛⬛⬛⬛⬛⬛⬛
⬛⬛⬜⬜⬜⬛⬛⬛⬛⬛⬛⬛
⬛⬛⬛⬜⬛⬛⬛⬛⬛⬛⬛⬛
⬛⬛⬛⬛⬛⬛⬛⬛⬛⬛⬛⬛
⬛⬛⬛⬛⬛⬛⬛⬛⬛⬛⬛⬛
⬛⬛⬛⬛⬛⬛⬛⬛⬛⬛⬛⬛
⬛⬛⬛⬛⬛⬛⬛⬛⬛⬛⬛⬛
⬛⬛⬛⬛⬛⬛⬛⬛⬛⬛⬛⬛
⬛⬛⬛⬛⬛⬛⬛⬛⬛⬛⬛⬛
⬛⬛⬛⬛⬜⬛⬛⬛⬛⬛⬛⬛
⬛⬛⬛⬜⬜⬛⬛⬜⬛⬛⬛⬛
⬜⬛⬛⬜⬜⬜⬛⬜⬛⬛⬛⬛
⬜⬜⬛⬜⬜⬜⬜⬜⬛⬛⬜⬜
⬜⬜⬜⬜⬜⬜⬜⬜⬛⬛⬜⬜
⬜⬜⬜⬜⬜⬜⬜⬜⬛⬛⬜⬜


Score: 1741
High Score: 5660
⬜⬛⬜⬛⬛⬛⬛⬛⬛⬛⬛⬛
⬛⬜⬛⬛⬛⬛⬛⬛⬛⬛⬛⬛
⬜⬛⬜⬛⬛⬛⬛⬛⬛⬛⬛⬛
⬛⬛⬛⬛⬛⬛⬛⬛⬛⬛⬛⬛
⬛⬛⬛⬛⬛⬛⬛⬛⬛⬛⬛⬛
⬛⬛⬛⬛⬛⬛⬛⬛⬛⬛⬛⬛
⬛⬛⬛⬛⬛⬛⬛⬛⬛⬛⬛⬛
⬛⬛⬛⬜⬛⬛⬛⬛⬛⬛⬛⬛
⬛⬛⬛⬜⬜⬛⬛⬛⬛⬛⬛⬛
⬛⬛⬛⬜⬜⬛⬛⬛⬛⬛⬛⬛
⬛⬛⬛⬜⬜⬛⬛⬜⬛⬛⬛⬛
⬜⬛⬛⬜⬜⬜⬛⬜⬛⬛⬛⬛
⬜⬜⬜⬜⬜⬜⬜⬜⬛⬛⬜⬜
⬜⬜⬜⬜⬜⬜⬜⬜⬛⬛⬜⬜
⬜⬜⬜⬜⬜⬜⬜⬜⬛⬛⬜⬜


Score: 1741
High Score: 5660
⬛⬛⬛⬛⬛⬛⬜⬛⬜⬛⬛⬛
⬛⬛⬛⬛⬛⬛⬛⬜⬛⬛⬛⬛
⬛⬛⬛⬛⬛⬛⬜⬛⬜⬛⬛⬛
⬛⬛⬛⬛⬛⬛⬛⬛⬛⬛⬛⬛
⬛⬛⬛⬛⬛⬛⬛⬛⬛⬛⬛⬛
⬛⬛⬛⬛⬛⬛⬛⬛⬛⬛⬛⬛
⬛⬛⬛⬛⬛⬛⬛⬛⬛⬛⬛⬛
⬛⬛⬛⬜⬛⬛⬛⬛⬛⬛⬛⬛
⬛⬛⬛⬜⬜⬛⬛⬛⬛⬛⬛⬛
⬛⬛⬛⬜⬜⬛⬛⬛⬛⬛⬛⬛
⬛⬛⬛⬜⬜⬛⬛⬜⬛⬛⬛⬛
⬜⬛⬛⬜⬜⬜⬛⬜⬛⬛⬛⬛
⬜⬜⬜⬜⬜⬜⬜⬜⬛⬛⬜⬜
⬜⬜⬜⬜⬜⬜⬜⬜⬛⬛⬜⬜
⬜⬜⬜⬜⬜⬜⬜⬜⬛⬛⬜⬜


Score: 1781
High Score: 5660
⬜⬛⬜⬛⬛⬛⬛⬛⬛⬛⬛⬛
⬜⬜⬜⬛⬛⬛⬛⬛⬛⬛⬛⬛
⬛⬛⬛⬛⬛⬛⬛⬛⬛⬛⬛⬛
⬛⬛⬛⬛⬛⬛⬛⬛⬛⬛⬛⬛
⬛⬛⬛⬛⬛⬛⬛⬛⬛⬛⬛⬛
⬛⬛⬛⬛⬛⬛⬛⬛⬛⬛⬛⬛
⬛⬛⬛⬛⬛⬛⬛⬛⬛⬛⬛⬛
⬛⬛⬛⬜⬛⬛⬛⬛⬛⬛⬛⬛
⬛⬛⬛⬜⬜⬛⬛⬛⬛⬛⬛⬛
⬛⬛⬛⬜⬜⬛⬛⬜⬛⬛⬛⬛
⬛⬛⬛⬜⬜⬛⬜⬜⬛⬛⬛⬛
⬜⬛⬛⬜⬜⬜⬜⬜⬛⬛⬛⬛
⬜⬜⬜⬜⬜⬜⬜⬜⬛⬛⬜⬜
⬜⬜⬜⬜⬜⬜⬜⬜⬜⬛⬜⬜
⬜⬜⬜⬜⬜⬜⬜⬜⬜⬛⬜⬜


Score: 1781
High Score: 5660
⬛⬛⬛⬛⬜⬜⬛⬛⬛⬛⬛⬛
⬛⬛⬛⬛⬛⬜⬛⬛⬛⬛⬛⬛
⬛⬛⬛⬛⬜⬜⬛⬛⬛⬛⬛⬛
⬛⬛⬛⬛⬛⬛⬛⬛⬛⬛⬛⬛
⬛⬛⬛⬛⬛⬛⬛⬛⬛⬛⬛⬛
⬛⬛⬛⬛⬛⬛⬛⬛⬛⬛⬛⬛
⬛⬛⬛⬛⬛⬛⬛⬛⬛⬛⬛⬛
⬛⬛⬛⬜⬛⬛⬛⬛⬛⬛⬛⬛
⬛⬛⬛⬜⬜⬛⬛⬛⬛⬛⬛⬛
⬛⬛⬛⬜⬜⬛⬛⬜⬛⬛⬛⬛
⬛⬛⬛⬜⬜⬛⬜⬜⬛⬛⬛⬛
⬜⬛⬛⬜⬜⬜⬜⬜⬛⬛⬛⬛
⬜⬜⬜⬜⬜⬜⬜⬜⬛⬛⬜⬜
⬜⬜⬜⬜⬜⬜⬜⬜⬜⬛⬜⬜
⬜⬜⬜⬜⬜⬜⬜⬜⬜⬛⬜⬜


Score: 1806
High Score: 5660
⬜⬛⬛⬛⬛⬛⬛⬛⬛⬛⬛⬛
⬛⬛⬛⬛⬛⬛⬛⬛⬛⬛⬛⬛
⬛⬛⬛⬛⬛⬛⬛⬛⬛⬛⬛⬛
⬛⬛⬛⬛⬛⬛⬛⬛⬛⬛⬛⬛
⬛⬛⬛⬛⬛⬛⬛⬛⬛⬛⬛⬛
⬛⬛⬛⬛⬛⬛⬛⬛⬛⬛⬛⬛
⬛⬛⬛⬛⬜⬛⬛⬛⬛⬛⬛⬛
⬛⬛⬛⬜⬜⬛⬛⬛⬛⬛⬛⬛
⬛⬛⬛⬜⬜⬜⬛⬛⬛⬛⬛⬛
⬛⬛⬛⬜⬜⬜⬛⬜⬛⬛⬛⬛
⬛⬛⬛⬜⬜⬜⬜⬜⬛⬛⬛⬛
⬜⬛⬛⬜⬜⬜⬜⬜⬛⬛⬛⬛
⬜⬜⬜⬜⬜⬜⬜⬜⬛⬛⬜⬜
⬜⬜⬜⬜⬜⬜⬜⬜⬜⬛⬜⬜
⬜⬜⬜⬜⬜⬜⬜⬜⬜⬛⬜⬜


Score: 1806
High Score: 5660
⬛⬛⬛⬛⬛⬛⬛⬛⬛⬜⬛⬛
⬛⬛⬛⬛⬛⬛⬛⬛⬛⬛⬛⬛
⬛⬛⬛⬛⬛⬛⬛⬛⬛⬛⬛⬛
⬛⬛⬛⬛⬛⬛⬛⬛⬛⬛⬛⬛
⬛⬛⬛⬛⬛⬛⬛⬛⬛⬛⬛⬛
⬛⬛⬛⬛⬛⬛⬛⬛⬛⬛⬛⬛
⬛⬛⬛⬛⬜⬛⬛⬛⬛⬛⬛⬛
⬛⬛⬛⬜⬜⬛⬛⬛⬛⬛⬛⬛
⬛⬛⬛⬜⬜⬜⬛⬛⬛⬛⬛⬛
⬛⬛⬛⬜⬜⬜⬛⬜⬛⬛⬛⬛
⬛⬛⬛⬜⬜⬜⬜⬜⬛⬛⬛⬛
⬜⬛⬛⬜⬜⬜⬜⬜⬛⬛⬛⬛
⬜⬜⬜⬜⬜⬜⬜⬜⬛⬛⬜⬜
⬜⬜⬜⬜⬜⬜⬜⬜⬜⬛⬜⬜
⬜⬜⬜⬜⬜⬜⬜⬜⬜⬛⬜⬜


Before clearing:
⬛⬛⬛⬛⬛⬛⬛⬛⬛⬛⬛⬛
⬛⬛⬛⬛⬛⬛⬛⬛⬛⬛⬛⬛
⬛⬛⬛⬛⬛⬛⬛⬛⬛⬛⬛⬛
⬛⬛⬛⬛⬛⬛⬛⬛⬛⬛⬛⬛
⬛⬛⬛⬛⬛⬛⬛⬛⬛⬛⬛⬛
⬛⬛⬛⬛⬛⬛⬛⬛⬛⬛⬛⬛
⬛⬛⬛⬛⬜⬛⬛⬛⬛⬛⬛⬛
⬛⬛⬛⬜⬜⬛⬛⬛⬛⬛⬛⬛
⬛⬛⬛⬜⬜⬜⬛⬛⬛⬛⬛⬛
⬛⬛⬛⬜⬜⬜⬛⬜⬛⬛⬛⬛
⬛⬛⬛⬜⬜⬜⬜⬜⬛⬛⬛⬛
⬜⬛⬛⬜⬜⬜⬜⬜⬛⬛⬛⬛
⬜⬜⬜⬜⬜⬜⬜⬜⬛⬛⬜⬜
⬜⬜⬜⬜⬜⬜⬜⬜⬜⬛⬜⬜
⬜⬜⬜⬜⬜⬜⬜⬜⬜⬜⬜⬜


Score: 1832
High Score: 5660
⬜⬜⬛⬛⬛⬛⬛⬛⬛⬛⬛⬛
⬛⬛⬛⬛⬛⬛⬛⬛⬛⬛⬛⬛
⬛⬛⬛⬛⬛⬛⬛⬛⬛⬛⬛⬛
⬛⬛⬛⬛⬛⬛⬛⬛⬛⬛⬛⬛
⬛⬛⬛⬛⬛⬛⬛⬛⬛⬛⬛⬛
⬛⬛⬛⬛⬛⬛⬛⬛⬛⬛⬛⬛
⬛⬛⬛⬛⬛⬛⬛⬛⬛⬛⬛⬛
⬛⬛⬛⬛⬜⬛⬛⬛⬛⬛⬛⬛
⬛⬛⬛⬜⬜⬛⬛⬛⬛⬛⬛⬛
⬛⬛⬛⬜⬜⬜⬛⬛⬛⬛⬛⬛
⬛⬛⬛⬜⬜⬜⬛⬜⬛⬛⬛⬛
⬛⬛⬛⬜⬜⬜⬜⬜⬛⬛⬛⬛
⬜⬛⬛⬜⬜⬜⬜⬜⬛⬛⬛⬛
⬜⬜⬜⬜⬜⬜⬜⬜⬛⬛⬜⬜
⬜⬜⬜⬜⬜⬜⬜⬜⬜⬛⬜⬜


Score: 1832
High Score: 5660
⬛⬛⬛⬛⬛⬛⬛⬛⬛⬜⬛⬛
⬛⬛⬛⬛⬛⬛⬛⬛⬛⬜⬛⬛
⬛⬛⬛⬛⬛⬛⬛⬛⬛⬛⬛⬛
⬛⬛⬛⬛⬛⬛⬛⬛⬛⬛⬛⬛
⬛⬛⬛⬛⬛⬛⬛⬛⬛⬛⬛⬛
⬛⬛⬛⬛⬛⬛⬛⬛⬛⬛⬛⬛
⬛⬛⬛⬛⬛⬛⬛⬛⬛⬛⬛⬛
⬛⬛⬛⬛⬜⬛⬛⬛⬛⬛⬛⬛
⬛⬛⬛⬜⬜⬛⬛⬛⬛⬛⬛⬛
⬛⬛⬛⬜⬜⬜⬛⬛⬛⬛⬛⬛
⬛⬛⬛⬜⬜⬜⬛⬜⬛⬛⬛⬛
⬛⬛⬛⬜⬜⬜⬜⬜⬛⬛⬛⬛
⬜⬛⬛⬜⬜⬜⬜⬜⬛⬛⬛⬛
⬜⬜⬜⬜⬜⬜⬜⬜⬛⬛⬜⬜
⬜⬜⬜⬜⬜⬜⬜⬜⬜⬛⬜⬜


Before clearing:
⬛⬛⬛⬛⬛⬛⬛⬛⬛⬛⬛⬛
⬛⬛⬛⬛⬛⬛⬛⬛⬛⬛⬛⬛
⬛⬛⬛⬛⬛⬛⬛⬛⬛⬛⬛⬛
⬛⬛⬛⬛⬛⬛⬛⬛⬛⬛⬛⬛
⬛⬛⬛⬛⬛⬛⬛⬛⬛⬛⬛⬛
⬛⬛⬛⬛⬛⬛⬛⬛⬛⬛⬛⬛
⬛⬛⬛⬛⬛⬛⬛⬛⬛⬛⬛⬛
⬛⬛⬛⬛⬜⬛⬛⬛⬛⬛⬛⬛
⬛⬛⬛⬜⬜⬛⬛⬛⬛⬛⬛⬛
⬛⬛⬛⬜⬜⬜⬛⬛⬛⬛⬛⬛
⬛⬛⬛⬜⬜⬜⬛⬜⬛⬛⬛⬛
⬛⬛⬛⬜⬜⬜⬜⬜⬛⬛⬛⬛
⬜⬛⬛⬜⬜⬜⬜⬜⬛⬛⬛⬛
⬜⬜⬜⬜⬜⬜⬜⬜⬛⬜⬜⬜
⬜⬜⬜⬜⬜⬜⬜⬜⬜⬜⬜⬜


Score: 1870
High Score: 5660
⬜⬜⬜⬛⬛⬛⬛⬛⬛⬛⬛⬛
⬛⬛⬛⬛⬛⬛⬛⬛⬛⬛⬛⬛
⬛⬛⬛⬛⬛⬛⬛⬛⬛⬛⬛⬛
⬛⬛⬛⬛⬛⬛⬛⬛⬛⬛⬛⬛
⬛⬛⬛⬛⬛⬛⬛⬛⬛⬛⬛⬛
⬛⬛⬛⬛⬛⬛⬛⬛⬛⬛⬛⬛
⬛⬛⬛⬛⬛⬛⬛⬛⬛⬛⬛⬛
⬛⬛⬛⬛⬛⬛⬛⬛⬛⬛⬛⬛
⬛⬛⬛⬛⬜⬛⬛⬛⬛⬛⬛⬛
⬛⬛⬛⬜⬜⬛⬛⬛⬛⬛⬛⬛
⬛⬛⬛⬜⬜⬜⬛⬛⬛⬛⬛⬛
⬛⬛⬛⬜⬜⬜⬛⬜⬛⬛⬛⬛
⬛⬛⬛⬜⬜⬜⬜⬜⬛⬛⬛⬛
⬜⬛⬛⬜⬜⬜⬜⬜⬛⬛⬛⬛
⬜⬜⬜⬜⬜⬜⬜⬜⬛⬜⬜⬜


Score: 1870
High Score: 5660
⬛⬛⬛⬛⬛⬛⬛⬛⬛⬛⬛⬜
⬛⬛⬛⬛⬛⬛⬛⬛⬛⬛⬛⬜
⬛⬛⬛⬛⬛⬛⬛⬛⬛⬛⬛⬜
⬛⬛⬛⬛⬛⬛⬛⬛⬛⬛⬛⬛
⬛⬛⬛⬛⬛⬛⬛⬛⬛⬛⬛⬛
⬛⬛⬛⬛⬛⬛⬛⬛⬛⬛⬛⬛
⬛⬛⬛⬛⬛⬛⬛⬛⬛⬛⬛⬛
⬛⬛⬛⬛⬛⬛⬛⬛⬛⬛⬛⬛
⬛⬛⬛⬛⬜⬛⬛⬛⬛⬛⬛⬛
⬛⬛⬛⬜⬜⬛⬛⬛⬛⬛⬛⬛
⬛⬛⬛⬜⬜⬜⬛⬛⬛⬛⬛⬛
⬛⬛⬛⬜⬜⬜⬛⬜⬛⬛⬛⬛
⬛⬛⬛⬜⬜⬜⬜⬜⬛⬛⬛⬛
⬜⬛⬛⬜⬜⬜⬜⬜⬛⬛⬛⬛
⬜⬜⬜⬜⬜⬜⬜⬜⬛⬜⬜⬜


Score: 1903
High Score: 5660
⬜⬜⬜⬜⬛⬛⬛⬛⬛⬛⬛⬛
⬛⬛⬛⬛⬛⬛⬛⬛⬛⬛⬛⬛
⬛⬛⬛⬛⬛⬛⬛⬛⬛⬛⬛⬛
⬛⬛⬛⬛⬛⬛⬛⬛⬛⬛⬛⬛
⬛⬛⬛⬛⬛⬛⬛⬛⬛⬛⬛⬛
⬛⬛⬛⬛⬛⬛⬛⬛⬛⬛⬛⬛
⬛⬛⬛⬛⬛⬛⬛⬛⬛⬛⬛⬛
⬛⬛⬛⬛⬛⬛⬛⬛⬛⬛⬛⬛
⬛⬛⬛⬛⬜⬛⬛⬛⬛⬛⬛⬛
⬛⬛⬛⬜⬜⬛⬛⬛⬛⬛⬛⬛
⬛⬛⬛⬜⬜⬜⬛⬛⬛⬛⬛⬛
⬛⬛⬛⬜⬜⬜⬛⬜⬛⬛⬛⬜
⬛⬛⬛⬜⬜⬜⬜⬜⬛⬛⬛⬜
⬜⬛⬛⬜⬜⬜⬜⬜⬛⬛⬛⬜
⬜⬜⬜⬜⬜⬜⬜⬜⬛⬜⬜⬜


Score: 1903
High Score: 5660
⬛⬛⬛⬛⬛⬛⬛⬛⬛⬛⬜⬛
⬛⬛⬛⬛⬛⬛⬛⬛⬛⬛⬜⬛
⬛⬛⬛⬛⬛⬛⬛⬛⬛⬛⬜⬛
⬛⬛⬛⬛⬛⬛⬛⬛⬛⬛⬜⬛
⬛⬛⬛⬛⬛⬛⬛⬛⬛⬛⬛⬛
⬛⬛⬛⬛⬛⬛⬛⬛⬛⬛⬛⬛
⬛⬛⬛⬛⬛⬛⬛⬛⬛⬛⬛⬛
⬛⬛⬛⬛⬛⬛⬛⬛⬛⬛⬛⬛
⬛⬛⬛⬛⬜⬛⬛⬛⬛⬛⬛⬛
⬛⬛⬛⬜⬜⬛⬛⬛⬛⬛⬛⬛
⬛⬛⬛⬜⬜⬜⬛⬛⬛⬛⬛⬛
⬛⬛⬛⬜⬜⬜⬛⬜⬛⬛⬛⬜
⬛⬛⬛⬜⬜⬜⬜⬜⬛⬛⬛⬜
⬜⬛⬛⬜⬜⬜⬜⬜⬛⬛⬛⬜
⬜⬜⬜⬜⬜⬜⬜⬜⬛⬜⬜⬜


Score: 1943
High Score: 5660
⬜⬜⬛⬛⬛⬛⬛⬛⬛⬛⬛⬛
⬜⬜⬛⬛⬛⬛⬛⬛⬛⬛⬛⬛
⬛⬛⬛⬛⬛⬛⬛⬛⬛⬛⬛⬛
⬛⬛⬛⬛⬛⬛⬛⬛⬛⬛⬛⬛
⬛⬛⬛⬛⬛⬛⬛⬛⬛⬛⬛⬛
⬛⬛⬛⬛⬛⬛⬛⬛⬛⬛⬛⬛
⬛⬛⬛⬛⬛⬛⬛⬛⬛⬛⬛⬛
⬛⬛⬛⬛⬛⬛⬛⬛⬛⬛⬛⬛
⬛⬛⬛⬛⬜⬛⬛⬛⬛⬛⬛⬛
⬛⬛⬛⬜⬜⬛⬛⬛⬛⬛⬛⬛
⬛⬛⬛⬜⬜⬜⬛⬛⬛⬛⬜⬛
⬛⬛⬛⬜⬜⬜⬛⬜⬛⬛⬜⬜
⬛⬛⬛⬜⬜⬜⬜⬜⬛⬛⬜⬜
⬜⬛⬛⬜⬜⬜⬜⬜⬛⬛⬜⬜
⬜⬜⬜⬜⬜⬜⬜⬜⬛⬜⬜⬜


Score: 1943
High Score: 5660
⬜⬜⬛⬛⬛⬛⬛⬛⬛⬛⬛⬛
⬜⬜⬛⬛⬛⬛⬛⬛⬛⬛⬛⬛
⬛⬛⬛⬛⬛⬛⬛⬛⬛⬛⬛⬛
⬛⬛⬛⬛⬛⬛⬛⬛⬛⬛⬛⬛
⬛⬛⬛⬛⬛⬛⬛⬛⬛⬛⬛⬛
⬛⬛⬛⬛⬛⬛⬛⬛⬛⬛⬛⬛
⬛⬛⬛⬛⬛⬛⬛⬛⬛⬛⬛⬛
⬛⬛⬛⬛⬛⬛⬛⬛⬛⬛⬛⬛
⬛⬛⬛⬛⬜⬛⬛⬛⬛⬛⬛⬛
⬛⬛⬛⬜⬜⬛⬛⬛⬛⬛⬛⬛
⬛⬛⬛⬜⬜⬜⬛⬛⬛⬛⬜⬛
⬛⬛⬛⬜⬜⬜⬛⬜⬛⬛⬜⬜
⬛⬛⬛⬜⬜⬜⬜⬜⬛⬛⬜⬜
⬜⬛⬛⬜⬜⬜⬜⬜⬛⬛⬜⬜
⬜⬜⬜⬜⬜⬜⬜⬜⬛⬜⬜⬜


Score: 1987
High Score: 5660
⬜⬛⬛⬛⬛⬛⬛⬛⬛⬛⬛⬛
⬛⬜⬛⬛⬛⬛⬛⬛⬛⬛⬛⬛
⬛⬛⬛⬛⬛⬛⬛⬛⬛⬛⬛⬛
⬛⬛⬛⬛⬛⬛⬛⬛⬛⬛⬛⬛
⬛⬛⬛⬛⬛⬛⬛⬛⬛⬛⬛⬛
⬛⬛⬛⬛⬛⬛⬛⬛⬛⬛⬛⬛
⬛⬛⬛⬛⬛⬛⬛⬛⬛⬛⬛⬛
⬛⬛⬛⬛⬛⬛⬛⬛⬛⬛⬛⬛
⬛⬛⬛⬛⬜⬛⬛⬛⬛⬛⬛⬛
⬛⬛⬛⬜⬜⬛⬛⬛⬛⬛⬛⬛
⬛⬛⬛⬜⬜⬜⬛⬛⬛⬛⬜⬛
⬜⬛⬛⬜⬜⬜⬛⬜⬛⬛⬜⬜
⬜⬜⬛⬜⬜⬜⬜⬜⬛⬛⬜⬜
⬜⬜⬛⬜⬜⬜⬜⬜⬛⬛⬜⬜
⬜⬜⬜⬜⬜⬜⬜⬜⬛⬜⬜⬜


Score: 1987
High Score: 5660
⬛⬛⬛⬛⬛⬛⬛⬛⬛⬛⬜⬛
⬛⬛⬛⬛⬛⬛⬛⬛⬛⬛⬛⬜
⬛⬛⬛⬛⬛⬛⬛⬛⬛⬛⬛⬛
⬛⬛⬛⬛⬛⬛⬛⬛⬛⬛⬛⬛
⬛⬛⬛⬛⬛⬛⬛⬛⬛⬛⬛⬛
⬛⬛⬛⬛⬛⬛⬛⬛⬛⬛⬛⬛
⬛⬛⬛⬛⬛⬛⬛⬛⬛⬛⬛⬛
⬛⬛⬛⬛⬛⬛⬛⬛⬛⬛⬛⬛
⬛⬛⬛⬛⬜⬛⬛⬛⬛⬛⬛⬛
⬛⬛⬛⬜⬜⬛⬛⬛⬛⬛⬛⬛
⬛⬛⬛⬜⬜⬜⬛⬛⬛⬛⬜⬛
⬜⬛⬛⬜⬜⬜⬛⬜⬛⬛⬜⬜
⬜⬜⬛⬜⬜⬜⬜⬜⬛⬛⬜⬜
⬜⬜⬛⬜⬜⬜⬜⬜⬛⬛⬜⬜
⬜⬜⬜⬜⬜⬜⬜⬜⬛⬜⬜⬜


Score: 2005
High Score: 5660
⬜⬛⬛⬛⬛⬛⬛⬛⬛⬛⬛⬛
⬜⬛⬛⬛⬛⬛⬛⬛⬛⬛⬛⬛
⬜⬜⬛⬛⬛⬛⬛⬛⬛⬛⬛⬛
⬛⬛⬛⬛⬛⬛⬛⬛⬛⬛⬛⬛
⬛⬛⬛⬛⬛⬛⬛⬛⬛⬛⬛⬛
⬛⬛⬛⬛⬛⬛⬛⬛⬛⬛⬛⬛
⬛⬛⬛⬛⬛⬛⬛⬛⬛⬛⬛⬛
⬛⬛⬛⬛⬛⬛⬛⬛⬛⬛⬛⬛
⬛⬛⬛⬛⬜⬛⬛⬛⬛⬛⬛⬛
⬛⬛⬛⬜⬜⬛⬛⬛⬛⬛⬜⬛
⬛⬛⬛⬜⬜⬜⬛⬛⬛⬛⬜⬜
⬜⬛⬛⬜⬜⬜⬛⬜⬛⬛⬜⬜
⬜⬜⬛⬜⬜⬜⬜⬜⬛⬛⬜⬜
⬜⬜⬛⬜⬜⬜⬜⬜⬛⬛⬜⬜
⬜⬜⬜⬜⬜⬜⬜⬜⬛⬜⬜⬜


Score: 2005
High Score: 5660
⬜⬛⬛⬛⬛⬛⬛⬛⬛⬛⬛⬛
⬜⬛⬛⬛⬛⬛⬛⬛⬛⬛⬛⬛
⬜⬜⬛⬛⬛⬛⬛⬛⬛⬛⬛⬛
⬛⬛⬛⬛⬛⬛⬛⬛⬛⬛⬛⬛
⬛⬛⬛⬛⬛⬛⬛⬛⬛⬛⬛⬛
⬛⬛⬛⬛⬛⬛⬛⬛⬛⬛⬛⬛
⬛⬛⬛⬛⬛⬛⬛⬛⬛⬛⬛⬛
⬛⬛⬛⬛⬛⬛⬛⬛⬛⬛⬛⬛
⬛⬛⬛⬛⬜⬛⬛⬛⬛⬛⬛⬛
⬛⬛⬛⬜⬜⬛⬛⬛⬛⬛⬜⬛
⬛⬛⬛⬜⬜⬜⬛⬛⬛⬛⬜⬜
⬜⬛⬛⬜⬜⬜⬛⬜⬛⬛⬜⬜
⬜⬜⬛⬜⬜⬜⬜⬜⬛⬛⬜⬜
⬜⬜⬛⬜⬜⬜⬜⬜⬛⬛⬜⬜
⬜⬜⬜⬜⬜⬜⬜⬜⬛⬜⬜⬜


Score: 2037
High Score: 5660
⬜⬛⬛⬛⬛⬛⬛⬛⬛⬛⬛⬛
⬜⬜⬛⬛⬛⬛⬛⬛⬛⬛⬛⬛
⬛⬜⬛⬛⬛⬛⬛⬛⬛⬛⬛⬛
⬛⬛⬛⬛⬛⬛⬛⬛⬛⬛⬛⬛
⬛⬛⬛⬛⬛⬛⬛⬛⬛⬛⬛⬛
⬛⬛⬛⬛⬛⬛⬛⬛⬛⬛⬛⬛
⬛⬛⬛⬛⬛⬛⬛⬛⬛⬛⬛⬛
⬛⬛⬛⬛⬛⬛⬛⬛⬛⬛⬛⬛
⬜⬛⬛⬛⬜⬛⬛⬛⬛⬛⬛⬛
⬜⬛⬛⬜⬜⬛⬛⬛⬛⬛⬜⬛
⬜⬛⬛⬜⬜⬜⬛⬛⬛⬛⬜⬜
⬜⬜⬛⬜⬜⬜⬛⬜⬛⬛⬜⬜
⬜⬜⬛⬜⬜⬜⬜⬜⬛⬛⬜⬜
⬜⬜⬛⬜⬜⬜⬜⬜⬛⬛⬜⬜
⬜⬜⬜⬜⬜⬜⬜⬜⬛⬜⬜⬜


Score: 2037
High Score: 5660
⬛⬛⬜⬜⬛⬛⬛⬛⬛⬛⬛⬛
⬛⬜⬜⬛⬛⬛⬛⬛⬛⬛⬛⬛
⬛⬛⬛⬛⬛⬛⬛⬛⬛⬛⬛⬛
⬛⬛⬛⬛⬛⬛⬛⬛⬛⬛⬛⬛
⬛⬛⬛⬛⬛⬛⬛⬛⬛⬛⬛⬛
⬛⬛⬛⬛⬛⬛⬛⬛⬛⬛⬛⬛
⬛⬛⬛⬛⬛⬛⬛⬛⬛⬛⬛⬛
⬛⬛⬛⬛⬛⬛⬛⬛⬛⬛⬛⬛
⬜⬛⬛⬛⬜⬛⬛⬛⬛⬛⬛⬛
⬜⬛⬛⬜⬜⬛⬛⬛⬛⬛⬜⬛
⬜⬛⬛⬜⬜⬜⬛⬛⬛⬛⬜⬜
⬜⬜⬛⬜⬜⬜⬛⬜⬛⬛⬜⬜
⬜⬜⬛⬜⬜⬜⬜⬜⬛⬛⬜⬜
⬜⬜⬛⬜⬜⬜⬜⬜⬛⬛⬜⬜
⬜⬜⬜⬜⬜⬜⬜⬜⬛⬜⬜⬜


Score: 2069
High Score: 5660
⬜⬜⬜⬛⬛⬛⬛⬛⬛⬛⬛⬛
⬛⬜⬛⬛⬛⬛⬛⬛⬛⬛⬛⬛
⬛⬛⬛⬛⬛⬛⬛⬛⬛⬛⬛⬛
⬛⬛⬛⬛⬛⬛⬛⬛⬛⬛⬛⬛
⬛⬛⬛⬛⬛⬛⬛⬛⬛⬛⬛⬛
⬛⬛⬛⬛⬛⬛⬛⬛⬛⬛⬛⬛
⬛⬛⬛⬛⬛⬛⬛⬛⬛⬛⬛⬛
⬛⬛⬛⬛⬛⬛⬛⬛⬛⬛⬛⬛
⬜⬛⬛⬜⬜⬛⬛⬛⬛⬛⬛⬛
⬜⬛⬛⬜⬜⬛⬛⬛⬛⬛⬜⬛
⬜⬜⬛⬜⬜⬜⬛⬛⬛⬛⬜⬜
⬜⬜⬛⬜⬜⬜⬛⬜⬛⬛⬜⬜
⬜⬜⬜⬜⬜⬜⬜⬜⬛⬛⬜⬜
⬜⬜⬜⬜⬜⬜⬜⬜⬛⬛⬜⬜
⬜⬜⬜⬜⬜⬜⬜⬜⬛⬜⬜⬜


Score: 2069
High Score: 5660
⬛⬛⬛⬛⬛⬛⬛⬛⬛⬜⬛⬛
⬛⬛⬛⬛⬛⬛⬛⬛⬛⬜⬜⬛
⬛⬛⬛⬛⬛⬛⬛⬛⬛⬜⬛⬛
⬛⬛⬛⬛⬛⬛⬛⬛⬛⬛⬛⬛
⬛⬛⬛⬛⬛⬛⬛⬛⬛⬛⬛⬛
⬛⬛⬛⬛⬛⬛⬛⬛⬛⬛⬛⬛
⬛⬛⬛⬛⬛⬛⬛⬛⬛⬛⬛⬛
⬛⬛⬛⬛⬛⬛⬛⬛⬛⬛⬛⬛
⬜⬛⬛⬜⬜⬛⬛⬛⬛⬛⬛⬛
⬜⬛⬛⬜⬜⬛⬛⬛⬛⬛⬜⬛
⬜⬜⬛⬜⬜⬜⬛⬛⬛⬛⬜⬜
⬜⬜⬛⬜⬜⬜⬛⬜⬛⬛⬜⬜
⬜⬜⬜⬜⬜⬜⬜⬜⬛⬛⬜⬜
⬜⬜⬜⬜⬜⬜⬜⬜⬛⬛⬜⬜
⬜⬜⬜⬜⬜⬜⬜⬜⬛⬜⬜⬜


Score: 2097
High Score: 5660
⬛⬜⬛⬛⬛⬛⬛⬛⬛⬛⬛⬛
⬜⬜⬜⬛⬛⬛⬛⬛⬛⬛⬛⬛
⬛⬜⬛⬛⬛⬛⬛⬛⬛⬛⬛⬛
⬛⬛⬛⬛⬛⬛⬛⬛⬛⬛⬛⬛
⬛⬛⬛⬛⬛⬛⬛⬛⬛⬛⬛⬛
⬛⬛⬛⬛⬛⬛⬛⬛⬛⬛⬛⬛
⬛⬛⬛⬛⬛⬛⬛⬛⬛⬛⬛⬛
⬛⬛⬛⬛⬛⬛⬛⬛⬛⬛⬛⬛
⬜⬛⬛⬜⬜⬛⬛⬛⬛⬛⬜⬛
⬜⬛⬛⬜⬜⬛⬛⬛⬛⬛⬜⬛
⬜⬜⬛⬜⬜⬜⬛⬛⬛⬛⬜⬜
⬜⬜⬛⬜⬜⬜⬛⬜⬛⬜⬜⬜
⬜⬜⬜⬜⬜⬜⬜⬜⬛⬜⬜⬜
⬜⬜⬜⬜⬜⬜⬜⬜⬛⬜⬜⬜
⬜⬜⬜⬜⬜⬜⬜⬜⬛⬜⬜⬜


Score: 2097
High Score: 5660
⬛⬛⬛⬛⬛⬛⬛⬜⬛⬛⬛⬛
⬛⬛⬛⬛⬛⬛⬜⬜⬜⬛⬛⬛
⬛⬛⬛⬛⬛⬛⬛⬜⬛⬛⬛⬛
⬛⬛⬛⬛⬛⬛⬛⬛⬛⬛⬛⬛
⬛⬛⬛⬛⬛⬛⬛⬛⬛⬛⬛⬛
⬛⬛⬛⬛⬛⬛⬛⬛⬛⬛⬛⬛
⬛⬛⬛⬛⬛⬛⬛⬛⬛⬛⬛⬛
⬛⬛⬛⬛⬛⬛⬛⬛⬛⬛⬛⬛
⬜⬛⬛⬜⬜⬛⬛⬛⬛⬛⬜⬛
⬜⬛⬛⬜⬜⬛⬛⬛⬛⬛⬜⬛
⬜⬜⬛⬜⬜⬜⬛⬛⬛⬛⬜⬜
⬜⬜⬛⬜⬜⬜⬛⬜⬛⬜⬜⬜
⬜⬜⬜⬜⬜⬜⬜⬜⬛⬜⬜⬜
⬜⬜⬜⬜⬜⬜⬜⬜⬛⬜⬜⬜
⬜⬜⬜⬜⬜⬜⬜⬜⬛⬜⬜⬜


Before clearing:
⬛⬛⬛⬛⬛⬛⬛⬛⬛⬛⬛⬛
⬛⬛⬛⬛⬛⬛⬛⬛⬛⬛⬛⬛
⬛⬛⬛⬛⬛⬛⬛⬛⬛⬛⬛⬛
⬛⬛⬛⬛⬛⬛⬛⬛⬛⬛⬛⬛
⬛⬛⬛⬛⬛⬛⬛⬛⬛⬛⬛⬛
⬛⬛⬛⬛⬛⬛⬛⬛⬛⬛⬛⬛
⬛⬛⬛⬛⬛⬛⬛⬛⬛⬛⬛⬛
⬛⬛⬛⬛⬛⬛⬛⬛⬛⬛⬛⬛
⬜⬛⬛⬜⬜⬛⬛⬜⬛⬛⬜⬛
⬜⬛⬛⬜⬜⬛⬛⬜⬛⬛⬜⬛
⬜⬜⬛⬜⬜⬜⬛⬜⬛⬛⬜⬜
⬜⬜⬛⬜⬜⬜⬜⬜⬛⬜⬜⬜
⬜⬜⬜⬜⬜⬜⬜⬜⬛⬜⬜⬜
⬜⬜⬜⬜⬜⬜⬜⬜⬛⬜⬜⬜
⬜⬜⬜⬜⬜⬜⬜⬜⬜⬜⬜⬜


Score: 2149
High Score: 5660
⬜⬜⬛⬛⬛⬛⬛⬛⬛⬛⬛⬛
⬛⬜⬜⬛⬛⬛⬛⬛⬛⬛⬛⬛
⬛⬛⬛⬛⬛⬛⬛⬛⬛⬛⬛⬛
⬛⬛⬛⬛⬛⬛⬛⬛⬛⬛⬛⬛
⬛⬛⬛⬛⬛⬛⬛⬛⬛⬛⬛⬛
⬛⬛⬛⬛⬛⬛⬛⬛⬛⬛⬛⬛
⬛⬛⬛⬛⬛⬛⬛⬛⬛⬛⬛⬛
⬛⬛⬛⬛⬛⬛⬛⬛⬛⬛⬛⬛
⬛⬛⬛⬛⬛⬛⬛⬛⬛⬛⬛⬛
⬜⬛⬛⬜⬜⬛⬛⬜⬛⬛⬜⬛
⬜⬛⬛⬜⬜⬛⬛⬜⬛⬛⬜⬛
⬜⬜⬛⬜⬜⬜⬛⬜⬛⬛⬜⬜
⬜⬜⬛⬜⬜⬜⬜⬜⬛⬜⬜⬜
⬜⬜⬜⬜⬜⬜⬜⬜⬛⬜⬜⬜
⬜⬜⬜⬜⬜⬜⬜⬜⬛⬜⬜⬜


Score: 2149
High Score: 5660
⬛⬛⬜⬛⬛⬛⬛⬛⬛⬛⬛⬛
⬛⬜⬜⬛⬛⬛⬛⬛⬛⬛⬛⬛
⬛⬜⬛⬛⬛⬛⬛⬛⬛⬛⬛⬛
⬛⬛⬛⬛⬛⬛⬛⬛⬛⬛⬛⬛
⬛⬛⬛⬛⬛⬛⬛⬛⬛⬛⬛⬛
⬛⬛⬛⬛⬛⬛⬛⬛⬛⬛⬛⬛
⬛⬛⬛⬛⬛⬛⬛⬛⬛⬛⬛⬛
⬛⬛⬛⬛⬛⬛⬛⬛⬛⬛⬛⬛
⬛⬛⬛⬛⬛⬛⬛⬛⬛⬛⬛⬛
⬜⬛⬛⬜⬜⬛⬛⬜⬛⬛⬜⬛
⬜⬛⬛⬜⬜⬛⬛⬜⬛⬛⬜⬛
⬜⬜⬛⬜⬜⬜⬛⬜⬛⬛⬜⬜
⬜⬜⬛⬜⬜⬜⬜⬜⬛⬜⬜⬜
⬜⬜⬜⬜⬜⬜⬜⬜⬛⬜⬜⬜
⬜⬜⬜⬜⬜⬜⬜⬜⬛⬜⬜⬜


Score: 2181
High Score: 5660
⬛⬜⬛⬛⬛⬛⬛⬛⬛⬛⬛⬛
⬜⬜⬜⬛⬛⬛⬛⬛⬛⬛⬛⬛
⬛⬜⬛⬛⬛⬛⬛⬛⬛⬛⬛⬛
⬛⬛⬛⬛⬛⬛⬛⬛⬛⬛⬛⬛
⬛⬛⬛⬛⬛⬛⬛⬛⬛⬛⬛⬛
⬛⬛⬛⬛⬛⬛⬛⬛⬛⬛⬛⬛
⬛⬛⬛⬛⬛⬛⬛⬛⬛⬛⬛⬛
⬛⬛⬛⬛⬛⬛⬛⬛⬛⬛⬛⬛
⬛⬛⬛⬛⬛⬛⬛⬛⬛⬛⬛⬛
⬜⬜⬛⬜⬜⬛⬛⬜⬛⬛⬜⬛
⬜⬜⬛⬜⬜⬛⬛⬜⬛⬛⬜⬛
⬜⬜⬜⬜⬜⬜⬛⬜⬛⬛⬜⬜
⬜⬜⬜⬜⬜⬜⬜⬜⬛⬜⬜⬜
⬜⬜⬜⬜⬜⬜⬜⬜⬛⬜⬜⬜
⬜⬜⬜⬜⬜⬜⬜⬜⬛⬜⬜⬜


Score: 2181
High Score: 5660
⬛⬛⬛⬛⬛⬛⬜⬛⬛⬛⬛⬛
⬛⬛⬛⬛⬛⬜⬜⬜⬛⬛⬛⬛
⬛⬛⬛⬛⬛⬛⬜⬛⬛⬛⬛⬛
⬛⬛⬛⬛⬛⬛⬛⬛⬛⬛⬛⬛
⬛⬛⬛⬛⬛⬛⬛⬛⬛⬛⬛⬛
⬛⬛⬛⬛⬛⬛⬛⬛⬛⬛⬛⬛
⬛⬛⬛⬛⬛⬛⬛⬛⬛⬛⬛⬛
⬛⬛⬛⬛⬛⬛⬛⬛⬛⬛⬛⬛
⬛⬛⬛⬛⬛⬛⬛⬛⬛⬛⬛⬛
⬜⬜⬛⬜⬜⬛⬛⬜⬛⬛⬜⬛
⬜⬜⬛⬜⬜⬛⬛⬜⬛⬛⬜⬛
⬜⬜⬜⬜⬜⬜⬛⬜⬛⬛⬜⬜
⬜⬜⬜⬜⬜⬜⬜⬜⬛⬜⬜⬜
⬜⬜⬜⬜⬜⬜⬜⬜⬛⬜⬜⬜
⬜⬜⬜⬜⬜⬜⬜⬜⬛⬜⬜⬜


YOU WIN!
No more blocks.
Final grid and score:

Score: 2216
High Score: 5660
⬛⬛⬛⬛⬛⬛⬛⬛⬛⬛⬛⬛
⬛⬛⬛⬛⬛⬛⬛⬛⬛⬛⬛⬛
⬛⬛⬛⬛⬛⬛⬛⬛⬛⬛⬛⬛
⬛⬛⬛⬛⬛⬛⬛⬛⬛⬛⬛⬛
⬛⬛⬛⬛⬛⬛⬛⬛⬛⬛⬛⬛
⬛⬛⬛⬛⬛⬛⬛⬛⬛⬛⬛⬛
⬛⬛⬛⬛⬛⬛⬛⬛⬛⬛⬛⬛
⬛⬛⬛⬛⬛⬛⬛⬛⬛⬛⬛⬛
⬛⬛⬛⬛⬛⬛⬛⬜⬛⬛⬛⬛
⬜⬜⬛⬜⬜⬛⬜⬜⬛⬛⬜⬛
⬜⬜⬛⬜⬜⬜⬜⬜⬛⬛⬜⬛
⬜⬜⬜⬜⬜⬜⬜⬜⬛⬛⬜⬜
⬜⬜⬜⬜⬜⬜⬜⬜⬛⬜⬜⬜
⬜⬜⬜⬜⬜⬜⬜⬜⬛⬜⬜⬜
⬜⬜⬜⬜⬜⬜⬜⬜⬛⬜⬜⬜

Leaderboard
-----------
1. BlockBuster 5660 17:48:57/06.11.2023
2. GravityGuru 4368 17:48:57/06.11.2023
3. RowRanger 2289 17:48:56/06.11.2023
4. InfiniteLooper 2289 12:52:00/07.11.2023
5. TetraTitan 2216 17:48:56/06.11.2023
6. RecursiveRaider 2216 12:52:00/07.11.2023
7. CascadeKing 1807 17:48:57/06.11.2023
8. PuzzlePrince 1391 17:48:56/06.11.2023
9. ByteBouncer 1391 12:52:00/07.11.2023
10. LineLiberator 1323 17:48:58/06.11.2023


