Score: 0
High Score: 5660
⬜⬛⬛⬛⬛⬛⬛⬛⬛⬛⬛⬛
⬜⬛⬛⬛⬛⬛⬛⬛⬛⬛⬛⬛
⬜⬜⬛⬛⬛⬛⬛⬛⬛⬛⬛⬛
⬛⬛⬛⬛⬛⬛⬛⬛⬛⬛⬛⬛
⬛⬛⬛⬛⬛⬛⬛⬛⬛⬛⬛⬛
⬛⬛⬛⬛⬛⬛⬛⬛⬛⬛⬛⬛
⬛⬛⬛⬛⬛⬛⬛⬛⬛⬛⬛⬛
⬛⬛⬛⬛⬛⬛⬛⬛⬛⬛⬛⬛
⬛⬛⬛⬛⬛⬛⬛⬛⬛⬛⬛⬛
⬛⬛⬛⬛⬛⬛⬛⬛⬛⬛⬛⬛
⬛⬛⬛⬛⬛⬛⬛⬛⬛⬛⬛⬛
⬛⬛⬛⬛⬛⬛⬛⬛⬛⬛⬛⬛
⬛⬛⬛⬛⬛⬛⬛⬛⬛⬛⬛⬛
⬛⬛⬛⬛⬛⬛⬛⬛⬛⬛⬛⬛
⬛⬛⬛⬛⬛⬛⬛⬛⬛⬛⬛⬛


Score: 48
High Score: 5660
⬜⬜⬜⬜⬛⬛⬛⬛⬛⬛⬛⬛
⬛⬛⬛⬛⬛⬛⬛⬛⬛⬛⬛⬛
⬛⬛⬛⬛⬛⬛⬛⬛⬛⬛⬛⬛
⬛⬛⬛⬛⬛⬛⬛⬛⬛⬛⬛⬛
⬛⬛⬛⬛⬛⬛⬛⬛⬛⬛⬛⬛
⬛⬛⬛⬛⬛⬛⬛⬛⬛⬛⬛⬛
⬛⬛⬛⬛⬛⬛⬛⬛⬛⬛⬛⬛
⬛⬛⬛⬛⬛⬛⬛⬛⬛⬛⬛⬛
⬛⬛⬛⬛⬛⬛⬛⬛⬛⬛⬛⬛
⬛⬛⬛⬛⬛⬛⬛⬛⬛⬛⬛⬛
⬛⬛⬛⬛⬛⬛⬛⬛⬛⬛⬛⬛
⬛⬛⬛⬛⬛⬛⬛⬛⬛⬛⬛⬛
⬜⬛⬛⬛⬛⬛⬛⬛⬛⬛⬛⬛
⬜⬛⬛⬛⬛⬛⬛⬛⬛⬛⬛⬛
⬜⬜⬛⬛⬛⬛⬛⬛⬛⬛⬛⬛


Score: 48
High Score: 5660
⬛⬛⬛⬛⬛⬛⬛⬛⬛⬛⬛⬜
⬛⬛⬛⬛⬛⬛⬛⬛⬛⬛⬛⬜
⬛⬛⬛⬛⬛⬛⬛⬛⬛⬛⬛⬜
⬛⬛⬛⬛⬛⬛⬛⬛⬛⬛⬛⬜
⬛⬛⬛⬛⬛⬛⬛⬛⬛⬛⬛⬛
⬛⬛⬛⬛⬛⬛⬛⬛⬛⬛⬛⬛
⬛⬛⬛⬛⬛⬛⬛⬛⬛⬛⬛⬛
⬛⬛⬛⬛⬛⬛⬛⬛⬛⬛⬛⬛
⬛⬛⬛⬛⬛⬛⬛⬛⬛⬛⬛⬛
⬛⬛⬛⬛⬛⬛⬛⬛⬛⬛⬛⬛
⬛⬛⬛⬛⬛⬛⬛⬛⬛⬛⬛⬛
⬛⬛⬛⬛⬛⬛⬛⬛⬛⬛⬛⬛
⬜⬛⬛⬛⬛⬛⬛⬛⬛⬛⬛⬛
⬜⬛⬛⬛⬛⬛⬛⬛⬛⬛⬛⬛
⬜⬜⬛⬛⬛⬛⬛⬛⬛⬛⬛⬛


Score: 92
High Score: 5660
⬜⬜⬛⬛⬛⬛⬛⬛⬛⬛⬛⬛
⬛⬜⬜⬛⬛⬛⬛⬛⬛⬛⬛⬛
⬛⬛⬛⬛⬛⬛⬛⬛⬛⬛⬛⬛
⬛⬛⬛⬛⬛⬛⬛⬛⬛⬛⬛⬛
⬛⬛⬛⬛⬛⬛⬛⬛⬛⬛⬛⬛
⬛⬛⬛⬛⬛⬛⬛⬛⬛⬛⬛⬛
⬛⬛⬛⬛⬛⬛⬛⬛⬛⬛⬛⬛
⬛⬛⬛⬛⬛⬛⬛⬛⬛⬛⬛⬛
⬛⬛⬛⬛⬛⬛⬛⬛⬛⬛⬛⬛
⬛⬛⬛⬛⬛⬛⬛⬛⬛⬛⬛⬛
⬛⬛⬛⬛⬛⬛⬛⬛⬛⬛⬛⬛
⬛⬛⬛⬛⬛⬛⬛⬛⬛⬛⬛⬜
⬜⬛⬛⬛⬛⬛⬛⬛⬛⬛⬛⬜
⬜⬛⬛⬛⬛⬛⬛⬛⬛⬛⬛⬜
⬜⬜⬛⬛⬛⬛⬛⬛⬛⬛⬛⬜


Score: 92
High Score: 5660
⬛⬜⬜⬛⬛⬛⬛⬛⬛⬛⬛⬛
⬛⬛⬜⬜⬛⬛⬛⬛⬛⬛⬛⬛
⬛⬛⬛⬛⬛⬛⬛⬛⬛⬛⬛⬛
⬛⬛⬛⬛⬛⬛⬛⬛⬛⬛⬛⬛
⬛⬛⬛⬛⬛⬛⬛⬛⬛⬛⬛⬛
⬛⬛⬛⬛⬛⬛⬛⬛⬛⬛⬛⬛
⬛⬛⬛⬛⬛⬛⬛⬛⬛⬛⬛⬛
⬛⬛⬛⬛⬛⬛⬛⬛⬛⬛⬛⬛
⬛⬛⬛⬛⬛⬛⬛⬛⬛⬛⬛⬛
⬛⬛⬛⬛⬛⬛⬛⬛⬛⬛⬛⬛
⬛⬛⬛⬛⬛⬛⬛⬛⬛⬛⬛⬛
⬛⬛⬛⬛⬛⬛⬛⬛⬛⬛⬛⬜
⬜⬛⬛⬛⬛⬛⬛⬛⬛⬛⬛⬜
⬜⬛⬛⬛⬛⬛⬛⬛⬛⬛⬛⬜
⬜⬜⬛⬛⬛⬛⬛⬛⬛⬛⬛⬜


Score: 144
High Score: 5660
⬛⬜⬜⬛⬛⬛⬛⬛⬛⬛⬛⬛
⬜⬜⬛⬛⬛⬛⬛⬛⬛⬛⬛⬛
⬛⬛⬛⬛⬛⬛⬛⬛⬛⬛⬛⬛
⬛⬛⬛⬛⬛⬛⬛⬛⬛⬛⬛⬛
⬛⬛⬛⬛⬛⬛⬛⬛⬛⬛⬛⬛
⬛⬛⬛⬛⬛⬛⬛⬛⬛⬛⬛⬛
⬛⬛⬛⬛⬛⬛⬛⬛⬛⬛⬛⬛
⬛⬛⬛⬛⬛⬛⬛⬛⬛⬛⬛⬛
⬛⬛⬛⬛⬛⬛⬛⬛⬛⬛⬛⬛
⬛⬛⬛⬛⬛⬛⬛⬛⬛⬛⬛⬛
⬛⬛⬛⬛⬛⬛⬛⬛⬛⬛⬛⬛
⬛⬛⬛⬛⬛⬛⬛⬛⬛⬛⬛⬜
⬜⬛⬛⬛⬛⬛⬛⬛⬛⬛⬛⬜
⬜⬜⬜⬛⬛⬛⬛⬛⬛⬛⬛⬜
⬜⬜⬜⬜⬛⬛⬛⬛⬛⬛⬛⬜


Score: 144
High Score: 5660
⬛⬛⬛⬜⬛⬛⬛⬛⬛⬛⬛⬛
⬛⬛⬛⬜⬜⬛⬛⬛⬛⬛⬛⬛
⬛⬛⬛⬛⬜⬛⬛⬛⬛⬛⬛⬛
⬛⬛⬛⬛⬛⬛⬛⬛⬛⬛⬛⬛
⬛⬛⬛⬛⬛⬛⬛⬛⬛⬛⬛⬛
⬛⬛⬛⬛⬛⬛⬛⬛⬛⬛⬛⬛
⬛⬛⬛⬛⬛⬛⬛⬛⬛⬛⬛⬛
⬛⬛⬛⬛⬛⬛⬛⬛⬛⬛⬛⬛
⬛⬛⬛⬛⬛⬛⬛⬛⬛⬛⬛⬛
⬛⬛⬛⬛⬛⬛⬛⬛⬛⬛⬛⬛
⬛⬛⬛⬛⬛⬛⬛⬛⬛⬛⬛⬛
⬛⬛⬛⬛⬛⬛⬛⬛⬛⬛⬛⬜
⬜⬛⬛⬛⬛⬛⬛⬛⬛⬛⬛⬜
⬜⬜⬜⬛⬛⬛⬛⬛⬛⬛⬛⬜
⬜⬜⬜⬜⬛⬛⬛⬛⬛⬛⬛⬜


Score: 192
High Score: 5660
⬜⬛⬛⬛⬛⬛⬛⬛⬛⬛⬛⬛
⬜⬛⬛⬛⬛⬛⬛⬛⬛⬛⬛⬛
⬜⬜⬛⬛⬛⬛⬛⬛⬛⬛⬛⬛
⬛⬛⬛⬛⬛⬛⬛⬛⬛⬛⬛⬛
⬛⬛⬛⬛⬛⬛⬛⬛⬛⬛⬛⬛
⬛⬛⬛⬛⬛⬛⬛⬛⬛⬛⬛⬛
⬛⬛⬛⬛⬛⬛⬛⬛⬛⬛⬛⬛
⬛⬛⬛⬛⬛⬛⬛⬛⬛⬛⬛⬛
⬛⬛⬛⬛⬛⬛⬛⬛⬛⬛⬛⬛
⬛⬛⬛⬛⬛⬛⬛⬛⬛⬛⬛⬛
⬛⬛⬛⬛⬛⬛⬛⬛⬛⬛⬛⬛
⬛⬛⬛⬛⬛⬛⬛⬛⬛⬛⬛⬜
⬜⬛⬛⬜⬛⬛⬛⬛⬛⬛⬛⬜
⬜⬜⬜⬜⬜⬛⬛⬛⬛⬛⬛⬜
⬜⬜⬜⬜⬜⬛⬛⬛⬛⬛⬛⬜


Score: 192
High Score: 5660
⬛⬛⬛⬛⬛⬛⬛⬛⬛⬛⬜⬛
⬛⬛⬛⬛⬛⬛⬛⬛⬜⬜⬜⬛
⬛⬛⬛⬛⬛⬛⬛⬛⬛⬛⬛⬛
⬛⬛⬛⬛⬛⬛⬛⬛⬛⬛⬛⬛
⬛⬛⬛⬛⬛⬛⬛⬛⬛⬛⬛⬛
⬛⬛⬛⬛⬛⬛⬛⬛⬛⬛⬛⬛
⬛⬛⬛⬛⬛⬛⬛⬛⬛⬛⬛⬛
⬛⬛⬛⬛⬛⬛⬛⬛⬛⬛⬛⬛
⬛⬛⬛⬛⬛⬛⬛⬛⬛⬛⬛⬛
⬛⬛⬛⬛⬛⬛⬛⬛⬛⬛⬛⬛
⬛⬛⬛⬛⬛⬛⬛⬛⬛⬛⬛⬛
⬛⬛⬛⬛⬛⬛⬛⬛⬛⬛⬛⬜
⬜⬛⬛⬜⬛⬛⬛⬛⬛⬛⬛⬜
⬜⬜⬜⬜⬜⬛⬛⬛⬛⬛⬛⬜
⬜⬜⬜⬜⬜⬛⬛⬛⬛⬛⬛⬜


Score: 244
High Score: 5660
⬜⬜⬛⬛⬛⬛⬛⬛⬛⬛⬛⬛
⬜⬜⬛⬛⬛⬛⬛⬛⬛⬛⬛⬛
⬛⬛⬛⬛⬛⬛⬛⬛⬛⬛⬛⬛
⬛⬛⬛⬛⬛⬛⬛⬛⬛⬛⬛⬛
⬛⬛⬛⬛⬛⬛⬛⬛⬛⬛⬛⬛
⬛⬛⬛⬛⬛⬛⬛⬛⬛⬛⬛⬛
⬛⬛⬛⬛⬛⬛⬛⬛⬛⬛⬛⬛
⬛⬛⬛⬛⬛⬛⬛⬛⬛⬛⬛⬛
⬛⬛⬛⬛⬛⬛⬛⬛⬛⬛⬛⬛
⬛⬛⬛⬛⬛⬛⬛⬛⬛⬛⬛⬛
⬛⬛⬛⬛⬛⬛⬛⬛⬛⬛⬛⬛
⬛⬛⬛⬛⬛⬛⬛⬛⬛⬛⬛⬜
⬜⬛⬛⬜⬛⬛⬛⬛⬛⬛⬛⬜
⬜⬜⬜⬜⬜⬛⬛⬛⬛⬛⬜⬜
⬜⬜⬜⬜⬜⬛⬛⬛⬜⬜⬜⬜


Score: 244
High Score: 5660
⬛⬛⬛⬛⬛⬜⬜⬛⬛⬛⬛⬛
⬛⬛⬛⬛⬛⬜⬜⬛⬛⬛⬛⬛
⬛⬛⬛⬛⬛⬛⬛⬛⬛⬛⬛⬛
⬛⬛⬛⬛⬛⬛⬛⬛⬛⬛⬛⬛
⬛⬛⬛⬛⬛⬛⬛⬛⬛⬛⬛⬛
⬛⬛⬛⬛⬛⬛⬛⬛⬛⬛⬛⬛
⬛⬛⬛⬛⬛⬛⬛⬛⬛⬛⬛⬛
⬛⬛⬛⬛⬛⬛⬛⬛⬛⬛⬛⬛
⬛⬛⬛⬛⬛⬛⬛⬛⬛⬛⬛⬛
⬛⬛⬛⬛⬛⬛⬛⬛⬛⬛⬛⬛
⬛⬛⬛⬛⬛⬛⬛⬛⬛⬛⬛⬛
⬛⬛⬛⬛⬛⬛⬛⬛⬛⬛⬛⬜
⬜⬛⬛⬜⬛⬛⬛⬛⬛⬛⬛⬜
⬜⬜⬜⬜⬜⬛⬛⬛⬛⬛⬜⬜
⬜⬜⬜⬜⬜⬛⬛⬛⬜⬜⬜⬜


Score: 296
High Score: 5660
⬛⬜⬛⬛⬛⬛⬛⬛⬛⬛⬛⬛
⬜⬜⬜⬛⬛⬛⬛⬛⬛⬛⬛⬛
⬛⬛⬛⬛⬛⬛⬛⬛⬛⬛⬛⬛
⬛⬛⬛⬛⬛⬛⬛⬛⬛⬛⬛⬛
⬛⬛⬛⬛⬛⬛⬛⬛⬛⬛⬛⬛
⬛⬛⬛⬛⬛⬛⬛⬛⬛⬛⬛⬛
⬛⬛⬛⬛⬛⬛⬛⬛⬛⬛⬛⬛
⬛⬛⬛⬛⬛⬛⬛⬛⬛⬛⬛⬛
⬛⬛⬛⬛⬛⬛⬛⬛⬛⬛⬛⬛
⬛⬛⬛⬛⬛⬛⬛⬛⬛⬛⬛⬛
⬛⬛⬛⬛⬛⬛⬛⬛⬛⬛⬛⬛
⬛⬛⬛⬛⬛⬛⬛⬛⬛⬛⬛⬜
⬜⬛⬛⬜⬛⬛⬛⬛⬛⬛⬛⬜
⬜⬜⬜⬜⬜⬜⬜⬛⬛⬛⬜⬜
⬜⬜⬜⬜⬜⬜⬜⬛⬜⬜⬜⬜


Score: 296
High Score: 5660
⬛⬛⬛⬛⬛⬛⬛⬜⬛⬛⬛⬛
⬛⬛⬛⬛⬛⬛⬛⬜⬜⬛⬛⬛
⬛⬛⬛⬛⬛⬛⬛⬜⬛⬛⬛⬛
⬛⬛⬛⬛⬛⬛⬛⬛⬛⬛⬛⬛
⬛⬛⬛⬛⬛⬛⬛⬛⬛⬛⬛⬛
⬛⬛⬛⬛⬛⬛⬛⬛⬛⬛⬛⬛
⬛⬛⬛⬛⬛⬛⬛⬛⬛⬛⬛⬛
⬛⬛⬛⬛⬛⬛⬛⬛⬛⬛⬛⬛
⬛⬛⬛⬛⬛⬛⬛⬛⬛⬛⬛⬛
⬛⬛⬛⬛⬛⬛⬛⬛⬛⬛⬛⬛
⬛⬛⬛⬛⬛⬛⬛⬛⬛⬛⬛⬛
⬛⬛⬛⬛⬛⬛⬛⬛⬛⬛⬛⬜
⬜⬛⬛⬜⬛⬛⬛⬛⬛⬛⬛⬜
⬜⬜⬜⬜⬜⬜⬜⬛⬛⬛⬜⬜
⬜⬜⬜⬜⬜⬜⬜⬛⬜⬜⬜⬜


Before clearing:
⬛⬛⬛⬛⬛⬛⬛⬛⬛⬛⬛⬛
⬛⬛⬛⬛⬛⬛⬛⬛⬛⬛⬛⬛
⬛⬛⬛⬛⬛⬛⬛⬛⬛⬛⬛⬛
⬛⬛⬛⬛⬛⬛⬛⬛⬛⬛⬛⬛
⬛⬛⬛⬛⬛⬛⬛⬛⬛⬛⬛⬛
⬛⬛⬛⬛⬛⬛⬛⬛⬛⬛⬛⬛
⬛⬛⬛⬛⬛⬛⬛⬛⬛⬛⬛⬛
⬛⬛⬛⬛⬛⬛⬛⬛⬛⬛⬛⬛
⬛⬛⬛⬛⬛⬛⬛⬛⬛⬛⬛⬛
⬛⬛⬛⬛⬛⬛⬛⬛⬛⬛⬛⬛
⬛⬛⬛⬛⬛⬛⬛⬛⬛⬛⬛⬛
⬛⬛⬛⬛⬛⬛⬛⬛⬛⬛⬛⬜
⬜⬛⬛⬜⬛⬛⬛⬜⬛⬛⬛⬜
⬜⬜⬜⬜⬜⬜⬜⬜⬜⬛⬜⬜
⬜⬜⬜⬜⬜⬜⬜⬜⬜⬜⬜⬜


Score: 356
High Score: 5660
⬜⬜⬛⬛⬛⬛⬛⬛⬛⬛⬛⬛
⬜⬜⬛⬛⬛⬛⬛⬛⬛⬛⬛⬛
⬛⬛⬛⬛⬛⬛⬛⬛⬛⬛⬛⬛
⬛⬛⬛⬛⬛⬛⬛⬛⬛⬛⬛⬛
⬛⬛⬛⬛⬛⬛⬛⬛⬛⬛⬛⬛
⬛⬛⬛⬛⬛⬛⬛⬛⬛⬛⬛⬛
⬛⬛⬛⬛⬛⬛⬛⬛⬛⬛⬛⬛
⬛⬛⬛⬛⬛⬛⬛⬛⬛⬛⬛⬛
⬛⬛⬛⬛⬛⬛⬛⬛⬛⬛⬛⬛
⬛⬛⬛⬛⬛⬛⬛⬛⬛⬛⬛⬛
⬛⬛⬛⬛⬛⬛⬛⬛⬛⬛⬛⬛
⬛⬛⬛⬛⬛⬛⬛⬛⬛⬛⬛⬛
⬛⬛⬛⬛⬛⬛⬛⬛⬛⬛⬛⬜
⬜⬛⬛⬜⬛⬛⬛⬜⬛⬛⬛⬜
⬜⬜⬜⬜⬜⬜⬜⬜⬜⬛⬜⬜


Score: 356
High Score: 5660
⬛⬜⬜⬛⬛⬛⬛⬛⬛⬛⬛⬛
⬛⬜⬜⬛⬛⬛⬛⬛⬛⬛⬛⬛
⬛⬛⬛⬛⬛⬛⬛⬛⬛⬛⬛⬛
⬛⬛⬛⬛⬛⬛⬛⬛⬛⬛⬛⬛
⬛⬛⬛⬛⬛⬛⬛⬛⬛⬛⬛⬛
⬛⬛⬛⬛⬛⬛⬛⬛⬛⬛⬛⬛
⬛⬛⬛⬛⬛⬛⬛⬛⬛⬛⬛⬛
⬛⬛⬛⬛⬛⬛⬛⬛⬛⬛⬛⬛
⬛⬛⬛⬛⬛⬛⬛⬛⬛⬛⬛⬛
⬛⬛⬛⬛⬛⬛⬛⬛⬛⬛⬛⬛
⬛⬛⬛⬛⬛⬛⬛⬛⬛⬛⬛⬛
⬛⬛⬛⬛⬛⬛⬛⬛⬛⬛⬛⬛
⬛⬛⬛⬛⬛⬛⬛⬛⬛⬛⬛⬜
⬜⬛⬛⬜⬛⬛⬛⬜⬛⬛⬛⬜
⬜⬜⬜⬜⬜⬜⬜⬜⬜⬛⬜⬜


Score: 404
High Score: 5660
⬛⬜⬜⬛⬛⬛⬛⬛⬛⬛⬛⬛
⬜⬜⬛⬛⬛⬛⬛⬛⬛⬛⬛⬛
⬛⬛⬛⬛⬛⬛⬛⬛⬛⬛⬛⬛
⬛⬛⬛⬛⬛⬛⬛⬛⬛⬛⬛⬛
⬛⬛⬛⬛⬛⬛⬛⬛⬛⬛⬛⬛
⬛⬛⬛⬛⬛⬛⬛⬛⬛⬛⬛⬛
⬛⬛⬛⬛⬛⬛⬛⬛⬛⬛⬛⬛
⬛⬛⬛⬛⬛⬛⬛⬛⬛⬛⬛⬛
⬛⬛⬛⬛⬛⬛⬛⬛⬛⬛⬛⬛
⬛⬛⬛⬛⬛⬛⬛⬛⬛⬛⬛⬛
⬛⬛⬛⬛⬛⬛⬛⬛⬛⬛⬛⬛
⬛⬛⬛⬛⬛⬛⬛⬛⬛⬛⬛⬛
⬛⬜⬜⬛⬛⬛⬛⬛⬛⬛⬛⬜
⬜⬜⬜⬜⬛⬛⬛⬜⬛⬛⬛⬜
⬜⬜⬜⬜⬜⬜⬜⬜⬜⬛⬜⬜


Score: 404
High Score: 5660
⬛⬛⬛⬛⬛⬛⬜⬜⬛⬛⬛⬛
⬛⬛⬛⬛⬛⬜⬜⬛⬛⬛⬛⬛
⬛⬛⬛⬛⬛⬛⬛⬛⬛⬛⬛⬛
⬛⬛⬛⬛⬛⬛⬛⬛⬛⬛⬛⬛
⬛⬛⬛⬛⬛⬛⬛⬛⬛⬛⬛⬛
⬛⬛⬛⬛⬛⬛⬛⬛⬛⬛⬛⬛
⬛⬛⬛⬛⬛⬛⬛⬛⬛⬛⬛⬛
⬛⬛⬛⬛⬛⬛⬛⬛⬛⬛⬛⬛
⬛⬛⬛⬛⬛⬛⬛⬛⬛⬛⬛⬛
⬛⬛⬛⬛⬛⬛⬛⬛⬛⬛⬛⬛
⬛⬛⬛⬛⬛⬛⬛⬛⬛⬛⬛⬛
⬛⬛⬛⬛⬛⬛⬛⬛⬛⬛⬛⬛
⬛⬜⬜⬛⬛⬛⬛⬛⬛⬛⬛⬜
⬜⬜⬜⬜⬛⬛⬛⬜⬛⬛⬛⬜
⬜⬜⬜⬜⬜⬜⬜⬜⬜⬛⬜⬜


Score: 452
High Score: 5660
⬛⬜⬛⬛⬛⬛⬛⬛⬛⬛⬛⬛
⬜⬜⬜⬛⬛⬛⬛⬛⬛⬛⬛⬛
⬛⬛⬛⬛⬛⬛⬛⬛⬛⬛⬛⬛
⬛⬛⬛⬛⬛⬛⬛⬛⬛⬛⬛⬛
⬛⬛⬛⬛⬛⬛⬛⬛⬛⬛⬛⬛
⬛⬛⬛⬛⬛⬛⬛⬛⬛⬛⬛⬛
⬛⬛⬛⬛⬛⬛⬛⬛⬛⬛⬛⬛
⬛⬛⬛⬛⬛⬛⬛⬛⬛⬛⬛⬛
⬛⬛⬛⬛⬛⬛⬛⬛⬛⬛⬛⬛
⬛⬛⬛⬛⬛⬛⬛⬛⬛⬛⬛⬛
⬛⬛⬛⬛⬛⬛⬛⬛⬛⬛⬛⬛
⬛⬛⬛⬛⬛⬛⬛⬛⬛⬛⬛⬛
⬛⬜⬜⬛⬛⬛⬜⬜⬛⬛⬛⬜
⬜⬜⬜⬜⬛⬜⬜⬜⬛⬛⬛⬜
⬜⬜⬜⬜⬜⬜⬜⬜⬜⬛⬜⬜


Score: 452
High Score: 5660
⬛⬛⬛⬛⬛⬛⬛⬛⬜⬜⬜⬛
⬛⬛⬛⬛⬛⬛⬛⬛⬛⬜⬛⬛
⬛⬛⬛⬛⬛⬛⬛⬛⬛⬛⬛⬛
⬛⬛⬛⬛⬛⬛⬛⬛⬛⬛⬛⬛
⬛⬛⬛⬛⬛⬛⬛⬛⬛⬛⬛⬛
⬛⬛⬛⬛⬛⬛⬛⬛⬛⬛⬛⬛
⬛⬛⬛⬛⬛⬛⬛⬛⬛⬛⬛⬛
⬛⬛⬛⬛⬛⬛⬛⬛⬛⬛⬛⬛
⬛⬛⬛⬛⬛⬛⬛⬛⬛⬛⬛⬛
⬛⬛⬛⬛⬛⬛⬛⬛⬛⬛⬛⬛
⬛⬛⬛⬛⬛⬛⬛⬛⬛⬛⬛⬛
⬛⬛⬛⬛⬛⬛⬛⬛⬛⬛⬛⬛
⬛⬜⬜⬛⬛⬛⬜⬜⬛⬛⬛⬜
⬜⬜⬜⬜⬛⬜⬜⬜⬛⬛⬛⬜
⬜⬜⬜⬜⬜⬜⬜⬜⬜⬛⬜⬜


Before clearing:
⬛⬛⬛⬛⬛⬛⬛⬛⬛⬛⬛⬛
⬛⬛⬛⬛⬛⬛⬛⬛⬛⬛⬛⬛
⬛⬛⬛⬛⬛⬛⬛⬛⬛⬛⬛⬛
⬛⬛⬛⬛⬛⬛⬛⬛⬛⬛⬛⬛
⬛⬛⬛⬛⬛⬛⬛⬛⬛⬛⬛⬛
⬛⬛⬛⬛⬛⬛⬛⬛⬛⬛⬛⬛
⬛⬛⬛⬛⬛⬛⬛⬛⬛⬛⬛⬛
⬛⬛⬛⬛⬛⬛⬛⬛⬛⬛⬛⬛
⬛⬛⬛⬛⬛⬛⬛⬛⬛⬛⬛⬛
⬛⬛⬛⬛⬛⬛⬛⬛⬛⬛⬛⬛
⬛⬛⬛⬛⬛⬛⬛⬛⬛⬛⬛⬛
⬛⬛⬛⬛⬛⬛⬛⬛⬛⬛⬛⬛
⬛⬜⬜⬛⬛⬛⬜⬜⬛⬛⬛⬜
⬜⬜⬜⬜⬛⬜⬜⬜⬜⬜⬜⬜
⬜⬜⬜⬜⬜⬜⬜⬜⬜⬜⬜⬜


Score: 516
High Score: 5660
⬜⬜⬜⬜⬛⬛⬛⬛⬛⬛⬛⬛
⬛⬛⬛⬛⬛⬛⬛⬛⬛⬛⬛⬛
⬛⬛⬛⬛⬛⬛⬛⬛⬛⬛⬛⬛
⬛⬛⬛⬛⬛⬛⬛⬛⬛⬛⬛⬛
⬛⬛⬛⬛⬛⬛⬛⬛⬛⬛⬛⬛
⬛⬛⬛⬛⬛⬛⬛⬛⬛⬛⬛⬛
⬛⬛⬛⬛⬛⬛⬛⬛⬛⬛⬛⬛
⬛⬛⬛⬛⬛⬛⬛⬛⬛⬛⬛⬛
⬛⬛⬛⬛⬛⬛⬛⬛⬛⬛⬛⬛
⬛⬛⬛⬛⬛⬛⬛⬛⬛⬛⬛⬛
⬛⬛⬛⬛⬛⬛⬛⬛⬛⬛⬛⬛
⬛⬛⬛⬛⬛⬛⬛⬛⬛⬛⬛⬛
⬛⬛⬛⬛⬛⬛⬛⬛⬛⬛⬛⬛
⬛⬜⬜⬛⬛⬛⬜⬜⬛⬛⬛⬜
⬜⬜⬜⬜⬛⬜⬜⬜⬜⬜⬜⬜


Score: 516
High Score: 5660
⬜⬛⬛⬛⬛⬛⬛⬛⬛⬛⬛⬛
⬜⬛⬛⬛⬛⬛⬛⬛⬛⬛⬛⬛
⬜⬛⬛⬛⬛⬛⬛⬛⬛⬛⬛⬛
⬜⬛⬛⬛⬛⬛⬛⬛⬛⬛⬛⬛
⬛⬛⬛⬛⬛⬛⬛⬛⬛⬛⬛⬛
⬛⬛⬛⬛⬛⬛⬛⬛⬛⬛⬛⬛
⬛⬛⬛⬛⬛⬛⬛⬛⬛⬛⬛⬛
⬛⬛⬛⬛⬛⬛⬛⬛⬛⬛⬛⬛
⬛⬛⬛⬛⬛⬛⬛⬛⬛⬛⬛⬛
⬛⬛⬛⬛⬛⬛⬛⬛⬛⬛⬛⬛
⬛⬛⬛⬛⬛⬛⬛⬛⬛⬛⬛⬛
⬛⬛⬛⬛⬛⬛⬛⬛⬛⬛⬛⬛
⬛⬛⬛⬛⬛⬛⬛⬛⬛⬛⬛⬛
⬛⬜⬜⬛⬛⬛⬜⬜⬛⬛⬛⬜
⬜⬜⬜⬜⬛⬜⬜⬜⬜⬜⬜⬜


Score: 556
High Score: 5660
⬜⬛⬛⬛⬛⬛⬛⬛⬛⬛⬛⬛
⬜⬛⬛⬛⬛⬛⬛⬛⬛⬛⬛⬛
⬜⬜⬛⬛⬛⬛⬛⬛⬛⬛⬛⬛
⬛⬛⬛⬛⬛⬛⬛⬛⬛⬛⬛⬛
⬛⬛⬛⬛⬛⬛⬛⬛⬛⬛⬛⬛
⬛⬛⬛⬛⬛⬛⬛⬛⬛⬛⬛⬛
⬛⬛⬛⬛⬛⬛⬛⬛⬛⬛⬛⬛
⬛⬛⬛⬛⬛⬛⬛⬛⬛⬛⬛⬛
⬛⬛⬛⬛⬛⬛⬛⬛⬛⬛⬛⬛
⬛⬛⬛⬛⬛⬛⬛⬛⬛⬛⬛⬛
⬜⬛⬛⬛⬛⬛⬛⬛⬛⬛⬛⬛
⬜⬛⬛⬛⬛⬛⬛⬛⬛⬛⬛⬛
⬜⬛⬛⬛⬛⬛⬛⬛⬛⬛⬛⬛
⬜⬜⬜⬛⬛⬛⬜⬜⬛⬛⬛⬜
⬜⬜⬜⬜⬛⬜⬜⬜⬜⬜⬜⬜


Score: 556
High Score: 5660
⬛⬛⬛⬛⬛⬛⬛⬛⬛⬛⬜⬛
⬛⬛⬛⬛⬛⬛⬛⬛⬜⬜⬜⬛
⬛⬛⬛⬛⬛⬛⬛⬛⬛⬛⬛⬛
⬛⬛⬛⬛⬛⬛⬛⬛⬛⬛⬛⬛
⬛⬛⬛⬛⬛⬛⬛⬛⬛⬛⬛⬛
⬛⬛⬛⬛⬛⬛⬛⬛⬛⬛⬛⬛
⬛⬛⬛⬛⬛⬛⬛⬛⬛⬛⬛⬛
⬛⬛⬛⬛⬛⬛⬛⬛⬛⬛⬛⬛
⬛⬛⬛⬛⬛⬛⬛⬛⬛⬛⬛⬛
⬛⬛⬛⬛⬛⬛⬛⬛⬛⬛⬛⬛
⬜⬛⬛⬛⬛⬛⬛⬛⬛⬛⬛⬛
⬜⬛⬛⬛⬛⬛⬛⬛⬛⬛⬛⬛
⬜⬛⬛⬛⬛⬛⬛⬛⬛⬛⬛⬛
⬜⬜⬜⬛⬛⬛⬜⬜⬛⬛⬛⬜
⬜⬜⬜⬜⬛⬜⬜⬜⬜⬜⬜⬜


Score: 604
High Score: 5660
⬜⬛⬛⬛⬛⬛⬛⬛⬛⬛⬛⬛
⬜⬛⬛⬛⬛⬛⬛⬛⬛⬛⬛⬛
⬜⬜⬛⬛⬛⬛⬛⬛⬛⬛⬛⬛
⬛⬛⬛⬛⬛⬛⬛⬛⬛⬛⬛⬛
⬛⬛⬛⬛⬛⬛⬛⬛⬛⬛⬛⬛
⬛⬛⬛⬛⬛⬛⬛⬛⬛⬛⬛⬛
⬛⬛⬛⬛⬛⬛⬛⬛⬛⬛⬛⬛
⬛⬛⬛⬛⬛⬛⬛⬛⬛⬛⬛⬛
⬛⬛⬛⬛⬛⬛⬛⬛⬛⬛⬛⬛
⬛⬛⬛⬛⬛⬛⬛⬛⬛⬛⬛⬛
⬜⬛⬛⬛⬛⬛⬛⬛⬛⬛⬛⬛
⬜⬛⬛⬛⬛⬛⬛⬛⬛⬛⬛⬛
⬜⬛⬛⬛⬛⬛⬛⬛⬛⬛⬜⬛
⬜⬜⬜⬛⬛⬛⬜⬜⬜⬜⬜⬜
⬜⬜⬜⬜⬛⬜⬜⬜⬜⬜⬜⬜


Score: 604
High Score: 5660
⬛⬛⬛⬛⬛⬜⬜⬜⬛⬛⬛⬛
⬛⬛⬛⬛⬛⬜⬛⬛⬛⬛⬛⬛
⬛⬛⬛⬛⬛⬛⬛⬛⬛⬛⬛⬛
⬛⬛⬛⬛⬛⬛⬛⬛⬛⬛⬛⬛
⬛⬛⬛⬛⬛⬛⬛⬛⬛⬛⬛⬛
⬛⬛⬛⬛⬛⬛⬛⬛⬛⬛⬛⬛
⬛⬛⬛⬛⬛⬛⬛⬛⬛⬛⬛⬛
⬛⬛⬛⬛⬛⬛⬛⬛⬛⬛⬛⬛
⬛⬛⬛⬛⬛⬛⬛⬛⬛⬛⬛⬛
⬛⬛⬛⬛⬛⬛⬛⬛⬛⬛⬛⬛
⬜⬛⬛⬛⬛⬛⬛⬛⬛⬛⬛⬛
⬜⬛⬛⬛⬛⬛⬛⬛⬛⬛⬛⬛
⬜⬛⬛⬛⬛⬛⬛⬛⬛⬛⬜⬛
⬜⬜⬜⬛⬛⬛⬜⬜⬜⬜⬜⬜
⬜⬜⬜⬜⬛⬜⬜⬜⬜⬜⬜⬜


Score: 652
High Score: 5660
⬜⬜⬛⬛⬛⬛⬛⬛⬛⬛⬛⬛
⬛⬜⬜⬛⬛⬛⬛⬛⬛⬛⬛⬛
⬛⬛⬛⬛⬛⬛⬛⬛⬛⬛⬛⬛
⬛⬛⬛⬛⬛⬛⬛⬛⬛⬛⬛⬛
⬛⬛⬛⬛⬛⬛⬛⬛⬛⬛⬛⬛
⬛⬛⬛⬛⬛⬛⬛⬛⬛⬛⬛⬛
⬛⬛⬛⬛⬛⬛⬛⬛⬛⬛⬛⬛
⬛⬛⬛⬛⬛⬛⬛⬛⬛⬛⬛⬛
⬛⬛⬛⬛⬛⬛⬛⬛⬛⬛⬛⬛
⬛⬛⬛⬛⬛⬛⬛⬛⬛⬛⬛⬛
⬜⬛⬛⬛⬛⬛⬛⬛⬛⬛⬛⬛
⬜⬛⬛⬛⬛⬛⬛⬛⬛⬛⬛⬛
⬜⬛⬛⬛⬛⬜⬜⬜⬛⬛⬜⬛
⬜⬜⬜⬛⬛⬜⬜⬜⬜⬜⬜⬜
⬜⬜⬜⬜⬛⬜⬜⬜⬜⬜⬜⬜


Score: 652
High Score: 5660
⬛⬛⬛⬛⬛⬛⬛⬜⬜⬛⬛⬛
⬛⬛⬛⬛⬛⬛⬛⬛⬜⬜⬛⬛
⬛⬛⬛⬛⬛⬛⬛⬛⬛⬛⬛⬛
⬛⬛⬛⬛⬛⬛⬛⬛⬛⬛⬛⬛
⬛⬛⬛⬛⬛⬛⬛⬛⬛⬛⬛⬛
⬛⬛⬛⬛⬛⬛⬛⬛⬛⬛⬛⬛
⬛⬛⬛⬛⬛⬛⬛⬛⬛⬛⬛⬛
⬛⬛⬛⬛⬛⬛⬛⬛⬛⬛⬛⬛
⬛⬛⬛⬛⬛⬛⬛⬛⬛⬛⬛⬛
⬛⬛⬛⬛⬛⬛⬛⬛⬛⬛⬛⬛
⬜⬛⬛⬛⬛⬛⬛⬛⬛⬛⬛⬛
⬜⬛⬛⬛⬛⬛⬛⬛⬛⬛⬛⬛
⬜⬛⬛⬛⬛⬜⬜⬜⬛⬛⬜⬛
⬜⬜⬜⬛⬛⬜⬜⬜⬜⬜⬜⬜
⬜⬜⬜⬜⬛⬜⬜⬜⬜⬜⬜⬜


Score: 696
High Score: 5660
⬜⬜⬛⬛⬛⬛⬛⬛⬛⬛⬛⬛
⬜⬜⬛⬛⬛⬛⬛⬛⬛⬛⬛⬛
⬛⬛⬛⬛⬛⬛⬛⬛⬛⬛⬛⬛
⬛⬛⬛⬛⬛⬛⬛⬛⬛⬛⬛⬛
⬛⬛⬛⬛⬛⬛⬛⬛⬛⬛⬛⬛
⬛⬛⬛⬛⬛⬛⬛⬛⬛⬛⬛⬛
⬛⬛⬛⬛⬛⬛⬛⬛⬛⬛⬛⬛
⬛⬛⬛⬛⬛⬛⬛⬛⬛⬛⬛⬛
⬛⬛⬛⬛⬛⬛⬛⬛⬛⬛⬛⬛
⬛⬛⬛⬛⬛⬛⬛⬛⬛⬛⬛⬛
⬜⬛⬛⬛⬛⬛⬛⬛⬛⬛⬛⬛
⬜⬛⬛⬛⬛⬛⬛⬜⬜⬛⬛⬛
⬜⬛⬛⬛⬛⬜⬜⬜⬜⬜⬜⬛
⬜⬜⬜⬛⬛⬜⬜⬜⬜⬜⬜⬜
⬜⬜⬜⬜⬛⬜⬜⬜⬜⬜⬜⬜


Score: 696
High Score: 5660
⬛⬜⬜⬛⬛⬛⬛⬛⬛⬛⬛⬛
⬛⬜⬜⬛⬛⬛⬛⬛⬛⬛⬛⬛
⬛⬛⬛⬛⬛⬛⬛⬛⬛⬛⬛⬛
⬛⬛⬛⬛⬛⬛⬛⬛⬛⬛⬛⬛
⬛⬛⬛⬛⬛⬛⬛⬛⬛⬛⬛⬛
⬛⬛⬛⬛⬛⬛⬛⬛⬛⬛⬛⬛
⬛⬛⬛⬛⬛⬛⬛⬛⬛⬛⬛⬛
⬛⬛⬛⬛⬛⬛⬛⬛⬛⬛⬛⬛
⬛⬛⬛⬛⬛⬛⬛⬛⬛⬛⬛⬛
⬛⬛⬛⬛⬛⬛⬛⬛⬛⬛⬛⬛
⬜⬛⬛⬛⬛⬛⬛⬛⬛⬛⬛⬛
⬜⬛⬛⬛⬛⬛⬛⬜⬜⬛⬛⬛
⬜⬛⬛⬛⬛⬜⬜⬜⬜⬜⬜⬛
⬜⬜⬜⬛⬛⬜⬜⬜⬜⬜⬜⬜
⬜⬜⬜⬜⬛⬜⬜⬜⬜⬜⬜⬜


Score: 740
High Score: 5660
⬜⬛⬛⬛⬛⬛⬛⬛⬛⬛⬛⬛
⬜⬛⬛⬛⬛⬛⬛⬛⬛⬛⬛⬛
⬜⬜⬛⬛⬛⬛⬛⬛⬛⬛⬛⬛
⬛⬛⬛⬛⬛⬛⬛⬛⬛⬛⬛⬛
⬛⬛⬛⬛⬛⬛⬛⬛⬛⬛⬛⬛
⬛⬛⬛⬛⬛⬛⬛⬛⬛⬛⬛⬛
⬛⬛⬛⬛⬛⬛⬛⬛⬛⬛⬛⬛
⬛⬛⬛⬛⬛⬛⬛⬛⬛⬛⬛⬛
⬛⬛⬛⬛⬛⬛⬛⬛⬛⬛⬛⬛
⬛⬛⬛⬛⬛⬛⬛⬛⬛⬛⬛⬛
⬜⬛⬛⬛⬛⬛⬛⬛⬛⬛⬛⬛
⬜⬜⬜⬛⬛⬛⬛⬜⬜⬛⬛⬛
⬜⬜⬜⬛⬛⬜⬜⬜⬜⬜⬜⬛
⬜⬜⬜⬛⬛⬜⬜⬜⬜⬜⬜⬜
⬜⬜⬜⬜⬛⬜⬜⬜⬜⬜⬜⬜


Score: 740
High Score: 5660
⬛⬛⬛⬛⬛⬛⬜⬜⬜⬛⬛⬛
⬛⬛⬛⬛⬛⬛⬜⬛⬛⬛⬛⬛
⬛⬛⬛⬛⬛⬛⬛⬛⬛⬛⬛⬛
⬛⬛⬛⬛⬛⬛⬛⬛⬛⬛⬛⬛
⬛⬛⬛⬛⬛⬛⬛⬛⬛⬛⬛⬛
⬛⬛⬛⬛⬛⬛⬛⬛⬛⬛⬛⬛
⬛⬛⬛⬛⬛⬛⬛⬛⬛⬛⬛⬛
⬛⬛⬛⬛⬛⬛⬛⬛⬛⬛⬛⬛
⬛⬛⬛⬛⬛⬛⬛⬛⬛⬛⬛⬛
⬛⬛⬛⬛⬛⬛⬛⬛⬛⬛⬛⬛
⬜⬛⬛⬛⬛⬛⬛⬛⬛⬛⬛⬛
⬜⬜⬜⬛⬛⬛⬛⬜⬜⬛⬛⬛
⬜⬜⬜⬛⬛⬜⬜⬜⬜⬜⬜⬛
⬜⬜⬜⬛⬛⬜⬜⬜⬜⬜⬜⬜
⬜⬜⬜⬜⬛⬜⬜⬜⬜⬜⬜⬜


Score: 780
High Score: 5660
⬜⬜⬛⬛⬛⬛⬛⬛⬛⬛⬛⬛
⬛⬜⬜⬛⬛⬛⬛⬛⬛⬛⬛⬛
⬛⬛⬛⬛⬛⬛⬛⬛⬛⬛⬛⬛
⬛⬛⬛⬛⬛⬛⬛⬛⬛⬛⬛⬛
⬛⬛⬛⬛⬛⬛⬛⬛⬛⬛⬛⬛
⬛⬛⬛⬛⬛⬛⬛⬛⬛⬛⬛⬛
⬛⬛⬛⬛⬛⬛⬛⬛⬛⬛⬛⬛
⬛⬛⬛⬛⬛⬛⬛⬛⬛⬛⬛⬛
⬛⬛⬛⬛⬛⬛⬛⬛⬛⬛⬛⬛
⬛⬛⬛⬛⬛⬛⬛⬛⬛⬛⬛⬛
⬜⬛⬛⬛⬛⬛⬜⬜⬜⬛⬛⬛
⬜⬜⬜⬛⬛⬛⬜⬜⬜⬛⬛⬛
⬜⬜⬜⬛⬛⬜⬜⬜⬜⬜⬜⬛
⬜⬜⬜⬛⬛⬜⬜⬜⬜⬜⬜⬜
⬜⬜⬜⬜⬛⬜⬜⬜⬜⬜⬜⬜


Score: 780
High Score: 5660
⬜⬜⬛⬛⬛⬛⬛⬛⬛⬛⬛⬛
⬛⬜⬜⬛⬛⬛⬛⬛⬛⬛⬛⬛
⬛⬛⬛⬛⬛⬛⬛⬛⬛⬛⬛⬛
⬛⬛⬛⬛⬛⬛⬛⬛⬛⬛⬛⬛
⬛⬛⬛⬛⬛⬛⬛⬛⬛⬛⬛⬛
⬛⬛⬛⬛⬛⬛⬛⬛⬛⬛⬛⬛
⬛⬛⬛⬛⬛⬛⬛⬛⬛⬛⬛⬛
⬛⬛⬛⬛⬛⬛⬛⬛⬛⬛⬛⬛
⬛⬛⬛⬛⬛⬛⬛⬛⬛⬛⬛⬛
⬛⬛⬛⬛⬛⬛⬛⬛⬛⬛⬛⬛
⬜⬛⬛⬛⬛⬛⬜⬜⬜⬛⬛⬛
⬜⬜⬜⬛⬛⬛⬜⬜⬜⬛⬛⬛
⬜⬜⬜⬛⬛⬜⬜⬜⬜⬜⬜⬛
⬜⬜⬜⬛⬛⬜⬜⬜⬜⬜⬜⬜
⬜⬜⬜⬜⬛⬜⬜⬜⬜⬜⬜⬜


Score: 816
High Score: 5660
⬛⬜⬜⬛⬛⬛⬛⬛⬛⬛⬛⬛
⬜⬜⬛⬛⬛⬛⬛⬛⬛⬛⬛⬛
⬛⬛⬛⬛⬛⬛⬛⬛⬛⬛⬛⬛
⬛⬛⬛⬛⬛⬛⬛⬛⬛⬛⬛⬛
⬛⬛⬛⬛⬛⬛⬛⬛⬛⬛⬛⬛
⬛⬛⬛⬛⬛⬛⬛⬛⬛⬛⬛⬛
⬛⬛⬛⬛⬛⬛⬛⬛⬛⬛⬛⬛
⬛⬛⬛⬛⬛⬛⬛⬛⬛⬛⬛⬛
⬛⬛⬛⬛⬛⬛⬛⬛⬛⬛⬛⬛
⬜⬜⬛⬛⬛⬛⬛⬛⬛⬛⬛⬛
⬜⬜⬜⬛⬛⬛⬜⬜⬜⬛⬛⬛
⬜⬜⬜⬛⬛⬛⬜⬜⬜⬛⬛⬛
⬜⬜⬜⬛⬛⬜⬜⬜⬜⬜⬜⬛
⬜⬜⬜⬛⬛⬜⬜⬜⬜⬜⬜⬜
⬜⬜⬜⬜⬛⬜⬜⬜⬜⬜⬜⬜


Score: 816
High Score: 5660
⬛⬛⬛⬜⬛⬛⬛⬛⬛⬛⬛⬛
⬛⬛⬛⬜⬜⬛⬛⬛⬛⬛⬛⬛
⬛⬛⬛⬛⬜⬛⬛⬛⬛⬛⬛⬛
⬛⬛⬛⬛⬛⬛⬛⬛⬛⬛⬛⬛
⬛⬛⬛⬛⬛⬛⬛⬛⬛⬛⬛⬛
⬛⬛⬛⬛⬛⬛⬛⬛⬛⬛⬛⬛
⬛⬛⬛⬛⬛⬛⬛⬛⬛⬛⬛⬛
⬛⬛⬛⬛⬛⬛⬛⬛⬛⬛⬛⬛
⬛⬛⬛⬛⬛⬛⬛⬛⬛⬛⬛⬛
⬜⬜⬛⬛⬛⬛⬛⬛⬛⬛⬛⬛
⬜⬜⬜⬛⬛⬛⬜⬜⬜⬛⬛⬛
⬜⬜⬜⬛⬛⬛⬜⬜⬜⬛⬛⬛
⬜⬜⬜⬛⬛⬜⬜⬜⬜⬜⬜⬛
⬜⬜⬜⬛⬛⬜⬜⬜⬜⬜⬜⬜
⬜⬜⬜⬜⬛⬜⬜⬜⬜⬜⬜⬜


Before clearing:
⬛⬛⬛⬛⬛⬛⬛⬛⬛⬛⬛⬛
⬛⬛⬛⬛⬛⬛⬛⬛⬛⬛⬛⬛
⬛⬛⬛⬛⬛⬛⬛⬛⬛⬛⬛⬛
⬛⬛⬛⬛⬛⬛⬛⬛⬛⬛⬛⬛
⬛⬛⬛⬛⬛⬛⬛⬛⬛⬛⬛⬛
⬛⬛⬛⬛⬛⬛⬛⬛⬛⬛⬛⬛
⬛⬛⬛⬛⬛⬛⬛⬛⬛⬛⬛⬛
⬛⬛⬛⬛⬛⬛⬛⬛⬛⬛⬛⬛
⬛⬛⬛⬛⬛⬛⬛⬛⬛⬛⬛⬛
⬜⬜⬛⬛⬛⬛⬛⬛⬛⬛⬛⬛
⬜⬜⬜⬛⬛⬛⬜⬜⬜⬛⬛⬛
⬜⬜⬜⬛⬛⬛⬜⬜⬜⬛⬛⬛
⬜⬜⬜⬜⬛⬜⬜⬜⬜⬜⬜⬛
⬜⬜⬜⬜⬜⬜⬜⬜⬜⬜⬜⬜
⬜⬜⬜⬜⬜⬜⬜⬜⬜⬜⬜⬜


Score: 888
High Score: 5660
⬜⬛⬛⬛⬛⬛⬛⬛⬛⬛⬛⬛
⬜⬛⬛⬛⬛⬛⬛⬛⬛⬛⬛⬛
⬜⬜⬛⬛⬛⬛⬛⬛⬛⬛⬛⬛
⬛⬛⬛⬛⬛⬛⬛⬛⬛⬛⬛⬛
⬛⬛⬛⬛⬛⬛⬛⬛⬛⬛⬛⬛
⬛⬛⬛⬛⬛⬛⬛⬛⬛⬛⬛⬛
⬛⬛⬛⬛⬛⬛⬛⬛⬛⬛⬛⬛
⬛⬛⬛⬛⬛⬛⬛⬛⬛⬛⬛⬛
⬛⬛⬛⬛⬛⬛⬛⬛⬛⬛⬛⬛
⬛⬛⬛⬛⬛⬛⬛⬛⬛⬛⬛⬛
⬛⬛⬛⬛⬛⬛⬛⬛⬛⬛⬛⬛
⬜⬜⬛⬛⬛⬛⬛⬛⬛⬛⬛⬛
⬜⬜⬜⬛⬛⬛⬜⬜⬜⬛⬛⬛
⬜⬜⬜⬛⬛⬛⬜⬜⬜⬛⬛⬛
⬜⬜⬜⬜⬛⬜⬜⬜⬜⬜⬜⬛


Score: 888
High Score: 5660
⬛⬛⬛⬛⬛⬛⬛⬛⬜⬜⬛⬛
⬛⬛⬛⬛⬛⬛⬛⬛⬛⬜⬛⬛
⬛⬛⬛⬛⬛⬛⬛⬛⬛⬜⬛⬛
⬛⬛⬛⬛⬛⬛⬛⬛⬛⬛⬛⬛
⬛⬛⬛⬛⬛⬛⬛⬛⬛⬛⬛⬛
⬛⬛⬛⬛⬛⬛⬛⬛⬛⬛⬛⬛
⬛⬛⬛⬛⬛⬛⬛⬛⬛⬛⬛⬛
⬛⬛⬛⬛⬛⬛⬛⬛⬛⬛⬛⬛
⬛⬛⬛⬛⬛⬛⬛⬛⬛⬛⬛⬛
⬛⬛⬛⬛⬛⬛⬛⬛⬛⬛⬛⬛
⬛⬛⬛⬛⬛⬛⬛⬛⬛⬛⬛⬛
⬜⬜⬛⬛⬛⬛⬛⬛⬛⬛⬛⬛
⬜⬜⬜⬛⬛⬛⬜⬜⬜⬛⬛⬛
⬜⬜⬜⬛⬛⬛⬜⬜⬜⬛⬛⬛
⬜⬜⬜⬜⬛⬜⬜⬜⬜⬜⬜⬛


Score: 932
High Score: 5660
⬜⬜⬜⬜⬛⬛⬛⬛⬛⬛⬛⬛
⬛⬛⬛⬛⬛⬛⬛⬛⬛⬛⬛⬛
⬛⬛⬛⬛⬛⬛⬛⬛⬛⬛⬛⬛
⬛⬛⬛⬛⬛⬛⬛⬛⬛⬛⬛⬛
⬛⬛⬛⬛⬛⬛⬛⬛⬛⬛⬛⬛
⬛⬛⬛⬛⬛⬛⬛⬛⬛⬛⬛⬛
⬛⬛⬛⬛⬛⬛⬛⬛⬛⬛⬛⬛
⬛⬛⬛⬛⬛⬛⬛⬛⬛⬛⬛⬛
⬛⬛⬛⬛⬛⬛⬛⬛⬛⬛⬛⬛
⬛⬛⬛⬛⬛⬛⬛⬛⬛⬛⬛⬛
⬛⬛⬛⬛⬛⬛⬛⬛⬛⬛⬛⬛
⬜⬜⬛⬛⬛⬛⬛⬛⬜⬜⬛⬛
⬜⬜⬜⬛⬛⬛⬜⬜⬜⬜⬛⬛
⬜⬜⬜⬛⬛⬛⬜⬜⬜⬜⬛⬛
⬜⬜⬜⬜⬛⬜⬜⬜⬜⬜⬜⬛


Score: 932
High Score: 5660
⬛⬛⬛⬛⬛⬛⬛⬛⬛⬛⬛⬜
⬛⬛⬛⬛⬛⬛⬛⬛⬛⬛⬛⬜
⬛⬛⬛⬛⬛⬛⬛⬛⬛⬛⬛⬜
⬛⬛⬛⬛⬛⬛⬛⬛⬛⬛⬛⬜
⬛⬛⬛⬛⬛⬛⬛⬛⬛⬛⬛⬛
⬛⬛⬛⬛⬛⬛⬛⬛⬛⬛⬛⬛
⬛⬛⬛⬛⬛⬛⬛⬛⬛⬛⬛⬛
⬛⬛⬛⬛⬛⬛⬛⬛⬛⬛⬛⬛
⬛⬛⬛⬛⬛⬛⬛⬛⬛⬛⬛⬛
⬛⬛⬛⬛⬛⬛⬛⬛⬛⬛⬛⬛
⬛⬛⬛⬛⬛⬛⬛⬛⬛⬛⬛⬛
⬜⬜⬛⬛⬛⬛⬛⬛⬜⬜⬛⬛
⬜⬜⬜⬛⬛⬛⬜⬜⬜⬜⬛⬛
⬜⬜⬜⬛⬛⬛⬜⬜⬜⬜⬛⬛
⬜⬜⬜⬜⬛⬜⬜⬜⬜⬜⬜⬛


Score: 976
High Score: 5660
⬛⬜⬛⬛⬛⬛⬛⬛⬛⬛⬛⬛
⬜⬜⬜⬛⬛⬛⬛⬛⬛⬛⬛⬛
⬛⬛⬛⬛⬛⬛⬛⬛⬛⬛⬛⬛
⬛⬛⬛⬛⬛⬛⬛⬛⬛⬛⬛⬛
⬛⬛⬛⬛⬛⬛⬛⬛⬛⬛⬛⬛
⬛⬛⬛⬛⬛⬛⬛⬛⬛⬛⬛⬛
⬛⬛⬛⬛⬛⬛⬛⬛⬛⬛⬛⬛
⬛⬛⬛⬛⬛⬛⬛⬛⬛⬛⬛⬛
⬛⬛⬛⬛⬛⬛⬛⬛⬛⬛⬛⬛
⬛⬛⬛⬛⬛⬛⬛⬛⬛⬛⬛⬛
⬛⬛⬛⬛⬛⬛⬛⬛⬛⬛⬛⬛
⬜⬜⬛⬛⬛⬛⬛⬛⬜⬜⬛⬜
⬜⬜⬜⬛⬛⬛⬜⬜⬜⬜⬛⬜
⬜⬜⬜⬛⬛⬛⬜⬜⬜⬜⬛⬜
⬜⬜⬜⬜⬛⬜⬜⬜⬜⬜⬜⬜


Score: 976
High Score: 5660
⬛⬛⬛⬜⬜⬜⬛⬛⬛⬛⬛⬛
⬛⬛⬛⬛⬜⬛⬛⬛⬛⬛⬛⬛
⬛⬛⬛⬛⬛⬛⬛⬛⬛⬛⬛⬛
⬛⬛⬛⬛⬛⬛⬛⬛⬛⬛⬛⬛
⬛⬛⬛⬛⬛⬛⬛⬛⬛⬛⬛⬛
⬛⬛⬛⬛⬛⬛⬛⬛⬛⬛⬛⬛
⬛⬛⬛⬛⬛⬛⬛⬛⬛⬛⬛⬛
⬛⬛⬛⬛⬛⬛⬛⬛⬛⬛⬛⬛
⬛⬛⬛⬛⬛⬛⬛⬛⬛⬛⬛⬛
⬛⬛⬛⬛⬛⬛⬛⬛⬛⬛⬛⬛
⬛⬛⬛⬛⬛⬛⬛⬛⬛⬛⬛⬛
⬜⬜⬛⬛⬛⬛⬛⬛⬜⬜⬛⬜
⬜⬜⬜⬛⬛⬛⬜⬜⬜⬜⬛⬜
⬜⬜⬜⬛⬛⬛⬜⬜⬜⬜⬛⬜
⬜⬜⬜⬜⬛⬜⬜⬜⬜⬜⬜⬜


Before clearing:
⬛⬛⬛⬛⬛⬛⬛⬛⬛⬛⬛⬛
⬛⬛⬛⬛⬛⬛⬛⬛⬛⬛⬛⬛
⬛⬛⬛⬛⬛⬛⬛⬛⬛⬛⬛⬛
⬛⬛⬛⬛⬛⬛⬛⬛⬛⬛⬛⬛
⬛⬛⬛⬛⬛⬛⬛⬛⬛⬛⬛⬛
⬛⬛⬛⬛⬛⬛⬛⬛⬛⬛⬛⬛
⬛⬛⬛⬛⬛⬛⬛⬛⬛⬛⬛⬛
⬛⬛⬛⬛⬛⬛⬛⬛⬛⬛⬛⬛
⬛⬛⬛⬛⬛⬛⬛⬛⬛⬛⬛⬛
⬛⬛⬛⬛⬛⬛⬛⬛⬛⬛⬛⬛
⬛⬛⬛⬛⬛⬛⬛⬛⬛⬛⬛⬛
⬜⬜⬛⬛⬛⬛⬛⬛⬜⬜⬛⬜
⬜⬜⬜⬛⬛⬛⬜⬜⬜⬜⬛⬜
⬜⬜⬜⬜⬜⬜⬜⬜⬜⬜⬛⬜
⬜⬜⬜⬜⬜⬜⬜⬜⬜⬜⬜⬜


Score: 1040
High Score: 5660
⬜⬜⬜⬜⬛⬛⬛⬛⬛⬛⬛⬛
⬛⬛⬛⬛⬛⬛⬛⬛⬛⬛⬛⬛
⬛⬛⬛⬛⬛⬛⬛⬛⬛⬛⬛⬛
⬛⬛⬛⬛⬛⬛⬛⬛⬛⬛⬛⬛
⬛⬛⬛⬛⬛⬛⬛⬛⬛⬛⬛⬛
⬛⬛⬛⬛⬛⬛⬛⬛⬛⬛⬛⬛
⬛⬛⬛⬛⬛⬛⬛⬛⬛⬛⬛⬛
⬛⬛⬛⬛⬛⬛⬛⬛⬛⬛⬛⬛
⬛⬛⬛⬛⬛⬛⬛⬛⬛⬛⬛⬛
⬛⬛⬛⬛⬛⬛⬛⬛⬛⬛⬛⬛
⬛⬛⬛⬛⬛⬛⬛⬛⬛⬛⬛⬛
⬛⬛⬛⬛⬛⬛⬛⬛⬛⬛⬛⬛
⬜⬜⬛⬛⬛⬛⬛⬛⬜⬜⬛⬜
⬜⬜⬜⬛⬛⬛⬜⬜⬜⬜⬛⬜
⬜⬜⬜⬜⬜⬜⬜⬜⬜⬜⬛⬜


Score: 1040
High Score: 5660
⬛⬛⬛⬛⬛⬛⬛⬛⬛⬛⬜⬛
⬛⬛⬛⬛⬛⬛⬛⬛⬛⬛⬜⬛
⬛⬛⬛⬛⬛⬛⬛⬛⬛⬛⬜⬛
⬛⬛⬛⬛⬛⬛⬛⬛⬛⬛⬜⬛
⬛⬛⬛⬛⬛⬛⬛⬛⬛⬛⬛⬛
⬛⬛⬛⬛⬛⬛⬛⬛⬛⬛⬛⬛
⬛⬛⬛⬛⬛⬛⬛⬛⬛⬛⬛⬛
⬛⬛⬛⬛⬛⬛⬛⬛⬛⬛⬛⬛
⬛⬛⬛⬛⬛⬛⬛⬛⬛⬛⬛⬛
⬛⬛⬛⬛⬛⬛⬛⬛⬛⬛⬛⬛
⬛⬛⬛⬛⬛⬛⬛⬛⬛⬛⬛⬛
⬛⬛⬛⬛⬛⬛⬛⬛⬛⬛⬛⬛
⬜⬜⬛⬛⬛⬛⬛⬛⬜⬜⬛⬜
⬜⬜⬜⬛⬛⬛⬜⬜⬜⬜⬛⬜
⬜⬜⬜⬜⬜⬜⬜⬜⬜⬜⬛⬜


Before clearing:
⬛⬛⬛⬛⬛⬛⬛⬛⬛⬛⬛⬛
⬛⬛⬛⬛⬛⬛⬛⬛⬛⬛⬛⬛
⬛⬛⬛⬛⬛⬛⬛⬛⬛⬛⬛⬛
⬛⬛⬛⬛⬛⬛⬛⬛⬛⬛⬛⬛
⬛⬛⬛⬛⬛⬛⬛⬛⬛⬛⬛⬛
⬛⬛⬛⬛⬛⬛⬛⬛⬛⬛⬛⬛
⬛⬛⬛⬛⬛⬛⬛⬛⬛⬛⬛⬛
⬛⬛⬛⬛⬛⬛⬛⬛⬛⬛⬛⬛
⬛⬛⬛⬛⬛⬛⬛⬛⬛⬛⬛⬛
⬛⬛⬛⬛⬛⬛⬛⬛⬛⬛⬛⬛
⬛⬛⬛⬛⬛⬛⬛⬛⬛⬛⬛⬛
⬛⬛⬛⬛⬛⬛⬛⬛⬛⬛⬜⬛
⬜⬜⬛⬛⬛⬛⬛⬛⬜⬜⬜⬜
⬜⬜⬜⬛⬛⬛⬜⬜⬜⬜⬜⬜
⬜⬜⬜⬜⬜⬜⬜⬜⬜⬜⬜⬜


Score: 1096
High Score: 5660
⬛⬜⬛⬛⬛⬛⬛⬛⬛⬛⬛⬛
⬜⬜⬜⬛⬛⬛⬛⬛⬛⬛⬛⬛
⬛⬛⬛⬛⬛⬛⬛⬛⬛⬛⬛⬛
⬛⬛⬛⬛⬛⬛⬛⬛⬛⬛⬛⬛
⬛⬛⬛⬛⬛⬛⬛⬛⬛⬛⬛⬛
⬛⬛⬛⬛⬛⬛⬛⬛⬛⬛⬛⬛
⬛⬛⬛⬛⬛⬛⬛⬛⬛⬛⬛⬛
⬛⬛⬛⬛⬛⬛⬛⬛⬛⬛⬛⬛
⬛⬛⬛⬛⬛⬛⬛⬛⬛⬛⬛⬛
⬛⬛⬛⬛⬛⬛⬛⬛⬛⬛⬛⬛
⬛⬛⬛⬛⬛⬛⬛⬛⬛⬛⬛⬛
⬛⬛⬛⬛⬛⬛⬛⬛⬛⬛⬛⬛
⬛⬛⬛⬛⬛⬛⬛⬛⬛⬛⬜⬛
⬜⬜⬛⬛⬛⬛⬛⬛⬜⬜⬜⬜
⬜⬜⬜⬛⬛⬛⬜⬜⬜⬜⬜⬜


Score: 1096
High Score: 5660
⬛⬛⬛⬛⬜⬛⬛⬛⬛⬛⬛⬛
⬛⬛⬛⬜⬜⬜⬛⬛⬛⬛⬛⬛
⬛⬛⬛⬛⬛⬛⬛⬛⬛⬛⬛⬛
⬛⬛⬛⬛⬛⬛⬛⬛⬛⬛⬛⬛
⬛⬛⬛⬛⬛⬛⬛⬛⬛⬛⬛⬛
⬛⬛⬛⬛⬛⬛⬛⬛⬛⬛⬛⬛
⬛⬛⬛⬛⬛⬛⬛⬛⬛⬛⬛⬛
⬛⬛⬛⬛⬛⬛⬛⬛⬛⬛⬛⬛
⬛⬛⬛⬛⬛⬛⬛⬛⬛⬛⬛⬛
⬛⬛⬛⬛⬛⬛⬛⬛⬛⬛⬛⬛
⬛⬛⬛⬛⬛⬛⬛⬛⬛⬛⬛⬛
⬛⬛⬛⬛⬛⬛⬛⬛⬛⬛⬛⬛
⬛⬛⬛⬛⬛⬛⬛⬛⬛⬛⬜⬛
⬜⬜⬛⬛⬛⬛⬛⬛⬜⬜⬜⬜
⬜⬜⬜⬛⬛⬛⬜⬜⬜⬜⬜⬜


Before clearing:
⬛⬛⬛⬛⬛⬛⬛⬛⬛⬛⬛⬛
⬛⬛⬛⬛⬛⬛⬛⬛⬛⬛⬛⬛
⬛⬛⬛⬛⬛⬛⬛⬛⬛⬛⬛⬛
⬛⬛⬛⬛⬛⬛⬛⬛⬛⬛⬛⬛
⬛⬛⬛⬛⬛⬛⬛⬛⬛⬛⬛⬛
⬛⬛⬛⬛⬛⬛⬛⬛⬛⬛⬛⬛
⬛⬛⬛⬛⬛⬛⬛⬛⬛⬛⬛⬛
⬛⬛⬛⬛⬛⬛⬛⬛⬛⬛⬛⬛
⬛⬛⬛⬛⬛⬛⬛⬛⬛⬛⬛⬛
⬛⬛⬛⬛⬛⬛⬛⬛⬛⬛⬛⬛
⬛⬛⬛⬛⬛⬛⬛⬛⬛⬛⬛⬛
⬛⬛⬛⬛⬛⬛⬛⬛⬛⬛⬛⬛
⬛⬛⬛⬛⬛⬛⬛⬛⬛⬛⬜⬛
⬜⬜⬛⬛⬜⬛⬛⬛⬜⬜⬜⬜
⬜⬜⬜⬜⬜⬜⬜⬜⬜⬜⬜⬜


Score: 1160
High Score: 5660
⬛⬜⬜⬛⬛⬛⬛⬛⬛⬛⬛⬛
⬜⬜⬛⬛⬛⬛⬛⬛⬛⬛⬛⬛
⬛⬛⬛⬛⬛⬛⬛⬛⬛⬛⬛⬛
⬛⬛⬛⬛⬛⬛⬛⬛⬛⬛⬛⬛
⬛⬛⬛⬛⬛⬛⬛⬛⬛⬛⬛⬛
⬛⬛⬛⬛⬛⬛⬛⬛⬛⬛⬛⬛
⬛⬛⬛⬛⬛⬛⬛⬛⬛⬛⬛⬛
⬛⬛⬛⬛⬛⬛⬛⬛⬛⬛⬛⬛
⬛⬛⬛⬛⬛⬛⬛⬛⬛⬛⬛⬛
⬛⬛⬛⬛⬛⬛⬛⬛⬛⬛⬛⬛
⬛⬛⬛⬛⬛⬛⬛⬛⬛⬛⬛⬛
⬛⬛⬛⬛⬛⬛⬛⬛⬛⬛⬛⬛
⬛⬛⬛⬛⬛⬛⬛⬛⬛⬛⬛⬛
⬛⬛⬛⬛⬛⬛⬛⬛⬛⬛⬜⬛
⬜⬜⬛⬛⬜⬛⬛⬛⬜⬜⬜⬜


Score: 1160
High Score: 5660
⬛⬛⬛⬜⬜⬛⬛⬛⬛⬛⬛⬛
⬛⬛⬜⬜⬛⬛⬛⬛⬛⬛⬛⬛
⬛⬛⬛⬛⬛⬛⬛⬛⬛⬛⬛⬛
⬛⬛⬛⬛⬛⬛⬛⬛⬛⬛⬛⬛
⬛⬛⬛⬛⬛⬛⬛⬛⬛⬛⬛⬛
⬛⬛⬛⬛⬛⬛⬛⬛⬛⬛⬛⬛
⬛⬛⬛⬛⬛⬛⬛⬛⬛⬛⬛⬛
⬛⬛⬛⬛⬛⬛⬛⬛⬛⬛⬛⬛
⬛⬛⬛⬛⬛⬛⬛⬛⬛⬛⬛⬛
⬛⬛⬛⬛⬛⬛⬛⬛⬛⬛⬛⬛
⬛⬛⬛⬛⬛⬛⬛⬛⬛⬛⬛⬛
⬛⬛⬛⬛⬛⬛⬛⬛⬛⬛⬛⬛
⬛⬛⬛⬛⬛⬛⬛⬛⬛⬛⬛⬛
⬛⬛⬛⬛⬛⬛⬛⬛⬛⬛⬜⬛
⬜⬜⬛⬛⬜⬛⬛⬛⬜⬜⬜⬜


Score: 1212
High Score: 5660
⬜⬜⬛⬛⬛⬛⬛⬛⬛⬛⬛⬛
⬛⬜⬜⬛⬛⬛⬛⬛⬛⬛⬛⬛
⬛⬛⬛⬛⬛⬛⬛⬛⬛⬛⬛⬛
⬛⬛⬛⬛⬛⬛⬛⬛⬛⬛⬛⬛
⬛⬛⬛⬛⬛⬛⬛⬛⬛⬛⬛⬛
⬛⬛⬛⬛⬛⬛⬛⬛⬛⬛⬛⬛
⬛⬛⬛⬛⬛⬛⬛⬛⬛⬛⬛⬛
⬛⬛⬛⬛⬛⬛⬛⬛⬛⬛⬛⬛
⬛⬛⬛⬛⬛⬛⬛⬛⬛⬛⬛⬛
⬛⬛⬛⬛⬛⬛⬛⬛⬛⬛⬛⬛
⬛⬛⬛⬛⬛⬛⬛⬛⬛⬛⬛⬛
⬛⬛⬛⬛⬛⬛⬛⬛⬛⬛⬛⬛
⬛⬛⬛⬛⬛⬛⬛⬛⬛⬛⬛⬛
⬛⬛⬛⬜⬜⬛⬛⬛⬛⬛⬜⬛
⬜⬜⬜⬜⬜⬛⬛⬛⬜⬜⬜⬜


Score: 1212
High Score: 5660
⬛⬛⬛⬛⬛⬛⬛⬛⬜⬛⬛⬛
⬛⬛⬛⬛⬛⬛⬛⬜⬜⬛⬛⬛
⬛⬛⬛⬛⬛⬛⬛⬜⬛⬛⬛⬛
⬛⬛⬛⬛⬛⬛⬛⬛⬛⬛⬛⬛
⬛⬛⬛⬛⬛⬛⬛⬛⬛⬛⬛⬛
⬛⬛⬛⬛⬛⬛⬛⬛⬛⬛⬛⬛
⬛⬛⬛⬛⬛⬛⬛⬛⬛⬛⬛⬛
⬛⬛⬛⬛⬛⬛⬛⬛⬛⬛⬛⬛
⬛⬛⬛⬛⬛⬛⬛⬛⬛⬛⬛⬛
⬛⬛⬛⬛⬛⬛⬛⬛⬛⬛⬛⬛
⬛⬛⬛⬛⬛⬛⬛⬛⬛⬛⬛⬛
⬛⬛⬛⬛⬛⬛⬛⬛⬛⬛⬛⬛
⬛⬛⬛⬛⬛⬛⬛⬛⬛⬛⬛⬛
⬛⬛⬛⬜⬜⬛⬛⬛⬛⬛⬜⬛
⬜⬜⬜⬜⬜⬛⬛⬛⬜⬜⬜⬜


Score: 1260
High Score: 5660
⬜⬛⬛⬛⬛⬛⬛⬛⬛⬛⬛⬛
⬜⬛⬛⬛⬛⬛⬛⬛⬛⬛⬛⬛
⬜⬜⬛⬛⬛⬛⬛⬛⬛⬛⬛⬛
⬛⬛⬛⬛⬛⬛⬛⬛⬛⬛⬛⬛
⬛⬛⬛⬛⬛⬛⬛⬛⬛⬛⬛⬛
⬛⬛⬛⬛⬛⬛⬛⬛⬛⬛⬛⬛
⬛⬛⬛⬛⬛⬛⬛⬛⬛⬛⬛⬛
⬛⬛⬛⬛⬛⬛⬛⬛⬛⬛⬛⬛
⬛⬛⬛⬛⬛⬛⬛⬛⬛⬛⬛⬛
⬛⬛⬛⬛⬛⬛⬛⬛⬛⬛⬛⬛
⬛⬛⬛⬛⬛⬛⬛⬛⬛⬛⬛⬛
⬛⬛⬛⬛⬛⬛⬛⬛⬛⬛⬛⬛
⬛⬛⬛⬛⬛⬛⬛⬛⬜⬛⬛⬛
⬛⬛⬛⬜⬜⬛⬛⬜⬜⬛⬜⬛
⬜⬜⬜⬜⬜⬛⬛⬜⬜⬜⬜⬜


Score: 1260
High Score: 5660
⬛⬛⬛⬛⬛⬜⬛⬛⬛⬛⬛⬛
⬛⬛⬛⬛⬛⬜⬛⬛⬛⬛⬛⬛
⬛⬛⬛⬛⬛⬜⬜⬛⬛⬛⬛⬛
⬛⬛⬛⬛⬛⬛⬛⬛⬛⬛⬛⬛
⬛⬛⬛⬛⬛⬛⬛⬛⬛⬛⬛⬛
⬛⬛⬛⬛⬛⬛⬛⬛⬛⬛⬛⬛
⬛⬛⬛⬛⬛⬛⬛⬛⬛⬛⬛⬛
⬛⬛⬛⬛⬛⬛⬛⬛⬛⬛⬛⬛
⬛⬛⬛⬛⬛⬛⬛⬛⬛⬛⬛⬛
⬛⬛⬛⬛⬛⬛⬛⬛⬛⬛⬛⬛
⬛⬛⬛⬛⬛⬛⬛⬛⬛⬛⬛⬛
⬛⬛⬛⬛⬛⬛⬛⬛⬛⬛⬛⬛
⬛⬛⬛⬛⬛⬛⬛⬛⬜⬛⬛⬛
⬛⬛⬛⬜⬜⬛⬛⬜⬜⬛⬜⬛
⬜⬜⬜⬜⬜⬛⬛⬜⬜⬜⬜⬜


Before clearing:
⬛⬛⬛⬛⬛⬛⬛⬛⬛⬛⬛⬛
⬛⬛⬛⬛⬛⬛⬛⬛⬛⬛⬛⬛
⬛⬛⬛⬛⬛⬛⬛⬛⬛⬛⬛⬛
⬛⬛⬛⬛⬛⬛⬛⬛⬛⬛⬛⬛
⬛⬛⬛⬛⬛⬛⬛⬛⬛⬛⬛⬛
⬛⬛⬛⬛⬛⬛⬛⬛⬛⬛⬛⬛
⬛⬛⬛⬛⬛⬛⬛⬛⬛⬛⬛⬛
⬛⬛⬛⬛⬛⬛⬛⬛⬛⬛⬛⬛
⬛⬛⬛⬛⬛⬛⬛⬛⬛⬛⬛⬛
⬛⬛⬛⬛⬛⬛⬛⬛⬛⬛⬛⬛
⬛⬛⬛⬛⬛⬛⬛⬛⬛⬛⬛⬛
⬛⬛⬛⬛⬛⬛⬛⬛⬛⬛⬛⬛
⬛⬛⬛⬛⬛⬜⬛⬛⬜⬛⬛⬛
⬛⬛⬛⬜⬜⬜⬛⬜⬜⬛⬜⬛
⬜⬜⬜⬜⬜⬜⬜⬜⬜⬜⬜⬜


Score: 1320
High Score: 5660
⬜⬜⬛⬛⬛⬛⬛⬛⬛⬛⬛⬛
⬜⬜⬛⬛⬛⬛⬛⬛⬛⬛⬛⬛
⬛⬛⬛⬛⬛⬛⬛⬛⬛⬛⬛⬛
⬛⬛⬛⬛⬛⬛⬛⬛⬛⬛⬛⬛
⬛⬛⬛⬛⬛⬛⬛⬛⬛⬛⬛⬛
⬛⬛⬛⬛⬛⬛⬛⬛⬛⬛⬛⬛
⬛⬛⬛⬛⬛⬛⬛⬛⬛⬛⬛⬛
⬛⬛⬛⬛⬛⬛⬛⬛⬛⬛⬛⬛
⬛⬛⬛⬛⬛⬛⬛⬛⬛⬛⬛⬛
⬛⬛⬛⬛⬛⬛⬛⬛⬛⬛⬛⬛
⬛⬛⬛⬛⬛⬛⬛⬛⬛⬛⬛⬛
⬛⬛⬛⬛⬛⬛⬛⬛⬛⬛⬛⬛
⬛⬛⬛⬛⬛⬛⬛⬛⬛⬛⬛⬛
⬛⬛⬛⬛⬛⬜⬛⬛⬜⬛⬛⬛
⬛⬛⬛⬜⬜⬜⬛⬜⬜⬛⬜⬛


Score: 1320
High Score: 5660
⬜⬜⬛⬛⬛⬛⬛⬛⬛⬛⬛⬛
⬜⬜⬛⬛⬛⬛⬛⬛⬛⬛⬛⬛
⬛⬛⬛⬛⬛⬛⬛⬛⬛⬛⬛⬛
⬛⬛⬛⬛⬛⬛⬛⬛⬛⬛⬛⬛
⬛⬛⬛⬛⬛⬛⬛⬛⬛⬛⬛⬛
⬛⬛⬛⬛⬛⬛⬛⬛⬛⬛⬛⬛
⬛⬛⬛⬛⬛⬛⬛⬛⬛⬛⬛⬛
⬛⬛⬛⬛⬛⬛⬛⬛⬛⬛⬛⬛
⬛⬛⬛⬛⬛⬛⬛⬛⬛⬛⬛⬛
⬛⬛⬛⬛⬛⬛⬛⬛⬛⬛⬛⬛
⬛⬛⬛⬛⬛⬛⬛⬛⬛⬛⬛⬛
⬛⬛⬛⬛⬛⬛⬛⬛⬛⬛⬛⬛
⬛⬛⬛⬛⬛⬛⬛⬛⬛⬛⬛⬛
⬛⬛⬛⬛⬛⬜⬛⬛⬜⬛⬛⬛
⬛⬛⬛⬜⬜⬜⬛⬜⬜⬛⬜⬛


Score: 1372
High Score: 5660
⬜⬛⬛⬛⬛⬛⬛⬛⬛⬛⬛⬛
⬜⬛⬛⬛⬛⬛⬛⬛⬛⬛⬛⬛
⬜⬜⬛⬛⬛⬛⬛⬛⬛⬛⬛⬛
⬛⬛⬛⬛⬛⬛⬛⬛⬛⬛⬛⬛
⬛⬛⬛⬛⬛⬛⬛⬛⬛⬛⬛⬛
⬛⬛⬛⬛⬛⬛⬛⬛⬛⬛⬛⬛
⬛⬛⬛⬛⬛⬛⬛⬛⬛⬛⬛⬛
⬛⬛⬛⬛⬛⬛⬛⬛⬛⬛⬛⬛
⬛⬛⬛⬛⬛⬛⬛⬛⬛⬛⬛⬛
⬛⬛⬛⬛⬛⬛⬛⬛⬛⬛⬛⬛
⬛⬛⬛⬛⬛⬛⬛⬛⬛⬛⬛⬛
⬛⬛⬛⬛⬛⬛⬛⬛⬛⬛⬛⬛
⬛⬛⬛⬛⬛⬛⬛⬛⬛⬛⬛⬛
⬜⬜⬛⬛⬛⬜⬛⬛⬜⬛⬛⬛
⬜⬜⬛⬜⬜⬜⬛⬜⬜⬛⬜⬛


Score: 1372
High Score: 5660
⬛⬛⬜⬜⬜⬛⬛⬛⬛⬛⬛⬛
⬛⬛⬜⬛⬛⬛⬛⬛⬛⬛⬛⬛
⬛⬛⬛⬛⬛⬛⬛⬛⬛⬛⬛⬛
⬛⬛⬛⬛⬛⬛⬛⬛⬛⬛⬛⬛
⬛⬛⬛⬛⬛⬛⬛⬛⬛⬛⬛⬛
⬛⬛⬛⬛⬛⬛⬛⬛⬛⬛⬛⬛
⬛⬛⬛⬛⬛⬛⬛⬛⬛⬛⬛⬛
⬛⬛⬛⬛⬛⬛⬛⬛⬛⬛⬛⬛
⬛⬛⬛⬛⬛⬛⬛⬛⬛⬛⬛⬛
⬛⬛⬛⬛⬛⬛⬛⬛⬛⬛⬛⬛
⬛⬛⬛⬛⬛⬛⬛⬛⬛⬛⬛⬛
⬛⬛⬛⬛⬛⬛⬛⬛⬛⬛⬛⬛
⬛⬛⬛⬛⬛⬛⬛⬛⬛⬛⬛⬛
⬜⬜⬛⬛⬛⬜⬛⬛⬜⬛⬛⬛
⬜⬜⬛⬜⬜⬜⬛⬜⬜⬛⬜⬛


Score: 1424
High Score: 5660
⬛⬜⬛⬛⬛⬛⬛⬛⬛⬛⬛⬛
⬜⬜⬜⬛⬛⬛⬛⬛⬛⬛⬛⬛
⬛⬛⬛⬛⬛⬛⬛⬛⬛⬛⬛⬛
⬛⬛⬛⬛⬛⬛⬛⬛⬛⬛⬛⬛
⬛⬛⬛⬛⬛⬛⬛⬛⬛⬛⬛⬛
⬛⬛⬛⬛⬛⬛⬛⬛⬛⬛⬛⬛
⬛⬛⬛⬛⬛⬛⬛⬛⬛⬛⬛⬛
⬛⬛⬛⬛⬛⬛⬛⬛⬛⬛⬛⬛
⬛⬛⬛⬛⬛⬛⬛⬛⬛⬛⬛⬛
⬛⬛⬛⬛⬛⬛⬛⬛⬛⬛⬛⬛
⬛⬛⬛⬛⬛⬛⬛⬛⬛⬛⬛⬛
⬛⬛⬛⬛⬛⬛⬛⬛⬛⬛⬛⬛
⬛⬛⬛⬛⬛⬛⬛⬛⬛⬛⬛⬛
⬜⬜⬜⬜⬜⬜⬛⬛⬜⬛⬛⬛
⬜⬜⬜⬜⬜⬜⬛⬜⬜⬛⬜⬛


Score: 1424
High Score: 5660
⬛⬛⬛⬛⬛⬛⬛⬛⬛⬛⬛⬜
⬛⬛⬛⬛⬛⬛⬛⬛⬛⬛⬜⬜
⬛⬛⬛⬛⬛⬛⬛⬛⬛⬛⬛⬜
⬛⬛⬛⬛⬛⬛⬛⬛⬛⬛⬛⬛
⬛⬛⬛⬛⬛⬛⬛⬛⬛⬛⬛⬛
⬛⬛⬛⬛⬛⬛⬛⬛⬛⬛⬛⬛
⬛⬛⬛⬛⬛⬛⬛⬛⬛⬛⬛⬛
⬛⬛⬛⬛⬛⬛⬛⬛⬛⬛⬛⬛
⬛⬛⬛⬛⬛⬛⬛⬛⬛⬛⬛⬛
⬛⬛⬛⬛⬛⬛⬛⬛⬛⬛⬛⬛
⬛⬛⬛⬛⬛⬛⬛⬛⬛⬛⬛⬛
⬛⬛⬛⬛⬛⬛⬛⬛⬛⬛⬛⬛
⬛⬛⬛⬛⬛⬛⬛⬛⬛⬛⬛⬛
⬜⬜⬜⬜⬜⬜⬛⬛⬜⬛⬛⬛
⬜⬜⬜⬜⬜⬜⬛⬜⬜⬛⬜⬛


Score: 1472
High Score: 5660
⬛⬛⬜⬛⬛⬛⬛⬛⬛⬛⬛⬛
⬛⬜⬛⬜⬛⬛⬛⬛⬛⬛⬛⬛
⬜⬜⬜⬜⬜⬛⬛⬛⬛⬛⬛⬛
⬜⬛⬛⬛⬜⬛⬛⬛⬛⬛⬛⬛
⬜⬛⬛⬛⬜⬛⬛⬛⬛⬛⬛⬛
⬛⬛⬛⬛⬛⬛⬛⬛⬛⬛⬛⬛
⬛⬛⬛⬛⬛⬛⬛⬛⬛⬛⬛⬛
⬛⬛⬛⬛⬛⬛⬛⬛⬛⬛⬛⬛
⬛⬛⬛⬛⬛⬛⬛⬛⬛⬛⬛⬛
⬛⬛⬛⬛⬛⬛⬛⬛⬛⬛⬛⬛
⬛⬛⬛⬛⬛⬛⬛⬛⬛⬛⬛⬛
⬛⬛⬛⬛⬛⬛⬛⬛⬛⬛⬛⬛
⬛⬛⬛⬛⬛⬛⬛⬛⬛⬛⬛⬜
⬜⬜⬜⬜⬜⬜⬛⬛⬜⬛⬜⬜
⬜⬜⬜⬜⬜⬜⬛⬜⬜⬛⬜⬜


Score: 1472
High Score: 5660
⬛⬛⬛⬜⬛⬛⬛⬛⬛⬛⬛⬛
⬛⬛⬜⬛⬜⬛⬛⬛⬛⬛⬛⬛
⬛⬜⬜⬜⬜⬜⬛⬛⬛⬛⬛⬛
⬛⬜⬛⬛⬛⬜⬛⬛⬛⬛⬛⬛
⬛⬜⬛⬛⬛⬜⬛⬛⬛⬛⬛⬛
⬛⬛⬛⬛⬛⬛⬛⬛⬛⬛⬛⬛
⬛⬛⬛⬛⬛⬛⬛⬛⬛⬛⬛⬛
⬛⬛⬛⬛⬛⬛⬛⬛⬛⬛⬛⬛
⬛⬛⬛⬛⬛⬛⬛⬛⬛⬛⬛⬛
⬛⬛⬛⬛⬛⬛⬛⬛⬛⬛⬛⬛
⬛⬛⬛⬛⬛⬛⬛⬛⬛⬛⬛⬛
⬛⬛⬛⬛⬛⬛⬛⬛⬛⬛⬛⬛
⬛⬛⬛⬛⬛⬛⬛⬛⬛⬛⬛⬜
⬜⬜⬜⬜⬜⬜⬛⬛⬜⬛⬜⬜
⬜⬜⬜⬜⬜⬜⬛⬜⬜⬛⬜⬜


Before clearing:
⬛⬛⬛⬛⬛⬛⬛⬛⬛⬛⬛⬛
⬛⬛⬛⬛⬛⬛⬛⬛⬛⬛⬛⬛
⬛⬛⬛⬛⬛⬛⬛⬛⬛⬛⬛⬛
⬛⬛⬛⬛⬛⬛⬛⬛⬛⬛⬛⬛
⬛⬛⬛⬛⬛⬛⬛⬛⬛⬛⬛⬛
⬛⬛⬛⬛⬛⬛⬛⬛⬛⬛⬛⬛
⬛⬛⬛⬛⬛⬛⬛⬛⬛⬛⬛⬛
⬛⬛⬛⬛⬛⬛⬛⬛⬛⬛⬛⬛
⬛⬛⬛⬜⬛⬛⬛⬛⬛⬛⬛⬛
⬛⬛⬜⬛⬜⬛⬛⬛⬛⬛⬛⬛
⬛⬜⬜⬜⬜⬜⬛⬛⬛⬛⬛⬛
⬛⬜⬛⬛⬛⬜⬛⬛⬛⬛⬛⬛
⬛⬜⬛⬛⬛⬜⬛⬛⬛⬛⬛⬜
⬜⬜⬜⬜⬜⬜⬛⬛⬜⬛⬜⬜
⬜⬜⬜⬜⬜⬜⬛⬜⬜⬛⬜⬜


Score: 2600
High Score: 5660
⬜⬜⬜⬜⬛⬛⬛⬛⬛⬛⬛⬛
⬛⬛⬛⬛⬛⬛⬛⬛⬛⬛⬛⬛
⬛⬛⬛⬛⬛⬛⬛⬛⬛⬛⬛⬛
⬛⬛⬛⬛⬛⬛⬛⬛⬛⬛⬛⬛
⬛⬛⬛⬛⬛⬛⬛⬛⬛⬛⬛⬛
⬛⬛⬛⬛⬛⬛⬛⬛⬛⬛⬛⬛
⬛⬛⬛⬛⬛⬛⬛⬛⬛⬛⬛⬛
⬛⬛⬛⬛⬛⬛⬛⬛⬛⬛⬛⬛
⬛⬛⬛⬛⬛⬛⬛⬛⬛⬛⬛⬛
⬛⬛⬛⬛⬛⬛⬛⬛⬛⬛⬛⬛
⬛⬛⬛⬛⬛⬛⬛⬛⬛⬛⬛⬛
⬛⬛⬛⬛⬛⬛⬛⬛⬛⬛⬛⬛
⬛⬛⬛⬛⬛⬛⬛⬛⬛⬛⬛⬛
⬛⬛⬛⬛⬛⬛⬛⬛⬛⬛⬛⬛
⬛⬛⬛⬛⬛⬛⬛⬛⬛⬛⬛⬛


Score: 2600
High Score: 5660
⬜⬜⬜⬜⬛⬛⬛⬛⬛⬛⬛⬛
⬛⬛⬛⬛⬛⬛⬛⬛⬛⬛⬛⬛
⬛⬛⬛⬛⬛⬛⬛⬛⬛⬛⬛⬛
⬛⬛⬛⬛⬛⬛⬛⬛⬛⬛⬛⬛
⬛⬛⬛⬛⬛⬛⬛⬛⬛⬛⬛⬛
⬛⬛⬛⬛⬛⬛⬛⬛⬛⬛⬛⬛
⬛⬛⬛⬛⬛⬛⬛⬛⬛⬛⬛⬛
⬛⬛⬛⬛⬛⬛⬛⬛⬛⬛⬛⬛
⬛⬛⬛⬛⬛⬛⬛⬛⬛⬛⬛⬛
⬛⬛⬛⬛⬛⬛⬛⬛⬛⬛⬛⬛
⬛⬛⬛⬛⬛⬛⬛⬛⬛⬛⬛⬛
⬛⬛⬛⬛⬛⬛⬛⬛⬛⬛⬛⬛
⬛⬛⬛⬛⬛⬛⬛⬛⬛⬛⬛⬛
⬛⬛⬛⬛⬛⬛⬛⬛⬛⬛⬛⬛
⬛⬛⬛⬛⬛⬛⬛⬛⬛⬛⬛⬛


Score: 2656
High Score: 5660
⬜⬜⬛⬛⬛⬛⬛⬛⬛⬛⬛⬛
⬛⬜⬜⬛⬛⬛⬛⬛⬛⬛⬛⬛
⬛⬛⬛⬛⬛⬛⬛⬛⬛⬛⬛⬛
⬛⬛⬛⬛⬛⬛⬛⬛⬛⬛⬛⬛
⬛⬛⬛⬛⬛⬛⬛⬛⬛⬛⬛⬛
⬛⬛⬛⬛⬛⬛⬛⬛⬛⬛⬛⬛
⬛⬛⬛⬛⬛⬛⬛⬛⬛⬛⬛⬛
⬛⬛⬛⬛⬛⬛⬛⬛⬛⬛⬛⬛
⬛⬛⬛⬛⬛⬛⬛⬛⬛⬛⬛⬛
⬛⬛⬛⬛⬛⬛⬛⬛⬛⬛⬛⬛
⬛⬛⬛⬛⬛⬛⬛⬛⬛⬛⬛⬛
⬛⬛⬛⬛⬛⬛⬛⬛⬛⬛⬛⬛
⬛⬛⬛⬛⬛⬛⬛⬛⬛⬛⬛⬛
⬛⬛⬛⬛⬛⬛⬛⬛⬛⬛⬛⬛
⬜⬜⬜⬜⬛⬛⬛⬛⬛⬛⬛⬛


Score: 2656
High Score: 5660
⬛⬛⬛⬜⬜⬛⬛⬛⬛⬛⬛⬛
⬛⬛⬛⬛⬜⬜⬛⬛⬛⬛⬛⬛
⬛⬛⬛⬛⬛⬛⬛⬛⬛⬛⬛⬛
⬛⬛⬛⬛⬛⬛⬛⬛⬛⬛⬛⬛
⬛⬛⬛⬛⬛⬛⬛⬛⬛⬛⬛⬛
⬛⬛⬛⬛⬛⬛⬛⬛⬛⬛⬛⬛
⬛⬛⬛⬛⬛⬛⬛⬛⬛⬛⬛⬛
⬛⬛⬛⬛⬛⬛⬛⬛⬛⬛⬛⬛
⬛⬛⬛⬛⬛⬛⬛⬛⬛⬛⬛⬛
⬛⬛⬛⬛⬛⬛⬛⬛⬛⬛⬛⬛
⬛⬛⬛⬛⬛⬛⬛⬛⬛⬛⬛⬛
⬛⬛⬛⬛⬛⬛⬛⬛⬛⬛⬛⬛
⬛⬛⬛⬛⬛⬛⬛⬛⬛⬛⬛⬛
⬛⬛⬛⬛⬛⬛⬛⬛⬛⬛⬛⬛
⬜⬜⬜⬜⬛⬛⬛⬛⬛⬛⬛⬛


Score: 2708
High Score: 5660
⬜⬛⬛⬛⬛⬛⬛⬛⬛⬛⬛⬛
⬜⬛⬛⬛⬛⬛⬛⬛⬛⬛⬛⬛
⬜⬜⬛⬛⬛⬛⬛⬛⬛⬛⬛⬛
⬛⬛⬛⬛⬛⬛⬛⬛⬛⬛⬛⬛
⬛⬛⬛⬛⬛⬛⬛⬛⬛⬛⬛⬛
⬛⬛⬛⬛⬛⬛⬛⬛⬛⬛⬛⬛
⬛⬛⬛⬛⬛⬛⬛⬛⬛⬛⬛⬛
⬛⬛⬛⬛⬛⬛⬛⬛⬛⬛⬛⬛
⬛⬛⬛⬛⬛⬛⬛⬛⬛⬛⬛⬛
⬛⬛⬛⬛⬛⬛⬛⬛⬛⬛⬛⬛
⬛⬛⬛⬛⬛⬛⬛⬛⬛⬛⬛⬛
⬛⬛⬛⬛⬛⬛⬛⬛⬛⬛⬛⬛
⬛⬛⬛⬛⬛⬛⬛⬛⬛⬛⬛⬛
⬛⬛⬛⬜⬜⬛⬛⬛⬛⬛⬛⬛
⬜⬜⬜⬜⬜⬜⬛⬛⬛⬛⬛⬛


Score: 2708
High Score: 5660
⬛⬛⬛⬛⬛⬛⬛⬛⬛⬛⬛⬜
⬛⬛⬛⬛⬛⬛⬛⬛⬛⬜⬜⬜
⬛⬛⬛⬛⬛⬛⬛⬛⬛⬛⬛⬛
⬛⬛⬛⬛⬛⬛⬛⬛⬛⬛⬛⬛
⬛⬛⬛⬛⬛⬛⬛⬛⬛⬛⬛⬛
⬛⬛⬛⬛⬛⬛⬛⬛⬛⬛⬛⬛
⬛⬛⬛⬛⬛⬛⬛⬛⬛⬛⬛⬛
⬛⬛⬛⬛⬛⬛⬛⬛⬛⬛⬛⬛
⬛⬛⬛⬛⬛⬛⬛⬛⬛⬛⬛⬛
⬛⬛⬛⬛⬛⬛⬛⬛⬛⬛⬛⬛
⬛⬛⬛⬛⬛⬛⬛⬛⬛⬛⬛⬛
⬛⬛⬛⬛⬛⬛⬛⬛⬛⬛⬛⬛
⬛⬛⬛⬛⬛⬛⬛⬛⬛⬛⬛⬛
⬛⬛⬛⬜⬜⬛⬛⬛⬛⬛⬛⬛
⬜⬜⬜⬜⬜⬜⬛⬛⬛⬛⬛⬛


Score: 2760
High Score: 5660
⬛⬜⬜⬛⬛⬛⬛⬛⬛⬛⬛⬛
⬜⬜⬛⬛⬛⬛⬛⬛⬛⬛⬛⬛
⬛⬛⬛⬛⬛⬛⬛⬛⬛⬛⬛⬛
⬛⬛⬛⬛⬛⬛⬛⬛⬛⬛⬛⬛
⬛⬛⬛⬛⬛⬛⬛⬛⬛⬛⬛⬛
⬛⬛⬛⬛⬛⬛⬛⬛⬛⬛⬛⬛
⬛⬛⬛⬛⬛⬛⬛⬛⬛⬛⬛⬛
⬛⬛⬛⬛⬛⬛⬛⬛⬛⬛⬛⬛
⬛⬛⬛⬛⬛⬛⬛⬛⬛⬛⬛⬛
⬛⬛⬛⬛⬛⬛⬛⬛⬛⬛⬛⬛
⬛⬛⬛⬛⬛⬛⬛⬛⬛⬛⬛⬛
⬛⬛⬛⬛⬛⬛⬛⬛⬛⬛⬛⬛
⬛⬛⬛⬛⬛⬛⬛⬛⬛⬛⬛⬛
⬛⬛⬛⬜⬜⬛⬛⬛⬛⬛⬛⬜
⬜⬜⬜⬜⬜⬜⬛⬛⬛⬜⬜⬜


Score: 2760
High Score: 5660
⬛⬛⬛⬛⬛⬛⬛⬛⬜⬜⬛⬛
⬛⬛⬛⬛⬛⬛⬛⬜⬜⬛⬛⬛
⬛⬛⬛⬛⬛⬛⬛⬛⬛⬛⬛⬛
⬛⬛⬛⬛⬛⬛⬛⬛⬛⬛⬛⬛
⬛⬛⬛⬛⬛⬛⬛⬛⬛⬛⬛⬛
⬛⬛⬛⬛⬛⬛⬛⬛⬛⬛⬛⬛
⬛⬛⬛⬛⬛⬛⬛⬛⬛⬛⬛⬛
⬛⬛⬛⬛⬛⬛⬛⬛⬛⬛⬛⬛
⬛⬛⬛⬛⬛⬛⬛⬛⬛⬛⬛⬛
⬛⬛⬛⬛⬛⬛⬛⬛⬛⬛⬛⬛
⬛⬛⬛⬛⬛⬛⬛⬛⬛⬛⬛⬛
⬛⬛⬛⬛⬛⬛⬛⬛⬛⬛⬛⬛
⬛⬛⬛⬛⬛⬛⬛⬛⬛⬛⬛⬛
⬛⬛⬛⬜⬜⬛⬛⬛⬛⬛⬛⬜
⬜⬜⬜⬜⬜⬜⬛⬛⬛⬜⬜⬜


Score: 2812
High Score: 5660
⬜⬜⬛⬛⬛⬛⬛⬛⬛⬛⬛⬛
⬜⬜⬛⬛⬛⬛⬛⬛⬛⬛⬛⬛
⬛⬛⬛⬛⬛⬛⬛⬛⬛⬛⬛⬛
⬛⬛⬛⬛⬛⬛⬛⬛⬛⬛⬛⬛
⬛⬛⬛⬛⬛⬛⬛⬛⬛⬛⬛⬛
⬛⬛⬛⬛⬛⬛⬛⬛⬛⬛⬛⬛
⬛⬛⬛⬛⬛⬛⬛⬛⬛⬛⬛⬛
⬛⬛⬛⬛⬛⬛⬛⬛⬛⬛⬛⬛
⬛⬛⬛⬛⬛⬛⬛⬛⬛⬛⬛⬛
⬛⬛⬛⬛⬛⬛⬛⬛⬛⬛⬛⬛
⬛⬛⬛⬛⬛⬛⬛⬛⬛⬛⬛⬛
⬛⬛⬛⬛⬛⬛⬛⬛⬛⬛⬛⬛
⬛⬛⬛⬛⬛⬛⬛⬛⬛⬛⬛⬛
⬛⬛⬛⬜⬜⬛⬛⬛⬜⬜⬛⬜
⬜⬜⬜⬜⬜⬜⬛⬜⬜⬜⬜⬜


Score: 2812
High Score: 5660
⬜⬜⬛⬛⬛⬛⬛⬛⬛⬛⬛⬛
⬜⬜⬛⬛⬛⬛⬛⬛⬛⬛⬛⬛
⬛⬛⬛⬛⬛⬛⬛⬛⬛⬛⬛⬛
⬛⬛⬛⬛⬛⬛⬛⬛⬛⬛⬛⬛
⬛⬛⬛⬛⬛⬛⬛⬛⬛⬛⬛⬛
⬛⬛⬛⬛⬛⬛⬛⬛⬛⬛⬛⬛
⬛⬛⬛⬛⬛⬛⬛⬛⬛⬛⬛⬛
⬛⬛⬛⬛⬛⬛⬛⬛⬛⬛⬛⬛
⬛⬛⬛⬛⬛⬛⬛⬛⬛⬛⬛⬛
⬛⬛⬛⬛⬛⬛⬛⬛⬛⬛⬛⬛
⬛⬛⬛⬛⬛⬛⬛⬛⬛⬛⬛⬛
⬛⬛⬛⬛⬛⬛⬛⬛⬛⬛⬛⬛
⬛⬛⬛⬛⬛⬛⬛⬛⬛⬛⬛⬛
⬛⬛⬛⬜⬜⬛⬛⬛⬜⬜⬛⬜
⬜⬜⬜⬜⬜⬜⬛⬜⬜⬜⬜⬜


Score: 2860
High Score: 5660
⬜⬛⬛⬛⬛⬛⬛⬛⬛⬛⬛⬛
⬜⬛⬛⬛⬛⬛⬛⬛⬛⬛⬛⬛
⬜⬜⬛⬛⬛⬛⬛⬛⬛⬛⬛⬛
⬛⬛⬛⬛⬛⬛⬛⬛⬛⬛⬛⬛
⬛⬛⬛⬛⬛⬛⬛⬛⬛⬛⬛⬛
⬛⬛⬛⬛⬛⬛⬛⬛⬛⬛⬛⬛
⬛⬛⬛⬛⬛⬛⬛⬛⬛⬛⬛⬛
⬛⬛⬛⬛⬛⬛⬛⬛⬛⬛⬛⬛
⬛⬛⬛⬛⬛⬛⬛⬛⬛⬛⬛⬛
⬛⬛⬛⬛⬛⬛⬛⬛⬛⬛⬛⬛
⬛⬛⬛⬛⬛⬛⬛⬛⬛⬛⬛⬛
⬛⬛⬛⬛⬛⬛⬛⬛⬛⬛⬛⬛
⬜⬜⬛⬛⬛⬛⬛⬛⬛⬛⬛⬛
⬜⬜⬛⬜⬜⬛⬛⬛⬜⬜⬛⬜
⬜⬜⬜⬜⬜⬜⬛⬜⬜⬜⬜⬜


Score: 2860
High Score: 5660
⬛⬛⬜⬜⬜⬛⬛⬛⬛⬛⬛⬛
⬛⬛⬜⬛⬛⬛⬛⬛⬛⬛⬛⬛
⬛⬛⬛⬛⬛⬛⬛⬛⬛⬛⬛⬛
⬛⬛⬛⬛⬛⬛⬛⬛⬛⬛⬛⬛
⬛⬛⬛⬛⬛⬛⬛⬛⬛⬛⬛⬛
⬛⬛⬛⬛⬛⬛⬛⬛⬛⬛⬛⬛
⬛⬛⬛⬛⬛⬛⬛⬛⬛⬛⬛⬛
⬛⬛⬛⬛⬛⬛⬛⬛⬛⬛⬛⬛
⬛⬛⬛⬛⬛⬛⬛⬛⬛⬛⬛⬛
⬛⬛⬛⬛⬛⬛⬛⬛⬛⬛⬛⬛
⬛⬛⬛⬛⬛⬛⬛⬛⬛⬛⬛⬛
⬛⬛⬛⬛⬛⬛⬛⬛⬛⬛⬛⬛
⬜⬜⬛⬛⬛⬛⬛⬛⬛⬛⬛⬛
⬜⬜⬛⬜⬜⬛⬛⬛⬜⬜⬛⬜
⬜⬜⬜⬜⬜⬜⬛⬜⬜⬜⬜⬜


Score: 2908
High Score: 5660
⬜⬛⬛⬛⬛⬛⬛⬛⬛⬛⬛⬛
⬜⬛⬛⬛⬛⬛⬛⬛⬛⬛⬛⬛
⬜⬜⬛⬛⬛⬛⬛⬛⬛⬛⬛⬛
⬛⬛⬛⬛⬛⬛⬛⬛⬛⬛⬛⬛
⬛⬛⬛⬛⬛⬛⬛⬛⬛⬛⬛⬛
⬛⬛⬛⬛⬛⬛⬛⬛⬛⬛⬛⬛
⬛⬛⬛⬛⬛⬛⬛⬛⬛⬛⬛⬛
⬛⬛⬛⬛⬛⬛⬛⬛⬛⬛⬛⬛
⬛⬛⬛⬛⬛⬛⬛⬛⬛⬛⬛⬛
⬛⬛⬛⬛⬛⬛⬛⬛⬛⬛⬛⬛
⬛⬛⬛⬛⬛⬛⬛⬛⬛⬛⬛⬛
⬛⬛⬛⬛⬛⬛⬛⬛⬛⬛⬛⬛
⬜⬜⬜⬜⬜⬛⬛⬛⬛⬛⬛⬛
⬜⬜⬜⬜⬜⬛⬛⬛⬜⬜⬛⬜
⬜⬜⬜⬜⬜⬜⬛⬜⬜⬜⬜⬜


Score: 2908
High Score: 5660
⬛⬛⬛⬛⬜⬜⬛⬛⬛⬛⬛⬛
⬛⬛⬛⬛⬛⬜⬛⬛⬛⬛⬛⬛
⬛⬛⬛⬛⬛⬜⬛⬛⬛⬛⬛⬛
⬛⬛⬛⬛⬛⬛⬛⬛⬛⬛⬛⬛
⬛⬛⬛⬛⬛⬛⬛⬛⬛⬛⬛⬛
⬛⬛⬛⬛⬛⬛⬛⬛⬛⬛⬛⬛
⬛⬛⬛⬛⬛⬛⬛⬛⬛⬛⬛⬛
⬛⬛⬛⬛⬛⬛⬛⬛⬛⬛⬛⬛
⬛⬛⬛⬛⬛⬛⬛⬛⬛⬛⬛⬛
⬛⬛⬛⬛⬛⬛⬛⬛⬛⬛⬛⬛
⬛⬛⬛⬛⬛⬛⬛⬛⬛⬛⬛⬛
⬛⬛⬛⬛⬛⬛⬛⬛⬛⬛⬛⬛
⬜⬜⬜⬜⬜⬛⬛⬛⬛⬛⬛⬛
⬜⬜⬜⬜⬜⬛⬛⬛⬜⬜⬛⬜
⬜⬜⬜⬜⬜⬜⬛⬜⬜⬜⬜⬜


Score: 2952
High Score: 5660
⬜⬛⬛⬛⬛⬛⬛⬛⬛⬛⬛⬛
⬜⬛⬛⬛⬛⬛⬛⬛⬛⬛⬛⬛
⬜⬜⬛⬛⬛⬛⬛⬛⬛⬛⬛⬛
⬛⬛⬛⬛⬛⬛⬛⬛⬛⬛⬛⬛
⬛⬛⬛⬛⬛⬛⬛⬛⬛⬛⬛⬛
⬛⬛⬛⬛⬛⬛⬛⬛⬛⬛⬛⬛
⬛⬛⬛⬛⬛⬛⬛⬛⬛⬛⬛⬛
⬛⬛⬛⬛⬛⬛⬛⬛⬛⬛⬛⬛
⬛⬛⬛⬛⬛⬛⬛⬛⬛⬛⬛⬛
⬛⬛⬛⬛⬛⬛⬛⬛⬛⬛⬛⬛
⬛⬛⬛⬛⬛⬛⬛⬛⬛⬛⬛⬛
⬛⬛⬛⬛⬜⬜⬛⬛⬛⬛⬛⬛
⬜⬜⬜⬜⬜⬜⬛⬛⬛⬛⬛⬛
⬜⬜⬜⬜⬜⬜⬛⬛⬜⬜⬛⬜
⬜⬜⬜⬜⬜⬜⬛⬜⬜⬜⬜⬜


Score: 2952
High Score: 5660
⬛⬛⬜⬛⬛⬛⬛⬛⬛⬛⬛⬛
⬜⬜⬜⬛⬛⬛⬛⬛⬛⬛⬛⬛
⬛⬛⬛⬛⬛⬛⬛⬛⬛⬛⬛⬛
⬛⬛⬛⬛⬛⬛⬛⬛⬛⬛⬛⬛
⬛⬛⬛⬛⬛⬛⬛⬛⬛⬛⬛⬛
⬛⬛⬛⬛⬛⬛⬛⬛⬛⬛⬛⬛
⬛⬛⬛⬛⬛⬛⬛⬛⬛⬛⬛⬛
⬛⬛⬛⬛⬛⬛⬛⬛⬛⬛⬛⬛
⬛⬛⬛⬛⬛⬛⬛⬛⬛⬛⬛⬛
⬛⬛⬛⬛⬛⬛⬛⬛⬛⬛⬛⬛
⬛⬛⬛⬛⬛⬛⬛⬛⬛⬛⬛⬛
⬛⬛⬛⬛⬜⬜⬛⬛⬛⬛⬛⬛
⬜⬜⬜⬜⬜⬜⬛⬛⬛⬛⬛⬛
⬜⬜⬜⬜⬜⬜⬛⬛⬜⬜⬛⬜
⬜⬜⬜⬜⬜⬜⬛⬜⬜⬜⬜⬜


Score: 2992
High Score: 5660
⬜⬜⬛⬛⬛⬛⬛⬛⬛⬛⬛⬛
⬛⬜⬜⬛⬛⬛⬛⬛⬛⬛⬛⬛
⬛⬛⬛⬛⬛⬛⬛⬛⬛⬛⬛⬛
⬛⬛⬛⬛⬛⬛⬛⬛⬛⬛⬛⬛
⬛⬛⬛⬛⬛⬛⬛⬛⬛⬛⬛⬛
⬛⬛⬛⬛⬛⬛⬛⬛⬛⬛⬛⬛
⬛⬛⬛⬛⬛⬛⬛⬛⬛⬛⬛⬛
⬛⬛⬛⬛⬛⬛⬛⬛⬛⬛⬛⬛
⬛⬛⬛⬛⬛⬛⬛⬛⬛⬛⬛⬛
⬛⬛⬛⬛⬛⬛⬛⬛⬛⬛⬛⬛
⬛⬛⬜⬛⬛⬛⬛⬛⬛⬛⬛⬛
⬜⬜⬜⬛⬜⬜⬛⬛⬛⬛⬛⬛
⬜⬜⬜⬜⬜⬜⬛⬛⬛⬛⬛⬛
⬜⬜⬜⬜⬜⬜⬛⬛⬜⬜⬛⬜
⬜⬜⬜⬜⬜⬜⬛⬜⬜⬜⬜⬜


Score: 2992
High Score: 5660
⬛⬛⬛⬛⬛⬛⬛⬜⬛⬛⬛⬛
⬛⬛⬛⬛⬛⬛⬜⬜⬛⬛⬛⬛
⬛⬛⬛⬛⬛⬛⬜⬛⬛⬛⬛⬛
⬛⬛⬛⬛⬛⬛⬛⬛⬛⬛⬛⬛
⬛⬛⬛⬛⬛⬛⬛⬛⬛⬛⬛⬛
⬛⬛⬛⬛⬛⬛⬛⬛⬛⬛⬛⬛
⬛⬛⬛⬛⬛⬛⬛⬛⬛⬛⬛⬛
⬛⬛⬛⬛⬛⬛⬛⬛⬛⬛⬛⬛
⬛⬛⬛⬛⬛⬛⬛⬛⬛⬛⬛⬛
⬛⬛⬛⬛⬛⬛⬛⬛⬛⬛⬛⬛
⬛⬛⬜⬛⬛⬛⬛⬛⬛⬛⬛⬛
⬜⬜⬜⬛⬜⬜⬛⬛⬛⬛⬛⬛
⬜⬜⬜⬜⬜⬜⬛⬛⬛⬛⬛⬛
⬜⬜⬜⬜⬜⬜⬛⬛⬜⬜⬛⬜
⬜⬜⬜⬜⬜⬜⬛⬜⬜⬜⬜⬜


Before clearing:
⬛⬛⬛⬛⬛⬛⬛⬛⬛⬛⬛⬛
⬛⬛⬛⬛⬛⬛⬛⬛⬛⬛⬛⬛
⬛⬛⬛⬛⬛⬛⬛⬛⬛⬛⬛⬛
⬛⬛⬛⬛⬛⬛⬛⬛⬛⬛⬛⬛
⬛⬛⬛⬛⬛⬛⬛⬛⬛⬛⬛⬛
⬛⬛⬛⬛⬛⬛⬛⬛⬛⬛⬛⬛
⬛⬛⬛⬛⬛⬛⬛⬛⬛⬛⬛⬛
⬛⬛⬛⬛⬛⬛⬛⬛⬛⬛⬛⬛
⬛⬛⬛⬛⬛⬛⬛⬛⬛⬛⬛⬛
⬛⬛⬛⬛⬛⬛⬛⬛⬛⬛⬛⬛
⬛⬛⬜⬛⬛⬛⬛⬛⬛⬛⬛⬛
⬜⬜⬜⬛⬜⬜⬛⬛⬛⬛⬛⬛
⬜⬜⬜⬜⬜⬜⬛⬜⬛⬛⬛⬛
⬜⬜⬜⬜⬜⬜⬜⬜⬜⬜⬛⬜
⬜⬜⬜⬜⬜⬜⬜⬜⬜⬜⬜⬜


Score: 3052
High Score: 5660
⬛⬜⬜⬛⬛⬛⬛⬛⬛⬛⬛⬛
⬜⬜⬛⬛⬛⬛⬛⬛⬛⬛⬛⬛
⬛⬛⬛⬛⬛⬛⬛⬛⬛⬛⬛⬛
⬛⬛⬛⬛⬛⬛⬛⬛⬛⬛⬛⬛
⬛⬛⬛⬛⬛⬛⬛⬛⬛⬛⬛⬛
⬛⬛⬛⬛⬛⬛⬛⬛⬛⬛⬛⬛
⬛⬛⬛⬛⬛⬛⬛⬛⬛⬛⬛⬛
⬛⬛⬛⬛⬛⬛⬛⬛⬛⬛⬛⬛
⬛⬛⬛⬛⬛⬛⬛⬛⬛⬛⬛⬛
⬛⬛⬛⬛⬛⬛⬛⬛⬛⬛⬛⬛
⬛⬛⬛⬛⬛⬛⬛⬛⬛⬛⬛⬛
⬛⬛⬜⬛⬛⬛⬛⬛⬛⬛⬛⬛
⬜⬜⬜⬛⬜⬜⬛⬛⬛⬛⬛⬛
⬜⬜⬜⬜⬜⬜⬛⬜⬛⬛⬛⬛
⬜⬜⬜⬜⬜⬜⬜⬜⬜⬜⬛⬜


Score: 3052
High Score: 5660
⬛⬛⬛⬛⬛⬛⬛⬛⬛⬜⬛⬛
⬛⬛⬛⬛⬛⬛⬛⬛⬛⬜⬜⬛
⬛⬛⬛⬛⬛⬛⬛⬛⬛⬛⬜⬛
⬛⬛⬛⬛⬛⬛⬛⬛⬛⬛⬛⬛
⬛⬛⬛⬛⬛⬛⬛⬛⬛⬛⬛⬛
⬛⬛⬛⬛⬛⬛⬛⬛⬛⬛⬛⬛
⬛⬛⬛⬛⬛⬛⬛⬛⬛⬛⬛⬛
⬛⬛⬛⬛⬛⬛⬛⬛⬛⬛⬛⬛
⬛⬛⬛⬛⬛⬛⬛⬛⬛⬛⬛⬛
⬛⬛⬛⬛⬛⬛⬛⬛⬛⬛⬛⬛
⬛⬛⬛⬛⬛⬛⬛⬛⬛⬛⬛⬛
⬛⬛⬜⬛⬛⬛⬛⬛⬛⬛⬛⬛
⬜⬜⬜⬛⬜⬜⬛⬛⬛⬛⬛⬛
⬜⬜⬜⬜⬜⬜⬛⬜⬛⬛⬛⬛
⬜⬜⬜⬜⬜⬜⬜⬜⬜⬜⬛⬜


Before clearing:
⬛⬛⬛⬛⬛⬛⬛⬛⬛⬛⬛⬛
⬛⬛⬛⬛⬛⬛⬛⬛⬛⬛⬛⬛
⬛⬛⬛⬛⬛⬛⬛⬛⬛⬛⬛⬛
⬛⬛⬛⬛⬛⬛⬛⬛⬛⬛⬛⬛
⬛⬛⬛⬛⬛⬛⬛⬛⬛⬛⬛⬛
⬛⬛⬛⬛⬛⬛⬛⬛⬛⬛⬛⬛
⬛⬛⬛⬛⬛⬛⬛⬛⬛⬛⬛⬛
⬛⬛⬛⬛⬛⬛⬛⬛⬛⬛⬛⬛
⬛⬛⬛⬛⬛⬛⬛⬛⬛⬛⬛⬛
⬛⬛⬛⬛⬛⬛⬛⬛⬛⬛⬛⬛
⬛⬛⬛⬛⬛⬛⬛⬛⬛⬛⬛⬛
⬛⬛⬜⬛⬛⬛⬛⬛⬛⬛⬛⬛
⬜⬜⬜⬛⬜⬜⬛⬛⬛⬜⬛⬛
⬜⬜⬜⬜⬜⬜⬛⬜⬛⬜⬜⬛
⬜⬜⬜⬜⬜⬜⬜⬜⬜⬜⬜⬜


Score: 3112
High Score: 5660
⬜⬜⬜⬜⬛⬛⬛⬛⬛⬛⬛⬛
⬛⬛⬛⬛⬛⬛⬛⬛⬛⬛⬛⬛
⬛⬛⬛⬛⬛⬛⬛⬛⬛⬛⬛⬛
⬛⬛⬛⬛⬛⬛⬛⬛⬛⬛⬛⬛
⬛⬛⬛⬛⬛⬛⬛⬛⬛⬛⬛⬛
⬛⬛⬛⬛⬛⬛⬛⬛⬛⬛⬛⬛
⬛⬛⬛⬛⬛⬛⬛⬛⬛⬛⬛⬛
⬛⬛⬛⬛⬛⬛⬛⬛⬛⬛⬛⬛
⬛⬛⬛⬛⬛⬛⬛⬛⬛⬛⬛⬛
⬛⬛⬛⬛⬛⬛⬛⬛⬛⬛⬛⬛
⬛⬛⬛⬛⬛⬛⬛⬛⬛⬛⬛⬛
⬛⬛⬛⬛⬛⬛⬛⬛⬛⬛⬛⬛
⬛⬛⬜⬛⬛⬛⬛⬛⬛⬛⬛⬛
⬜⬜⬜⬛⬜⬜⬛⬛⬛⬜⬛⬛
⬜⬜⬜⬜⬜⬜⬛⬜⬛⬜⬜⬛


Score: 3112
High Score: 5660
⬛⬛⬛⬛⬛⬛⬛⬛⬛⬛⬛⬜
⬛⬛⬛⬛⬛⬛⬛⬛⬛⬛⬛⬜
⬛⬛⬛⬛⬛⬛⬛⬛⬛⬛⬛⬜
⬛⬛⬛⬛⬛⬛⬛⬛⬛⬛⬛⬜
⬛⬛⬛⬛⬛⬛⬛⬛⬛⬛⬛⬛
⬛⬛⬛⬛⬛⬛⬛⬛⬛⬛⬛⬛
⬛⬛⬛⬛⬛⬛⬛⬛⬛⬛⬛⬛
⬛⬛⬛⬛⬛⬛⬛⬛⬛⬛⬛⬛
⬛⬛⬛⬛⬛⬛⬛⬛⬛⬛⬛⬛
⬛⬛⬛⬛⬛⬛⬛⬛⬛⬛⬛⬛
⬛⬛⬛⬛⬛⬛⬛⬛⬛⬛⬛⬛
⬛⬛⬛⬛⬛⬛⬛⬛⬛⬛⬛⬛
⬛⬛⬜⬛⬛⬛⬛⬛⬛⬛⬛⬛
⬜⬜⬜⬛⬜⬜⬛⬛⬛⬜⬛⬛
⬜⬜⬜⬜⬜⬜⬛⬜⬛⬜⬜⬛


Score: 3156
High Score: 5660
⬛⬜⬛⬛⬛⬛⬛⬛⬛⬛⬛⬛
⬜⬜⬜⬛⬛⬛⬛⬛⬛⬛⬛⬛
⬛⬛⬛⬛⬛⬛⬛⬛⬛⬛⬛⬛
⬛⬛⬛⬛⬛⬛⬛⬛⬛⬛⬛⬛
⬛⬛⬛⬛⬛⬛⬛⬛⬛⬛⬛⬛
⬛⬛⬛⬛⬛⬛⬛⬛⬛⬛⬛⬛
⬛⬛⬛⬛⬛⬛⬛⬛⬛⬛⬛⬛
⬛⬛⬛⬛⬛⬛⬛⬛⬛⬛⬛⬛
⬛⬛⬛⬛⬛⬛⬛⬛⬛⬛⬛⬛
⬛⬛⬛⬛⬛⬛⬛⬛⬛⬛⬛⬛
⬛⬛⬛⬛⬛⬛⬛⬛⬛⬛⬛⬛
⬛⬛⬛⬛⬛⬛⬛⬛⬛⬛⬛⬜
⬛⬛⬜⬛⬛⬛⬛⬛⬛⬛⬛⬜
⬜⬜⬜⬛⬜⬜⬛⬛⬛⬜⬛⬜
⬜⬜⬜⬜⬜⬜⬛⬜⬛⬜⬜⬜


Score: 3156
High Score: 5660
⬛⬛⬛⬛⬛⬜⬛⬛⬛⬛⬛⬛
⬛⬛⬛⬛⬜⬜⬜⬛⬛⬛⬛⬛
⬛⬛⬛⬛⬛⬛⬛⬛⬛⬛⬛⬛
⬛⬛⬛⬛⬛⬛⬛⬛⬛⬛⬛⬛
⬛⬛⬛⬛⬛⬛⬛⬛⬛⬛⬛⬛
⬛⬛⬛⬛⬛⬛⬛⬛⬛⬛⬛⬛
⬛⬛⬛⬛⬛⬛⬛⬛⬛⬛⬛⬛
⬛⬛⬛⬛⬛⬛⬛⬛⬛⬛⬛⬛
⬛⬛⬛⬛⬛⬛⬛⬛⬛⬛⬛⬛
⬛⬛⬛⬛⬛⬛⬛⬛⬛⬛⬛⬛
⬛⬛⬛⬛⬛⬛⬛⬛⬛⬛⬛⬛
⬛⬛⬛⬛⬛⬛⬛⬛⬛⬛⬛⬜
⬛⬛⬜⬛⬛⬛⬛⬛⬛⬛⬛⬜
⬜⬜⬜⬛⬜⬜⬛⬛⬛⬜⬛⬜
⬜⬜⬜⬜⬜⬜⬛⬜⬛⬜⬜⬜


Score: 3200
High Score: 5660
⬜⬜⬛⬛⬛⬛⬛⬛⬛⬛⬛⬛
⬜⬜⬛⬛⬛⬛⬛⬛⬛⬛⬛⬛
⬛⬛⬛⬛⬛⬛⬛⬛⬛⬛⬛⬛
⬛⬛⬛⬛⬛⬛⬛⬛⬛⬛⬛⬛
⬛⬛⬛⬛⬛⬛⬛⬛⬛⬛⬛⬛
⬛⬛⬛⬛⬛⬛⬛⬛⬛⬛⬛⬛
⬛⬛⬛⬛⬛⬛⬛⬛⬛⬛⬛⬛
⬛⬛⬛⬛⬛⬛⬛⬛⬛⬛⬛⬛
⬛⬛⬛⬛⬛⬛⬛⬛⬛⬛⬛⬛
⬛⬛⬛⬛⬛⬛⬛⬛⬛⬛⬛⬛
⬛⬛⬛⬛⬛⬛⬛⬛⬛⬛⬛⬛
⬛⬛⬛⬛⬛⬜⬛⬛⬛⬛⬛⬜
⬛⬛⬜⬛⬜⬜⬜⬛⬛⬛⬛⬜
⬜⬜⬜⬛⬜⬜⬛⬛⬛⬜⬛⬜
⬜⬜⬜⬜⬜⬜⬛⬜⬛⬜⬜⬜


Score: 3200
High Score: 5660
⬜⬜⬛⬛⬛⬛⬛⬛⬛⬛⬛⬛
⬜⬜⬛⬛⬛⬛⬛⬛⬛⬛⬛⬛
⬛⬛⬛⬛⬛⬛⬛⬛⬛⬛⬛⬛
⬛⬛⬛⬛⬛⬛⬛⬛⬛⬛⬛⬛
⬛⬛⬛⬛⬛⬛⬛⬛⬛⬛⬛⬛
⬛⬛⬛⬛⬛⬛⬛⬛⬛⬛⬛⬛
⬛⬛⬛⬛⬛⬛⬛⬛⬛⬛⬛⬛
⬛⬛⬛⬛⬛⬛⬛⬛⬛⬛⬛⬛
⬛⬛⬛⬛⬛⬛⬛⬛⬛⬛⬛⬛
⬛⬛⬛⬛⬛⬛⬛⬛⬛⬛⬛⬛
⬛⬛⬛⬛⬛⬛⬛⬛⬛⬛⬛⬛
⬛⬛⬛⬛⬛⬜⬛⬛⬛⬛⬛⬜
⬛⬛⬜⬛⬜⬜⬜⬛⬛⬛⬛⬜
⬜⬜⬜⬛⬜⬜⬛⬛⬛⬜⬛⬜
⬜⬜⬜⬜⬜⬜⬛⬜⬛⬜⬜⬜


Score: 3244
High Score: 5660
⬛⬛⬜⬛⬛⬛⬛⬛⬛⬛⬛⬛
⬛⬜⬛⬜⬛⬛⬛⬛⬛⬛⬛⬛
⬜⬜⬜⬜⬜⬛⬛⬛⬛⬛⬛⬛
⬜⬛⬛⬛⬜⬛⬛⬛⬛⬛⬛⬛
⬜⬛⬛⬛⬜⬛⬛⬛⬛⬛⬛⬛
⬛⬛⬛⬛⬛⬛⬛⬛⬛⬛⬛⬛
⬛⬛⬛⬛⬛⬛⬛⬛⬛⬛⬛⬛
⬛⬛⬛⬛⬛⬛⬛⬛⬛⬛⬛⬛
⬛⬛⬛⬛⬛⬛⬛⬛⬛⬛⬛⬛
⬛⬛⬛⬛⬛⬛⬛⬛⬛⬛⬛⬛
⬛⬛⬛⬛⬛⬛⬛⬛⬛⬛⬛⬛
⬜⬜⬛⬛⬛⬜⬛⬛⬛⬛⬛⬜
⬜⬜⬜⬛⬜⬜⬜⬛⬛⬛⬛⬜
⬜⬜⬜⬛⬜⬜⬛⬛⬛⬜⬛⬜
⬜⬜⬜⬜⬜⬜⬛⬜⬛⬜⬜⬜


Score: 3244
High Score: 5660
⬛⬛⬛⬛⬛⬛⬛⬛⬜⬛⬛⬛
⬛⬛⬛⬛⬛⬛⬛⬜⬛⬜⬛⬛
⬛⬛⬛⬛⬛⬛⬜⬜⬜⬜⬜⬛
⬛⬛⬛⬛⬛⬛⬜⬛⬛⬛⬜⬛
⬛⬛⬛⬛⬛⬛⬜⬛⬛⬛⬜⬛
⬛⬛⬛⬛⬛⬛⬛⬛⬛⬛⬛⬛
⬛⬛⬛⬛⬛⬛⬛⬛⬛⬛⬛⬛
⬛⬛⬛⬛⬛⬛⬛⬛⬛⬛⬛⬛
⬛⬛⬛⬛⬛⬛⬛⬛⬛⬛⬛⬛
⬛⬛⬛⬛⬛⬛⬛⬛⬛⬛⬛⬛
⬛⬛⬛⬛⬛⬛⬛⬛⬛⬛⬛⬛
⬜⬜⬛⬛⬛⬜⬛⬛⬛⬛⬛⬜
⬜⬜⬜⬛⬜⬜⬜⬛⬛⬛⬛⬜
⬜⬜⬜⬛⬜⬜⬛⬛⬛⬜⬛⬜
⬜⬜⬜⬜⬜⬜⬛⬜⬛⬜⬜⬜


Before clearing:
⬛⬛⬛⬛⬛⬛⬛⬛⬛⬛⬛⬛
⬛⬛⬛⬛⬛⬛⬛⬛⬛⬛⬛⬛
⬛⬛⬛⬛⬛⬛⬛⬛⬛⬛⬛⬛
⬛⬛⬛⬛⬛⬛⬛⬛⬛⬛⬛⬛
⬛⬛⬛⬛⬛⬛⬛⬛⬛⬛⬛⬛
⬛⬛⬛⬛⬛⬛⬛⬛⬛⬛⬛⬛
⬛⬛⬛⬛⬛⬛⬛⬛⬛⬛⬛⬛
⬛⬛⬛⬛⬛⬛⬛⬛⬜⬛⬛⬛
⬛⬛⬛⬛⬛⬛⬛⬜⬛⬜⬛⬛
⬛⬛⬛⬛⬛⬛⬜⬜⬜⬜⬜⬛
⬛⬛⬛⬛⬛⬛⬜⬛⬛⬛⬜⬛
⬜⬜⬛⬛⬛⬜⬜⬛⬛⬛⬜⬜
⬜⬜⬜⬛⬜⬜⬜⬛⬛⬛⬛⬜
⬜⬜⬜⬛⬜⬜⬛⬛⬛⬜⬛⬜
⬜⬜⬜⬜⬜⬜⬛⬜⬛⬜⬜⬜


Score: 4368
High Score: 5660
⬛⬜⬛⬛⬛⬛⬛⬛⬛⬛⬛⬛
⬜⬜⬜⬛⬛⬛⬛⬛⬛⬛⬛⬛
⬛⬛⬛⬛⬛⬛⬛⬛⬛⬛⬛⬛
⬛⬛⬛⬛⬛⬛⬛⬛⬛⬛⬛⬛
⬛⬛⬛⬛⬛⬛⬛⬛⬛⬛⬛⬛
⬛⬛⬛⬛⬛⬛⬛⬛⬛⬛⬛⬛
⬛⬛⬛⬛⬛⬛⬛⬛⬛⬛⬛⬛
⬛⬛⬛⬛⬛⬛⬛⬛⬛⬛⬛⬛
⬛⬛⬛⬛⬛⬛⬛⬛⬛⬛⬛⬛
⬛⬛⬛⬛⬛⬛⬛⬛⬛⬛⬛⬛
⬛⬛⬛⬛⬛⬛⬛⬛⬛⬛⬛⬛
⬛⬛⬛⬛⬛⬛⬛⬛⬛⬛⬛⬛
⬛⬛⬛⬛⬛⬛⬛⬛⬛⬛⬛⬛
⬛⬛⬛⬛⬛⬛⬛⬛⬛⬛⬛⬛
⬛⬛⬛⬛⬛⬛⬛⬛⬛⬛⬛⬛


GAME FINISHED!
No more commands.
Final grid and score:

Score: 4368
High Score: 5660
⬛⬛⬛⬛⬛⬛⬛⬛⬛⬛⬛⬛
⬛⬛⬛⬛⬛⬛⬛⬛⬛⬛⬛⬛
⬛⬛⬛⬛⬛⬛⬛⬛⬛⬛⬛⬛
⬛⬛⬛⬛⬛⬛⬛⬛⬛⬛⬛⬛
⬛⬛⬛⬛⬛⬛⬛⬛⬛⬛⬛⬛
⬛⬛⬛⬛⬛⬛⬛⬛⬛⬛⬛⬛
⬛⬛⬛⬛⬛⬛⬛⬛⬛⬛⬛⬛
⬛⬛⬛⬛⬛⬛⬛⬛⬛⬛⬛⬛
⬛⬛⬛⬛⬛⬛⬛⬛⬛⬛⬛⬛
⬛⬛⬛⬛⬛⬛⬛⬛⬛⬛⬛⬛
⬛⬛⬛⬛⬛⬛⬛⬛⬛⬛⬛⬛
⬛⬛⬛⬛⬛⬛⬛⬛⬛⬛⬛⬛
⬛⬛⬛⬛⬛⬛⬛⬛⬛⬛⬛⬛
⬛⬛⬛⬛⬛⬛⬛⬛⬛⬛⬛⬛
⬛⬛⬛⬛⬛⬛⬛⬛⬛⬛⬛⬛

Leaderboard
-----------
1. BlockBuster 5660 17:48:57/06.11.2023
2. GravityGuru 4368 17:48:57/06.11.2023
3. DebugDropper 4368 12:52:00/07.11.2023
4. RowRanger 2289 17:48:56/06.11.2023
5. InfiniteLooper 2289 12:52:00/07.11.2023
6. TetraTitan 2216 17:48:56/06.11.2023
7. RecursiveRaider 2216 12:52:00/07.11.2023
8. CascadeKing 1807 17:48:57/06.11.2023
9. PuzzlePrince 1391 17:48:56/06.11.2023
10. ByteBouncer 1391 12:52:00/07.11.2023


