Score: 0
High Score: 5660
⬜⬛⬜⬛⬛⬛⬛⬛⬛⬛⬛⬛
⬜⬜⬜⬛⬛⬛⬛⬛⬛⬛⬛⬛
⬛⬛⬛⬛⬛⬛⬛⬛⬛⬛⬛⬛
⬛⬛⬛⬛⬛⬛⬛⬛⬛⬛⬛⬛
⬛⬛⬛⬛⬛⬛⬛⬛⬛⬛⬛⬛
⬛⬛⬛⬛⬛⬛⬛⬛⬛⬛⬛⬛
⬛⬛⬛⬛⬛⬛⬛⬛⬛⬛⬛⬛
⬛⬛⬛⬛⬛⬛⬛⬛⬛⬛⬛⬛
⬛⬛⬛⬛⬛⬛⬛⬛⬛⬛⬛⬛
⬛⬛⬛⬛⬛⬛⬛⬛⬛⬛⬛⬛
⬛⬛⬛⬛⬛⬛⬛⬛⬛⬛⬛⬛
⬛⬛⬛⬛⬛⬛⬛⬛⬛⬛⬛⬛
⬛⬛⬛⬛⬛⬛⬛⬛⬛⬛⬛⬛
⬛⬛⬛⬛⬛⬛⬛⬛⬛⬛⬛⬛
⬛⬛⬛⬛⬛⬛⬛⬛⬛⬛⬛⬛


Score: 65
High Score: 5660
⬜⬛⬛⬛⬛⬛⬛⬛⬛⬛⬛⬛
⬛⬛⬛⬛⬛⬛⬛⬛⬛⬛⬛⬛
⬛⬛⬛⬛⬛⬛⬛⬛⬛⬛⬛⬛
⬛⬛⬛⬛⬛⬛⬛⬛⬛⬛⬛⬛
⬛⬛⬛⬛⬛⬛⬛⬛⬛⬛⬛⬛
⬛⬛⬛⬛⬛⬛⬛⬛⬛⬛⬛⬛
⬛⬛⬛⬛⬛⬛⬛⬛⬛⬛⬛⬛
⬛⬛⬛⬛⬛⬛⬛⬛⬛⬛⬛⬛
⬛⬛⬛⬛⬛⬛⬛⬛⬛⬛⬛⬛
⬛⬛⬛⬛⬛⬛⬛⬛⬛⬛⬛⬛
⬛⬛⬛⬛⬛⬛⬛⬛⬛⬛⬛⬛
⬛⬛⬛⬛⬛⬛⬛⬛⬛⬛⬛⬛
⬛⬛⬛⬛⬛⬛⬛⬛⬛⬛⬛⬛
⬜⬛⬜⬛⬛⬛⬛⬛⬛⬛⬛⬛
⬜⬜⬜⬛⬛⬛⬛⬛⬛⬛⬛⬛


Score: 65
High Score: 5660
⬛⬛⬜⬛⬛⬛⬛⬛⬛⬛⬛⬛
⬛⬛⬛⬛⬛⬛⬛⬛⬛⬛⬛⬛
⬛⬛⬛⬛⬛⬛⬛⬛⬛⬛⬛⬛
⬛⬛⬛⬛⬛⬛⬛⬛⬛⬛⬛⬛
⬛⬛⬛⬛⬛⬛⬛⬛⬛⬛⬛⬛
⬛⬛⬛⬛⬛⬛⬛⬛⬛⬛⬛⬛
⬛⬛⬛⬛⬛⬛⬛⬛⬛⬛⬛⬛
⬛⬛⬛⬛⬛⬛⬛⬛⬛⬛⬛⬛
⬛⬛⬛⬛⬛⬛⬛⬛⬛⬛⬛⬛
⬛⬛⬛⬛⬛⬛⬛⬛⬛⬛⬛⬛
⬛⬛⬛⬛⬛⬛⬛⬛⬛⬛⬛⬛
⬛⬛⬛⬛⬛⬛⬛⬛⬛⬛⬛⬛
⬛⬛⬛⬛⬛⬛⬛⬛⬛⬛⬛⬛
⬜⬛⬜⬛⬛⬛⬛⬛⬛⬛⬛⬛
⬜⬜⬜⬛⬛⬛⬛⬛⬛⬛⬛⬛


Score: 77
High Score: 5660
⬜⬜⬛⬛⬛⬛⬛⬛⬛⬛⬛⬛
⬛⬛⬛⬛⬛⬛⬛⬛⬛⬛⬛⬛
⬛⬛⬛⬛⬛⬛⬛⬛⬛⬛⬛⬛
⬛⬛⬛⬛⬛⬛⬛⬛⬛⬛⬛⬛
⬛⬛⬛⬛⬛⬛⬛⬛⬛⬛⬛⬛
⬛⬛⬛⬛⬛⬛⬛⬛⬛⬛⬛⬛
⬛⬛⬛⬛⬛⬛⬛⬛⬛⬛⬛⬛
⬛⬛⬛⬛⬛⬛⬛⬛⬛⬛⬛⬛
⬛⬛⬛⬛⬛⬛⬛⬛⬛⬛⬛⬛
⬛⬛⬛⬛⬛⬛⬛⬛⬛⬛⬛⬛
⬛⬛⬛⬛⬛⬛⬛⬛⬛⬛⬛⬛
⬛⬛⬛⬛⬛⬛⬛⬛⬛⬛⬛⬛
⬛⬛⬜⬛⬛⬛⬛⬛⬛⬛⬛⬛
⬜⬛⬜⬛⬛⬛⬛⬛⬛⬛⬛⬛
⬜⬜⬜⬛⬛⬛⬛⬛⬛⬛⬛⬛


Score: 77
High Score: 5660
⬛⬜⬛⬛⬛⬛⬛⬛⬛⬛⬛⬛
⬛⬜⬛⬛⬛⬛⬛⬛⬛⬛⬛⬛
⬛⬛⬛⬛⬛⬛⬛⬛⬛⬛⬛⬛
⬛⬛⬛⬛⬛⬛⬛⬛⬛⬛⬛⬛
⬛⬛⬛⬛⬛⬛⬛⬛⬛⬛⬛⬛
⬛⬛⬛⬛⬛⬛⬛⬛⬛⬛⬛⬛
⬛⬛⬛⬛⬛⬛⬛⬛⬛⬛⬛⬛
⬛⬛⬛⬛⬛⬛⬛⬛⬛⬛⬛⬛
⬛⬛⬛⬛⬛⬛⬛⬛⬛⬛⬛⬛
⬛⬛⬛⬛⬛⬛⬛⬛⬛⬛⬛⬛
⬛⬛⬛⬛⬛⬛⬛⬛⬛⬛⬛⬛
⬛⬛⬛⬛⬛⬛⬛⬛⬛⬛⬛⬛
⬛⬛⬜⬛⬛⬛⬛⬛⬛⬛⬛⬛
⬜⬛⬜⬛⬛⬛⬛⬛⬛⬛⬛⬛
⬜⬜⬜⬛⬛⬛⬛⬛⬛⬛⬛⬛


Score: 101
High Score: 5660
⬜⬜⬜⬛⬛⬛⬛⬛⬛⬛⬛⬛
⬛⬛⬛⬛⬛⬛⬛⬛⬛⬛⬛⬛
⬛⬛⬛⬛⬛⬛⬛⬛⬛⬛⬛⬛
⬛⬛⬛⬛⬛⬛⬛⬛⬛⬛⬛⬛
⬛⬛⬛⬛⬛⬛⬛⬛⬛⬛⬛⬛
⬛⬛⬛⬛⬛⬛⬛⬛⬛⬛⬛⬛
⬛⬛⬛⬛⬛⬛⬛⬛⬛⬛⬛⬛
⬛⬛⬛⬛⬛⬛⬛⬛⬛⬛⬛⬛
⬛⬛⬛⬛⬛⬛⬛⬛⬛⬛⬛⬛
⬛⬛⬛⬛⬛⬛⬛⬛⬛⬛⬛⬛
⬛⬛⬛⬛⬛⬛⬛⬛⬛⬛⬛⬛
⬛⬛⬛⬛⬛⬛⬛⬛⬛⬛⬛⬛
⬛⬜⬜⬛⬛⬛⬛⬛⬛⬛⬛⬛
⬜⬜⬜⬛⬛⬛⬛⬛⬛⬛⬛⬛
⬜⬜⬜⬛⬛⬛⬛⬛⬛⬛⬛⬛


Score: 101
High Score: 5660
⬛⬛⬛⬜⬜⬜⬛⬛⬛⬛⬛⬛
⬛⬛⬛⬛⬛⬛⬛⬛⬛⬛⬛⬛
⬛⬛⬛⬛⬛⬛⬛⬛⬛⬛⬛⬛
⬛⬛⬛⬛⬛⬛⬛⬛⬛⬛⬛⬛
⬛⬛⬛⬛⬛⬛⬛⬛⬛⬛⬛⬛
⬛⬛⬛⬛⬛⬛⬛⬛⬛⬛⬛⬛
⬛⬛⬛⬛⬛⬛⬛⬛⬛⬛⬛⬛
⬛⬛⬛⬛⬛⬛⬛⬛⬛⬛⬛⬛
⬛⬛⬛⬛⬛⬛⬛⬛⬛⬛⬛⬛
⬛⬛⬛⬛⬛⬛⬛⬛⬛⬛⬛⬛
⬛⬛⬛⬛⬛⬛⬛⬛⬛⬛⬛⬛
⬛⬛⬛⬛⬛⬛⬛⬛⬛⬛⬛⬛
⬛⬜⬜⬛⬛⬛⬛⬛⬛⬛⬛⬛
⬜⬜⬜⬛⬛⬛⬛⬛⬛⬛⬛⬛
⬜⬜⬜⬛⬛⬛⬛⬛⬛⬛⬛⬛


Score: 143
High Score: 5660
⬜⬜⬜⬜⬛⬛⬛⬛⬛⬛⬛⬛
⬛⬛⬛⬛⬛⬛⬛⬛⬛⬛⬛⬛
⬛⬛⬛⬛⬛⬛⬛⬛⬛⬛⬛⬛
⬛⬛⬛⬛⬛⬛⬛⬛⬛⬛⬛⬛
⬛⬛⬛⬛⬛⬛⬛⬛⬛⬛⬛⬛
⬛⬛⬛⬛⬛⬛⬛⬛⬛⬛⬛⬛
⬛⬛⬛⬛⬛⬛⬛⬛⬛⬛⬛⬛
⬛⬛⬛⬛⬛⬛⬛⬛⬛⬛⬛⬛
⬛⬛⬛⬛⬛⬛⬛⬛⬛⬛⬛⬛
⬛⬛⬛⬛⬛⬛⬛⬛⬛⬛⬛⬛
⬛⬛⬛⬛⬛⬛⬛⬛⬛⬛⬛⬛
⬛⬛⬛⬛⬛⬛⬛⬛⬛⬛⬛⬛
⬛⬜⬜⬛⬛⬛⬛⬛⬛⬛⬛⬛
⬜⬜⬜⬛⬛⬛⬛⬛⬛⬛⬛⬛
⬜⬜⬜⬜⬜⬜⬛⬛⬛⬛⬛⬛


Score: 143
High Score: 5660
⬛⬛⬛⬛⬛⬛⬛⬛⬜⬜⬜⬜
⬛⬛⬛⬛⬛⬛⬛⬛⬛⬛⬛⬛
⬛⬛⬛⬛⬛⬛⬛⬛⬛⬛⬛⬛
⬛⬛⬛⬛⬛⬛⬛⬛⬛⬛⬛⬛
⬛⬛⬛⬛⬛⬛⬛⬛⬛⬛⬛⬛
⬛⬛⬛⬛⬛⬛⬛⬛⬛⬛⬛⬛
⬛⬛⬛⬛⬛⬛⬛⬛⬛⬛⬛⬛
⬛⬛⬛⬛⬛⬛⬛⬛⬛⬛⬛⬛
⬛⬛⬛⬛⬛⬛⬛⬛⬛⬛⬛⬛
⬛⬛⬛⬛⬛⬛⬛⬛⬛⬛⬛⬛
⬛⬛⬛⬛⬛⬛⬛⬛⬛⬛⬛⬛
⬛⬛⬛⬛⬛⬛⬛⬛⬛⬛⬛⬛
⬛⬜⬜⬛⬛⬛⬛⬛⬛⬛⬛⬛
⬜⬜⬜⬛⬛⬛⬛⬛⬛⬛⬛⬛
⬜⬜⬜⬜⬜⬜⬛⬛⬛⬛⬛⬛


Score: 199
High Score: 5660
⬜⬜⬛⬛⬛⬛⬛⬛⬛⬛⬛⬛
⬜⬜⬛⬛⬛⬛⬛⬛⬛⬛⬛⬛
⬛⬛⬛⬛⬛⬛⬛⬛⬛⬛⬛⬛
⬛⬛⬛⬛⬛⬛⬛⬛⬛⬛⬛⬛
⬛⬛⬛⬛⬛⬛⬛⬛⬛⬛⬛⬛
⬛⬛⬛⬛⬛⬛⬛⬛⬛⬛⬛⬛
⬛⬛⬛⬛⬛⬛⬛⬛⬛⬛⬛⬛
⬛⬛⬛⬛⬛⬛⬛⬛⬛⬛⬛⬛
⬛⬛⬛⬛⬛⬛⬛⬛⬛⬛⬛⬛
⬛⬛⬛⬛⬛⬛⬛⬛⬛⬛⬛⬛
⬛⬛⬛⬛⬛⬛⬛⬛⬛⬛⬛⬛
⬛⬛⬛⬛⬛⬛⬛⬛⬛⬛⬛⬛
⬛⬜⬜⬛⬛⬛⬛⬛⬛⬛⬛⬛
⬜⬜⬜⬛⬛⬛⬛⬛⬛⬛⬛⬛
⬜⬜⬜⬜⬜⬜⬛⬛⬜⬜⬜⬜


Score: 199
High Score: 5660
⬛⬛⬛⬛⬛⬜⬜⬛⬛⬛⬛⬛
⬛⬛⬛⬛⬛⬜⬜⬛⬛⬛⬛⬛
⬛⬛⬛⬛⬛⬛⬛⬛⬛⬛⬛⬛
⬛⬛⬛⬛⬛⬛⬛⬛⬛⬛⬛⬛
⬛⬛⬛⬛⬛⬛⬛⬛⬛⬛⬛⬛
⬛⬛⬛⬛⬛⬛⬛⬛⬛⬛⬛⬛
⬛⬛⬛⬛⬛⬛⬛⬛⬛⬛⬛⬛
⬛⬛⬛⬛⬛⬛⬛⬛⬛⬛⬛⬛
⬛⬛⬛⬛⬛⬛⬛⬛⬛⬛⬛⬛
⬛⬛⬛⬛⬛⬛⬛⬛⬛⬛⬛⬛
⬛⬛⬛⬛⬛⬛⬛⬛⬛⬛⬛⬛
⬛⬛⬛⬛⬛⬛⬛⬛⬛⬛⬛⬛
⬛⬜⬜⬛⬛⬛⬛⬛⬛⬛⬛⬛
⬜⬜⬜⬛⬛⬛⬛⬛⬛⬛⬛⬛
⬜⬜⬜⬜⬜⬜⬛⬛⬜⬜⬜⬜


Score: 247
High Score: 5660
⬜⬛⬛⬛⬛⬛⬛⬛⬛⬛⬛⬛
⬛⬜⬛⬛⬛⬛⬛⬛⬛⬛⬛⬛
⬛⬛⬛⬛⬛⬛⬛⬛⬛⬛⬛⬛
⬛⬛⬛⬛⬛⬛⬛⬛⬛⬛⬛⬛
⬛⬛⬛⬛⬛⬛⬛⬛⬛⬛⬛⬛
⬛⬛⬛⬛⬛⬛⬛⬛⬛⬛⬛⬛
⬛⬛⬛⬛⬛⬛⬛⬛⬛⬛⬛⬛
⬛⬛⬛⬛⬛⬛⬛⬛⬛⬛⬛⬛
⬛⬛⬛⬛⬛⬛⬛⬛⬛⬛⬛⬛
⬛⬛⬛⬛⬛⬛⬛⬛⬛⬛⬛⬛
⬛⬛⬛⬛⬛⬛⬛⬛⬛⬛⬛⬛
⬛⬛⬛⬛⬛⬛⬛⬛⬛⬛⬛⬛
⬛⬜⬜⬛⬛⬜⬜⬛⬛⬛⬛⬛
⬜⬜⬜⬛⬛⬜⬜⬛⬛⬛⬛⬛
⬜⬜⬜⬜⬜⬜⬛⬛⬜⬜⬜⬜


Score: 247
High Score: 5660
⬛⬜⬛⬛⬛⬛⬛⬛⬛⬛⬛⬛
⬜⬛⬛⬛⬛⬛⬛⬛⬛⬛⬛⬛
⬛⬛⬛⬛⬛⬛⬛⬛⬛⬛⬛⬛
⬛⬛⬛⬛⬛⬛⬛⬛⬛⬛⬛⬛
⬛⬛⬛⬛⬛⬛⬛⬛⬛⬛⬛⬛
⬛⬛⬛⬛⬛⬛⬛⬛⬛⬛⬛⬛
⬛⬛⬛⬛⬛⬛⬛⬛⬛⬛⬛⬛
⬛⬛⬛⬛⬛⬛⬛⬛⬛⬛⬛⬛
⬛⬛⬛⬛⬛⬛⬛⬛⬛⬛⬛⬛
⬛⬛⬛⬛⬛⬛⬛⬛⬛⬛⬛⬛
⬛⬛⬛⬛⬛⬛⬛⬛⬛⬛⬛⬛
⬛⬛⬛⬛⬛⬛⬛⬛⬛⬛⬛⬛
⬛⬜⬜⬛⬛⬜⬜⬛⬛⬛⬛⬛
⬜⬜⬜⬛⬛⬜⬜⬛⬛⬛⬛⬛
⬜⬜⬜⬜⬜⬜⬛⬛⬜⬜⬜⬜


Score: 269
High Score: 5660
⬜⬛⬛⬛⬛⬛⬛⬛⬛⬛⬛⬛
⬜⬛⬛⬛⬛⬛⬛⬛⬛⬛⬛⬛
⬜⬜⬛⬛⬛⬛⬛⬛⬛⬛⬛⬛
⬛⬛⬛⬛⬛⬛⬛⬛⬛⬛⬛⬛
⬛⬛⬛⬛⬛⬛⬛⬛⬛⬛⬛⬛
⬛⬛⬛⬛⬛⬛⬛⬛⬛⬛⬛⬛
⬛⬛⬛⬛⬛⬛⬛⬛⬛⬛⬛⬛
⬛⬛⬛⬛⬛⬛⬛⬛⬛⬛⬛⬛
⬛⬛⬛⬛⬛⬛⬛⬛⬛⬛⬛⬛
⬛⬛⬛⬛⬛⬛⬛⬛⬛⬛⬛⬛
⬛⬛⬛⬛⬛⬛⬛⬛⬛⬛⬛⬛
⬛⬜⬛⬛⬛⬛⬛⬛⬛⬛⬛⬛
⬜⬜⬜⬛⬛⬜⬜⬛⬛⬛⬛⬛
⬜⬜⬜⬛⬛⬜⬜⬛⬛⬛⬛⬛
⬜⬜⬜⬜⬜⬜⬛⬛⬜⬜⬜⬜


Score: 269
High Score: 5660
⬛⬛⬛⬜⬛⬛⬛⬛⬛⬛⬛⬛
⬛⬛⬛⬜⬛⬛⬛⬛⬛⬛⬛⬛
⬛⬛⬛⬜⬜⬛⬛⬛⬛⬛⬛⬛
⬛⬛⬛⬛⬛⬛⬛⬛⬛⬛⬛⬛
⬛⬛⬛⬛⬛⬛⬛⬛⬛⬛⬛⬛
⬛⬛⬛⬛⬛⬛⬛⬛⬛⬛⬛⬛
⬛⬛⬛⬛⬛⬛⬛⬛⬛⬛⬛⬛
⬛⬛⬛⬛⬛⬛⬛⬛⬛⬛⬛⬛
⬛⬛⬛⬛⬛⬛⬛⬛⬛⬛⬛⬛
⬛⬛⬛⬛⬛⬛⬛⬛⬛⬛⬛⬛
⬛⬛⬛⬛⬛⬛⬛⬛⬛⬛⬛⬛
⬛⬜⬛⬛⬛⬛⬛⬛⬛⬛⬛⬛
⬜⬜⬜⬛⬛⬜⬜⬛⬛⬛⬛⬛
⬜⬜⬜⬛⬛⬜⬜⬛⬛⬛⬛⬛
⬜⬜⬜⬜⬜⬜⬛⬛⬜⬜⬜⬜


Score: 313
High Score: 5660
⬜⬛⬛⬛⬛⬛⬛⬛⬛⬛⬛⬛
⬜⬜⬛⬛⬛⬛⬛⬛⬛⬛⬛⬛
⬛⬜⬛⬛⬛⬛⬛⬛⬛⬛⬛⬛
⬛⬛⬛⬛⬛⬛⬛⬛⬛⬛⬛⬛
⬛⬛⬛⬛⬛⬛⬛⬛⬛⬛⬛⬛
⬛⬛⬛⬛⬛⬛⬛⬛⬛⬛⬛⬛
⬛⬛⬛⬛⬛⬛⬛⬛⬛⬛⬛⬛
⬛⬛⬛⬛⬛⬛⬛⬛⬛⬛⬛⬛
⬛⬛⬛⬛⬛⬛⬛⬛⬛⬛⬛⬛
⬛⬛⬛⬛⬛⬛⬛⬛⬛⬛⬛⬛
⬛⬛⬛⬛⬛⬛⬛⬛⬛⬛⬛⬛
⬛⬜⬛⬜⬛⬛⬛⬛⬛⬛⬛⬛
⬜⬜⬜⬜⬛⬜⬜⬛⬛⬛⬛⬛
⬜⬜⬜⬜⬜⬜⬜⬛⬛⬛⬛⬛
⬜⬜⬜⬜⬜⬜⬛⬛⬜⬜⬜⬜


Score: 313
High Score: 5660
⬛⬜⬛⬛⬛⬛⬛⬛⬛⬛⬛⬛
⬛⬜⬜⬛⬛⬛⬛⬛⬛⬛⬛⬛
⬛⬛⬜⬛⬛⬛⬛⬛⬛⬛⬛⬛
⬛⬛⬛⬛⬛⬛⬛⬛⬛⬛⬛⬛
⬛⬛⬛⬛⬛⬛⬛⬛⬛⬛⬛⬛
⬛⬛⬛⬛⬛⬛⬛⬛⬛⬛⬛⬛
⬛⬛⬛⬛⬛⬛⬛⬛⬛⬛⬛⬛
⬛⬛⬛⬛⬛⬛⬛⬛⬛⬛⬛⬛
⬛⬛⬛⬛⬛⬛⬛⬛⬛⬛⬛⬛
⬛⬛⬛⬛⬛⬛⬛⬛⬛⬛⬛⬛
⬛⬛⬛⬛⬛⬛⬛⬛⬛⬛⬛⬛
⬛⬜⬛⬜⬛⬛⬛⬛⬛⬛⬛⬛
⬜⬜⬜⬜⬛⬜⬜⬛⬛⬛⬛⬛
⬜⬜⬜⬜⬜⬜⬜⬛⬛⬛⬛⬛
⬜⬜⬜⬜⬜⬜⬛⬛⬜⬜⬜⬜


Score: 349
High Score: 5660
⬜⬜⬜⬛⬛⬛⬛⬛⬛⬛⬛⬛
⬛⬜⬛⬛⬛⬛⬛⬛⬛⬛⬛⬛
⬛⬛⬛⬛⬛⬛⬛⬛⬛⬛⬛⬛
⬛⬛⬛⬛⬛⬛⬛⬛⬛⬛⬛⬛
⬛⬛⬛⬛⬛⬛⬛⬛⬛⬛⬛⬛
⬛⬛⬛⬛⬛⬛⬛⬛⬛⬛⬛⬛
⬛⬛⬛⬛⬛⬛⬛⬛⬛⬛⬛⬛
⬛⬛⬛⬛⬛⬛⬛⬛⬛⬛⬛⬛
⬛⬛⬛⬛⬛⬛⬛⬛⬛⬛⬛⬛
⬛⬜⬛⬛⬛⬛⬛⬛⬛⬛⬛⬛
⬛⬜⬜⬛⬛⬛⬛⬛⬛⬛⬛⬛
⬛⬜⬜⬜⬛⬛⬛⬛⬛⬛⬛⬛
⬜⬜⬜⬜⬛⬜⬜⬛⬛⬛⬛⬛
⬜⬜⬜⬜⬜⬜⬜⬛⬛⬛⬛⬛
⬜⬜⬜⬜⬜⬜⬛⬛⬜⬜⬜⬜


Score: 349
High Score: 5660
⬛⬛⬛⬛⬜⬛⬛⬛⬛⬛⬛⬛
⬛⬛⬛⬛⬜⬜⬛⬛⬛⬛⬛⬛
⬛⬛⬛⬛⬜⬛⬛⬛⬛⬛⬛⬛
⬛⬛⬛⬛⬛⬛⬛⬛⬛⬛⬛⬛
⬛⬛⬛⬛⬛⬛⬛⬛⬛⬛⬛⬛
⬛⬛⬛⬛⬛⬛⬛⬛⬛⬛⬛⬛
⬛⬛⬛⬛⬛⬛⬛⬛⬛⬛⬛⬛
⬛⬛⬛⬛⬛⬛⬛⬛⬛⬛⬛⬛
⬛⬛⬛⬛⬛⬛⬛⬛⬛⬛⬛⬛
⬛⬜⬛⬛⬛⬛⬛⬛⬛⬛⬛⬛
⬛⬜⬜⬛⬛⬛⬛⬛⬛⬛⬛⬛
⬛⬜⬜⬜⬛⬛⬛⬛⬛⬛⬛⬛
⬜⬜⬜⬜⬛⬜⬜⬛⬛⬛⬛⬛
⬜⬜⬜⬜⬜⬜⬜⬛⬛⬛⬛⬛
⬜⬜⬜⬜⬜⬜⬛⬛⬜⬜⬜⬜


Score: 389
High Score: 5660
⬛⬜⬛⬛⬛⬛⬛⬛⬛⬛⬛⬛
⬜⬜⬜⬛⬛⬛⬛⬛⬛⬛⬛⬛
⬛⬜⬛⬛⬛⬛⬛⬛⬛⬛⬛⬛
⬛⬛⬛⬛⬛⬛⬛⬛⬛⬛⬛⬛
⬛⬛⬛⬛⬛⬛⬛⬛⬛⬛⬛⬛
⬛⬛⬛⬛⬛⬛⬛⬛⬛⬛⬛⬛
⬛⬛⬛⬛⬛⬛⬛⬛⬛⬛⬛⬛
⬛⬛⬛⬛⬛⬛⬛⬛⬛⬛⬛⬛
⬛⬛⬛⬛⬛⬛⬛⬛⬛⬛⬛⬛
⬛⬜⬛⬛⬛⬛⬛⬛⬛⬛⬛⬛
⬛⬜⬜⬛⬜⬛⬛⬛⬛⬛⬛⬛
⬛⬜⬜⬜⬜⬜⬛⬛⬛⬛⬛⬛
⬜⬜⬜⬜⬜⬜⬜⬛⬛⬛⬛⬛
⬜⬜⬜⬜⬜⬜⬜⬛⬛⬛⬛⬛
⬜⬜⬜⬜⬜⬜⬛⬛⬜⬜⬜⬜


Score: 389
High Score: 5660
⬛⬛⬛⬜⬛⬛⬛⬛⬛⬛⬛⬛
⬛⬛⬜⬜⬜⬛⬛⬛⬛⬛⬛⬛
⬛⬛⬛⬜⬛⬛⬛⬛⬛⬛⬛⬛
⬛⬛⬛⬛⬛⬛⬛⬛⬛⬛⬛⬛
⬛⬛⬛⬛⬛⬛⬛⬛⬛⬛⬛⬛
⬛⬛⬛⬛⬛⬛⬛⬛⬛⬛⬛⬛
⬛⬛⬛⬛⬛⬛⬛⬛⬛⬛⬛⬛
⬛⬛⬛⬛⬛⬛⬛⬛⬛⬛⬛⬛
⬛⬛⬛⬛⬛⬛⬛⬛⬛⬛⬛⬛
⬛⬜⬛⬛⬛⬛⬛⬛⬛⬛⬛⬛
⬛⬜⬜⬛⬜⬛⬛⬛⬛⬛⬛⬛
⬛⬜⬜⬜⬜⬜⬛⬛⬛⬛⬛⬛
⬜⬜⬜⬜⬜⬜⬜⬛⬛⬛⬛⬛
⬜⬜⬜⬜⬜⬜⬜⬛⬛⬛⬛⬛
⬜⬜⬜⬜⬜⬜⬛⬛⬜⬜⬜⬜


Score: 429
High Score: 5660
⬜⬜⬛⬛⬛⬛⬛⬛⬛⬛⬛⬛
⬛⬜⬜⬛⬛⬛⬛⬛⬛⬛⬛⬛
⬛⬛⬛⬛⬛⬛⬛⬛⬛⬛⬛⬛
⬛⬛⬛⬛⬛⬛⬛⬛⬛⬛⬛⬛
⬛⬛⬛⬛⬛⬛⬛⬛⬛⬛⬛⬛
⬛⬛⬛⬛⬛⬛⬛⬛⬛⬛⬛⬛
⬛⬛⬛⬛⬛⬛⬛⬛⬛⬛⬛⬛
⬛⬛⬛⬛⬛⬛⬛⬛⬛⬛⬛⬛
⬛⬛⬛⬜⬛⬛⬛⬛⬛⬛⬛⬛
⬛⬜⬜⬜⬜⬛⬛⬛⬛⬛⬛⬛
⬛⬜⬜⬜⬜⬛⬛⬛⬛⬛⬛⬛
⬛⬜⬜⬜⬜⬜⬛⬛⬛⬛⬛⬛
⬜⬜⬜⬜⬜⬜⬜⬛⬛⬛⬛⬛
⬜⬜⬜⬜⬜⬜⬜⬛⬛⬛⬛⬛
⬜⬜⬜⬜⬜⬜⬛⬛⬜⬜⬜⬜


Score: 429
High Score: 5660
⬛⬛⬛⬛⬛⬛⬛⬛⬜⬛⬛⬛
⬛⬛⬛⬛⬛⬛⬛⬜⬜⬛⬛⬛
⬛⬛⬛⬛⬛⬛⬛⬜⬛⬛⬛⬛
⬛⬛⬛⬛⬛⬛⬛⬛⬛⬛⬛⬛
⬛⬛⬛⬛⬛⬛⬛⬛⬛⬛⬛⬛
⬛⬛⬛⬛⬛⬛⬛⬛⬛⬛⬛⬛
⬛⬛⬛⬛⬛⬛⬛⬛⬛⬛⬛⬛
⬛⬛⬛⬛⬛⬛⬛⬛⬛⬛⬛⬛
⬛⬛⬛⬜⬛⬛⬛⬛⬛⬛⬛⬛
⬛⬜⬜⬜⬜⬛⬛⬛⬛⬛⬛⬛
⬛⬜⬜⬜⬜⬛⬛⬛⬛⬛⬛⬛
⬛⬜⬜⬜⬜⬜⬛⬛⬛⬛⬛⬛
⬜⬜⬜⬜⬜⬜⬜⬛⬛⬛⬛⬛
⬜⬜⬜⬜⬜⬜⬜⬛⬛⬛⬛⬛
⬜⬜⬜⬜⬜⬜⬛⬛⬜⬜⬜⬜


Score: 477
High Score: 5660
⬛⬜⬛⬛⬛⬛⬛⬛⬛⬛⬛⬛
⬜⬜⬜⬛⬛⬛⬛⬛⬛⬛⬛⬛
⬛⬜⬛⬛⬛⬛⬛⬛⬛⬛⬛⬛
⬛⬛⬛⬛⬛⬛⬛⬛⬛⬛⬛⬛
⬛⬛⬛⬛⬛⬛⬛⬛⬛⬛⬛⬛
⬛⬛⬛⬛⬛⬛⬛⬛⬛⬛⬛⬛
⬛⬛⬛⬛⬛⬛⬛⬛⬛⬛⬛⬛
⬛⬛⬛⬛⬛⬛⬛⬛⬛⬛⬛⬛
⬛⬛⬛⬜⬛⬛⬛⬛⬛⬛⬛⬛
⬛⬜⬜⬜⬜⬛⬛⬛⬛⬛⬛⬛
⬛⬜⬜⬜⬜⬛⬛⬛⬛⬛⬛⬛
⬛⬜⬜⬜⬜⬜⬛⬛⬛⬛⬛⬛
⬜⬜⬜⬜⬜⬜⬜⬛⬜⬛⬛⬛
⬜⬜⬜⬜⬜⬜⬜⬜⬜⬛⬛⬛
⬜⬜⬜⬜⬜⬜⬛⬜⬜⬜⬜⬜


Score: 477
High Score: 5660
⬛⬛⬛⬛⬛⬛⬛⬜⬛⬛⬛⬛
⬛⬛⬛⬛⬛⬛⬜⬜⬜⬛⬛⬛
⬛⬛⬛⬛⬛⬛⬛⬜⬛⬛⬛⬛
⬛⬛⬛⬛⬛⬛⬛⬛⬛⬛⬛⬛
⬛⬛⬛⬛⬛⬛⬛⬛⬛⬛⬛⬛
⬛⬛⬛⬛⬛⬛⬛⬛⬛⬛⬛⬛
⬛⬛⬛⬛⬛⬛⬛⬛⬛⬛⬛⬛
⬛⬛⬛⬛⬛⬛⬛⬛⬛⬛⬛⬛
⬛⬛⬛⬜⬛⬛⬛⬛⬛⬛⬛⬛
⬛⬜⬜⬜⬜⬛⬛⬛⬛⬛⬛⬛
⬛⬜⬜⬜⬜⬛⬛⬛⬛⬛⬛⬛
⬛⬜⬜⬜⬜⬜⬛⬛⬛⬛⬛⬛
⬜⬜⬜⬜⬜⬜⬜⬛⬜⬛⬛⬛
⬜⬜⬜⬜⬜⬜⬜⬜⬜⬛⬛⬛
⬜⬜⬜⬜⬜⬜⬛⬜⬜⬜⬜⬜


Score: 527
High Score: 5660
⬜⬛⬜⬛⬛⬛⬛⬛⬛⬛⬛⬛
⬛⬜⬛⬛⬛⬛⬛⬛⬛⬛⬛⬛
⬜⬛⬜⬛⬛⬛⬛⬛⬛⬛⬛⬛
⬛⬛⬛⬛⬛⬛⬛⬛⬛⬛⬛⬛
⬛⬛⬛⬛⬛⬛⬛⬛⬛⬛⬛⬛
⬛⬛⬛⬛⬛⬛⬛⬛⬛⬛⬛⬛
⬛⬛⬛⬛⬛⬛⬛⬛⬛⬛⬛⬛
⬛⬛⬛⬛⬛⬛⬛⬛⬛⬛⬛⬛
⬛⬛⬛⬜⬛⬛⬛⬛⬛⬛⬛⬛
⬛⬜⬜⬜⬜⬛⬛⬛⬛⬛⬛⬛
⬛⬜⬜⬜⬜⬛⬛⬜⬛⬛⬛⬛
⬛⬜⬜⬜⬜⬜⬜⬜⬜⬛⬛⬛
⬜⬜⬜⬜⬜⬜⬜⬜⬜⬛⬛⬛
⬜⬜⬜⬜⬜⬜⬜⬜⬜⬛⬛⬛
⬜⬜⬜⬜⬜⬜⬛⬜⬜⬜⬜⬜


Score: 527
High Score: 5660
⬛⬛⬛⬛⬛⬛⬜⬛⬜⬛⬛⬛
⬛⬛⬛⬛⬛⬛⬛⬜⬛⬛⬛⬛
⬛⬛⬛⬛⬛⬛⬜⬛⬜⬛⬛⬛
⬛⬛⬛⬛⬛⬛⬛⬛⬛⬛⬛⬛
⬛⬛⬛⬛⬛⬛⬛⬛⬛⬛⬛⬛
⬛⬛⬛⬛⬛⬛⬛⬛⬛⬛⬛⬛
⬛⬛⬛⬛⬛⬛⬛⬛⬛⬛⬛⬛
⬛⬛⬛⬛⬛⬛⬛⬛⬛⬛⬛⬛
⬛⬛⬛⬜⬛⬛⬛⬛⬛⬛⬛⬛
⬛⬜⬜⬜⬜⬛⬛⬛⬛⬛⬛⬛
⬛⬜⬜⬜⬜⬛⬛⬜⬛⬛⬛⬛
⬛⬜⬜⬜⬜⬜⬜⬜⬜⬛⬛⬛
⬜⬜⬜⬜⬜⬜⬜⬜⬜⬛⬛⬛
⬜⬜⬜⬜⬜⬜⬜⬜⬜⬛⬛⬛
⬜⬜⬜⬜⬜⬜⬛⬜⬜⬜⬜⬜


Score: 567
High Score: 5660
⬜⬛⬜⬛⬛⬛⬛⬛⬛⬛⬛⬛
⬜⬜⬜⬛⬛⬛⬛⬛⬛⬛⬛⬛
⬛⬛⬛⬛⬛⬛⬛⬛⬛⬛⬛⬛
⬛⬛⬛⬛⬛⬛⬛⬛⬛⬛⬛⬛
⬛⬛⬛⬛⬛⬛⬛⬛⬛⬛⬛⬛
⬛⬛⬛⬛⬛⬛⬛⬛⬛⬛⬛⬛
⬛⬛⬛⬛⬛⬛⬛⬛⬛⬛⬛⬛
⬛⬛⬛⬛⬛⬛⬛⬛⬛⬛⬛⬛
⬛⬛⬛⬜⬛⬛⬜⬛⬜⬛⬛⬛
⬛⬜⬜⬜⬜⬛⬛⬜⬛⬛⬛⬛
⬛⬜⬜⬜⬜⬛⬜⬜⬜⬛⬛⬛
⬛⬜⬜⬜⬜⬜⬜⬜⬜⬛⬛⬛
⬜⬜⬜⬜⬜⬜⬜⬜⬜⬛⬛⬛
⬜⬜⬜⬜⬜⬜⬜⬜⬜⬛⬛⬛
⬜⬜⬜⬜⬜⬜⬛⬜⬜⬜⬜⬜


Score: 567
High Score: 5660
⬛⬛⬜⬜⬜⬛⬛⬛⬛⬛⬛⬛
⬛⬛⬜⬛⬜⬛⬛⬛⬛⬛⬛⬛
⬛⬛⬛⬛⬛⬛⬛⬛⬛⬛⬛⬛
⬛⬛⬛⬛⬛⬛⬛⬛⬛⬛⬛⬛
⬛⬛⬛⬛⬛⬛⬛⬛⬛⬛⬛⬛
⬛⬛⬛⬛⬛⬛⬛⬛⬛⬛⬛⬛
⬛⬛⬛⬛⬛⬛⬛⬛⬛⬛⬛⬛
⬛⬛⬛⬛⬛⬛⬛⬛⬛⬛⬛⬛
⬛⬛⬛⬜⬛⬛⬜⬛⬜⬛⬛⬛
⬛⬜⬜⬜⬜⬛⬛⬜⬛⬛⬛⬛
⬛⬜⬜⬜⬜⬛⬜⬜⬜⬛⬛⬛
⬛⬜⬜⬜⬜⬜⬜⬜⬜⬛⬛⬛
⬜⬜⬜⬜⬜⬜⬜⬜⬜⬛⬛⬛
⬜⬜⬜⬜⬜⬜⬜⬜⬜⬛⬛⬛
⬜⬜⬜⬜⬜⬜⬛⬜⬜⬜⬜⬜


Score: 602
High Score: 5660
⬜⬛⬛⬛⬛⬛⬛⬛⬛⬛⬛⬛
⬛⬛⬛⬛⬛⬛⬛⬛⬛⬛⬛⬛
⬛⬛⬛⬛⬛⬛⬛⬛⬛⬛⬛⬛
⬛⬛⬛⬛⬛⬛⬛⬛⬛⬛⬛⬛
⬛⬛⬛⬛⬛⬛⬛⬛⬛⬛⬛⬛
⬛⬛⬛⬛⬛⬛⬛⬛⬛⬛⬛⬛
⬛⬛⬛⬛⬛⬛⬛⬛⬛⬛⬛⬛
⬛⬛⬜⬜⬜⬛⬛⬛⬛⬛⬛⬛
⬛⬛⬜⬜⬜⬛⬜⬛⬜⬛⬛⬛
⬛⬜⬜⬜⬜⬛⬛⬜⬛⬛⬛⬛
⬛⬜⬜⬜⬜⬛⬜⬜⬜⬛⬛⬛
⬛⬜⬜⬜⬜⬜⬜⬜⬜⬛⬛⬛
⬜⬜⬜⬜⬜⬜⬜⬜⬜⬛⬛⬛
⬜⬜⬜⬜⬜⬜⬜⬜⬜⬛⬛⬛
⬜⬜⬜⬜⬜⬜⬛⬜⬜⬜⬜⬜


Score: 602
High Score: 5660
⬜⬛⬛⬛⬛⬛⬛⬛⬛⬛⬛⬛
⬛⬛⬛⬛⬛⬛⬛⬛⬛⬛⬛⬛
⬛⬛⬛⬛⬛⬛⬛⬛⬛⬛⬛⬛
⬛⬛⬛⬛⬛⬛⬛⬛⬛⬛⬛⬛
⬛⬛⬛⬛⬛⬛⬛⬛⬛⬛⬛⬛
⬛⬛⬛⬛⬛⬛⬛⬛⬛⬛⬛⬛
⬛⬛⬛⬛⬛⬛⬛⬛⬛⬛⬛⬛
⬛⬛⬜⬜⬜⬛⬛⬛⬛⬛⬛⬛
⬛⬛⬜⬜⬜⬛⬜⬛⬜⬛⬛⬛
⬛⬜⬜⬜⬜⬛⬛⬜⬛⬛⬛⬛
⬛⬜⬜⬜⬜⬛⬜⬜⬜⬛⬛⬛
⬛⬜⬜⬜⬜⬜⬜⬜⬜⬛⬛⬛
⬜⬜⬜⬜⬜⬜⬜⬜⬜⬛⬛⬛
⬜⬜⬜⬜⬜⬜⬜⬜⬜⬛⬛⬛
⬜⬜⬜⬜⬜⬜⬛⬜⬜⬜⬜⬜


Score: 613
High Score: 5660
⬜⬜⬛⬛⬛⬛⬛⬛⬛⬛⬛⬛
⬛⬛⬛⬛⬛⬛⬛⬛⬛⬛⬛⬛
⬛⬛⬛⬛⬛⬛⬛⬛⬛⬛⬛⬛
⬛⬛⬛⬛⬛⬛⬛⬛⬛⬛⬛⬛
⬛⬛⬛⬛⬛⬛⬛⬛⬛⬛⬛⬛
⬛⬛⬛⬛⬛⬛⬛⬛⬛⬛⬛⬛
⬛⬛⬛⬛⬛⬛⬛⬛⬛⬛⬛⬛
⬛⬛⬜⬜⬜⬛⬛⬛⬛⬛⬛⬛
⬛⬛⬜⬜⬜⬛⬜⬛⬜⬛⬛⬛
⬛⬜⬜⬜⬜⬛⬛⬜⬛⬛⬛⬛
⬛⬜⬜⬜⬜⬛⬜⬜⬜⬛⬛⬛
⬜⬜⬜⬜⬜⬜⬜⬜⬜⬛⬛⬛
⬜⬜⬜⬜⬜⬜⬜⬜⬜⬛⬛⬛
⬜⬜⬜⬜⬜⬜⬜⬜⬜⬛⬛⬛
⬜⬜⬜⬜⬜⬜⬛⬜⬜⬜⬜⬜


Score: 613
High Score: 5660
⬜⬛⬛⬛⬛⬛⬛⬛⬛⬛⬛⬛
⬜⬛⬛⬛⬛⬛⬛⬛⬛⬛⬛⬛
⬛⬛⬛⬛⬛⬛⬛⬛⬛⬛⬛⬛
⬛⬛⬛⬛⬛⬛⬛⬛⬛⬛⬛⬛
⬛⬛⬛⬛⬛⬛⬛⬛⬛⬛⬛⬛
⬛⬛⬛⬛⬛⬛⬛⬛⬛⬛⬛⬛
⬛⬛⬛⬛⬛⬛⬛⬛⬛⬛⬛⬛
⬛⬛⬜⬜⬜⬛⬛⬛⬛⬛⬛⬛
⬛⬛⬜⬜⬜⬛⬜⬛⬜⬛⬛⬛
⬛⬜⬜⬜⬜⬛⬛⬜⬛⬛⬛⬛
⬛⬜⬜⬜⬜⬛⬜⬜⬜⬛⬛⬛
⬜⬜⬜⬜⬜⬜⬜⬜⬜⬛⬛⬛
⬜⬜⬜⬜⬜⬜⬜⬜⬜⬛⬛⬛
⬜⬜⬜⬜⬜⬜⬜⬜⬜⬛⬛⬛
⬜⬜⬜⬜⬜⬜⬛⬜⬜⬜⬜⬜


Score: 631
High Score: 5660
⬜⬜⬜⬛⬛⬛⬛⬛⬛⬛⬛⬛
⬛⬛⬛⬛⬛⬛⬛⬛⬛⬛⬛⬛
⬛⬛⬛⬛⬛⬛⬛⬛⬛⬛⬛⬛
⬛⬛⬛⬛⬛⬛⬛⬛⬛⬛⬛⬛
⬛⬛⬛⬛⬛⬛⬛⬛⬛⬛⬛⬛
⬛⬛⬛⬛⬛⬛⬛⬛⬛⬛⬛⬛
⬛⬛⬛⬛⬛⬛⬛⬛⬛⬛⬛⬛
⬛⬛⬜⬜⬜⬛⬛⬛⬛⬛⬛⬛
⬛⬛⬜⬜⬜⬛⬜⬛⬜⬛⬛⬛
⬜⬜⬜⬜⬜⬛⬛⬜⬛⬛⬛⬛
⬜⬜⬜⬜⬜⬛⬜⬜⬜⬛⬛⬛
⬜⬜⬜⬜⬜⬜⬜⬜⬜⬛⬛⬛
⬜⬜⬜⬜⬜⬜⬜⬜⬜⬛⬛⬛
⬜⬜⬜⬜⬜⬜⬜⬜⬜⬛⬛⬛
⬜⬜⬜⬜⬜⬜⬛⬜⬜⬜⬜⬜


Score: 631
High Score: 5660
⬛⬛⬛⬛⬛⬜⬛⬛⬛⬛⬛⬛
⬛⬛⬛⬛⬛⬜⬛⬛⬛⬛⬛⬛
⬛⬛⬛⬛⬛⬜⬛⬛⬛⬛⬛⬛
⬛⬛⬛⬛⬛⬛⬛⬛⬛⬛⬛⬛
⬛⬛⬛⬛⬛⬛⬛⬛⬛⬛⬛⬛
⬛⬛⬛⬛⬛⬛⬛⬛⬛⬛⬛⬛
⬛⬛⬛⬛⬛⬛⬛⬛⬛⬛⬛⬛
⬛⬛⬜⬜⬜⬛⬛⬛⬛⬛⬛⬛
⬛⬛⬜⬜⬜⬛⬜⬛⬜⬛⬛⬛
⬜⬜⬜⬜⬜⬛⬛⬜⬛⬛⬛⬛
⬜⬜⬜⬜⬜⬛⬜⬜⬜⬛⬛⬛
⬜⬜⬜⬜⬜⬜⬜⬜⬜⬛⬛⬛
⬜⬜⬜⬜⬜⬜⬜⬜⬜⬛⬛⬛
⬜⬜⬜⬜⬜⬜⬜⬜⬜⬛⬛⬛
⬜⬜⬜⬜⬜⬜⬛⬜⬜⬜⬜⬜


Score: 655
High Score: 5660
⬜⬜⬜⬜⬛⬛⬛⬛⬛⬛⬛⬛
⬛⬛⬛⬛⬛⬛⬛⬛⬛⬛⬛⬛
⬛⬛⬛⬛⬛⬛⬛⬛⬛⬛⬛⬛
⬛⬛⬛⬛⬛⬛⬛⬛⬛⬛⬛⬛
⬛⬛⬛⬛⬛⬛⬛⬛⬛⬛⬛⬛
⬛⬛⬛⬛⬛⬛⬛⬛⬛⬛⬛⬛
⬛⬛⬛⬛⬛⬛⬛⬛⬛⬛⬛⬛
⬛⬛⬜⬜⬜⬛⬛⬛⬛⬛⬛⬛
⬛⬛⬜⬜⬜⬜⬜⬛⬜⬛⬛⬛
⬜⬜⬜⬜⬜⬜⬛⬜⬛⬛⬛⬛
⬜⬜⬜⬜⬜⬜⬜⬜⬜⬛⬛⬛
⬜⬜⬜⬜⬜⬜⬜⬜⬜⬛⬛⬛
⬜⬜⬜⬜⬜⬜⬜⬜⬜⬛⬛⬛
⬜⬜⬜⬜⬜⬜⬜⬜⬜⬛⬛⬛
⬜⬜⬜⬜⬜⬜⬛⬜⬜⬜⬜⬜


Score: 655
High Score: 5660
⬛⬛⬛⬛⬛⬛⬛⬛⬛⬛⬛⬜
⬛⬛⬛⬛⬛⬛⬛⬛⬛⬛⬛⬜
⬛⬛⬛⬛⬛⬛⬛⬛⬛⬛⬛⬜
⬛⬛⬛⬛⬛⬛⬛⬛⬛⬛⬛⬜
⬛⬛⬛⬛⬛⬛⬛⬛⬛⬛⬛⬛
⬛⬛⬛⬛⬛⬛⬛⬛⬛⬛⬛⬛
⬛⬛⬛⬛⬛⬛⬛⬛⬛⬛⬛⬛
⬛⬛⬜⬜⬜⬛⬛⬛⬛⬛⬛⬛
⬛⬛⬜⬜⬜⬜⬜⬛⬜⬛⬛⬛
⬜⬜⬜⬜⬜⬜⬛⬜⬛⬛⬛⬛
⬜⬜⬜⬜⬜⬜⬜⬜⬜⬛⬛⬛
⬜⬜⬜⬜⬜⬜⬜⬜⬜⬛⬛⬛
⬜⬜⬜⬜⬜⬜⬜⬜⬜⬛⬛⬛
⬜⬜⬜⬜⬜⬜⬜⬜⬜⬛⬛⬛
⬜⬜⬜⬜⬜⬜⬛⬜⬜⬜⬜⬜


Score: 695
High Score: 5660
⬜⬜⬛⬛⬛⬛⬛⬛⬛⬛⬛⬛
⬜⬜⬛⬛⬛⬛⬛⬛⬛⬛⬛⬛
⬛⬛⬛⬛⬛⬛⬛⬛⬛⬛⬛⬛
⬛⬛⬛⬛⬛⬛⬛⬛⬛⬛⬛⬛
⬛⬛⬛⬛⬛⬛⬛⬛⬛⬛⬛⬛
⬛⬛⬛⬛⬛⬛⬛⬛⬛⬛⬛⬛
⬛⬛⬛⬛⬛⬛⬛⬛⬛⬛⬛⬛
⬛⬛⬜⬜⬜⬛⬛⬛⬛⬛⬛⬛
⬛⬛⬜⬜⬜⬜⬜⬛⬜⬛⬛⬛
⬜⬜⬜⬜⬜⬜⬛⬜⬛⬛⬛⬛
⬜⬜⬜⬜⬜⬜⬜⬜⬜⬛⬛⬜
⬜⬜⬜⬜⬜⬜⬜⬜⬜⬛⬛⬜
⬜⬜⬜⬜⬜⬜⬜⬜⬜⬛⬛⬜
⬜⬜⬜⬜⬜⬜⬜⬜⬜⬛⬛⬜
⬜⬜⬜⬜⬜⬜⬛⬜⬜⬜⬜⬜


Score: 695
High Score: 5660
⬛⬛⬛⬛⬛⬛⬛⬛⬛⬜⬜⬛
⬛⬛⬛⬛⬛⬛⬛⬛⬛⬜⬜⬛
⬛⬛⬛⬛⬛⬛⬛⬛⬛⬛⬛⬛
⬛⬛⬛⬛⬛⬛⬛⬛⬛⬛⬛⬛
⬛⬛⬛⬛⬛⬛⬛⬛⬛⬛⬛⬛
⬛⬛⬛⬛⬛⬛⬛⬛⬛⬛⬛⬛
⬛⬛⬛⬛⬛⬛⬛⬛⬛⬛⬛⬛
⬛⬛⬜⬜⬜⬛⬛⬛⬛⬛⬛⬛
⬛⬛⬜⬜⬜⬜⬜⬛⬜⬛⬛⬛
⬜⬜⬜⬜⬜⬜⬛⬜⬛⬛⬛⬛
⬜⬜⬜⬜⬜⬜⬜⬜⬜⬛⬛⬜
⬜⬜⬜⬜⬜⬜⬜⬜⬜⬛⬛⬜
⬜⬜⬜⬜⬜⬜⬜⬜⬜⬛⬛⬜
⬜⬜⬜⬜⬜⬜⬜⬜⬜⬛⬛⬜
⬜⬜⬜⬜⬜⬜⬛⬜⬜⬜⬜⬜


Before clearing:
⬛⬛⬛⬛⬛⬛⬛⬛⬛⬛⬛⬛
⬛⬛⬛⬛⬛⬛⬛⬛⬛⬛⬛⬛
⬛⬛⬛⬛⬛⬛⬛⬛⬛⬛⬛⬛
⬛⬛⬛⬛⬛⬛⬛⬛⬛⬛⬛⬛
⬛⬛⬛⬛⬛⬛⬛⬛⬛⬛⬛⬛
⬛⬛⬛⬛⬛⬛⬛⬛⬛⬛⬛⬛
⬛⬛⬛⬛⬛⬛⬛⬛⬛⬛⬛⬛
⬛⬛⬜⬜⬜⬛⬛⬛⬛⬛⬛⬛
⬛⬛⬜⬜⬜⬜⬜⬛⬜⬛⬛⬛
⬜⬜⬜⬜⬜⬜⬛⬜⬛⬛⬛⬛
⬜⬜⬜⬜⬜⬜⬜⬜⬜⬛⬛⬜
⬜⬜⬜⬜⬜⬜⬜⬜⬜⬛⬛⬜
⬜⬜⬜⬜⬜⬜⬜⬜⬜⬜⬜⬜
⬜⬜⬜⬜⬜⬜⬜⬜⬜⬜⬜⬜
⬜⬜⬜⬜⬜⬜⬛⬜⬜⬜⬜⬜


Score: 767
High Score: 5660
⬜⬛⬛⬛⬛⬛⬛⬛⬛⬛⬛⬛
⬛⬜⬛⬛⬛⬛⬛⬛⬛⬛⬛⬛
⬛⬛⬛⬛⬛⬛⬛⬛⬛⬛⬛⬛
⬛⬛⬛⬛⬛⬛⬛⬛⬛⬛⬛⬛
⬛⬛⬛⬛⬛⬛⬛⬛⬛⬛⬛⬛
⬛⬛⬛⬛⬛⬛⬛⬛⬛⬛⬛⬛
⬛⬛⬛⬛⬛⬛⬛⬛⬛⬛⬛⬛
⬛⬛⬛⬛⬛⬛⬛⬛⬛⬛⬛⬛
⬛⬛⬛⬛⬛⬛⬛⬛⬛⬛⬛⬛
⬛⬛⬜⬜⬜⬛⬛⬛⬛⬛⬛⬛
⬛⬛⬜⬜⬜⬜⬜⬛⬜⬛⬛⬛
⬜⬜⬜⬜⬜⬜⬛⬜⬛⬛⬛⬛
⬜⬜⬜⬜⬜⬜⬜⬜⬜⬛⬛⬜
⬜⬜⬜⬜⬜⬜⬜⬜⬜⬛⬛⬜
⬜⬜⬜⬜⬜⬜⬛⬜⬜⬜⬜⬜


Score: 767
High Score: 5660
⬛⬛⬛⬛⬛⬛⬜⬛⬛⬛⬛⬛
⬛⬛⬛⬛⬛⬛⬛⬜⬛⬛⬛⬛
⬛⬛⬛⬛⬛⬛⬛⬛⬛⬛⬛⬛
⬛⬛⬛⬛⬛⬛⬛⬛⬛⬛⬛⬛
⬛⬛⬛⬛⬛⬛⬛⬛⬛⬛⬛⬛
⬛⬛⬛⬛⬛⬛⬛⬛⬛⬛⬛⬛
⬛⬛⬛⬛⬛⬛⬛⬛⬛⬛⬛⬛
⬛⬛⬛⬛⬛⬛⬛⬛⬛⬛⬛⬛
⬛⬛⬛⬛⬛⬛⬛⬛⬛⬛⬛⬛
⬛⬛⬜⬜⬜⬛⬛⬛⬛⬛⬛⬛
⬛⬛⬜⬜⬜⬜⬜⬛⬜⬛⬛⬛
⬜⬜⬜⬜⬜⬜⬛⬜⬛⬛⬛⬛
⬜⬜⬜⬜⬜⬜⬜⬜⬜⬛⬛⬜
⬜⬜⬜⬜⬜⬜⬜⬜⬜⬛⬛⬜
⬜⬜⬜⬜⬜⬜⬛⬜⬜⬜⬜⬜


Score: 785
High Score: 5660
⬜⬛⬛⬛⬛⬛⬛⬛⬛⬛⬛⬛
⬜⬛⬛⬛⬛⬛⬛⬛⬛⬛⬛⬛
⬜⬜⬛⬛⬛⬛⬛⬛⬛⬛⬛⬛
⬛⬛⬛⬛⬛⬛⬛⬛⬛⬛⬛⬛
⬛⬛⬛⬛⬛⬛⬛⬛⬛⬛⬛⬛
⬛⬛⬛⬛⬛⬛⬛⬛⬛⬛⬛⬛
⬛⬛⬛⬛⬛⬛⬛⬛⬛⬛⬛⬛
⬛⬛⬛⬛⬛⬛⬛⬛⬛⬛⬛⬛
⬛⬛⬛⬛⬛⬛⬛⬛⬛⬛⬛⬛
⬛⬛⬜⬜⬜⬛⬜⬛⬛⬛⬛⬛
⬛⬛⬜⬜⬜⬜⬜⬜⬜⬛⬛⬛
⬜⬜⬜⬜⬜⬜⬛⬜⬛⬛⬛⬛
⬜⬜⬜⬜⬜⬜⬜⬜⬜⬛⬛⬜
⬜⬜⬜⬜⬜⬜⬜⬜⬜⬛⬛⬜
⬜⬜⬜⬜⬜⬜⬛⬜⬜⬜⬜⬜


Score: 785
High Score: 5660
⬛⬛⬛⬛⬛⬛⬛⬛⬛⬜⬛⬛
⬛⬛⬛⬛⬛⬛⬛⬛⬛⬜⬛⬛
⬛⬛⬛⬛⬛⬛⬛⬛⬛⬜⬜⬛
⬛⬛⬛⬛⬛⬛⬛⬛⬛⬛⬛⬛
⬛⬛⬛⬛⬛⬛⬛⬛⬛⬛⬛⬛
⬛⬛⬛⬛⬛⬛⬛⬛⬛⬛⬛⬛
⬛⬛⬛⬛⬛⬛⬛⬛⬛⬛⬛⬛
⬛⬛⬛⬛⬛⬛⬛⬛⬛⬛⬛⬛
⬛⬛⬛⬛⬛⬛⬛⬛⬛⬛⬛⬛
⬛⬛⬜⬜⬜⬛⬜⬛⬛⬛⬛⬛
⬛⬛⬜⬜⬜⬜⬜⬜⬜⬛⬛⬛
⬜⬜⬜⬜⬜⬜⬛⬜⬛⬛⬛⬛
⬜⬜⬜⬜⬜⬜⬜⬜⬜⬛⬛⬜
⬜⬜⬜⬜⬜⬜⬜⬜⬜⬛⬛⬜
⬜⬜⬜⬜⬜⬜⬛⬜⬜⬜⬜⬜


Before clearing:
⬛⬛⬛⬛⬛⬛⬛⬛⬛⬛⬛⬛
⬛⬛⬛⬛⬛⬛⬛⬛⬛⬛⬛⬛
⬛⬛⬛⬛⬛⬛⬛⬛⬛⬛⬛⬛
⬛⬛⬛⬛⬛⬛⬛⬛⬛⬛⬛⬛
⬛⬛⬛⬛⬛⬛⬛⬛⬛⬛⬛⬛
⬛⬛⬛⬛⬛⬛⬛⬛⬛⬛⬛⬛
⬛⬛⬛⬛⬛⬛⬛⬛⬛⬛⬛⬛
⬛⬛⬛⬛⬛⬛⬛⬛⬛⬛⬛⬛
⬛⬛⬛⬛⬛⬛⬛⬛⬛⬛⬛⬛
⬛⬛⬜⬜⬜⬛⬜⬛⬛⬛⬛⬛
⬛⬛⬜⬜⬜⬜⬜⬜⬜⬛⬛⬛
⬜⬜⬜⬜⬜⬜⬛⬜⬛⬜⬛⬛
⬜⬜⬜⬜⬜⬜⬜⬜⬜⬜⬛⬜
⬜⬜⬜⬜⬜⬜⬜⬜⬜⬜⬜⬜
⬜⬜⬜⬜⬜⬜⬛⬜⬜⬜⬜⬜


Score: 841
High Score: 5660
⬜⬛⬛⬛⬛⬛⬛⬛⬛⬛⬛⬛
⬜⬜⬛⬛⬛⬛⬛⬛⬛⬛⬛⬛
⬛⬜⬛⬛⬛⬛⬛⬛⬛⬛⬛⬛
⬛⬛⬛⬛⬛⬛⬛⬛⬛⬛⬛⬛
⬛⬛⬛⬛⬛⬛⬛⬛⬛⬛⬛⬛
⬛⬛⬛⬛⬛⬛⬛⬛⬛⬛⬛⬛
⬛⬛⬛⬛⬛⬛⬛⬛⬛⬛⬛⬛
⬛⬛⬛⬛⬛⬛⬛⬛⬛⬛⬛⬛
⬛⬛⬛⬛⬛⬛⬛⬛⬛⬛⬛⬛
⬛⬛⬛⬛⬛⬛⬛⬛⬛⬛⬛⬛
⬛⬛⬜⬜⬜⬛⬜⬛⬛⬛⬛⬛
⬛⬛⬜⬜⬜⬜⬜⬜⬜⬛⬛⬛
⬜⬜⬜⬜⬜⬜⬛⬜⬛⬜⬛⬛
⬜⬜⬜⬜⬜⬜⬜⬜⬜⬜⬛⬜
⬜⬜⬜⬜⬜⬜⬛⬜⬜⬜⬜⬜


Score: 841
High Score: 5660
⬛⬛⬛⬛⬜⬛⬛⬛⬛⬛⬛⬛
⬛⬛⬛⬛⬜⬜⬛⬛⬛⬛⬛⬛
⬛⬛⬛⬛⬛⬜⬛⬛⬛⬛⬛⬛
⬛⬛⬛⬛⬛⬛⬛⬛⬛⬛⬛⬛
⬛⬛⬛⬛⬛⬛⬛⬛⬛⬛⬛⬛
⬛⬛⬛⬛⬛⬛⬛⬛⬛⬛⬛⬛
⬛⬛⬛⬛⬛⬛⬛⬛⬛⬛⬛⬛
⬛⬛⬛⬛⬛⬛⬛⬛⬛⬛⬛⬛
⬛⬛⬛⬛⬛⬛⬛⬛⬛⬛⬛⬛
⬛⬛⬛⬛⬛⬛⬛⬛⬛⬛⬛⬛
⬛⬛⬜⬜⬜⬛⬜⬛⬛⬛⬛⬛
⬛⬛⬜⬜⬜⬜⬜⬜⬜⬛⬛⬛
⬜⬜⬜⬜⬜⬜⬛⬜⬛⬜⬛⬛
⬜⬜⬜⬜⬜⬜⬜⬜⬜⬜⬛⬜
⬜⬜⬜⬜⬜⬜⬛⬜⬜⬜⬜⬜


Score: 873
High Score: 5660
⬜⬜⬜⬛⬛⬛⬛⬛⬛⬛⬛⬛
⬛⬜⬛⬛⬛⬛⬛⬛⬛⬛⬛⬛
⬛⬛⬛⬛⬛⬛⬛⬛⬛⬛⬛⬛
⬛⬛⬛⬛⬛⬛⬛⬛⬛⬛⬛⬛
⬛⬛⬛⬛⬛⬛⬛⬛⬛⬛⬛⬛
⬛⬛⬛⬛⬛⬛⬛⬛⬛⬛⬛⬛
⬛⬛⬛⬛⬛⬛⬛⬛⬛⬛⬛⬛
⬛⬛⬛⬛⬛⬛⬛⬛⬛⬛⬛⬛
⬛⬛⬛⬛⬜⬛⬛⬛⬛⬛⬛⬛
⬛⬛⬛⬛⬜⬜⬛⬛⬛⬛⬛⬛
⬛⬛⬜⬜⬜⬜⬜⬛⬛⬛⬛⬛
⬛⬛⬜⬜⬜⬜⬜⬜⬜⬛⬛⬛
⬜⬜⬜⬜⬜⬜⬛⬜⬛⬜⬛⬛
⬜⬜⬜⬜⬜⬜⬜⬜⬜⬜⬛⬜
⬜⬜⬜⬜⬜⬜⬛⬜⬜⬜⬜⬜


Score: 873
High Score: 5660
⬛⬛⬛⬛⬛⬛⬛⬛⬛⬛⬜⬛
⬛⬛⬛⬛⬛⬛⬛⬛⬛⬛⬜⬜
⬛⬛⬛⬛⬛⬛⬛⬛⬛⬛⬜⬛
⬛⬛⬛⬛⬛⬛⬛⬛⬛⬛⬛⬛
⬛⬛⬛⬛⬛⬛⬛⬛⬛⬛⬛⬛
⬛⬛⬛⬛⬛⬛⬛⬛⬛⬛⬛⬛
⬛⬛⬛⬛⬛⬛⬛⬛⬛⬛⬛⬛
⬛⬛⬛⬛⬛⬛⬛⬛⬛⬛⬛⬛
⬛⬛⬛⬛⬜⬛⬛⬛⬛⬛⬛⬛
⬛⬛⬛⬛⬜⬜⬛⬛⬛⬛⬛⬛
⬛⬛⬜⬜⬜⬜⬜⬛⬛⬛⬛⬛
⬛⬛⬜⬜⬜⬜⬜⬜⬜⬛⬛⬛
⬜⬜⬜⬜⬜⬜⬛⬜⬛⬜⬛⬛
⬜⬜⬜⬜⬜⬜⬜⬜⬜⬜⬛⬜
⬜⬜⬜⬜⬜⬜⬛⬜⬜⬜⬜⬜


Before clearing:
⬛⬛⬛⬛⬛⬛⬛⬛⬛⬛⬛⬛
⬛⬛⬛⬛⬛⬛⬛⬛⬛⬛⬛⬛
⬛⬛⬛⬛⬛⬛⬛⬛⬛⬛⬛⬛
⬛⬛⬛⬛⬛⬛⬛⬛⬛⬛⬛⬛
⬛⬛⬛⬛⬛⬛⬛⬛⬛⬛⬛⬛
⬛⬛⬛⬛⬛⬛⬛⬛⬛⬛⬛⬛
⬛⬛⬛⬛⬛⬛⬛⬛⬛⬛⬛⬛
⬛⬛⬛⬛⬛⬛⬛⬛⬛⬛⬛⬛
⬛⬛⬛⬛⬜⬛⬛⬛⬛⬛⬛⬛
⬛⬛⬛⬛⬜⬜⬛⬛⬛⬛⬛⬛
⬛⬛⬜⬜⬜⬜⬜⬛⬛⬛⬛⬛
⬛⬛⬜⬜⬜⬜⬜⬜⬜⬛⬜⬛
⬜⬜⬜⬜⬜⬜⬛⬜⬛⬜⬜⬜
⬜⬜⬜⬜⬜⬜⬜⬜⬜⬜⬜⬜
⬜⬜⬜⬜⬜⬜⬛⬜⬜⬜⬜⬜


Score: 929
High Score: 5660
⬛⬜⬛⬛⬛⬛⬛⬛⬛⬛⬛⬛
⬜⬜⬜⬛⬛⬛⬛⬛⬛⬛⬛⬛
⬛⬜⬛⬛⬛⬛⬛⬛⬛⬛⬛⬛
⬛⬛⬛⬛⬛⬛⬛⬛⬛⬛⬛⬛
⬛⬛⬛⬛⬛⬛⬛⬛⬛⬛⬛⬛
⬛⬛⬛⬛⬛⬛⬛⬛⬛⬛⬛⬛
⬛⬛⬛⬛⬛⬛⬛⬛⬛⬛⬛⬛
⬛⬛⬛⬛⬛⬛⬛⬛⬛⬛⬛⬛
⬛⬛⬛⬛⬛⬛⬛⬛⬛⬛⬛⬛
⬛⬛⬛⬛⬜⬛⬛⬛⬛⬛⬛⬛
⬛⬛⬛⬛⬜⬜⬛⬛⬛⬛⬛⬛
⬛⬛⬜⬜⬜⬜⬜⬛⬛⬛⬛⬛
⬛⬛⬜⬜⬜⬜⬜⬜⬜⬛⬜⬛
⬜⬜⬜⬜⬜⬜⬛⬜⬛⬜⬜⬜
⬜⬜⬜⬜⬜⬜⬛⬜⬜⬜⬜⬜


Score: 929
High Score: 5660
⬛⬛⬛⬛⬛⬛⬛⬛⬛⬜⬛⬛
⬛⬛⬛⬛⬛⬛⬛⬛⬜⬜⬜⬛
⬛⬛⬛⬛⬛⬛⬛⬛⬛⬜⬛⬛
⬛⬛⬛⬛⬛⬛⬛⬛⬛⬛⬛⬛
⬛⬛⬛⬛⬛⬛⬛⬛⬛⬛⬛⬛
⬛⬛⬛⬛⬛⬛⬛⬛⬛⬛⬛⬛
⬛⬛⬛⬛⬛⬛⬛⬛⬛⬛⬛⬛
⬛⬛⬛⬛⬛⬛⬛⬛⬛⬛⬛⬛
⬛⬛⬛⬛⬛⬛⬛⬛⬛⬛⬛⬛
⬛⬛⬛⬛⬜⬛⬛⬛⬛⬛⬛⬛
⬛⬛⬛⬛⬜⬜⬛⬛⬛⬛⬛⬛
⬛⬛⬜⬜⬜⬜⬜⬛⬛⬛⬛⬛
⬛⬛⬜⬜⬜⬜⬜⬜⬜⬛⬜⬛
⬜⬜⬜⬜⬜⬜⬛⬜⬛⬜⬜⬜
⬜⬜⬜⬜⬜⬜⬛⬜⬜⬜⬜⬜


Score: 979
High Score: 5660
⬜⬜⬛⬛⬛⬛⬛⬛⬛⬛⬛⬛
⬛⬜⬜⬛⬛⬛⬛⬛⬛⬛⬛⬛
⬛⬛⬛⬛⬛⬛⬛⬛⬛⬛⬛⬛
⬛⬛⬛⬛⬛⬛⬛⬛⬛⬛⬛⬛
⬛⬛⬛⬛⬛⬛⬛⬛⬛⬛⬛⬛
⬛⬛⬛⬛⬛⬛⬛⬛⬛⬛⬛⬛
⬛⬛⬛⬛⬛⬛⬛⬛⬛⬛⬛⬛
⬛⬛⬛⬛⬛⬛⬛⬛⬛⬛⬛⬛
⬛⬛⬛⬛⬛⬛⬛⬛⬛⬛⬛⬛
⬛⬛⬛⬛⬜⬛⬛⬛⬛⬛⬛⬛
⬛⬛⬛⬛⬜⬜⬛⬛⬛⬜⬛⬛
⬛⬛⬜⬜⬜⬜⬜⬛⬜⬜⬜⬛
⬛⬛⬜⬜⬜⬜⬜⬜⬜⬜⬜⬛
⬜⬜⬜⬜⬜⬜⬛⬜⬛⬜⬜⬜
⬜⬜⬜⬜⬜⬜⬛⬜⬜⬜⬜⬜


Score: 979
High Score: 5660
⬛⬛⬛⬛⬛⬛⬛⬛⬜⬛⬛⬛
⬛⬛⬛⬛⬛⬛⬛⬜⬜⬛⬛⬛
⬛⬛⬛⬛⬛⬛⬛⬜⬛⬛⬛⬛
⬛⬛⬛⬛⬛⬛⬛⬛⬛⬛⬛⬛
⬛⬛⬛⬛⬛⬛⬛⬛⬛⬛⬛⬛
⬛⬛⬛⬛⬛⬛⬛⬛⬛⬛⬛⬛
⬛⬛⬛⬛⬛⬛⬛⬛⬛⬛⬛⬛
⬛⬛⬛⬛⬛⬛⬛⬛⬛⬛⬛⬛
⬛⬛⬛⬛⬛⬛⬛⬛⬛⬛⬛⬛
⬛⬛⬛⬛⬜⬛⬛⬛⬛⬛⬛⬛
⬛⬛⬛⬛⬜⬜⬛⬛⬛⬜⬛⬛
⬛⬛⬜⬜⬜⬜⬜⬛⬜⬜⬜⬛
⬛⬛⬜⬜⬜⬜⬜⬜⬜⬜⬜⬛
⬜⬜⬜⬜⬜⬜⬛⬜⬛⬜⬜⬜
⬜⬜⬜⬜⬜⬜⬛⬜⬜⬜⬜⬜


Score: 1015
High Score: 5660
⬛⬜⬛⬛⬛⬛⬛⬛⬛⬛⬛⬛
⬜⬜⬜⬛⬛⬛⬛⬛⬛⬛⬛⬛
⬛⬜⬛⬛⬛⬛⬛⬛⬛⬛⬛⬛
⬛⬛⬛⬛⬛⬛⬛⬛⬛⬛⬛⬛
⬛⬛⬛⬛⬛⬛⬛⬛⬛⬛⬛⬛
⬛⬛⬛⬛⬛⬛⬛⬛⬛⬛⬛⬛
⬛⬛⬛⬛⬛⬛⬛⬛⬛⬛⬛⬛
⬛⬛⬛⬛⬛⬛⬛⬛⬛⬛⬛⬛
⬛⬛⬛⬛⬛⬛⬛⬛⬛⬛⬛⬛
⬛⬛⬛⬛⬜⬛⬛⬛⬜⬛⬛⬛
⬛⬛⬛⬛⬜⬜⬛⬜⬜⬜⬛⬛
⬛⬛⬜⬜⬜⬜⬜⬜⬜⬜⬜⬛
⬛⬛⬜⬜⬜⬜⬜⬜⬜⬜⬜⬛
⬜⬜⬜⬜⬜⬜⬛⬜⬛⬜⬜⬜
⬜⬜⬜⬜⬜⬜⬛⬜⬜⬜⬜⬜


Score: 1015
High Score: 5660
⬛⬛⬛⬛⬛⬛⬜⬛⬛⬛⬛⬛
⬛⬛⬛⬛⬛⬜⬜⬜⬛⬛⬛⬛
⬛⬛⬛⬛⬛⬛⬜⬛⬛⬛⬛⬛
⬛⬛⬛⬛⬛⬛⬛⬛⬛⬛⬛⬛
⬛⬛⬛⬛⬛⬛⬛⬛⬛⬛⬛⬛
⬛⬛⬛⬛⬛⬛⬛⬛⬛⬛⬛⬛
⬛⬛⬛⬛⬛⬛⬛⬛⬛⬛⬛⬛
⬛⬛⬛⬛⬛⬛⬛⬛⬛⬛⬛⬛
⬛⬛⬛⬛⬛⬛⬛⬛⬛⬛⬛⬛
⬛⬛⬛⬛⬜⬛⬛⬛⬜⬛⬛⬛
⬛⬛⬛⬛⬜⬜⬛⬜⬜⬜⬛⬛
⬛⬛⬜⬜⬜⬜⬜⬜⬜⬜⬜⬛
⬛⬛⬜⬜⬜⬜⬜⬜⬜⬜⬜⬛
⬜⬜⬜⬜⬜⬜⬛⬜⬛⬜⬜⬜
⬜⬜⬜⬜⬜⬜⬛⬜⬜⬜⬜⬜


Score: 1055
High Score: 5660
⬜⬛⬜⬛⬛⬛⬛⬛⬛⬛⬛⬛
⬛⬜⬛⬛⬛⬛⬛⬛⬛⬛⬛⬛
⬜⬛⬜⬛⬛⬛⬛⬛⬛⬛⬛⬛
⬛⬛⬛⬛⬛⬛⬛⬛⬛⬛⬛⬛
⬛⬛⬛⬛⬛⬛⬛⬛⬛⬛⬛⬛
⬛⬛⬛⬛⬛⬛⬛⬛⬛⬛⬛⬛
⬛⬛⬛⬛⬛⬛⬛⬛⬛⬛⬛⬛
⬛⬛⬛⬛⬛⬛⬛⬛⬛⬛⬛⬛
⬛⬛⬛⬛⬛⬛⬜⬛⬛⬛⬛⬛
⬛⬛⬛⬛⬜⬜⬜⬜⬜⬛⬛⬛
⬛⬛⬛⬛⬜⬜⬜⬜⬜⬜⬛⬛
⬛⬛⬜⬜⬜⬜⬜⬜⬜⬜⬜⬛
⬛⬛⬜⬜⬜⬜⬜⬜⬜⬜⬜⬛
⬜⬜⬜⬜⬜⬜⬛⬜⬛⬜⬜⬜
⬜⬜⬜⬜⬜⬜⬛⬜⬜⬜⬜⬜


Score: 1055
High Score: 5660
⬛⬛⬛⬛⬛⬜⬛⬜⬛⬛⬛⬛
⬛⬛⬛⬛⬛⬛⬜⬛⬛⬛⬛⬛
⬛⬛⬛⬛⬛⬜⬛⬜⬛⬛⬛⬛
⬛⬛⬛⬛⬛⬛⬛⬛⬛⬛⬛⬛
⬛⬛⬛⬛⬛⬛⬛⬛⬛⬛⬛⬛
⬛⬛⬛⬛⬛⬛⬛⬛⬛⬛⬛⬛
⬛⬛⬛⬛⬛⬛⬛⬛⬛⬛⬛⬛
⬛⬛⬛⬛⬛⬛⬛⬛⬛⬛⬛⬛
⬛⬛⬛⬛⬛⬛⬜⬛⬛⬛⬛⬛
⬛⬛⬛⬛⬜⬜⬜⬜⬜⬛⬛⬛
⬛⬛⬛⬛⬜⬜⬜⬜⬜⬜⬛⬛
⬛⬛⬜⬜⬜⬜⬜⬜⬜⬜⬜⬛
⬛⬛⬜⬜⬜⬜⬜⬜⬜⬜⬜⬛
⬜⬜⬜⬜⬜⬜⬛⬜⬛⬜⬜⬜
⬜⬜⬜⬜⬜⬜⬛⬜⬜⬜⬜⬜


Score: 1085
High Score: 5660
⬜⬛⬜⬛⬛⬛⬛⬛⬛⬛⬛⬛
⬜⬜⬜⬛⬛⬛⬛⬛⬛⬛⬛⬛
⬛⬛⬛⬛⬛⬛⬛⬛⬛⬛⬛⬛
⬛⬛⬛⬛⬛⬛⬛⬛⬛⬛⬛⬛
⬛⬛⬛⬛⬛⬛⬛⬛⬛⬛⬛⬛
⬛⬛⬛⬛⬛⬛⬛⬛⬛⬛⬛⬛
⬛⬛⬛⬛⬛⬜⬛⬜⬛⬛⬛⬛
⬛⬛⬛⬛⬛⬛⬜⬛⬛⬛⬛⬛
⬛⬛⬛⬛⬛⬜⬜⬜⬛⬛⬛⬛
⬛⬛⬛⬛⬜⬜⬜⬜⬜⬛⬛⬛
⬛⬛⬛⬛⬜⬜⬜⬜⬜⬜⬛⬛
⬛⬛⬜⬜⬜⬜⬜⬜⬜⬜⬜⬛
⬛⬛⬜⬜⬜⬜⬜⬜⬜⬜⬜⬛
⬜⬜⬜⬜⬜⬜⬛⬜⬛⬜⬜⬜
⬜⬜⬜⬜⬜⬜⬛⬜⬜⬜⬜⬜


Score: 1085
High Score: 5660
⬜⬜⬛⬛⬛⬛⬛⬛⬛⬛⬛⬛
⬜⬛⬛⬛⬛⬛⬛⬛⬛⬛⬛⬛
⬜⬜⬛⬛⬛⬛⬛⬛⬛⬛⬛⬛
⬛⬛⬛⬛⬛⬛⬛⬛⬛⬛⬛⬛
⬛⬛⬛⬛⬛⬛⬛⬛⬛⬛⬛⬛
⬛⬛⬛⬛⬛⬛⬛⬛⬛⬛⬛⬛
⬛⬛⬛⬛⬛⬜⬛⬜⬛⬛⬛⬛
⬛⬛⬛⬛⬛⬛⬜⬛⬛⬛⬛⬛
⬛⬛⬛⬛⬛⬜⬜⬜⬛⬛⬛⬛
⬛⬛⬛⬛⬜⬜⬜⬜⬜⬛⬛⬛
⬛⬛⬛⬛⬜⬜⬜⬜⬜⬜⬛⬛
⬛⬛⬜⬜⬜⬜⬜⬜⬜⬜⬜⬛
⬛⬛⬜⬜⬜⬜⬜⬜⬜⬜⬜⬛
⬜⬜⬜⬜⬜⬜⬛⬜⬛⬜⬜⬜
⬜⬜⬜⬜⬜⬜⬛⬜⬜⬜⬜⬜


Score: 1135
High Score: 5660
⬜⬛⬛⬛⬛⬛⬛⬛⬛⬛⬛⬛
⬛⬛⬛⬛⬛⬛⬛⬛⬛⬛⬛⬛
⬛⬛⬛⬛⬛⬛⬛⬛⬛⬛⬛⬛
⬛⬛⬛⬛⬛⬛⬛⬛⬛⬛⬛⬛
⬛⬛⬛⬛⬛⬛⬛⬛⬛⬛⬛⬛
⬛⬛⬛⬛⬛⬛⬛⬛⬛⬛⬛⬛
⬛⬛⬛⬛⬛⬜⬛⬜⬛⬛⬛⬛
⬛⬛⬛⬛⬛⬛⬜⬛⬛⬛⬛⬛
⬛⬛⬛⬛⬛⬜⬜⬜⬛⬛⬛⬛
⬛⬛⬛⬛⬜⬜⬜⬜⬜⬛⬛⬛
⬜⬜⬛⬛⬜⬜⬜⬜⬜⬜⬛⬛
⬜⬛⬜⬜⬜⬜⬜⬜⬜⬜⬜⬛
⬜⬜⬜⬜⬜⬜⬜⬜⬜⬜⬜⬛
⬜⬜⬜⬜⬜⬜⬛⬜⬛⬜⬜⬜
⬜⬜⬜⬜⬜⬜⬛⬜⬜⬜⬜⬜


Score: 1135
High Score: 5660
⬛⬛⬛⬛⬛⬛⬛⬛⬛⬛⬛⬜
⬛⬛⬛⬛⬛⬛⬛⬛⬛⬛⬛⬛
⬛⬛⬛⬛⬛⬛⬛⬛⬛⬛⬛⬛
⬛⬛⬛⬛⬛⬛⬛⬛⬛⬛⬛⬛
⬛⬛⬛⬛⬛⬛⬛⬛⬛⬛⬛⬛
⬛⬛⬛⬛⬛⬛⬛⬛⬛⬛⬛⬛
⬛⬛⬛⬛⬛⬜⬛⬜⬛⬛⬛⬛
⬛⬛⬛⬛⬛⬛⬜⬛⬛⬛⬛⬛
⬛⬛⬛⬛⬛⬜⬜⬜⬛⬛⬛⬛
⬛⬛⬛⬛⬜⬜⬜⬜⬜⬛⬛⬛
⬜⬜⬛⬛⬜⬜⬜⬜⬜⬜⬛⬛
⬜⬛⬜⬜⬜⬜⬜⬜⬜⬜⬜⬛
⬜⬜⬜⬜⬜⬜⬜⬜⬜⬜⬜⬛
⬜⬜⬜⬜⬜⬜⬛⬜⬛⬜⬜⬜
⬜⬜⬜⬜⬜⬜⬛⬜⬜⬜⬜⬜


Before clearing:
⬛⬛⬛⬛⬛⬛⬛⬛⬛⬛⬛⬛
⬛⬛⬛⬛⬛⬛⬛⬛⬛⬛⬛⬛
⬛⬛⬛⬛⬛⬛⬛⬛⬛⬛⬛⬛
⬛⬛⬛⬛⬛⬛⬛⬛⬛⬛⬛⬛
⬛⬛⬛⬛⬛⬛⬛⬛⬛⬛⬛⬛
⬛⬛⬛⬛⬛⬛⬛⬛⬛⬛⬛⬛
⬛⬛⬛⬛⬛⬜⬛⬜⬛⬛⬛⬛
⬛⬛⬛⬛⬛⬛⬜⬛⬛⬛⬛⬛
⬛⬛⬛⬛⬛⬜⬜⬜⬛⬛⬛⬛
⬛⬛⬛⬛⬜⬜⬜⬜⬜⬛⬛⬛
⬜⬜⬛⬛⬜⬜⬜⬜⬜⬜⬛⬛
⬜⬛⬜⬜⬜⬜⬜⬜⬜⬜⬜⬛
⬜⬜⬜⬜⬜⬜⬜⬜⬜⬜⬜⬜
⬜⬜⬜⬜⬜⬜⬛⬜⬛⬜⬜⬜
⬜⬜⬜⬜⬜⬜⬛⬜⬜⬜⬜⬜


Score: 1159
High Score: 5660
⬜⬜⬛⬛⬛⬛⬛⬛⬛⬛⬛⬛
⬛⬛⬛⬛⬛⬛⬛⬛⬛⬛⬛⬛
⬛⬛⬛⬛⬛⬛⬛⬛⬛⬛⬛⬛
⬛⬛⬛⬛⬛⬛⬛⬛⬛⬛⬛⬛
⬛⬛⬛⬛⬛⬛⬛⬛⬛⬛⬛⬛
⬛⬛⬛⬛⬛⬛⬛⬛⬛⬛⬛⬛
⬛⬛⬛⬛⬛⬛⬛⬛⬛⬛⬛⬛
⬛⬛⬛⬛⬛⬜⬛⬜⬛⬛⬛⬛
⬛⬛⬛⬛⬛⬛⬜⬛⬛⬛⬛⬛
⬛⬛⬛⬛⬛⬜⬜⬜⬛⬛⬛⬛
⬛⬛⬛⬛⬜⬜⬜⬜⬜⬛⬛⬛
⬜⬜⬛⬛⬜⬜⬜⬜⬜⬜⬛⬛
⬜⬛⬜⬜⬜⬜⬜⬜⬜⬜⬜⬛
⬜⬜⬜⬜⬜⬜⬛⬜⬛⬜⬜⬜
⬜⬜⬜⬜⬜⬜⬛⬜⬜⬜⬜⬜


Score: 1159
High Score: 5660
⬛⬛⬛⬛⬛⬛⬛⬛⬛⬛⬛⬜
⬛⬛⬛⬛⬛⬛⬛⬛⬛⬛⬛⬜
⬛⬛⬛⬛⬛⬛⬛⬛⬛⬛⬛⬛
⬛⬛⬛⬛⬛⬛⬛⬛⬛⬛⬛⬛
⬛⬛⬛⬛⬛⬛⬛⬛⬛⬛⬛⬛
⬛⬛⬛⬛⬛⬛⬛⬛⬛⬛⬛⬛
⬛⬛⬛⬛⬛⬛⬛⬛⬛⬛⬛⬛
⬛⬛⬛⬛⬛⬜⬛⬜⬛⬛⬛⬛
⬛⬛⬛⬛⬛⬛⬜⬛⬛⬛⬛⬛
⬛⬛⬛⬛⬛⬜⬜⬜⬛⬛⬛⬛
⬛⬛⬛⬛⬜⬜⬜⬜⬜⬛⬛⬛
⬜⬜⬛⬛⬜⬜⬜⬜⬜⬜⬛⬛
⬜⬛⬜⬜⬜⬜⬜⬜⬜⬜⬜⬛
⬜⬜⬜⬜⬜⬜⬛⬜⬛⬜⬜⬜
⬜⬜⬜⬜⬜⬜⬛⬜⬜⬜⬜⬜


Score: 1181
High Score: 5660
⬜⬜⬜⬛⬛⬛⬛⬛⬛⬛⬛⬛
⬛⬛⬛⬛⬛⬛⬛⬛⬛⬛⬛⬛
⬛⬛⬛⬛⬛⬛⬛⬛⬛⬛⬛⬛
⬛⬛⬛⬛⬛⬛⬛⬛⬛⬛⬛⬛
⬛⬛⬛⬛⬛⬛⬛⬛⬛⬛⬛⬛
⬛⬛⬛⬛⬛⬛⬛⬛⬛⬛⬛⬛
⬛⬛⬛⬛⬛⬛⬛⬛⬛⬛⬛⬛
⬛⬛⬛⬛⬛⬜⬛⬜⬛⬛⬛⬛
⬛⬛⬛⬛⬛⬛⬜⬛⬛⬛⬛⬛
⬛⬛⬛⬛⬛⬜⬜⬜⬛⬛⬛⬛
⬛⬛⬛⬛⬜⬜⬜⬜⬜⬛⬛⬛
⬜⬜⬛⬛⬜⬜⬜⬜⬜⬜⬛⬜
⬜⬛⬜⬜⬜⬜⬜⬜⬜⬜⬜⬜
⬜⬜⬜⬜⬜⬜⬛⬜⬛⬜⬜⬜
⬜⬜⬜⬜⬜⬜⬛⬜⬜⬜⬜⬜


Score: 1181
High Score: 5660
⬛⬛⬛⬛⬛⬛⬛⬛⬛⬛⬛⬜
⬛⬛⬛⬛⬛⬛⬛⬛⬛⬛⬛⬜
⬛⬛⬛⬛⬛⬛⬛⬛⬛⬛⬛⬜
⬛⬛⬛⬛⬛⬛⬛⬛⬛⬛⬛⬛
⬛⬛⬛⬛⬛⬛⬛⬛⬛⬛⬛⬛
⬛⬛⬛⬛⬛⬛⬛⬛⬛⬛⬛⬛
⬛⬛⬛⬛⬛⬛⬛⬛⬛⬛⬛⬛
⬛⬛⬛⬛⬛⬜⬛⬜⬛⬛⬛⬛
⬛⬛⬛⬛⬛⬛⬜⬛⬛⬛⬛⬛
⬛⬛⬛⬛⬛⬜⬜⬜⬛⬛⬛⬛
⬛⬛⬛⬛⬜⬜⬜⬜⬜⬛⬛⬛
⬜⬜⬛⬛⬜⬜⬜⬜⬜⬜⬛⬜
⬜⬛⬜⬜⬜⬜⬜⬜⬜⬜⬜⬜
⬜⬜⬜⬜⬜⬜⬛⬜⬛⬜⬜⬜
⬜⬜⬜⬜⬜⬜⬛⬜⬜⬜⬜⬜


Score: 1205
High Score: 5660
⬜⬜⬜⬜⬛⬛⬛⬛⬛⬛⬛⬛
⬛⬛⬛⬛⬛⬛⬛⬛⬛⬛⬛⬛
⬛⬛⬛⬛⬛⬛⬛⬛⬛⬛⬛⬛
⬛⬛⬛⬛⬛⬛⬛⬛⬛⬛⬛⬛
⬛⬛⬛⬛⬛⬛⬛⬛⬛⬛⬛⬛
⬛⬛⬛⬛⬛⬛⬛⬛⬛⬛⬛⬛
⬛⬛⬛⬛⬛⬛⬛⬛⬛⬛⬛⬛
⬛⬛⬛⬛⬛⬜⬛⬜⬛⬛⬛⬛
⬛⬛⬛⬛⬛⬛⬜⬛⬛⬛⬛⬜
⬛⬛⬛⬛⬛⬜⬜⬜⬛⬛⬛⬜
⬛⬛⬛⬛⬜⬜⬜⬜⬜⬛⬛⬜
⬜⬜⬛⬛⬜⬜⬜⬜⬜⬜⬛⬜
⬜⬛⬜⬜⬜⬜⬜⬜⬜⬜⬜⬜
⬜⬜⬜⬜⬜⬜⬛⬜⬛⬜⬜⬜
⬜⬜⬜⬜⬜⬜⬛⬜⬜⬜⬜⬜


Score: 1205
High Score: 5660
⬛⬛⬛⬛⬛⬛⬛⬛⬛⬛⬜⬛
⬛⬛⬛⬛⬛⬛⬛⬛⬛⬛⬜⬛
⬛⬛⬛⬛⬛⬛⬛⬛⬛⬛⬜⬛
⬛⬛⬛⬛⬛⬛⬛⬛⬛⬛⬜⬛
⬛⬛⬛⬛⬛⬛⬛⬛⬛⬛⬛⬛
⬛⬛⬛⬛⬛⬛⬛⬛⬛⬛⬛⬛
⬛⬛⬛⬛⬛⬛⬛⬛⬛⬛⬛⬛
⬛⬛⬛⬛⬛⬜⬛⬜⬛⬛⬛⬛
⬛⬛⬛⬛⬛⬛⬜⬛⬛⬛⬛⬜
⬛⬛⬛⬛⬛⬜⬜⬜⬛⬛⬛⬜
⬛⬛⬛⬛⬜⬜⬜⬜⬜⬛⬛⬜
⬜⬜⬛⬛⬜⬜⬜⬜⬜⬜⬛⬜
⬜⬛⬜⬜⬜⬜⬜⬜⬜⬜⬜⬜
⬜⬜⬜⬜⬜⬜⬛⬜⬛⬜⬜⬜
⬜⬜⬜⬜⬜⬜⬛⬜⬜⬜⬜⬜


Score: 1237
High Score: 5660
⬜⬜⬛⬛⬛⬛⬛⬛⬛⬛⬛⬛
⬜⬜⬛⬛⬛⬛⬛⬛⬛⬛⬛⬛
⬛⬛⬛⬛⬛⬛⬛⬛⬛⬛⬛⬛
⬛⬛⬛⬛⬛⬛⬛⬛⬛⬛⬛⬛
⬛⬛⬛⬛⬛⬛⬛⬛⬛⬛⬛⬛
⬛⬛⬛⬛⬛⬛⬛⬛⬛⬛⬛⬛
⬛⬛⬛⬛⬛⬛⬛⬛⬛⬛⬛⬛
⬛⬛⬛⬛⬛⬜⬛⬜⬛⬛⬛⬛
⬛⬛⬛⬛⬛⬛⬜⬛⬛⬛⬜⬜
⬛⬛⬛⬛⬛⬜⬜⬜⬛⬛⬜⬜
⬛⬛⬛⬛⬜⬜⬜⬜⬜⬛⬜⬜
⬜⬜⬛⬛⬜⬜⬜⬜⬜⬜⬜⬜
⬜⬛⬜⬜⬜⬜⬜⬜⬜⬜⬜⬜
⬜⬜⬜⬜⬜⬜⬛⬜⬛⬜⬜⬜
⬜⬜⬜⬜⬜⬜⬛⬜⬜⬜⬜⬜


Score: 1237
High Score: 5660
⬛⬛⬜⬜⬛⬛⬛⬛⬛⬛⬛⬛
⬛⬛⬜⬜⬛⬛⬛⬛⬛⬛⬛⬛
⬛⬛⬛⬛⬛⬛⬛⬛⬛⬛⬛⬛
⬛⬛⬛⬛⬛⬛⬛⬛⬛⬛⬛⬛
⬛⬛⬛⬛⬛⬛⬛⬛⬛⬛⬛⬛
⬛⬛⬛⬛⬛⬛⬛⬛⬛⬛⬛⬛
⬛⬛⬛⬛⬛⬛⬛⬛⬛⬛⬛⬛
⬛⬛⬛⬛⬛⬜⬛⬜⬛⬛⬛⬛
⬛⬛⬛⬛⬛⬛⬜⬛⬛⬛⬜⬜
⬛⬛⬛⬛⬛⬜⬜⬜⬛⬛⬜⬜
⬛⬛⬛⬛⬜⬜⬜⬜⬜⬛⬜⬜
⬜⬜⬛⬛⬜⬜⬜⬜⬜⬜⬜⬜
⬜⬛⬜⬜⬜⬜⬜⬜⬜⬜⬜⬜
⬜⬜⬜⬜⬜⬜⬛⬜⬛⬜⬜⬜
⬜⬜⬜⬜⬜⬜⬛⬜⬜⬜⬜⬜


Before clearing:
⬛⬛⬛⬛⬛⬛⬛⬛⬛⬛⬛⬛
⬛⬛⬛⬛⬛⬛⬛⬛⬛⬛⬛⬛
⬛⬛⬛⬛⬛⬛⬛⬛⬛⬛⬛⬛
⬛⬛⬛⬛⬛⬛⬛⬛⬛⬛⬛⬛
⬛⬛⬛⬛⬛⬛⬛⬛⬛⬛⬛⬛
⬛⬛⬛⬛⬛⬛⬛⬛⬛⬛⬛⬛
⬛⬛⬛⬛⬛⬛⬛⬛⬛⬛⬛⬛
⬛⬛⬛⬛⬛⬜⬛⬜⬛⬛⬛⬛
⬛⬛⬛⬛⬛⬛⬜⬛⬛⬛⬜⬜
⬛⬛⬛⬛⬛⬜⬜⬜⬛⬛⬜⬜
⬛⬛⬜⬜⬜⬜⬜⬜⬜⬛⬜⬜
⬜⬜⬜⬜⬜⬜⬜⬜⬜⬜⬜⬜
⬜⬛⬜⬜⬜⬜⬜⬜⬜⬜⬜⬜
⬜⬜⬜⬜⬜⬜⬛⬜⬛⬜⬜⬜
⬜⬜⬜⬜⬜⬜⬛⬜⬜⬜⬜⬜


Score: 1289
High Score: 5660
⬜⬛⬛⬛⬛⬛⬛⬛⬛⬛⬛⬛
⬛⬜⬛⬛⬛⬛⬛⬛⬛⬛⬛⬛
⬛⬛⬛⬛⬛⬛⬛⬛⬛⬛⬛⬛
⬛⬛⬛⬛⬛⬛⬛⬛⬛⬛⬛⬛
⬛⬛⬛⬛⬛⬛⬛⬛⬛⬛⬛⬛
⬛⬛⬛⬛⬛⬛⬛⬛⬛⬛⬛⬛
⬛⬛⬛⬛⬛⬛⬛⬛⬛⬛⬛⬛
⬛⬛⬛⬛⬛⬛⬛⬛⬛⬛⬛⬛
⬛⬛⬛⬛⬛⬜⬛⬜⬛⬛⬛⬛
⬛⬛⬛⬛⬛⬛⬜⬛⬛⬛⬜⬜
⬛⬛⬛⬛⬛⬜⬜⬜⬛⬛⬜⬜
⬛⬛⬜⬜⬜⬜⬜⬜⬜⬛⬜⬜
⬜⬛⬜⬜⬜⬜⬜⬜⬜⬜⬜⬜
⬜⬜⬜⬜⬜⬜⬛⬜⬛⬜⬜⬜
⬜⬜⬜⬜⬜⬜⬛⬜⬜⬜⬜⬜


Score: 1289
High Score: 5660
⬜⬛⬛⬛⬛⬛⬛⬛⬛⬛⬛⬛
⬛⬜⬛⬛⬛⬛⬛⬛⬛⬛⬛⬛
⬛⬛⬛⬛⬛⬛⬛⬛⬛⬛⬛⬛
⬛⬛⬛⬛⬛⬛⬛⬛⬛⬛⬛⬛
⬛⬛⬛⬛⬛⬛⬛⬛⬛⬛⬛⬛
⬛⬛⬛⬛⬛⬛⬛⬛⬛⬛⬛⬛
⬛⬛⬛⬛⬛⬛⬛⬛⬛⬛⬛⬛
⬛⬛⬛⬛⬛⬛⬛⬛⬛⬛⬛⬛
⬛⬛⬛⬛⬛⬜⬛⬜⬛⬛⬛⬛
⬛⬛⬛⬛⬛⬛⬜⬛⬛⬛⬜⬜
⬛⬛⬛⬛⬛⬜⬜⬜⬛⬛⬜⬜
⬛⬛⬜⬜⬜⬜⬜⬜⬜⬛⬜⬜
⬜⬛⬜⬜⬜⬜⬜⬜⬜⬜⬜⬜
⬜⬜⬜⬜⬜⬜⬛⬜⬛⬜⬜⬜
⬜⬜⬜⬜⬜⬜⬛⬜⬜⬜⬜⬜


Before clearing:
⬛⬛⬛⬛⬛⬛⬛⬛⬛⬛⬛⬛
⬛⬛⬛⬛⬛⬛⬛⬛⬛⬛⬛⬛
⬛⬛⬛⬛⬛⬛⬛⬛⬛⬛⬛⬛
⬛⬛⬛⬛⬛⬛⬛⬛⬛⬛⬛⬛
⬛⬛⬛⬛⬛⬛⬛⬛⬛⬛⬛⬛
⬛⬛⬛⬛⬛⬛⬛⬛⬛⬛⬛⬛
⬛⬛⬛⬛⬛⬛⬛⬛⬛⬛⬛⬛
⬛⬛⬛⬛⬛⬛⬛⬛⬛⬛⬛⬛
⬛⬛⬛⬛⬛⬜⬛⬜⬛⬛⬛⬛
⬛⬛⬛⬛⬛⬛⬜⬛⬛⬛⬜⬜
⬛⬛⬛⬛⬛⬜⬜⬜⬛⬛⬜⬜
⬜⬛⬜⬜⬜⬜⬜⬜⬜⬛⬜⬜
⬜⬜⬜⬜⬜⬜⬜⬜⬜⬜⬜⬜
⬜⬜⬜⬜⬜⬜⬛⬜⬛⬜⬜⬜
⬜⬜⬜⬜⬜⬜⬛⬜⬜⬜⬜⬜


Score: 1323
High Score: 5660
⬜⬛⬛⬛⬛⬛⬛⬛⬛⬛⬛⬛
⬜⬛⬛⬛⬛⬛⬛⬛⬛⬛⬛⬛
⬜⬜⬛⬛⬛⬛⬛⬛⬛⬛⬛⬛
⬛⬛⬛⬛⬛⬛⬛⬛⬛⬛⬛⬛
⬛⬛⬛⬛⬛⬛⬛⬛⬛⬛⬛⬛
⬛⬛⬛⬛⬛⬛⬛⬛⬛⬛⬛⬛
⬛⬛⬛⬛⬛⬛⬛⬛⬛⬛⬛⬛
⬛⬛⬛⬛⬛⬛⬛⬛⬛⬛⬛⬛
⬛⬛⬛⬛⬛⬛⬛⬛⬛⬛⬛⬛
⬛⬛⬛⬛⬛⬜⬛⬜⬛⬛⬛⬛
⬛⬛⬛⬛⬛⬛⬜⬛⬛⬛⬜⬜
⬛⬛⬛⬛⬛⬜⬜⬜⬛⬛⬜⬜
⬜⬛⬜⬜⬜⬜⬜⬜⬜⬛⬜⬜
⬜⬜⬜⬜⬜⬜⬛⬜⬛⬜⬜⬜
⬜⬜⬜⬜⬜⬜⬛⬜⬜⬜⬜⬜


Score: 1323
High Score: 5660
⬛⬜⬜⬜⬛⬛⬛⬛⬛⬛⬛⬛
⬛⬜⬛⬛⬛⬛⬛⬛⬛⬛⬛⬛
⬛⬛⬛⬛⬛⬛⬛⬛⬛⬛⬛⬛
⬛⬛⬛⬛⬛⬛⬛⬛⬛⬛⬛⬛
⬛⬛⬛⬛⬛⬛⬛⬛⬛⬛⬛⬛
⬛⬛⬛⬛⬛⬛⬛⬛⬛⬛⬛⬛
⬛⬛⬛⬛⬛⬛⬛⬛⬛⬛⬛⬛
⬛⬛⬛⬛⬛⬛⬛⬛⬛⬛⬛⬛
⬛⬛⬛⬛⬛⬛⬛⬛⬛⬛⬛⬛
⬛⬛⬛⬛⬛⬜⬛⬜⬛⬛⬛⬛
⬛⬛⬛⬛⬛⬛⬜⬛⬛⬛⬜⬜
⬛⬛⬛⬛⬛⬜⬜⬜⬛⬛⬜⬜
⬜⬛⬜⬜⬜⬜⬜⬜⬜⬛⬜⬜
⬜⬜⬜⬜⬜⬜⬛⬜⬛⬜⬜⬜
⬜⬜⬜⬜⬜⬜⬛⬜⬜⬜⬜⬜


Score: 1367
High Score: 5660
⬜⬛⬛⬛⬛⬛⬛⬛⬛⬛⬛⬛
⬜⬜⬛⬛⬛⬛⬛⬛⬛⬛⬛⬛
⬛⬜⬛⬛⬛⬛⬛⬛⬛⬛⬛⬛
⬛⬛⬛⬛⬛⬛⬛⬛⬛⬛⬛⬛
⬛⬛⬛⬛⬛⬛⬛⬛⬛⬛⬛⬛
⬛⬛⬛⬛⬛⬛⬛⬛⬛⬛⬛⬛
⬛⬛⬛⬛⬛⬛⬛⬛⬛⬛⬛⬛
⬛⬛⬛⬛⬛⬛⬛⬛⬛⬛⬛⬛
⬛⬛⬛⬛⬛⬛⬛⬛⬛⬛⬛⬛
⬛⬛⬛⬛⬛⬜⬛⬜⬛⬛⬛⬛
⬛⬛⬛⬛⬛⬛⬜⬛⬛⬛⬜⬜
⬛⬜⬜⬜⬛⬜⬜⬜⬛⬛⬜⬜
⬜⬜⬜⬜⬜⬜⬜⬜⬜⬛⬜⬜
⬜⬜⬜⬜⬜⬜⬛⬜⬛⬜⬜⬜
⬜⬜⬜⬜⬜⬜⬛⬜⬜⬜⬜⬜


Score: 1367
High Score: 5660
⬛⬛⬛⬜⬛⬛⬛⬛⬛⬛⬛⬛
⬛⬛⬛⬜⬜⬛⬛⬛⬛⬛⬛⬛
⬛⬛⬛⬛⬜⬛⬛⬛⬛⬛⬛⬛
⬛⬛⬛⬛⬛⬛⬛⬛⬛⬛⬛⬛
⬛⬛⬛⬛⬛⬛⬛⬛⬛⬛⬛⬛
⬛⬛⬛⬛⬛⬛⬛⬛⬛⬛⬛⬛
⬛⬛⬛⬛⬛⬛⬛⬛⬛⬛⬛⬛
⬛⬛⬛⬛⬛⬛⬛⬛⬛⬛⬛⬛
⬛⬛⬛⬛⬛⬛⬛⬛⬛⬛⬛⬛
⬛⬛⬛⬛⬛⬜⬛⬜⬛⬛⬛⬛
⬛⬛⬛⬛⬛⬛⬜⬛⬛⬛⬜⬜
⬛⬜⬜⬜⬛⬜⬜⬜⬛⬛⬜⬜
⬜⬜⬜⬜⬜⬜⬜⬜⬜⬛⬜⬜
⬜⬜⬜⬜⬜⬜⬛⬜⬛⬜⬜⬜
⬜⬜⬜⬜⬜⬜⬛⬜⬜⬜⬜⬜


Score: 1403
High Score: 5660
⬜⬜⬜⬛⬛⬛⬛⬛⬛⬛⬛⬛
⬛⬜⬛⬛⬛⬛⬛⬛⬛⬛⬛⬛
⬛⬛⬛⬛⬛⬛⬛⬛⬛⬛⬛⬛
⬛⬛⬛⬛⬛⬛⬛⬛⬛⬛⬛⬛
⬛⬛⬛⬛⬛⬛⬛⬛⬛⬛⬛⬛
⬛⬛⬛⬛⬛⬛⬛⬛⬛⬛⬛⬛
⬛⬛⬛⬛⬛⬛⬛⬛⬛⬛⬛⬛
⬛⬛⬛⬛⬛⬛⬛⬛⬛⬛⬛⬛
⬛⬛⬛⬛⬛⬛⬛⬛⬛⬛⬛⬛
⬛⬛⬛⬜⬛⬜⬛⬜⬛⬛⬛⬛
⬛⬛⬛⬜⬜⬛⬜⬛⬛⬛⬜⬜
⬛⬜⬜⬜⬜⬜⬜⬜⬛⬛⬜⬜
⬜⬜⬜⬜⬜⬜⬜⬜⬜⬛⬜⬜
⬜⬜⬜⬜⬜⬜⬛⬜⬛⬜⬜⬜
⬜⬜⬜⬜⬜⬜⬛⬜⬜⬜⬜⬜


Score: 1403
High Score: 5660
⬜⬛⬛⬛⬛⬛⬛⬛⬛⬛⬛⬛
⬜⬜⬛⬛⬛⬛⬛⬛⬛⬛⬛⬛
⬜⬛⬛⬛⬛⬛⬛⬛⬛⬛⬛⬛
⬛⬛⬛⬛⬛⬛⬛⬛⬛⬛⬛⬛
⬛⬛⬛⬛⬛⬛⬛⬛⬛⬛⬛⬛
⬛⬛⬛⬛⬛⬛⬛⬛⬛⬛⬛⬛
⬛⬛⬛⬛⬛⬛⬛⬛⬛⬛⬛⬛
⬛⬛⬛⬛⬛⬛⬛⬛⬛⬛⬛⬛
⬛⬛⬛⬛⬛⬛⬛⬛⬛⬛⬛⬛
⬛⬛⬛⬜⬛⬜⬛⬜⬛⬛⬛⬛
⬛⬛⬛⬜⬜⬛⬜⬛⬛⬛⬜⬜
⬛⬜⬜⬜⬜⬜⬜⬜⬛⬛⬜⬜
⬜⬜⬜⬜⬜⬜⬜⬜⬜⬛⬜⬜
⬜⬜⬜⬜⬜⬜⬛⬜⬛⬜⬜⬜
⬜⬜⬜⬜⬜⬜⬛⬜⬜⬜⬜⬜


Score: 1439
High Score: 5660
⬛⬜⬛⬛⬛⬛⬛⬛⬛⬛⬛⬛
⬜⬜⬜⬛⬛⬛⬛⬛⬛⬛⬛⬛
⬛⬜⬛⬛⬛⬛⬛⬛⬛⬛⬛⬛
⬛⬛⬛⬛⬛⬛⬛⬛⬛⬛⬛⬛
⬛⬛⬛⬛⬛⬛⬛⬛⬛⬛⬛⬛
⬛⬛⬛⬛⬛⬛⬛⬛⬛⬛⬛⬛
⬛⬛⬛⬛⬛⬛⬛⬛⬛⬛⬛⬛
⬛⬛⬛⬛⬛⬛⬛⬛⬛⬛⬛⬛
⬛⬛⬛⬛⬛⬛⬛⬛⬛⬛⬛⬛
⬜⬛⬛⬜⬛⬜⬛⬜⬛⬛⬛⬛
⬜⬜⬛⬜⬜⬛⬜⬛⬛⬛⬜⬜
⬜⬜⬜⬜⬜⬜⬜⬜⬛⬛⬜⬜
⬜⬜⬜⬜⬜⬜⬜⬜⬜⬛⬜⬜
⬜⬜⬜⬜⬜⬜⬛⬜⬛⬜⬜⬜
⬜⬜⬜⬜⬜⬜⬛⬜⬜⬜⬜⬜


Score: 1439
High Score: 5660
⬛⬛⬛⬛⬜⬛⬛⬛⬛⬛⬛⬛
⬛⬛⬛⬜⬜⬜⬛⬛⬛⬛⬛⬛
⬛⬛⬛⬛⬜⬛⬛⬛⬛⬛⬛⬛
⬛⬛⬛⬛⬛⬛⬛⬛⬛⬛⬛⬛
⬛⬛⬛⬛⬛⬛⬛⬛⬛⬛⬛⬛
⬛⬛⬛⬛⬛⬛⬛⬛⬛⬛⬛⬛
⬛⬛⬛⬛⬛⬛⬛⬛⬛⬛⬛⬛
⬛⬛⬛⬛⬛⬛⬛⬛⬛⬛⬛⬛
⬛⬛⬛⬛⬛⬛⬛⬛⬛⬛⬛⬛
⬜⬛⬛⬜⬛⬜⬛⬜⬛⬛⬛⬛
⬜⬜⬛⬜⬜⬛⬜⬛⬛⬛⬜⬜
⬜⬜⬜⬜⬜⬜⬜⬜⬛⬛⬜⬜
⬜⬜⬜⬜⬜⬜⬜⬜⬜⬛⬜⬜
⬜⬜⬜⬜⬜⬜⬛⬜⬛⬜⬜⬜
⬜⬜⬜⬜⬜⬜⬛⬜⬜⬜⬜⬜


Score: 1474
High Score: 5660
⬜⬜⬛⬛⬛⬛⬛⬛⬛⬛⬛⬛
⬛⬜⬜⬛⬛⬛⬛⬛⬛⬛⬛⬛
⬛⬛⬛⬛⬛⬛⬛⬛⬛⬛⬛⬛
⬛⬛⬛⬛⬛⬛⬛⬛⬛⬛⬛⬛
⬛⬛⬛⬛⬛⬛⬛⬛⬛⬛⬛⬛
⬛⬛⬛⬛⬛⬛⬛⬛⬛⬛⬛⬛
⬛⬛⬛⬛⬛⬛⬛⬛⬛⬛⬛⬛
⬛⬛⬛⬛⬜⬛⬛⬛⬛⬛⬛⬛
⬛⬛⬛⬜⬜⬜⬛⬛⬛⬛⬛⬛
⬜⬛⬛⬜⬜⬜⬛⬜⬛⬛⬛⬛
⬜⬜⬛⬜⬜⬛⬜⬛⬛⬛⬜⬜
⬜⬜⬜⬜⬜⬜⬜⬜⬛⬛⬜⬜
⬜⬜⬜⬜⬜⬜⬜⬜⬜⬛⬜⬜
⬜⬜⬜⬜⬜⬜⬛⬜⬛⬜⬜⬜
⬜⬜⬜⬜⬜⬜⬛⬜⬜⬜⬜⬜


Score: 1474
High Score: 5660
⬛⬛⬛⬛⬛⬛⬛⬜⬛⬛⬛⬛
⬛⬛⬛⬛⬛⬛⬜⬜⬛⬛⬛⬛
⬛⬛⬛⬛⬛⬛⬜⬛⬛⬛⬛⬛
⬛⬛⬛⬛⬛⬛⬛⬛⬛⬛⬛⬛
⬛⬛⬛⬛⬛⬛⬛⬛⬛⬛⬛⬛
⬛⬛⬛⬛⬛⬛⬛⬛⬛⬛⬛⬛
⬛⬛⬛⬛⬛⬛⬛⬛⬛⬛⬛⬛
⬛⬛⬛⬛⬜⬛⬛⬛⬛⬛⬛⬛
⬛⬛⬛⬜⬜⬜⬛⬛⬛⬛⬛⬛
⬜⬛⬛⬜⬜⬜⬛⬜⬛⬛⬛⬛
⬜⬜⬛⬜⬜⬛⬜⬛⬛⬛⬜⬜
⬜⬜⬜⬜⬜⬜⬜⬜⬛⬛⬜⬜
⬜⬜⬜⬜⬜⬜⬜⬜⬜⬛⬜⬜
⬜⬜⬜⬜⬜⬜⬛⬜⬛⬜⬜⬜
⬜⬜⬜⬜⬜⬜⬛⬜⬜⬜⬜⬜


Score: 1502
High Score: 5660
⬛⬜⬛⬛⬛⬛⬛⬛⬛⬛⬛⬛
⬜⬜⬜⬛⬛⬛⬛⬛⬛⬛⬛⬛
⬛⬜⬛⬛⬛⬛⬛⬛⬛⬛⬛⬛
⬛⬛⬛⬛⬛⬛⬛⬛⬛⬛⬛⬛
⬛⬛⬛⬛⬛⬛⬛⬛⬛⬛⬛⬛
⬛⬛⬛⬛⬛⬛⬛⬛⬛⬛⬛⬛
⬛⬛⬛⬛⬛⬛⬛⬛⬛⬛⬛⬛
⬛⬛⬛⬛⬜⬛⬛⬜⬛⬛⬛⬛
⬛⬛⬛⬜⬜⬜⬜⬜⬛⬛⬛⬛
⬜⬛⬛⬜⬜⬜⬜⬜⬛⬛⬛⬛
⬜⬜⬛⬜⬜⬛⬜⬛⬛⬛⬜⬜
⬜⬜⬜⬜⬜⬜⬜⬜⬛⬛⬜⬜
⬜⬜⬜⬜⬜⬜⬜⬜⬜⬛⬜⬜
⬜⬜⬜⬜⬜⬜⬛⬜⬛⬜⬜⬜
⬜⬜⬜⬜⬜⬜⬛⬜⬜⬜⬜⬜


Score: 1502
High Score: 5660
⬛⬛⬛⬜⬛⬛⬛⬛⬛⬛⬛⬛
⬛⬛⬜⬜⬜⬛⬛⬛⬛⬛⬛⬛
⬛⬛⬛⬜⬛⬛⬛⬛⬛⬛⬛⬛
⬛⬛⬛⬛⬛⬛⬛⬛⬛⬛⬛⬛
⬛⬛⬛⬛⬛⬛⬛⬛⬛⬛⬛⬛
⬛⬛⬛⬛⬛⬛⬛⬛⬛⬛⬛⬛
⬛⬛⬛⬛⬛⬛⬛⬛⬛⬛⬛⬛
⬛⬛⬛⬛⬜⬛⬛⬜⬛⬛⬛⬛
⬛⬛⬛⬜⬜⬜⬜⬜⬛⬛⬛⬛
⬜⬛⬛⬜⬜⬜⬜⬜⬛⬛⬛⬛
⬜⬜⬛⬜⬜⬛⬜⬛⬛⬛⬜⬜
⬜⬜⬜⬜⬜⬜⬜⬜⬛⬛⬜⬜
⬜⬜⬜⬜⬜⬜⬜⬜⬜⬛⬜⬜
⬜⬜⬜⬜⬜⬜⬛⬜⬛⬜⬜⬜
⬜⬜⬜⬜⬜⬜⬛⬜⬜⬜⬜⬜


Score: 1527
High Score: 5660
⬜⬛⬜⬛⬛⬛⬛⬛⬛⬛⬛⬛
⬛⬜⬛⬛⬛⬛⬛⬛⬛⬛⬛⬛
⬜⬛⬜⬛⬛⬛⬛⬛⬛⬛⬛⬛
⬛⬛⬛⬛⬛⬛⬛⬛⬛⬛⬛⬛
⬛⬛⬛⬛⬛⬛⬛⬛⬛⬛⬛⬛
⬛⬛⬛⬜⬛⬛⬛⬛⬛⬛⬛⬛
⬛⬛⬜⬜⬜⬛⬛⬛⬛⬛⬛⬛
⬛⬛⬛⬜⬜⬛⬛⬜⬛⬛⬛⬛
⬛⬛⬛⬜⬜⬜⬜⬜⬛⬛⬛⬛
⬜⬛⬛⬜⬜⬜⬜⬜⬛⬛⬛⬛
⬜⬜⬛⬜⬜⬛⬜⬛⬛⬛⬜⬜
⬜⬜⬜⬜⬜⬜⬜⬜⬛⬛⬜⬜
⬜⬜⬜⬜⬜⬜⬜⬜⬜⬛⬜⬜
⬜⬜⬜⬜⬜⬜⬛⬜⬛⬜⬜⬜
⬜⬜⬜⬜⬜⬜⬛⬜⬜⬜⬜⬜


Score: 1527
High Score: 5660
⬛⬛⬛⬛⬛⬛⬜⬛⬜⬛⬛⬛
⬛⬛⬛⬛⬛⬛⬛⬜⬛⬛⬛⬛
⬛⬛⬛⬛⬛⬛⬜⬛⬜⬛⬛⬛
⬛⬛⬛⬛⬛⬛⬛⬛⬛⬛⬛⬛
⬛⬛⬛⬛⬛⬛⬛⬛⬛⬛⬛⬛
⬛⬛⬛⬜⬛⬛⬛⬛⬛⬛⬛⬛
⬛⬛⬜⬜⬜⬛⬛⬛⬛⬛⬛⬛
⬛⬛⬛⬜⬜⬛⬛⬜⬛⬛⬛⬛
⬛⬛⬛⬜⬜⬜⬜⬜⬛⬛⬛⬛
⬜⬛⬛⬜⬜⬜⬜⬜⬛⬛⬛⬛
⬜⬜⬛⬜⬜⬛⬜⬛⬛⬛⬜⬜
⬜⬜⬜⬜⬜⬜⬜⬜⬛⬛⬜⬜
⬜⬜⬜⬜⬜⬜⬜⬜⬜⬛⬜⬜
⬜⬜⬜⬜⬜⬜⬛⬜⬛⬜⬜⬜
⬜⬜⬜⬜⬜⬜⬛⬜⬜⬜⬜⬜


Score: 1552
High Score: 5660
⬜⬛⬜⬛⬛⬛⬛⬛⬛⬛⬛⬛
⬜⬜⬜⬛⬛⬛⬛⬛⬛⬛⬛⬛
⬛⬛⬛⬛⬛⬛⬛⬛⬛⬛⬛⬛
⬛⬛⬛⬛⬛⬛⬛⬛⬛⬛⬛⬛
⬛⬛⬛⬛⬛⬛⬛⬛⬛⬛⬛⬛
⬛⬛⬛⬜⬛⬛⬜⬛⬜⬛⬛⬛
⬛⬛⬜⬜⬜⬛⬛⬜⬛⬛⬛⬛
⬛⬛⬛⬜⬜⬛⬜⬜⬜⬛⬛⬛
⬛⬛⬛⬜⬜⬜⬜⬜⬛⬛⬛⬛
⬜⬛⬛⬜⬜⬜⬜⬜⬛⬛⬛⬛
⬜⬜⬛⬜⬜⬛⬜⬛⬛⬛⬜⬜
⬜⬜⬜⬜⬜⬜⬜⬜⬛⬛⬜⬜
⬜⬜⬜⬜⬜⬜⬜⬜⬜⬛⬜⬜
⬜⬜⬜⬜⬜⬜⬛⬜⬛⬜⬜⬜
⬜⬜⬜⬜⬜⬜⬛⬜⬜⬜⬜⬜


Score: 1552
High Score: 5660
⬛⬛⬛⬛⬜⬜⬛⬛⬛⬛⬛⬛
⬛⬛⬛⬛⬛⬜⬛⬛⬛⬛⬛⬛
⬛⬛⬛⬛⬜⬜⬛⬛⬛⬛⬛⬛
⬛⬛⬛⬛⬛⬛⬛⬛⬛⬛⬛⬛
⬛⬛⬛⬛⬛⬛⬛⬛⬛⬛⬛⬛
⬛⬛⬛⬜⬛⬛⬜⬛⬜⬛⬛⬛
⬛⬛⬜⬜⬜⬛⬛⬜⬛⬛⬛⬛
⬛⬛⬛⬜⬜⬛⬜⬜⬜⬛⬛⬛
⬛⬛⬛⬜⬜⬜⬜⬜⬛⬛⬛⬛
⬜⬛⬛⬜⬜⬜⬜⬜⬛⬛⬛⬛
⬜⬜⬛⬜⬜⬛⬜⬛⬛⬛⬜⬜
⬜⬜⬜⬜⬜⬜⬜⬜⬛⬛⬜⬜
⬜⬜⬜⬜⬜⬜⬜⬜⬜⬛⬜⬜
⬜⬜⬜⬜⬜⬜⬛⬜⬛⬜⬜⬜
⬜⬜⬜⬜⬜⬜⬛⬜⬜⬜⬜⬜


Score: 1567
High Score: 5660
⬜⬛⬛⬛⬛⬛⬛⬛⬛⬛⬛⬛
⬛⬛⬛⬛⬛⬛⬛⬛⬛⬛⬛⬛
⬛⬛⬛⬛⬛⬛⬛⬛⬛⬛⬛⬛
⬛⬛⬛⬛⬜⬜⬛⬛⬛⬛⬛⬛
⬛⬛⬛⬛⬛⬜⬛⬛⬛⬛⬛⬛
⬛⬛⬛⬜⬜⬜⬜⬛⬜⬛⬛⬛
⬛⬛⬜⬜⬜⬛⬛⬜⬛⬛⬛⬛
⬛⬛⬛⬜⬜⬛⬜⬜⬜⬛⬛⬛
⬛⬛⬛⬜⬜⬜⬜⬜⬛⬛⬛⬛
⬜⬛⬛⬜⬜⬜⬜⬜⬛⬛⬛⬛
⬜⬜⬛⬜⬜⬛⬜⬛⬛⬛⬜⬜
⬜⬜⬜⬜⬜⬜⬜⬜⬛⬛⬜⬜
⬜⬜⬜⬜⬜⬜⬜⬜⬜⬛⬜⬜
⬜⬜⬜⬜⬜⬜⬛⬜⬛⬜⬜⬜
⬜⬜⬜⬜⬜⬜⬛⬜⬜⬜⬜⬜


Score: 1567
High Score: 5660
⬛⬛⬛⬛⬛⬛⬛⬛⬛⬜⬛⬛
⬛⬛⬛⬛⬛⬛⬛⬛⬛⬛⬛⬛
⬛⬛⬛⬛⬛⬛⬛⬛⬛⬛⬛⬛
⬛⬛⬛⬛⬜⬜⬛⬛⬛⬛⬛⬛
⬛⬛⬛⬛⬛⬜⬛⬛⬛⬛⬛⬛
⬛⬛⬛⬜⬜⬜⬜⬛⬜⬛⬛⬛
⬛⬛⬜⬜⬜⬛⬛⬜⬛⬛⬛⬛
⬛⬛⬛⬜⬜⬛⬜⬜⬜⬛⬛⬛
⬛⬛⬛⬜⬜⬜⬜⬜⬛⬛⬛⬛
⬜⬛⬛⬜⬜⬜⬜⬜⬛⬛⬛⬛
⬜⬜⬛⬜⬜⬛⬜⬛⬛⬛⬜⬜
⬜⬜⬜⬜⬜⬜⬜⬜⬛⬛⬜⬜
⬜⬜⬜⬜⬜⬜⬜⬜⬜⬛⬜⬜
⬜⬜⬜⬜⬜⬜⬛⬜⬛⬜⬜⬜
⬜⬜⬜⬜⬜⬜⬛⬜⬜⬜⬜⬜


Before clearing:
⬛⬛⬛⬛⬛⬛⬛⬛⬛⬛⬛⬛
⬛⬛⬛⬛⬛⬛⬛⬛⬛⬛⬛⬛
⬛⬛⬛⬛⬛⬛⬛⬛⬛⬛⬛⬛
⬛⬛⬛⬛⬜⬜⬛⬛⬛⬛⬛⬛
⬛⬛⬛⬛⬛⬜⬛⬛⬛⬛⬛⬛
⬛⬛⬛⬜⬜⬜⬜⬛⬜⬛⬛⬛
⬛⬛⬜⬜⬜⬛⬛⬜⬛⬛⬛⬛
⬛⬛⬛⬜⬜⬛⬜⬜⬜⬛⬛⬛
⬛⬛⬛⬜⬜⬜⬜⬜⬛⬛⬛⬛
⬜⬛⬛⬜⬜⬜⬜⬜⬛⬛⬛⬛
⬜⬜⬛⬜⬜⬛⬜⬛⬛⬛⬜⬜
⬜⬜⬜⬜⬜⬜⬜⬜⬛⬛⬜⬜
⬜⬜⬜⬜⬜⬜⬜⬜⬜⬜⬜⬜
⬜⬜⬜⬜⬜⬜⬛⬜⬛⬜⬜⬜
⬜⬜⬜⬜⬜⬜⬛⬜⬜⬜⬜⬜


Score: 1591
High Score: 5660
⬜⬜⬛⬛⬛⬛⬛⬛⬛⬛⬛⬛
⬛⬛⬛⬛⬛⬛⬛⬛⬛⬛⬛⬛
⬛⬛⬛⬛⬛⬛⬛⬛⬛⬛⬛⬛
⬛⬛⬛⬛⬛⬛⬛⬛⬛⬛⬛⬛
⬛⬛⬛⬛⬜⬜⬛⬛⬛⬛⬛⬛
⬛⬛⬛⬛⬛⬜⬛⬛⬛⬛⬛⬛
⬛⬛⬛⬜⬜⬜⬜⬛⬜⬛⬛⬛
⬛⬛⬜⬜⬜⬛⬛⬜⬛⬛⬛⬛
⬛⬛⬛⬜⬜⬛⬜⬜⬜⬛⬛⬛
⬛⬛⬛⬜⬜⬜⬜⬜⬛⬛⬛⬛
⬜⬛⬛⬜⬜⬜⬜⬜⬛⬛⬛⬛
⬜⬜⬛⬜⬜⬛⬜⬛⬛⬛⬜⬜
⬜⬜⬜⬜⬜⬜⬜⬜⬛⬛⬜⬜
⬜⬜⬜⬜⬜⬜⬛⬜⬛⬜⬜⬜
⬜⬜⬜⬜⬜⬜⬛⬜⬜⬜⬜⬜


Score: 1591
High Score: 5660
⬛⬛⬛⬛⬛⬛⬛⬛⬛⬜⬛⬛
⬛⬛⬛⬛⬛⬛⬛⬛⬛⬜⬛⬛
⬛⬛⬛⬛⬛⬛⬛⬛⬛⬛⬛⬛
⬛⬛⬛⬛⬛⬛⬛⬛⬛⬛⬛⬛
⬛⬛⬛⬛⬜⬜⬛⬛⬛⬛⬛⬛
⬛⬛⬛⬛⬛⬜⬛⬛⬛⬛⬛⬛
⬛⬛⬛⬜⬜⬜⬜⬛⬜⬛⬛⬛
⬛⬛⬜⬜⬜⬛⬛⬜⬛⬛⬛⬛
⬛⬛⬛⬜⬜⬛⬜⬜⬜⬛⬛⬛
⬛⬛⬛⬜⬜⬜⬜⬜⬛⬛⬛⬛
⬜⬛⬛⬜⬜⬜⬜⬜⬛⬛⬛⬛
⬜⬜⬛⬜⬜⬛⬜⬛⬛⬛⬜⬜
⬜⬜⬜⬜⬜⬜⬜⬜⬛⬛⬜⬜
⬜⬜⬜⬜⬜⬜⬛⬜⬛⬜⬜⬜
⬜⬜⬜⬜⬜⬜⬛⬜⬜⬜⬜⬜


Score: 1613
High Score: 5660
⬜⬜⬜⬛⬛⬛⬛⬛⬛⬛⬛⬛
⬛⬛⬛⬛⬛⬛⬛⬛⬛⬛⬛⬛
⬛⬛⬛⬛⬛⬛⬛⬛⬛⬛⬛⬛
⬛⬛⬛⬛⬛⬛⬛⬛⬛⬛⬛⬛
⬛⬛⬛⬛⬜⬜⬛⬛⬛⬛⬛⬛
⬛⬛⬛⬛⬛⬜⬛⬛⬛⬛⬛⬛
⬛⬛⬛⬜⬜⬜⬜⬛⬜⬛⬛⬛
⬛⬛⬜⬜⬜⬛⬛⬜⬛⬛⬛⬛
⬛⬛⬛⬜⬜⬛⬜⬜⬜⬛⬛⬛
⬛⬛⬛⬜⬜⬜⬜⬜⬛⬛⬛⬛
⬜⬛⬛⬜⬜⬜⬜⬜⬛⬛⬛⬛
⬜⬜⬛⬜⬜⬛⬜⬛⬛⬜⬜⬜
⬜⬜⬜⬜⬜⬜⬜⬜⬛⬜⬜⬜
⬜⬜⬜⬜⬜⬜⬛⬜⬛⬜⬜⬜
⬜⬜⬜⬜⬜⬜⬛⬜⬜⬜⬜⬜


Score: 1613
High Score: 5660
⬛⬛⬛⬛⬛⬛⬛⬛⬛⬛⬛⬜
⬛⬛⬛⬛⬛⬛⬛⬛⬛⬛⬛⬜
⬛⬛⬛⬛⬛⬛⬛⬛⬛⬛⬛⬜
⬛⬛⬛⬛⬛⬛⬛⬛⬛⬛⬛⬛
⬛⬛⬛⬛⬜⬜⬛⬛⬛⬛⬛⬛
⬛⬛⬛⬛⬛⬜⬛⬛⬛⬛⬛⬛
⬛⬛⬛⬜⬜⬜⬜⬛⬜⬛⬛⬛
⬛⬛⬜⬜⬜⬛⬛⬜⬛⬛⬛⬛
⬛⬛⬛⬜⬜⬛⬜⬜⬜⬛⬛⬛
⬛⬛⬛⬜⬜⬜⬜⬜⬛⬛⬛⬛
⬜⬛⬛⬜⬜⬜⬜⬜⬛⬛⬛⬛
⬜⬜⬛⬜⬜⬛⬜⬛⬛⬜⬜⬜
⬜⬜⬜⬜⬜⬜⬜⬜⬛⬜⬜⬜
⬜⬜⬜⬜⬜⬜⬛⬜⬛⬜⬜⬜
⬜⬜⬜⬜⬜⬜⬛⬜⬜⬜⬜⬜


Score: 1637
High Score: 5660
⬜⬜⬜⬜⬛⬛⬛⬛⬛⬛⬛⬛
⬛⬛⬛⬛⬛⬛⬛⬛⬛⬛⬛⬛
⬛⬛⬛⬛⬛⬛⬛⬛⬛⬛⬛⬛
⬛⬛⬛⬛⬛⬛⬛⬛⬛⬛⬛⬛
⬛⬛⬛⬛⬜⬜⬛⬛⬛⬛⬛⬛
⬛⬛⬛⬛⬛⬜⬛⬛⬛⬛⬛⬛
⬛⬛⬛⬜⬜⬜⬜⬛⬜⬛⬛⬛
⬛⬛⬜⬜⬜⬛⬛⬜⬛⬛⬛⬛
⬛⬛⬛⬜⬜⬛⬜⬜⬜⬛⬛⬜
⬛⬛⬛⬜⬜⬜⬜⬜⬛⬛⬛⬜
⬜⬛⬛⬜⬜⬜⬜⬜⬛⬛⬛⬜
⬜⬜⬛⬜⬜⬛⬜⬛⬛⬜⬜⬜
⬜⬜⬜⬜⬜⬜⬜⬜⬛⬜⬜⬜
⬜⬜⬜⬜⬜⬜⬛⬜⬛⬜⬜⬜
⬜⬜⬜⬜⬜⬜⬛⬜⬜⬜⬜⬜


Score: 1637
High Score: 5660
⬛⬛⬛⬛⬛⬛⬛⬛⬛⬛⬜⬛
⬛⬛⬛⬛⬛⬛⬛⬛⬛⬛⬜⬛
⬛⬛⬛⬛⬛⬛⬛⬛⬛⬛⬜⬛
⬛⬛⬛⬛⬛⬛⬛⬛⬛⬛⬜⬛
⬛⬛⬛⬛⬜⬜⬛⬛⬛⬛⬛⬛
⬛⬛⬛⬛⬛⬜⬛⬛⬛⬛⬛⬛
⬛⬛⬛⬜⬜⬜⬜⬛⬜⬛⬛⬛
⬛⬛⬜⬜⬜⬛⬛⬜⬛⬛⬛⬛
⬛⬛⬛⬜⬜⬛⬜⬜⬜⬛⬛⬜
⬛⬛⬛⬜⬜⬜⬜⬜⬛⬛⬛⬜
⬜⬛⬛⬜⬜⬜⬜⬜⬛⬛⬛⬜
⬜⬜⬛⬜⬜⬛⬜⬛⬛⬜⬜⬜
⬜⬜⬜⬜⬜⬜⬜⬜⬛⬜⬜⬜
⬜⬜⬜⬜⬜⬜⬛⬜⬛⬜⬜⬜
⬜⬜⬜⬜⬜⬜⬛⬜⬜⬜⬜⬜


Score: 1665
High Score: 5660
⬜⬜⬛⬛⬛⬛⬛⬛⬛⬛⬛⬛
⬜⬜⬛⬛⬛⬛⬛⬛⬛⬛⬛⬛
⬛⬛⬛⬛⬛⬛⬛⬛⬛⬛⬛⬛
⬛⬛⬛⬛⬛⬛⬛⬛⬛⬛⬛⬛
⬛⬛⬛⬛⬜⬜⬛⬛⬛⬛⬛⬛
⬛⬛⬛⬛⬛⬜⬛⬛⬛⬛⬛⬛
⬛⬛⬛⬜⬜⬜⬜⬛⬜⬛⬛⬛
⬛⬛⬜⬜⬜⬛⬛⬜⬛⬛⬜⬛
⬛⬛⬛⬜⬜⬛⬜⬜⬜⬛⬜⬜
⬛⬛⬛⬜⬜⬜⬜⬜⬛⬛⬜⬜
⬜⬛⬛⬜⬜⬜⬜⬜⬛⬛⬜⬜
⬜⬜⬛⬜⬜⬛⬜⬛⬛⬜⬜⬜
⬜⬜⬜⬜⬜⬜⬜⬜⬛⬜⬜⬜
⬜⬜⬜⬜⬜⬜⬛⬜⬛⬜⬜⬜
⬜⬜⬜⬜⬜⬜⬛⬜⬜⬜⬜⬜


Score: 1665
High Score: 5660
⬜⬜⬛⬛⬛⬛⬛⬛⬛⬛⬛⬛
⬜⬜⬛⬛⬛⬛⬛⬛⬛⬛⬛⬛
⬛⬛⬛⬛⬛⬛⬛⬛⬛⬛⬛⬛
⬛⬛⬛⬛⬛⬛⬛⬛⬛⬛⬛⬛
⬛⬛⬛⬛⬜⬜⬛⬛⬛⬛⬛⬛
⬛⬛⬛⬛⬛⬜⬛⬛⬛⬛⬛⬛
⬛⬛⬛⬜⬜⬜⬜⬛⬜⬛⬛⬛
⬛⬛⬜⬜⬜⬛⬛⬜⬛⬛⬜⬛
⬛⬛⬛⬜⬜⬛⬜⬜⬜⬛⬜⬜
⬛⬛⬛⬜⬜⬜⬜⬜⬛⬛⬜⬜
⬜⬛⬛⬜⬜⬜⬜⬜⬛⬛⬜⬜
⬜⬜⬛⬜⬜⬛⬜⬛⬛⬜⬜⬜
⬜⬜⬜⬜⬜⬜⬜⬜⬛⬜⬜⬜
⬜⬜⬜⬜⬜⬜⬛⬜⬛⬜⬜⬜
⬜⬜⬜⬜⬜⬜⬛⬜⬜⬜⬜⬜


Score: 1697
High Score: 5660
⬜⬛⬛⬛⬛⬛⬛⬛⬛⬛⬛⬛
⬛⬜⬛⬛⬛⬛⬛⬛⬛⬛⬛⬛
⬛⬛⬛⬛⬛⬛⬛⬛⬛⬛⬛⬛
⬛⬛⬛⬛⬛⬛⬛⬛⬛⬛⬛⬛
⬛⬛⬛⬛⬜⬜⬛⬛⬛⬛⬛⬛
⬛⬛⬛⬛⬛⬜⬛⬛⬛⬛⬛⬛
⬛⬛⬛⬜⬜⬜⬜⬛⬜⬛⬛⬛
⬛⬛⬜⬜⬜⬛⬛⬜⬛⬛⬜⬛
⬜⬜⬛⬜⬜⬛⬜⬜⬜⬛⬜⬜
⬜⬜⬛⬜⬜⬜⬜⬜⬛⬛⬜⬜
⬜⬛⬛⬜⬜⬜⬜⬜⬛⬛⬜⬜
⬜⬜⬛⬜⬜⬛⬜⬛⬛⬜⬜⬜
⬜⬜⬜⬜⬜⬜⬜⬜⬛⬜⬜⬜
⬜⬜⬜⬜⬜⬜⬛⬜⬛⬜⬜⬜
⬜⬜⬜⬜⬜⬜⬛⬜⬜⬜⬜⬜


Score: 1697
High Score: 5660
⬛⬛⬛⬛⬛⬛⬛⬛⬛⬛⬜⬛
⬛⬛⬛⬛⬛⬛⬛⬛⬛⬛⬛⬜
⬛⬛⬛⬛⬛⬛⬛⬛⬛⬛⬛⬛
⬛⬛⬛⬛⬛⬛⬛⬛⬛⬛⬛⬛
⬛⬛⬛⬛⬜⬜⬛⬛⬛⬛⬛⬛
⬛⬛⬛⬛⬛⬜⬛⬛⬛⬛⬛⬛
⬛⬛⬛⬜⬜⬜⬜⬛⬜⬛⬛⬛
⬛⬛⬜⬜⬜⬛⬛⬜⬛⬛⬜⬛
⬜⬜⬛⬜⬜⬛⬜⬜⬜⬛⬜⬜
⬜⬜⬛⬜⬜⬜⬜⬜⬛⬛⬜⬜
⬜⬛⬛⬜⬜⬜⬜⬜⬛⬛⬜⬜
⬜⬜⬛⬜⬜⬛⬜⬛⬛⬜⬜⬜
⬜⬜⬜⬜⬜⬜⬜⬜⬛⬜⬜⬜
⬜⬜⬜⬜⬜⬜⬛⬜⬛⬜⬜⬜
⬜⬜⬜⬜⬜⬜⬛⬜⬜⬜⬜⬜


Score: 1709
High Score: 5660
⬜⬛⬛⬛⬛⬛⬛⬛⬛⬛⬛⬛
⬜⬛⬛⬛⬛⬛⬛⬛⬛⬛⬛⬛
⬜⬜⬛⬛⬛⬛⬛⬛⬛⬛⬛⬛
⬛⬛⬛⬛⬛⬛⬛⬛⬛⬛⬛⬛
⬛⬛⬛⬛⬜⬜⬛⬛⬛⬛⬛⬛
⬛⬛⬛⬛⬛⬜⬛⬛⬛⬛⬛⬛
⬛⬛⬛⬜⬜⬜⬜⬛⬜⬛⬜⬛
⬛⬛⬜⬜⬜⬛⬛⬜⬛⬛⬜⬜
⬜⬜⬛⬜⬜⬛⬜⬜⬜⬛⬜⬜
⬜⬜⬛⬜⬜⬜⬜⬜⬛⬛⬜⬜
⬜⬛⬛⬜⬜⬜⬜⬜⬛⬛⬜⬜
⬜⬜⬛⬜⬜⬛⬜⬛⬛⬜⬜⬜
⬜⬜⬜⬜⬜⬜⬜⬜⬛⬜⬜⬜
⬜⬜⬜⬜⬜⬜⬛⬜⬛⬜⬜⬜
⬜⬜⬜⬜⬜⬜⬛⬜⬜⬜⬜⬜


Score: 1709
High Score: 5660
⬜⬛⬛⬛⬛⬛⬛⬛⬛⬛⬛⬛
⬜⬛⬛⬛⬛⬛⬛⬛⬛⬛⬛⬛
⬜⬜⬛⬛⬛⬛⬛⬛⬛⬛⬛⬛
⬛⬛⬛⬛⬛⬛⬛⬛⬛⬛⬛⬛
⬛⬛⬛⬛⬜⬜⬛⬛⬛⬛⬛⬛
⬛⬛⬛⬛⬛⬜⬛⬛⬛⬛⬛⬛
⬛⬛⬛⬜⬜⬜⬜⬛⬜⬛⬜⬛
⬛⬛⬜⬜⬜⬛⬛⬜⬛⬛⬜⬜
⬜⬜⬛⬜⬜⬛⬜⬜⬜⬛⬜⬜
⬜⬜⬛⬜⬜⬜⬜⬜⬛⬛⬜⬜
⬜⬛⬛⬜⬜⬜⬜⬜⬛⬛⬜⬜
⬜⬜⬛⬜⬜⬛⬜⬛⬛⬜⬜⬜
⬜⬜⬜⬜⬜⬜⬜⬜⬛⬜⬜⬜
⬜⬜⬜⬜⬜⬜⬛⬜⬛⬜⬜⬜
⬜⬜⬜⬜⬜⬜⬛⬜⬜⬜⬜⬜


Score: 1729
High Score: 5660
⬜⬛⬛⬛⬛⬛⬛⬛⬛⬛⬛⬛
⬜⬜⬛⬛⬛⬛⬛⬛⬛⬛⬛⬛
⬛⬜⬛⬛⬛⬛⬛⬛⬛⬛⬛⬛
⬛⬛⬛⬛⬛⬛⬛⬛⬛⬛⬛⬛
⬛⬛⬛⬛⬜⬜⬛⬛⬛⬛⬛⬛
⬜⬛⬛⬛⬛⬜⬛⬛⬛⬛⬛⬛
⬜⬛⬛⬜⬜⬜⬜⬛⬜⬛⬜⬛
⬜⬜⬜⬜⬜⬛⬛⬜⬛⬛⬜⬜
⬜⬜⬛⬜⬜⬛⬜⬜⬜⬛⬜⬜
⬜⬜⬛⬜⬜⬜⬜⬜⬛⬛⬜⬜
⬜⬛⬛⬜⬜⬜⬜⬜⬛⬛⬜⬜
⬜⬜⬛⬜⬜⬛⬜⬛⬛⬜⬜⬜
⬜⬜⬜⬜⬜⬜⬜⬜⬛⬜⬜⬜
⬜⬜⬜⬜⬜⬜⬛⬜⬛⬜⬜⬜
⬜⬜⬜⬜⬜⬜⬛⬜⬜⬜⬜⬜


Score: 1729
High Score: 5660
⬛⬛⬜⬜⬛⬛⬛⬛⬛⬛⬛⬛
⬛⬜⬜⬛⬛⬛⬛⬛⬛⬛⬛⬛
⬛⬛⬛⬛⬛⬛⬛⬛⬛⬛⬛⬛
⬛⬛⬛⬛⬛⬛⬛⬛⬛⬛⬛⬛
⬛⬛⬛⬛⬜⬜⬛⬛⬛⬛⬛⬛
⬜⬛⬛⬛⬛⬜⬛⬛⬛⬛⬛⬛
⬜⬛⬛⬜⬜⬜⬜⬛⬜⬛⬜⬛
⬜⬜⬜⬜⬜⬛⬛⬜⬛⬛⬜⬜
⬜⬜⬛⬜⬜⬛⬜⬜⬜⬛⬜⬜
⬜⬜⬛⬜⬜⬜⬜⬜⬛⬛⬜⬜
⬜⬛⬛⬜⬜⬜⬜⬜⬛⬛⬜⬜
⬜⬜⬛⬜⬜⬛⬜⬛⬛⬜⬜⬜
⬜⬜⬜⬜⬜⬜⬜⬜⬛⬜⬜⬜
⬜⬜⬜⬜⬜⬜⬛⬜⬛⬜⬜⬜
⬜⬜⬜⬜⬜⬜⬛⬜⬜⬜⬜⬜


Score: 1749
High Score: 5660
⬜⬜⬜⬛⬛⬛⬛⬛⬛⬛⬛⬛
⬛⬜⬛⬛⬛⬛⬛⬛⬛⬛⬛⬛
⬛⬛⬛⬛⬛⬛⬛⬛⬛⬛⬛⬛
⬛⬛⬛⬛⬛⬛⬛⬛⬛⬛⬛⬛
⬛⬛⬛⬛⬜⬜⬛⬛⬛⬛⬛⬛
⬜⬛⬜⬜⬛⬜⬛⬛⬛⬛⬛⬛
⬜⬜⬜⬜⬜⬜⬜⬛⬜⬛⬜⬛
⬜⬜⬜⬜⬜⬛⬛⬜⬛⬛⬜⬜
⬜⬜⬛⬜⬜⬛⬜⬜⬜⬛⬜⬜
⬜⬜⬛⬜⬜⬜⬜⬜⬛⬛⬜⬜
⬜⬛⬛⬜⬜⬜⬜⬜⬛⬛⬜⬜
⬜⬜⬛⬜⬜⬛⬜⬛⬛⬜⬜⬜
⬜⬜⬜⬜⬜⬜⬜⬜⬛⬜⬜⬜
⬜⬜⬜⬜⬜⬜⬛⬜⬛⬜⬜⬜
⬜⬜⬜⬜⬜⬜⬛⬜⬜⬜⬜⬜


Score: 1749
High Score: 5660
⬛⬛⬛⬛⬛⬛⬛⬛⬛⬜⬛⬛
⬛⬛⬛⬛⬛⬛⬛⬛⬛⬜⬜⬛
⬛⬛⬛⬛⬛⬛⬛⬛⬛⬜⬛⬛
⬛⬛⬛⬛⬛⬛⬛⬛⬛⬛⬛⬛
⬛⬛⬛⬛⬜⬜⬛⬛⬛⬛⬛⬛
⬜⬛⬜⬜⬛⬜⬛⬛⬛⬛⬛⬛
⬜⬜⬜⬜⬜⬜⬜⬛⬜⬛⬜⬛
⬜⬜⬜⬜⬜⬛⬛⬜⬛⬛⬜⬜
⬜⬜⬛⬜⬜⬛⬜⬜⬜⬛⬜⬜
⬜⬜⬛⬜⬜⬜⬜⬜⬛⬛⬜⬜
⬜⬛⬛⬜⬜⬜⬜⬜⬛⬛⬜⬜
⬜⬜⬛⬜⬜⬛⬜⬛⬛⬜⬜⬜
⬜⬜⬜⬜⬜⬜⬜⬜⬛⬜⬜⬜
⬜⬜⬜⬜⬜⬜⬛⬜⬛⬜⬜⬜
⬜⬜⬜⬜⬜⬜⬛⬜⬜⬜⬜⬜


Score: 1765
High Score: 5660
⬛⬜⬛⬛⬛⬛⬛⬛⬛⬛⬛⬛
⬜⬜⬜⬛⬛⬛⬛⬛⬛⬛⬛⬛
⬛⬜⬛⬛⬛⬛⬛⬛⬛⬛⬛⬛
⬛⬛⬛⬛⬛⬛⬛⬛⬛⬛⬛⬛
⬛⬛⬛⬛⬜⬜⬛⬛⬛⬜⬛⬛
⬜⬛⬜⬜⬛⬜⬛⬛⬛⬜⬜⬛
⬜⬜⬜⬜⬜⬜⬜⬛⬜⬜⬜⬛
⬜⬜⬜⬜⬜⬛⬛⬜⬛⬛⬜⬜
⬜⬜⬛⬜⬜⬛⬜⬜⬜⬛⬜⬜
⬜⬜⬛⬜⬜⬜⬜⬜⬛⬛⬜⬜
⬜⬛⬛⬜⬜⬜⬜⬜⬛⬛⬜⬜
⬜⬜⬛⬜⬜⬛⬜⬛⬛⬜⬜⬜
⬜⬜⬜⬜⬜⬜⬜⬜⬛⬜⬜⬜
⬜⬜⬜⬜⬜⬜⬛⬜⬛⬜⬜⬜
⬜⬜⬜⬜⬜⬜⬛⬜⬜⬜⬜⬜


Score: 1765
High Score: 5660
⬛⬛⬛⬛⬛⬛⬛⬜⬛⬛⬛⬛
⬛⬛⬛⬛⬛⬛⬜⬜⬜⬛⬛⬛
⬛⬛⬛⬛⬛⬛⬛⬜⬛⬛⬛⬛
⬛⬛⬛⬛⬛⬛⬛⬛⬛⬛⬛⬛
⬛⬛⬛⬛⬜⬜⬛⬛⬛⬜⬛⬛
⬜⬛⬜⬜⬛⬜⬛⬛⬛⬜⬜⬛
⬜⬜⬜⬜⬜⬜⬜⬛⬜⬜⬜⬛
⬜⬜⬜⬜⬜⬛⬛⬜⬛⬛⬜⬜
⬜⬜⬛⬜⬜⬛⬜⬜⬜⬛⬜⬜
⬜⬜⬛⬜⬜⬜⬜⬜⬛⬛⬜⬜
⬜⬛⬛⬜⬜⬜⬜⬜⬛⬛⬜⬜
⬜⬜⬛⬜⬜⬛⬜⬛⬛⬜⬜⬜
⬜⬜⬜⬜⬜⬜⬜⬜⬛⬜⬜⬜
⬜⬜⬜⬜⬜⬜⬛⬜⬛⬜⬜⬜
⬜⬜⬜⬜⬜⬜⬛⬜⬜⬜⬜⬜


Score: 1785
High Score: 5660
⬜⬜⬛⬛⬛⬛⬛⬛⬛⬛⬛⬛
⬛⬜⬜⬛⬛⬛⬛⬛⬛⬛⬛⬛
⬛⬛⬛⬛⬛⬛⬛⬛⬛⬛⬛⬛
⬛⬛⬛⬛⬛⬛⬛⬛⬛⬛⬛⬛
⬛⬛⬛⬛⬜⬜⬛⬜⬛⬜⬛⬛
⬜⬛⬜⬜⬛⬜⬜⬜⬜⬜⬜⬛
⬜⬜⬜⬜⬜⬜⬜⬜⬜⬜⬜⬛
⬜⬜⬜⬜⬜⬛⬛⬜⬛⬛⬜⬜
⬜⬜⬛⬜⬜⬛⬜⬜⬜⬛⬜⬜
⬜⬜⬛⬜⬜⬜⬜⬜⬛⬛⬜⬜
⬜⬛⬛⬜⬜⬜⬜⬜⬛⬛⬜⬜
⬜⬜⬛⬜⬜⬛⬜⬛⬛⬜⬜⬜
⬜⬜⬜⬜⬜⬜⬜⬜⬛⬜⬜⬜
⬜⬜⬜⬜⬜⬜⬛⬜⬛⬜⬜⬜
⬜⬜⬜⬜⬜⬜⬛⬜⬜⬜⬜⬜


Score: 1785
High Score: 5660
⬛⬛⬜⬛⬛⬛⬛⬛⬛⬛⬛⬛
⬛⬜⬜⬛⬛⬛⬛⬛⬛⬛⬛⬛
⬛⬜⬛⬛⬛⬛⬛⬛⬛⬛⬛⬛
⬛⬛⬛⬛⬛⬛⬛⬛⬛⬛⬛⬛
⬛⬛⬛⬛⬜⬜⬛⬜⬛⬜⬛⬛
⬜⬛⬜⬜⬛⬜⬜⬜⬜⬜⬜⬛
⬜⬜⬜⬜⬜⬜⬜⬜⬜⬜⬜⬛
⬜⬜⬜⬜⬜⬛⬛⬜⬛⬛⬜⬜
⬜⬜⬛⬜⬜⬛⬜⬜⬜⬛⬜⬜
⬜⬜⬛⬜⬜⬜⬜⬜⬛⬛⬜⬜
⬜⬛⬛⬜⬜⬜⬜⬜⬛⬛⬜⬜
⬜⬜⬛⬜⬜⬛⬜⬛⬛⬜⬜⬜
⬜⬜⬜⬜⬜⬜⬜⬜⬛⬜⬜⬜
⬜⬜⬜⬜⬜⬜⬛⬜⬛⬜⬜⬜
⬜⬜⬜⬜⬜⬜⬛⬜⬜⬜⬜⬜


Score: 1797
High Score: 5660
⬛⬜⬛⬛⬛⬛⬛⬛⬛⬛⬛⬛
⬜⬜⬜⬛⬛⬛⬛⬛⬛⬛⬛⬛
⬛⬜⬛⬛⬛⬛⬛⬛⬛⬛⬛⬛
⬛⬛⬜⬛⬛⬛⬛⬛⬛⬛⬛⬛
⬛⬜⬜⬛⬜⬜⬛⬜⬛⬜⬛⬛
⬜⬜⬜⬜⬛⬜⬜⬜⬜⬜⬜⬛
⬜⬜⬜⬜⬜⬜⬜⬜⬜⬜⬜⬛
⬜⬜⬜⬜⬜⬛⬛⬜⬛⬛⬜⬜
⬜⬜⬛⬜⬜⬛⬜⬜⬜⬛⬜⬜
⬜⬜⬛⬜⬜⬜⬜⬜⬛⬛⬜⬜
⬜⬛⬛⬜⬜⬜⬜⬜⬛⬛⬜⬜
⬜⬜⬛⬜⬜⬛⬜⬛⬛⬜⬜⬜
⬜⬜⬜⬜⬜⬜⬜⬜⬛⬜⬜⬜
⬜⬜⬜⬜⬜⬜⬛⬜⬛⬜⬜⬜
⬜⬜⬜⬜⬜⬜⬛⬜⬜⬜⬜⬜


Score: 1797
High Score: 5660
⬛⬛⬛⬛⬛⬛⬜⬛⬛⬛⬛⬛
⬛⬛⬛⬛⬛⬜⬜⬜⬛⬛⬛⬛
⬛⬛⬛⬛⬛⬛⬜⬛⬛⬛⬛⬛
⬛⬛⬜⬛⬛⬛⬛⬛⬛⬛⬛⬛
⬛⬜⬜⬛⬜⬜⬛⬜⬛⬜⬛⬛
⬜⬜⬜⬜⬛⬜⬜⬜⬜⬜⬜⬛
⬜⬜⬜⬜⬜⬜⬜⬜⬜⬜⬜⬛
⬜⬜⬜⬜⬜⬛⬛⬜⬛⬛⬜⬜
⬜⬜⬛⬜⬜⬛⬜⬜⬜⬛⬜⬜
⬜⬜⬛⬜⬜⬜⬜⬜⬛⬛⬜⬜
⬜⬛⬛⬜⬜⬜⬜⬜⬛⬛⬜⬜
⬜⬜⬛⬜⬜⬛⬜⬛⬛⬜⬜⬜
⬜⬜⬜⬜⬜⬜⬜⬜⬛⬜⬜⬜
⬜⬜⬜⬜⬜⬜⬛⬜⬛⬜⬜⬜
⬜⬜⬜⬜⬜⬜⬛⬜⬜⬜⬜⬜


YOU WIN!
No more blocks.
Final grid and score:

Score: 1807
High Score: 5660
⬛⬛⬛⬛⬛⬛⬛⬛⬛⬛⬛⬛
⬛⬛⬛⬛⬛⬛⬛⬛⬛⬛⬛⬛
⬛⬛⬛⬛⬛⬛⬜⬛⬛⬛⬛⬛
⬛⬛⬜⬛⬛⬜⬜⬜⬛⬛⬛⬛
⬛⬜⬜⬛⬜⬜⬜⬜⬛⬜⬛⬛
⬜⬜⬜⬜⬛⬜⬜⬜⬜⬜⬜⬛
⬜⬜⬜⬜⬜⬜⬜⬜⬜⬜⬜⬛
⬜⬜⬜⬜⬜⬛⬛⬜⬛⬛⬜⬜
⬜⬜⬛⬜⬜⬛⬜⬜⬜⬛⬜⬜
⬜⬜⬛⬜⬜⬜⬜⬜⬛⬛⬜⬜
⬜⬛⬛⬜⬜⬜⬜⬜⬛⬛⬜⬜
⬜⬜⬛⬜⬜⬛⬜⬛⬛⬜⬜⬜
⬜⬜⬜⬜⬜⬜⬜⬜⬛⬜⬜⬜
⬜⬜⬜⬜⬜⬜⬛⬜⬛⬜⬜⬜
⬜⬜⬜⬜⬜⬜⬛⬜⬜⬜⬜⬜

Leaderboard
-----------
1. BlockBuster 5660 17:48:57/06.11.2023
2. GravityGuru 4368 17:48:57/06.11.2023
3. DebugDropper 4368 12:52:00/07.11.2023
4. RowRanger 2289 17:48:56/06.11.2023
5. InfiniteLooper 2289 12:52:00/07.11.2023
6. TetraTitan 2216 17:48:56/06.11.2023
7. RecursiveRaider 2216 12:52:00/07.11.2023
8. CascadeKing 1807 17:48:57/06.11.2023
9. ArrayAvenger 1807 12:52:01/07.11.2023
10. PuzzlePrince 1391 17:48:56/06.11.2023


