Score: 0
High Score: 5660
⬜⬛⬛⬛⬛⬛⬛⬛⬛⬛⬛⬛
⬜⬛⬛⬛⬛⬛⬛⬛⬛⬛⬛⬛
⬜⬜⬛⬛⬛⬛⬛⬛⬛⬛⬛⬛
⬛⬛⬛⬛⬛⬛⬛⬛⬛⬛⬛⬛
⬛⬛⬛⬛⬛⬛⬛⬛⬛⬛⬛⬛
⬛⬛⬛⬛⬛⬛⬛⬛⬛⬛⬛⬛
⬛⬛⬛⬛⬛⬛⬛⬛⬛⬛⬛⬛
⬛⬛⬛⬛⬛⬛⬛⬛⬛⬛⬛⬛
⬛⬛⬛⬛⬛⬛⬛⬛⬛⬛⬛⬛
⬛⬛⬛⬛⬛⬛⬛⬛⬛⬛⬛⬛
⬛⬛⬛⬛⬛⬛⬛⬛⬛⬛⬛⬛
⬛⬛⬛⬛⬛⬛⬛⬛⬛⬛⬛⬛
⬛⬛⬛⬛⬛⬛⬛⬛⬛⬛⬛⬛
⬛⬛⬛⬛⬛⬛⬛⬛⬛⬛⬛⬛
⬛⬛⬛⬛⬛⬛⬛⬛⬛⬛⬛⬛


Score: 48
High Score: 5660
⬜⬜⬜⬜⬛⬛⬛⬛⬛⬛⬛⬛
⬛⬛⬛⬛⬛⬛⬛⬛⬛⬛⬛⬛
⬛⬛⬛⬛⬛⬛⬛⬛⬛⬛⬛⬛
⬛⬛⬛⬛⬛⬛⬛⬛⬛⬛⬛⬛
⬛⬛⬛⬛⬛⬛⬛⬛⬛⬛⬛⬛
⬛⬛⬛⬛⬛⬛⬛⬛⬛⬛⬛⬛
⬛⬛⬛⬛⬛⬛⬛⬛⬛⬛⬛⬛
⬛⬛⬛⬛⬛⬛⬛⬛⬛⬛⬛⬛
⬛⬛⬛⬛⬛⬛⬛⬛⬛⬛⬛⬛
⬛⬛⬛⬛⬛⬛⬛⬛⬛⬛⬛⬛
⬛⬛⬛⬛⬛⬛⬛⬛⬛⬛⬛⬛
⬛⬛⬛⬛⬛⬛⬛⬛⬛⬛⬛⬛
⬜⬛⬛⬛⬛⬛⬛⬛⬛⬛⬛⬛
⬜⬛⬛⬛⬛⬛⬛⬛⬛⬛⬛⬛
⬜⬜⬛⬛⬛⬛⬛⬛⬛⬛⬛⬛


Score: 48
High Score: 5660
⬛⬛⬜⬜⬜⬜⬛⬛⬛⬛⬛⬛
⬛⬛⬛⬛⬛⬛⬛⬛⬛⬛⬛⬛
⬛⬛⬛⬛⬛⬛⬛⬛⬛⬛⬛⬛
⬛⬛⬛⬛⬛⬛⬛⬛⬛⬛⬛⬛
⬛⬛⬛⬛⬛⬛⬛⬛⬛⬛⬛⬛
⬛⬛⬛⬛⬛⬛⬛⬛⬛⬛⬛⬛
⬛⬛⬛⬛⬛⬛⬛⬛⬛⬛⬛⬛
⬛⬛⬛⬛⬛⬛⬛⬛⬛⬛⬛⬛
⬛⬛⬛⬛⬛⬛⬛⬛⬛⬛⬛⬛
⬛⬛⬛⬛⬛⬛⬛⬛⬛⬛⬛⬛
⬛⬛⬛⬛⬛⬛⬛⬛⬛⬛⬛⬛
⬛⬛⬛⬛⬛⬛⬛⬛⬛⬛⬛⬛
⬜⬛⬛⬛⬛⬛⬛⬛⬛⬛⬛⬛
⬜⬛⬛⬛⬛⬛⬛⬛⬛⬛⬛⬛
⬜⬜⬛⬛⬛⬛⬛⬛⬛⬛⬛⬛


Score: 104
High Score: 5660
⬜⬜⬛⬛⬛⬛⬛⬛⬛⬛⬛⬛
⬛⬜⬜⬛⬛⬛⬛⬛⬛⬛⬛⬛
⬛⬛⬛⬛⬛⬛⬛⬛⬛⬛⬛⬛
⬛⬛⬛⬛⬛⬛⬛⬛⬛⬛⬛⬛
⬛⬛⬛⬛⬛⬛⬛⬛⬛⬛⬛⬛
⬛⬛⬛⬛⬛⬛⬛⬛⬛⬛⬛⬛
⬛⬛⬛⬛⬛⬛⬛⬛⬛⬛⬛⬛
⬛⬛⬛⬛⬛⬛⬛⬛⬛⬛⬛⬛
⬛⬛⬛⬛⬛⬛⬛⬛⬛⬛⬛⬛
⬛⬛⬛⬛⬛⬛⬛⬛⬛⬛⬛⬛
⬛⬛⬛⬛⬛⬛⬛⬛⬛⬛⬛⬛
⬛⬛⬛⬛⬛⬛⬛⬛⬛⬛⬛⬛
⬜⬛⬛⬛⬛⬛⬛⬛⬛⬛⬛⬛
⬜⬛⬛⬛⬛⬛⬛⬛⬛⬛⬛⬛
⬜⬜⬜⬜⬜⬜⬛⬛⬛⬛⬛⬛


Score: 104
High Score: 5660
⬛⬛⬛⬛⬛⬜⬜⬛⬛⬛⬛⬛
⬛⬛⬛⬛⬛⬛⬜⬜⬛⬛⬛⬛
⬛⬛⬛⬛⬛⬛⬛⬛⬛⬛⬛⬛
⬛⬛⬛⬛⬛⬛⬛⬛⬛⬛⬛⬛
⬛⬛⬛⬛⬛⬛⬛⬛⬛⬛⬛⬛
⬛⬛⬛⬛⬛⬛⬛⬛⬛⬛⬛⬛
⬛⬛⬛⬛⬛⬛⬛⬛⬛⬛⬛⬛
⬛⬛⬛⬛⬛⬛⬛⬛⬛⬛⬛⬛
⬛⬛⬛⬛⬛⬛⬛⬛⬛⬛⬛⬛
⬛⬛⬛⬛⬛⬛⬛⬛⬛⬛⬛⬛
⬛⬛⬛⬛⬛⬛⬛⬛⬛⬛⬛⬛
⬛⬛⬛⬛⬛⬛⬛⬛⬛⬛⬛⬛
⬜⬛⬛⬛⬛⬛⬛⬛⬛⬛⬛⬛
⬜⬛⬛⬛⬛⬛⬛⬛⬛⬛⬛⬛
⬜⬜⬜⬜⬜⬜⬛⬛⬛⬛⬛⬛


Score: 156
High Score: 5660
⬛⬜⬜⬛⬛⬛⬛⬛⬛⬛⬛⬛
⬜⬜⬛⬛⬛⬛⬛⬛⬛⬛⬛⬛
⬛⬛⬛⬛⬛⬛⬛⬛⬛⬛⬛⬛
⬛⬛⬛⬛⬛⬛⬛⬛⬛⬛⬛⬛
⬛⬛⬛⬛⬛⬛⬛⬛⬛⬛⬛⬛
⬛⬛⬛⬛⬛⬛⬛⬛⬛⬛⬛⬛
⬛⬛⬛⬛⬛⬛⬛⬛⬛⬛⬛⬛
⬛⬛⬛⬛⬛⬛⬛⬛⬛⬛⬛⬛
⬛⬛⬛⬛⬛⬛⬛⬛⬛⬛⬛⬛
⬛⬛⬛⬛⬛⬛⬛⬛⬛⬛⬛⬛
⬛⬛⬛⬛⬛⬛⬛⬛⬛⬛⬛⬛
⬛⬛⬛⬛⬛⬛⬛⬛⬛⬛⬛⬛
⬜⬛⬛⬛⬛⬛⬛⬛⬛⬛⬛⬛
⬜⬛⬛⬛⬛⬜⬜⬛⬛⬛⬛⬛
⬜⬜⬜⬜⬜⬜⬜⬜⬛⬛⬛⬛


Score: 156
High Score: 5660
⬛⬛⬛⬛⬜⬜⬛⬛⬛⬛⬛⬛
⬛⬛⬛⬜⬜⬛⬛⬛⬛⬛⬛⬛
⬛⬛⬛⬛⬛⬛⬛⬛⬛⬛⬛⬛
⬛⬛⬛⬛⬛⬛⬛⬛⬛⬛⬛⬛
⬛⬛⬛⬛⬛⬛⬛⬛⬛⬛⬛⬛
⬛⬛⬛⬛⬛⬛⬛⬛⬛⬛⬛⬛
⬛⬛⬛⬛⬛⬛⬛⬛⬛⬛⬛⬛
⬛⬛⬛⬛⬛⬛⬛⬛⬛⬛⬛⬛
⬛⬛⬛⬛⬛⬛⬛⬛⬛⬛⬛⬛
⬛⬛⬛⬛⬛⬛⬛⬛⬛⬛⬛⬛
⬛⬛⬛⬛⬛⬛⬛⬛⬛⬛⬛⬛
⬛⬛⬛⬛⬛⬛⬛⬛⬛⬛⬛⬛
⬜⬛⬛⬛⬛⬛⬛⬛⬛⬛⬛⬛
⬜⬛⬛⬛⬛⬜⬜⬛⬛⬛⬛⬛
⬜⬜⬜⬜⬜⬜⬜⬜⬛⬛⬛⬛


Score: 204
High Score: 5660
⬜⬛⬛⬛⬛⬛⬛⬛⬛⬛⬛⬛
⬜⬛⬛⬛⬛⬛⬛⬛⬛⬛⬛⬛
⬜⬜⬛⬛⬛⬛⬛⬛⬛⬛⬛⬛
⬛⬛⬛⬛⬛⬛⬛⬛⬛⬛⬛⬛
⬛⬛⬛⬛⬛⬛⬛⬛⬛⬛⬛⬛
⬛⬛⬛⬛⬛⬛⬛⬛⬛⬛⬛⬛
⬛⬛⬛⬛⬛⬛⬛⬛⬛⬛⬛⬛
⬛⬛⬛⬛⬛⬛⬛⬛⬛⬛⬛⬛
⬛⬛⬛⬛⬛⬛⬛⬛⬛⬛⬛⬛
⬛⬛⬛⬛⬛⬛⬛⬛⬛⬛⬛⬛
⬛⬛⬛⬛⬛⬛⬛⬛⬛⬛⬛⬛
⬛⬛⬛⬛⬛⬛⬛⬛⬛⬛⬛⬛
⬜⬛⬛⬛⬜⬜⬛⬛⬛⬛⬛⬛
⬜⬛⬛⬜⬜⬜⬜⬛⬛⬛⬛⬛
⬜⬜⬜⬜⬜⬜⬜⬜⬛⬛⬛⬛


Score: 204
High Score: 5660
⬛⬛⬛⬛⬛⬛⬛⬛⬛⬛⬛⬜
⬛⬛⬛⬛⬛⬛⬛⬛⬛⬜⬜⬜
⬛⬛⬛⬛⬛⬛⬛⬛⬛⬛⬛⬛
⬛⬛⬛⬛⬛⬛⬛⬛⬛⬛⬛⬛
⬛⬛⬛⬛⬛⬛⬛⬛⬛⬛⬛⬛
⬛⬛⬛⬛⬛⬛⬛⬛⬛⬛⬛⬛
⬛⬛⬛⬛⬛⬛⬛⬛⬛⬛⬛⬛
⬛⬛⬛⬛⬛⬛⬛⬛⬛⬛⬛⬛
⬛⬛⬛⬛⬛⬛⬛⬛⬛⬛⬛⬛
⬛⬛⬛⬛⬛⬛⬛⬛⬛⬛⬛⬛
⬛⬛⬛⬛⬛⬛⬛⬛⬛⬛⬛⬛
⬛⬛⬛⬛⬛⬛⬛⬛⬛⬛⬛⬛
⬜⬛⬛⬛⬜⬜⬛⬛⬛⬛⬛⬛
⬜⬛⬛⬜⬜⬜⬜⬛⬛⬛⬛⬛
⬜⬜⬜⬜⬜⬜⬜⬜⬛⬛⬛⬛


Unknown command: NEVER_GONNA_GIVE_YOU_UP
Unknown command: NEVER_GONNA_LET_YOU_DOWN
Score: 256
High Score: 5660
⬜⬜⬛⬛⬛⬛⬛⬛⬛⬛⬛⬛
⬜⬜⬛⬛⬛⬛⬛⬛⬛⬛⬛⬛
⬛⬛⬛⬛⬛⬛⬛⬛⬛⬛⬛⬛
⬛⬛⬛⬛⬛⬛⬛⬛⬛⬛⬛⬛
⬛⬛⬛⬛⬛⬛⬛⬛⬛⬛⬛⬛
⬛⬛⬛⬛⬛⬛⬛⬛⬛⬛⬛⬛
⬛⬛⬛⬛⬛⬛⬛⬛⬛⬛⬛⬛
⬛⬛⬛⬛⬛⬛⬛⬛⬛⬛⬛⬛
⬛⬛⬛⬛⬛⬛⬛⬛⬛⬛⬛⬛
⬛⬛⬛⬛⬛⬛⬛⬛⬛⬛⬛⬛
⬛⬛⬛⬛⬛⬛⬛⬛⬛⬛⬛⬛
⬛⬛⬛⬛⬛⬛⬛⬛⬛⬛⬛⬛
⬜⬛⬛⬛⬜⬜⬛⬛⬛⬛⬛⬛
⬜⬛⬛⬜⬜⬜⬜⬛⬛⬛⬛⬜
⬜⬜⬜⬜⬜⬜⬜⬜⬛⬜⬜⬜


Score: 256
High Score: 5660
⬛⬜⬜⬛⬛⬛⬛⬛⬛⬛⬛⬛
⬛⬜⬜⬛⬛⬛⬛⬛⬛⬛⬛⬛
⬛⬛⬛⬛⬛⬛⬛⬛⬛⬛⬛⬛
⬛⬛⬛⬛⬛⬛⬛⬛⬛⬛⬛⬛
⬛⬛⬛⬛⬛⬛⬛⬛⬛⬛⬛⬛
⬛⬛⬛⬛⬛⬛⬛⬛⬛⬛⬛⬛
⬛⬛⬛⬛⬛⬛⬛⬛⬛⬛⬛⬛
⬛⬛⬛⬛⬛⬛⬛⬛⬛⬛⬛⬛
⬛⬛⬛⬛⬛⬛⬛⬛⬛⬛⬛⬛
⬛⬛⬛⬛⬛⬛⬛⬛⬛⬛⬛⬛
⬛⬛⬛⬛⬛⬛⬛⬛⬛⬛⬛⬛
⬛⬛⬛⬛⬛⬛⬛⬛⬛⬛⬛⬛
⬜⬛⬛⬛⬜⬜⬛⬛⬛⬛⬛⬛
⬜⬛⬛⬜⬜⬜⬜⬛⬛⬛⬛⬜
⬜⬜⬜⬜⬜⬜⬜⬜⬛⬜⬜⬜


Score: 304
High Score: 5660
⬛⬜⬛⬛⬛⬛⬛⬛⬛⬛⬛⬛
⬜⬜⬜⬛⬛⬛⬛⬛⬛⬛⬛⬛
⬛⬛⬛⬛⬛⬛⬛⬛⬛⬛⬛⬛
⬛⬛⬛⬛⬛⬛⬛⬛⬛⬛⬛⬛
⬛⬛⬛⬛⬛⬛⬛⬛⬛⬛⬛⬛
⬛⬛⬛⬛⬛⬛⬛⬛⬛⬛⬛⬛
⬛⬛⬛⬛⬛⬛⬛⬛⬛⬛⬛⬛
⬛⬛⬛⬛⬛⬛⬛⬛⬛⬛⬛⬛
⬛⬛⬛⬛⬛⬛⬛⬛⬛⬛⬛⬛
⬛⬛⬛⬛⬛⬛⬛⬛⬛⬛⬛⬛
⬛⬛⬛⬛⬛⬛⬛⬛⬛⬛⬛⬛
⬛⬛⬛⬛⬛⬛⬛⬛⬛⬛⬛⬛
⬜⬜⬜⬛⬜⬜⬛⬛⬛⬛⬛⬛
⬜⬜⬜⬜⬜⬜⬜⬛⬛⬛⬛⬜
⬜⬜⬜⬜⬜⬜⬜⬜⬛⬜⬜⬜


Score: 304
High Score: 5660
⬛⬛⬛⬛⬛⬛⬛⬜⬜⬜⬛⬛
⬛⬛⬛⬛⬛⬛⬛⬛⬜⬛⬛⬛
⬛⬛⬛⬛⬛⬛⬛⬛⬛⬛⬛⬛
⬛⬛⬛⬛⬛⬛⬛⬛⬛⬛⬛⬛
⬛⬛⬛⬛⬛⬛⬛⬛⬛⬛⬛⬛
⬛⬛⬛⬛⬛⬛⬛⬛⬛⬛⬛⬛
⬛⬛⬛⬛⬛⬛⬛⬛⬛⬛⬛⬛
⬛⬛⬛⬛⬛⬛⬛⬛⬛⬛⬛⬛
⬛⬛⬛⬛⬛⬛⬛⬛⬛⬛⬛⬛
⬛⬛⬛⬛⬛⬛⬛⬛⬛⬛⬛⬛
⬛⬛⬛⬛⬛⬛⬛⬛⬛⬛⬛⬛
⬛⬛⬛⬛⬛⬛⬛⬛⬛⬛⬛⬛
⬜⬜⬜⬛⬜⬜⬛⬛⬛⬛⬛⬛
⬜⬜⬜⬜⬜⬜⬜⬛⬛⬛⬛⬜
⬜⬜⬜⬜⬜⬜⬜⬜⬛⬜⬜⬜


Before clearing:
⬛⬛⬛⬛⬛⬛⬛⬛⬛⬛⬛⬛
⬛⬛⬛⬛⬛⬛⬛⬛⬛⬛⬛⬛
⬛⬛⬛⬛⬛⬛⬛⬛⬛⬛⬛⬛
⬛⬛⬛⬛⬛⬛⬛⬛⬛⬛⬛⬛
⬛⬛⬛⬛⬛⬛⬛⬛⬛⬛⬛⬛
⬛⬛⬛⬛⬛⬛⬛⬛⬛⬛⬛⬛
⬛⬛⬛⬛⬛⬛⬛⬛⬛⬛⬛⬛
⬛⬛⬛⬛⬛⬛⬛⬛⬛⬛⬛⬛
⬛⬛⬛⬛⬛⬛⬛⬛⬛⬛⬛⬛
⬛⬛⬛⬛⬛⬛⬛⬛⬛⬛⬛⬛
⬛⬛⬛⬛⬛⬛⬛⬛⬛⬛⬛⬛
⬛⬛⬛⬛⬛⬛⬛⬛⬛⬛⬛⬛
⬜⬜⬜⬛⬜⬜⬛⬛⬛⬛⬛⬛
⬜⬜⬜⬜⬜⬜⬜⬜⬜⬜⬛⬜
⬜⬜⬜⬜⬜⬜⬜⬜⬜⬜⬜⬜


Score: 368
High Score: 5660
⬜⬜⬛⬛⬛⬛⬛⬛⬛⬛⬛⬛
⬜⬜⬛⬛⬛⬛⬛⬛⬛⬛⬛⬛
⬛⬛⬛⬛⬛⬛⬛⬛⬛⬛⬛⬛
⬛⬛⬛⬛⬛⬛⬛⬛⬛⬛⬛⬛
⬛⬛⬛⬛⬛⬛⬛⬛⬛⬛⬛⬛
⬛⬛⬛⬛⬛⬛⬛⬛⬛⬛⬛⬛
⬛⬛⬛⬛⬛⬛⬛⬛⬛⬛⬛⬛
⬛⬛⬛⬛⬛⬛⬛⬛⬛⬛⬛⬛
⬛⬛⬛⬛⬛⬛⬛⬛⬛⬛⬛⬛
⬛⬛⬛⬛⬛⬛⬛⬛⬛⬛⬛⬛
⬛⬛⬛⬛⬛⬛⬛⬛⬛⬛⬛⬛
⬛⬛⬛⬛⬛⬛⬛⬛⬛⬛⬛⬛
⬛⬛⬛⬛⬛⬛⬛⬛⬛⬛⬛⬛
⬜⬜⬜⬛⬜⬜⬛⬛⬛⬛⬛⬛
⬜⬜⬜⬜⬜⬜⬜⬜⬜⬜⬛⬜


Score: 368
High Score: 5660
⬜⬜⬛⬛⬛⬛⬛⬛⬛⬛⬛⬛
⬜⬜⬛⬛⬛⬛⬛⬛⬛⬛⬛⬛
⬛⬛⬛⬛⬛⬛⬛⬛⬛⬛⬛⬛
⬛⬛⬛⬛⬛⬛⬛⬛⬛⬛⬛⬛
⬛⬛⬛⬛⬛⬛⬛⬛⬛⬛⬛⬛
⬛⬛⬛⬛⬛⬛⬛⬛⬛⬛⬛⬛
⬛⬛⬛⬛⬛⬛⬛⬛⬛⬛⬛⬛
⬛⬛⬛⬛⬛⬛⬛⬛⬛⬛⬛⬛
⬛⬛⬛⬛⬛⬛⬛⬛⬛⬛⬛⬛
⬛⬛⬛⬛⬛⬛⬛⬛⬛⬛⬛⬛
⬛⬛⬛⬛⬛⬛⬛⬛⬛⬛⬛⬛
⬛⬛⬛⬛⬛⬛⬛⬛⬛⬛⬛⬛
⬛⬛⬛⬛⬛⬛⬛⬛⬛⬛⬛⬛
⬜⬜⬜⬛⬜⬜⬛⬛⬛⬛⬛⬛
⬜⬜⬜⬜⬜⬜⬜⬜⬜⬜⬛⬜


Score: 412
High Score: 5660
⬛⬜⬜⬛⬛⬛⬛⬛⬛⬛⬛⬛
⬜⬜⬛⬛⬛⬛⬛⬛⬛⬛⬛⬛
⬛⬛⬛⬛⬛⬛⬛⬛⬛⬛⬛⬛
⬛⬛⬛⬛⬛⬛⬛⬛⬛⬛⬛⬛
⬛⬛⬛⬛⬛⬛⬛⬛⬛⬛⬛⬛
⬛⬛⬛⬛⬛⬛⬛⬛⬛⬛⬛⬛
⬛⬛⬛⬛⬛⬛⬛⬛⬛⬛⬛⬛
⬛⬛⬛⬛⬛⬛⬛⬛⬛⬛⬛⬛
⬛⬛⬛⬛⬛⬛⬛⬛⬛⬛⬛⬛
⬛⬛⬛⬛⬛⬛⬛⬛⬛⬛⬛⬛
⬛⬛⬛⬛⬛⬛⬛⬛⬛⬛⬛⬛
⬜⬜⬛⬛⬛⬛⬛⬛⬛⬛⬛⬛
⬜⬜⬛⬛⬛⬛⬛⬛⬛⬛⬛⬛
⬜⬜⬜⬛⬜⬜⬛⬛⬛⬛⬛⬛
⬜⬜⬜⬜⬜⬜⬜⬜⬜⬜⬛⬜


Score: 412
High Score: 5660
⬛⬛⬛⬛⬛⬛⬛⬛⬛⬜⬛⬛
⬛⬛⬛⬛⬛⬛⬛⬛⬛⬜⬜⬛
⬛⬛⬛⬛⬛⬛⬛⬛⬛⬛⬜⬛
⬛⬛⬛⬛⬛⬛⬛⬛⬛⬛⬛⬛
⬛⬛⬛⬛⬛⬛⬛⬛⬛⬛⬛⬛
⬛⬛⬛⬛⬛⬛⬛⬛⬛⬛⬛⬛
⬛⬛⬛⬛⬛⬛⬛⬛⬛⬛⬛⬛
⬛⬛⬛⬛⬛⬛⬛⬛⬛⬛⬛⬛
⬛⬛⬛⬛⬛⬛⬛⬛⬛⬛⬛⬛
⬛⬛⬛⬛⬛⬛⬛⬛⬛⬛⬛⬛
⬛⬛⬛⬛⬛⬛⬛⬛⬛⬛⬛⬛
⬜⬜⬛⬛⬛⬛⬛⬛⬛⬛⬛⬛
⬜⬜⬛⬛⬛⬛⬛⬛⬛⬛⬛⬛
⬜⬜⬜⬛⬜⬜⬛⬛⬛⬛⬛⬛
⬜⬜⬜⬜⬜⬜⬜⬜⬜⬜⬛⬜


Before clearing:
⬛⬛⬛⬛⬛⬛⬛⬛⬛⬛⬛⬛
⬛⬛⬛⬛⬛⬛⬛⬛⬛⬛⬛⬛
⬛⬛⬛⬛⬛⬛⬛⬛⬛⬛⬛⬛
⬛⬛⬛⬛⬛⬛⬛⬛⬛⬛⬛⬛
⬛⬛⬛⬛⬛⬛⬛⬛⬛⬛⬛⬛
⬛⬛⬛⬛⬛⬛⬛⬛⬛⬛⬛⬛
⬛⬛⬛⬛⬛⬛⬛⬛⬛⬛⬛⬛
⬛⬛⬛⬛⬛⬛⬛⬛⬛⬛⬛⬛
⬛⬛⬛⬛⬛⬛⬛⬛⬛⬛⬛⬛
⬛⬛⬛⬛⬛⬛⬛⬛⬛⬛⬛⬛
⬛⬛⬛⬛⬛⬛⬛⬛⬛⬛⬛⬛
⬜⬜⬛⬛⬛⬛⬛⬛⬛⬛⬛⬛
⬜⬜⬛⬛⬛⬛⬛⬛⬛⬜⬛⬛
⬜⬜⬜⬛⬜⬜⬛⬛⬛⬜⬜⬛
⬜⬜⬜⬜⬜⬜⬜⬜⬜⬜⬜⬜


Score: 472
High Score: 5660
⬛⬜⬛⬛⬛⬛⬛⬛⬛⬛⬛⬛
⬜⬜⬜⬛⬛⬛⬛⬛⬛⬛⬛⬛
⬛⬛⬛⬛⬛⬛⬛⬛⬛⬛⬛⬛
⬛⬛⬛⬛⬛⬛⬛⬛⬛⬛⬛⬛
⬛⬛⬛⬛⬛⬛⬛⬛⬛⬛⬛⬛
⬛⬛⬛⬛⬛⬛⬛⬛⬛⬛⬛⬛
⬛⬛⬛⬛⬛⬛⬛⬛⬛⬛⬛⬛
⬛⬛⬛⬛⬛⬛⬛⬛⬛⬛⬛⬛
⬛⬛⬛⬛⬛⬛⬛⬛⬛⬛⬛⬛
⬛⬛⬛⬛⬛⬛⬛⬛⬛⬛⬛⬛
⬛⬛⬛⬛⬛⬛⬛⬛⬛⬛⬛⬛
⬛⬛⬛⬛⬛⬛⬛⬛⬛⬛⬛⬛
⬜⬜⬛⬛⬛⬛⬛⬛⬛⬛⬛⬛
⬜⬜⬛⬛⬛⬛⬛⬛⬛⬜⬛⬛
⬜⬜⬜⬛⬜⬜⬛⬛⬛⬜⬜⬛


Score: 472
High Score: 5660
⬛⬛⬜⬜⬜⬛⬛⬛⬛⬛⬛⬛
⬛⬛⬛⬜⬛⬛⬛⬛⬛⬛⬛⬛
⬛⬛⬛⬛⬛⬛⬛⬛⬛⬛⬛⬛
⬛⬛⬛⬛⬛⬛⬛⬛⬛⬛⬛⬛
⬛⬛⬛⬛⬛⬛⬛⬛⬛⬛⬛⬛
⬛⬛⬛⬛⬛⬛⬛⬛⬛⬛⬛⬛
⬛⬛⬛⬛⬛⬛⬛⬛⬛⬛⬛⬛
⬛⬛⬛⬛⬛⬛⬛⬛⬛⬛⬛⬛
⬛⬛⬛⬛⬛⬛⬛⬛⬛⬛⬛⬛
⬛⬛⬛⬛⬛⬛⬛⬛⬛⬛⬛⬛
⬛⬛⬛⬛⬛⬛⬛⬛⬛⬛⬛⬛
⬛⬛⬛⬛⬛⬛⬛⬛⬛⬛⬛⬛
⬜⬜⬛⬛⬛⬛⬛⬛⬛⬛⬛⬛
⬜⬜⬛⬛⬛⬛⬛⬛⬛⬜⬛⬛
⬜⬜⬜⬛⬜⬜⬛⬛⬛⬜⬜⬛


Score: 524
High Score: 5660
⬜⬜⬜⬜⬛⬛⬛⬛⬛⬛⬛⬛
⬛⬛⬛⬛⬛⬛⬛⬛⬛⬛⬛⬛
⬛⬛⬛⬛⬛⬛⬛⬛⬛⬛⬛⬛
⬛⬛⬛⬛⬛⬛⬛⬛⬛⬛⬛⬛
⬛⬛⬛⬛⬛⬛⬛⬛⬛⬛⬛⬛
⬛⬛⬛⬛⬛⬛⬛⬛⬛⬛⬛⬛
⬛⬛⬛⬛⬛⬛⬛⬛⬛⬛⬛⬛
⬛⬛⬛⬛⬛⬛⬛⬛⬛⬛⬛⬛
⬛⬛⬛⬛⬛⬛⬛⬛⬛⬛⬛⬛
⬛⬛⬛⬛⬛⬛⬛⬛⬛⬛⬛⬛
⬛⬛⬛⬛⬛⬛⬛⬛⬛⬛⬛⬛
⬛⬛⬛⬛⬛⬛⬛⬛⬛⬛⬛⬛
⬜⬜⬛⬛⬛⬛⬛⬛⬛⬛⬛⬛
⬜⬜⬜⬜⬜⬛⬛⬛⬛⬜⬛⬛
⬜⬜⬜⬜⬜⬜⬛⬛⬛⬜⬜⬛


Score: 524
High Score: 5660
⬛⬛⬛⬛⬛⬛⬛⬛⬛⬛⬛⬜
⬛⬛⬛⬛⬛⬛⬛⬛⬛⬛⬛⬜
⬛⬛⬛⬛⬛⬛⬛⬛⬛⬛⬛⬜
⬛⬛⬛⬛⬛⬛⬛⬛⬛⬛⬛⬜
⬛⬛⬛⬛⬛⬛⬛⬛⬛⬛⬛⬛
⬛⬛⬛⬛⬛⬛⬛⬛⬛⬛⬛⬛
⬛⬛⬛⬛⬛⬛⬛⬛⬛⬛⬛⬛
⬛⬛⬛⬛⬛⬛⬛⬛⬛⬛⬛⬛
⬛⬛⬛⬛⬛⬛⬛⬛⬛⬛⬛⬛
⬛⬛⬛⬛⬛⬛⬛⬛⬛⬛⬛⬛
⬛⬛⬛⬛⬛⬛⬛⬛⬛⬛⬛⬛
⬛⬛⬛⬛⬛⬛⬛⬛⬛⬛⬛⬛
⬜⬜⬛⬛⬛⬛⬛⬛⬛⬛⬛⬛
⬜⬜⬜⬜⬜⬛⬛⬛⬛⬜⬛⬛
⬜⬜⬜⬜⬜⬜⬛⬛⬛⬜⬜⬛


Score: 568
High Score: 5660
⬜⬛⬛⬛⬛⬛⬛⬛⬛⬛⬛⬛
⬜⬛⬛⬛⬛⬛⬛⬛⬛⬛⬛⬛
⬜⬜⬛⬛⬛⬛⬛⬛⬛⬛⬛⬛
⬛⬛⬛⬛⬛⬛⬛⬛⬛⬛⬛⬛
⬛⬛⬛⬛⬛⬛⬛⬛⬛⬛⬛⬛
⬛⬛⬛⬛⬛⬛⬛⬛⬛⬛⬛⬛
⬛⬛⬛⬛⬛⬛⬛⬛⬛⬛⬛⬛
⬛⬛⬛⬛⬛⬛⬛⬛⬛⬛⬛⬛
⬛⬛⬛⬛⬛⬛⬛⬛⬛⬛⬛⬛
⬛⬛⬛⬛⬛⬛⬛⬛⬛⬛⬛⬛
⬛⬛⬛⬛⬛⬛⬛⬛⬛⬛⬛⬛
⬛⬛⬛⬛⬛⬛⬛⬛⬛⬛⬛⬜
⬜⬜⬛⬛⬛⬛⬛⬛⬛⬛⬛⬜
⬜⬜⬜⬜⬜⬛⬛⬛⬛⬜⬛⬜
⬜⬜⬜⬜⬜⬜⬛⬛⬛⬜⬜⬜


Score: 568
High Score: 5660
⬛⬛⬛⬛⬛⬛⬛⬛⬜⬛⬛⬛
⬛⬛⬛⬛⬛⬛⬜⬜⬜⬛⬛⬛
⬛⬛⬛⬛⬛⬛⬛⬛⬛⬛⬛⬛
⬛⬛⬛⬛⬛⬛⬛⬛⬛⬛⬛⬛
⬛⬛⬛⬛⬛⬛⬛⬛⬛⬛⬛⬛
⬛⬛⬛⬛⬛⬛⬛⬛⬛⬛⬛⬛
⬛⬛⬛⬛⬛⬛⬛⬛⬛⬛⬛⬛
⬛⬛⬛⬛⬛⬛⬛⬛⬛⬛⬛⬛
⬛⬛⬛⬛⬛⬛⬛⬛⬛⬛⬛⬛
⬛⬛⬛⬛⬛⬛⬛⬛⬛⬛⬛⬛
⬛⬛⬛⬛⬛⬛⬛⬛⬛⬛⬛⬛
⬛⬛⬛⬛⬛⬛⬛⬛⬛⬛⬛⬜
⬜⬜⬛⬛⬛⬛⬛⬛⬛⬛⬛⬜
⬜⬜⬜⬜⬜⬛⬛⬛⬛⬜⬛⬜
⬜⬜⬜⬜⬜⬜⬛⬛⬛⬜⬜⬜


Before clearing:
⬛⬛⬛⬛⬛⬛⬛⬛⬛⬛⬛⬛
⬛⬛⬛⬛⬛⬛⬛⬛⬛⬛⬛⬛
⬛⬛⬛⬛⬛⬛⬛⬛⬛⬛⬛⬛
⬛⬛⬛⬛⬛⬛⬛⬛⬛⬛⬛⬛
⬛⬛⬛⬛⬛⬛⬛⬛⬛⬛⬛⬛
⬛⬛⬛⬛⬛⬛⬛⬛⬛⬛⬛⬛
⬛⬛⬛⬛⬛⬛⬛⬛⬛⬛⬛⬛
⬛⬛⬛⬛⬛⬛⬛⬛⬛⬛⬛⬛
⬛⬛⬛⬛⬛⬛⬛⬛⬛⬛⬛⬛
⬛⬛⬛⬛⬛⬛⬛⬛⬛⬛⬛⬛
⬛⬛⬛⬛⬛⬛⬛⬛⬛⬛⬛⬛
⬛⬛⬛⬛⬛⬛⬛⬛⬛⬛⬛⬜
⬜⬜⬛⬛⬛⬛⬛⬛⬛⬛⬛⬜
⬜⬜⬜⬜⬜⬛⬛⬛⬜⬜⬛⬜
⬜⬜⬜⬜⬜⬜⬜⬜⬜⬜⬜⬜


Score: 632
High Score: 5660
⬜⬛⬛⬛⬛⬛⬛⬛⬛⬛⬛⬛
⬜⬛⬛⬛⬛⬛⬛⬛⬛⬛⬛⬛
⬜⬜⬛⬛⬛⬛⬛⬛⬛⬛⬛⬛
⬛⬛⬛⬛⬛⬛⬛⬛⬛⬛⬛⬛
⬛⬛⬛⬛⬛⬛⬛⬛⬛⬛⬛⬛
⬛⬛⬛⬛⬛⬛⬛⬛⬛⬛⬛⬛
⬛⬛⬛⬛⬛⬛⬛⬛⬛⬛⬛⬛
⬛⬛⬛⬛⬛⬛⬛⬛⬛⬛⬛⬛
⬛⬛⬛⬛⬛⬛⬛⬛⬛⬛⬛⬛
⬛⬛⬛⬛⬛⬛⬛⬛⬛⬛⬛⬛
⬛⬛⬛⬛⬛⬛⬛⬛⬛⬛⬛⬛
⬛⬛⬛⬛⬛⬛⬛⬛⬛⬛⬛⬛
⬛⬛⬛⬛⬛⬛⬛⬛⬛⬛⬛⬜
⬜⬜⬛⬛⬛⬛⬛⬛⬛⬛⬛⬜
⬜⬜⬜⬜⬜⬛⬛⬛⬜⬜⬛⬜


Score: 632
High Score: 5660
⬛⬛⬛⬛⬛⬛⬛⬜⬛⬛⬛⬛
⬛⬛⬛⬛⬛⬜⬜⬜⬛⬛⬛⬛
⬛⬛⬛⬛⬛⬛⬛⬛⬛⬛⬛⬛
⬛⬛⬛⬛⬛⬛⬛⬛⬛⬛⬛⬛
⬛⬛⬛⬛⬛⬛⬛⬛⬛⬛⬛⬛
⬛⬛⬛⬛⬛⬛⬛⬛⬛⬛⬛⬛
⬛⬛⬛⬛⬛⬛⬛⬛⬛⬛⬛⬛
⬛⬛⬛⬛⬛⬛⬛⬛⬛⬛⬛⬛
⬛⬛⬛⬛⬛⬛⬛⬛⬛⬛⬛⬛
⬛⬛⬛⬛⬛⬛⬛⬛⬛⬛⬛⬛
⬛⬛⬛⬛⬛⬛⬛⬛⬛⬛⬛⬛
⬛⬛⬛⬛⬛⬛⬛⬛⬛⬛⬛⬛
⬛⬛⬛⬛⬛⬛⬛⬛⬛⬛⬛⬜
⬜⬜⬛⬛⬛⬛⬛⬛⬛⬛⬛⬜
⬜⬜⬜⬜⬜⬛⬛⬛⬜⬜⬛⬜


Score: 684
High Score: 5660
⬜⬜⬛⬛⬛⬛⬛⬛⬛⬛⬛⬛
⬛⬜⬜⬛⬛⬛⬛⬛⬛⬛⬛⬛
⬛⬛⬛⬛⬛⬛⬛⬛⬛⬛⬛⬛
⬛⬛⬛⬛⬛⬛⬛⬛⬛⬛⬛⬛
⬛⬛⬛⬛⬛⬛⬛⬛⬛⬛⬛⬛
⬛⬛⬛⬛⬛⬛⬛⬛⬛⬛⬛⬛
⬛⬛⬛⬛⬛⬛⬛⬛⬛⬛⬛⬛
⬛⬛⬛⬛⬛⬛⬛⬛⬛⬛⬛⬛
⬛⬛⬛⬛⬛⬛⬛⬛⬛⬛⬛⬛
⬛⬛⬛⬛⬛⬛⬛⬛⬛⬛⬛⬛
⬛⬛⬛⬛⬛⬛⬛⬛⬛⬛⬛⬛
⬛⬛⬛⬛⬛⬛⬛⬛⬛⬛⬛⬛
⬛⬛⬛⬛⬛⬛⬛⬛⬛⬛⬛⬜
⬜⬜⬛⬛⬛⬛⬛⬜⬛⬛⬛⬜
⬜⬜⬜⬜⬜⬜⬜⬜⬜⬜⬛⬜


Score: 684
High Score: 5660
⬛⬜⬜⬛⬛⬛⬛⬛⬛⬛⬛⬛
⬛⬛⬜⬜⬛⬛⬛⬛⬛⬛⬛⬛
⬛⬛⬛⬛⬛⬛⬛⬛⬛⬛⬛⬛
⬛⬛⬛⬛⬛⬛⬛⬛⬛⬛⬛⬛
⬛⬛⬛⬛⬛⬛⬛⬛⬛⬛⬛⬛
⬛⬛⬛⬛⬛⬛⬛⬛⬛⬛⬛⬛
⬛⬛⬛⬛⬛⬛⬛⬛⬛⬛⬛⬛
⬛⬛⬛⬛⬛⬛⬛⬛⬛⬛⬛⬛
⬛⬛⬛⬛⬛⬛⬛⬛⬛⬛⬛⬛
⬛⬛⬛⬛⬛⬛⬛⬛⬛⬛⬛⬛
⬛⬛⬛⬛⬛⬛⬛⬛⬛⬛⬛⬛
⬛⬛⬛⬛⬛⬛⬛⬛⬛⬛⬛⬛
⬛⬛⬛⬛⬛⬛⬛⬛⬛⬛⬛⬜
⬜⬜⬛⬛⬛⬛⬛⬜⬛⬛⬛⬜
⬜⬜⬜⬜⬜⬜⬜⬜⬜⬜⬛⬜


Score: 732
High Score: 5660
⬜⬜⬛⬛⬛⬛⬛⬛⬛⬛⬛⬛
⬜⬜⬛⬛⬛⬛⬛⬛⬛⬛⬛⬛
⬛⬛⬛⬛⬛⬛⬛⬛⬛⬛⬛⬛
⬛⬛⬛⬛⬛⬛⬛⬛⬛⬛⬛⬛
⬛⬛⬛⬛⬛⬛⬛⬛⬛⬛⬛⬛
⬛⬛⬛⬛⬛⬛⬛⬛⬛⬛⬛⬛
⬛⬛⬛⬛⬛⬛⬛⬛⬛⬛⬛⬛
⬛⬛⬛⬛⬛⬛⬛⬛⬛⬛⬛⬛
⬛⬛⬛⬛⬛⬛⬛⬛⬛⬛⬛⬛
⬛⬛⬛⬛⬛⬛⬛⬛⬛⬛⬛⬛
⬛⬛⬛⬛⬛⬛⬛⬛⬛⬛⬛⬛
⬛⬛⬛⬛⬛⬛⬛⬛⬛⬛⬛⬛
⬛⬜⬜⬛⬛⬛⬛⬛⬛⬛⬛⬜
⬜⬜⬜⬜⬛⬛⬛⬜⬛⬛⬛⬜
⬜⬜⬜⬜⬜⬜⬜⬜⬜⬜⬛⬜


Score: 732
High Score: 5660
⬛⬛⬛⬛⬜⬜⬛⬛⬛⬛⬛⬛
⬛⬛⬛⬛⬜⬜⬛⬛⬛⬛⬛⬛
⬛⬛⬛⬛⬛⬛⬛⬛⬛⬛⬛⬛
⬛⬛⬛⬛⬛⬛⬛⬛⬛⬛⬛⬛
⬛⬛⬛⬛⬛⬛⬛⬛⬛⬛⬛⬛
⬛⬛⬛⬛⬛⬛⬛⬛⬛⬛⬛⬛
⬛⬛⬛⬛⬛⬛⬛⬛⬛⬛⬛⬛
⬛⬛⬛⬛⬛⬛⬛⬛⬛⬛⬛⬛
⬛⬛⬛⬛⬛⬛⬛⬛⬛⬛⬛⬛
⬛⬛⬛⬛⬛⬛⬛⬛⬛⬛⬛⬛
⬛⬛⬛⬛⬛⬛⬛⬛⬛⬛⬛⬛
⬛⬛⬛⬛⬛⬛⬛⬛⬛⬛⬛⬛
⬛⬜⬜⬛⬛⬛⬛⬛⬛⬛⬛⬜
⬜⬜⬜⬜⬛⬛⬛⬜⬛⬛⬛⬜
⬜⬜⬜⬜⬜⬜⬜⬜⬜⬜⬛⬜


Score: 780
High Score: 5660
⬜⬛⬛⬛⬛⬛⬛⬛⬛⬛⬛⬛
⬜⬛⬛⬛⬛⬛⬛⬛⬛⬛⬛⬛
⬜⬜⬛⬛⬛⬛⬛⬛⬛⬛⬛⬛
⬛⬛⬛⬛⬛⬛⬛⬛⬛⬛⬛⬛
⬛⬛⬛⬛⬛⬛⬛⬛⬛⬛⬛⬛
⬛⬛⬛⬛⬛⬛⬛⬛⬛⬛⬛⬛
⬛⬛⬛⬛⬛⬛⬛⬛⬛⬛⬛⬛
⬛⬛⬛⬛⬛⬛⬛⬛⬛⬛⬛⬛
⬛⬛⬛⬛⬛⬛⬛⬛⬛⬛⬛⬛
⬛⬛⬛⬛⬛⬛⬛⬛⬛⬛⬛⬛
⬛⬛⬛⬛⬛⬛⬛⬛⬛⬛⬛⬛
⬛⬛⬛⬛⬛⬛⬛⬛⬛⬛⬛⬛
⬛⬜⬜⬛⬜⬜⬛⬛⬛⬛⬛⬜
⬜⬜⬜⬜⬜⬜⬛⬜⬛⬛⬛⬜
⬜⬜⬜⬜⬜⬜⬜⬜⬜⬜⬛⬜


Score: 780
High Score: 5660
⬜⬜⬜⬛⬛⬛⬛⬛⬛⬛⬛⬛
⬜⬛⬛⬛⬛⬛⬛⬛⬛⬛⬛⬛
⬛⬛⬛⬛⬛⬛⬛⬛⬛⬛⬛⬛
⬛⬛⬛⬛⬛⬛⬛⬛⬛⬛⬛⬛
⬛⬛⬛⬛⬛⬛⬛⬛⬛⬛⬛⬛
⬛⬛⬛⬛⬛⬛⬛⬛⬛⬛⬛⬛
⬛⬛⬛⬛⬛⬛⬛⬛⬛⬛⬛⬛
⬛⬛⬛⬛⬛⬛⬛⬛⬛⬛⬛⬛
⬛⬛⬛⬛⬛⬛⬛⬛⬛⬛⬛⬛
⬛⬛⬛⬛⬛⬛⬛⬛⬛⬛⬛⬛
⬛⬛⬛⬛⬛⬛⬛⬛⬛⬛⬛⬛
⬛⬛⬛⬛⬛⬛⬛⬛⬛⬛⬛⬛
⬛⬜⬜⬛⬜⬜⬛⬛⬛⬛⬛⬜
⬜⬜⬜⬜⬜⬜⬛⬜⬛⬛⬛⬜
⬜⬜⬜⬜⬜⬜⬜⬜⬜⬜⬛⬜


Score: 824
High Score: 5660
⬜⬜⬛⬛⬛⬛⬛⬛⬛⬛⬛⬛
⬛⬜⬜⬛⬛⬛⬛⬛⬛⬛⬛⬛
⬛⬛⬛⬛⬛⬛⬛⬛⬛⬛⬛⬛
⬛⬛⬛⬛⬛⬛⬛⬛⬛⬛⬛⬛
⬛⬛⬛⬛⬛⬛⬛⬛⬛⬛⬛⬛
⬛⬛⬛⬛⬛⬛⬛⬛⬛⬛⬛⬛
⬛⬛⬛⬛⬛⬛⬛⬛⬛⬛⬛⬛
⬛⬛⬛⬛⬛⬛⬛⬛⬛⬛⬛⬛
⬛⬛⬛⬛⬛⬛⬛⬛⬛⬛⬛⬛
⬛⬛⬛⬛⬛⬛⬛⬛⬛⬛⬛⬛
⬛⬛⬛⬛⬛⬛⬛⬛⬛⬛⬛⬛
⬜⬜⬜⬛⬛⬛⬛⬛⬛⬛⬛⬛
⬜⬜⬜⬛⬜⬜⬛⬛⬛⬛⬛⬜
⬜⬜⬜⬜⬜⬜⬛⬜⬛⬛⬛⬜
⬜⬜⬜⬜⬜⬜⬜⬜⬜⬜⬛⬜


Score: 824
High Score: 5660
⬛⬛⬛⬛⬛⬛⬛⬜⬛⬛⬛⬛
⬛⬛⬛⬛⬛⬛⬜⬜⬛⬛⬛⬛
⬛⬛⬛⬛⬛⬛⬜⬛⬛⬛⬛⬛
⬛⬛⬛⬛⬛⬛⬛⬛⬛⬛⬛⬛
⬛⬛⬛⬛⬛⬛⬛⬛⬛⬛⬛⬛
⬛⬛⬛⬛⬛⬛⬛⬛⬛⬛⬛⬛
⬛⬛⬛⬛⬛⬛⬛⬛⬛⬛⬛⬛
⬛⬛⬛⬛⬛⬛⬛⬛⬛⬛⬛⬛
⬛⬛⬛⬛⬛⬛⬛⬛⬛⬛⬛⬛
⬛⬛⬛⬛⬛⬛⬛⬛⬛⬛⬛⬛
⬛⬛⬛⬛⬛⬛⬛⬛⬛⬛⬛⬛
⬜⬜⬜⬛⬛⬛⬛⬛⬛⬛⬛⬛
⬜⬜⬜⬛⬜⬜⬛⬛⬛⬛⬛⬜
⬜⬜⬜⬜⬜⬜⬛⬜⬛⬛⬛⬜
⬜⬜⬜⬜⬜⬜⬜⬜⬜⬜⬛⬜


Score: 868
High Score: 5660
⬛⬜⬜⬛⬛⬛⬛⬛⬛⬛⬛⬛
⬜⬜⬛⬛⬛⬛⬛⬛⬛⬛⬛⬛
⬛⬛⬛⬛⬛⬛⬛⬛⬛⬛⬛⬛
⬛⬛⬛⬛⬛⬛⬛⬛⬛⬛⬛⬛
⬛⬛⬛⬛⬛⬛⬛⬛⬛⬛⬛⬛
⬛⬛⬛⬛⬛⬛⬛⬛⬛⬛⬛⬛
⬛⬛⬛⬛⬛⬛⬛⬛⬛⬛⬛⬛
⬛⬛⬛⬛⬛⬛⬛⬛⬛⬛⬛⬛
⬛⬛⬛⬛⬛⬛⬛⬛⬛⬛⬛⬛
⬛⬛⬛⬛⬛⬛⬛⬛⬛⬛⬛⬛
⬛⬛⬛⬛⬛⬛⬛⬛⬛⬛⬛⬛
⬜⬜⬜⬛⬛⬛⬛⬜⬛⬛⬛⬛
⬜⬜⬜⬛⬜⬜⬜⬜⬛⬛⬛⬜
⬜⬜⬜⬜⬜⬜⬜⬜⬛⬛⬛⬜
⬜⬜⬜⬜⬜⬜⬜⬜⬜⬜⬛⬜


Score: 868
High Score: 5660
⬛⬛⬛⬛⬛⬛⬛⬛⬛⬜⬛⬛
⬛⬛⬛⬛⬛⬛⬛⬛⬛⬜⬜⬛
⬛⬛⬛⬛⬛⬛⬛⬛⬛⬛⬜⬛
⬛⬛⬛⬛⬛⬛⬛⬛⬛⬛⬛⬛
⬛⬛⬛⬛⬛⬛⬛⬛⬛⬛⬛⬛
⬛⬛⬛⬛⬛⬛⬛⬛⬛⬛⬛⬛
⬛⬛⬛⬛⬛⬛⬛⬛⬛⬛⬛⬛
⬛⬛⬛⬛⬛⬛⬛⬛⬛⬛⬛⬛
⬛⬛⬛⬛⬛⬛⬛⬛⬛⬛⬛⬛
⬛⬛⬛⬛⬛⬛⬛⬛⬛⬛⬛⬛
⬛⬛⬛⬛⬛⬛⬛⬛⬛⬛⬛⬛
⬜⬜⬜⬛⬛⬛⬛⬜⬛⬛⬛⬛
⬜⬜⬜⬛⬜⬜⬜⬜⬛⬛⬛⬜
⬜⬜⬜⬜⬜⬜⬜⬜⬛⬛⬛⬜
⬜⬜⬜⬜⬜⬜⬜⬜⬜⬜⬛⬜


Before clearing:
⬛⬛⬛⬛⬛⬛⬛⬛⬛⬛⬛⬛
⬛⬛⬛⬛⬛⬛⬛⬛⬛⬛⬛⬛
⬛⬛⬛⬛⬛⬛⬛⬛⬛⬛⬛⬛
⬛⬛⬛⬛⬛⬛⬛⬛⬛⬛⬛⬛
⬛⬛⬛⬛⬛⬛⬛⬛⬛⬛⬛⬛
⬛⬛⬛⬛⬛⬛⬛⬛⬛⬛⬛⬛
⬛⬛⬛⬛⬛⬛⬛⬛⬛⬛⬛⬛
⬛⬛⬛⬛⬛⬛⬛⬛⬛⬛⬛⬛
⬛⬛⬛⬛⬛⬛⬛⬛⬛⬛⬛⬛
⬛⬛⬛⬛⬛⬛⬛⬛⬛⬛⬛⬛
⬛⬛⬛⬛⬛⬛⬛⬛⬛⬛⬛⬛
⬜⬜⬜⬛⬛⬛⬛⬜⬛⬛⬛⬛
⬜⬜⬜⬛⬜⬜⬜⬜⬛⬜⬛⬜
⬜⬜⬜⬜⬜⬜⬜⬜⬛⬜⬜⬜
⬜⬜⬜⬜⬜⬜⬜⬜⬜⬜⬜⬜


Score: 928
High Score: 5660
⬜⬛⬛⬛⬛⬛⬛⬛⬛⬛⬛⬛
⬜⬛⬛⬛⬛⬛⬛⬛⬛⬛⬛⬛
⬜⬜⬛⬛⬛⬛⬛⬛⬛⬛⬛⬛
⬛⬛⬛⬛⬛⬛⬛⬛⬛⬛⬛⬛
⬛⬛⬛⬛⬛⬛⬛⬛⬛⬛⬛⬛
⬛⬛⬛⬛⬛⬛⬛⬛⬛⬛⬛⬛
⬛⬛⬛⬛⬛⬛⬛⬛⬛⬛⬛⬛
⬛⬛⬛⬛⬛⬛⬛⬛⬛⬛⬛⬛
⬛⬛⬛⬛⬛⬛⬛⬛⬛⬛⬛⬛
⬛⬛⬛⬛⬛⬛⬛⬛⬛⬛⬛⬛
⬛⬛⬛⬛⬛⬛⬛⬛⬛⬛⬛⬛
⬛⬛⬛⬛⬛⬛⬛⬛⬛⬛⬛⬛
⬜⬜⬜⬛⬛⬛⬛⬜⬛⬛⬛⬛
⬜⬜⬜⬛⬜⬜⬜⬜⬛⬜⬛⬜
⬜⬜⬜⬜⬜⬜⬜⬜⬛⬜⬜⬜


GAME FINISHED!
No more commands.
Final grid and score:

Score: 928
High Score: 5660
⬛⬛⬛⬛⬛⬛⬛⬛⬛⬛⬛⬛
⬛⬛⬛⬛⬛⬛⬛⬛⬛⬛⬛⬛
⬛⬛⬛⬛⬛⬛⬛⬛⬛⬛⬛⬛
⬛⬛⬛⬛⬛⬛⬛⬛⬛⬛⬛⬛
⬛⬛⬛⬛⬛⬛⬛⬛⬛⬛⬛⬛
⬛⬛⬛⬛⬛⬛⬛⬛⬛⬛⬛⬛
⬛⬛⬛⬛⬛⬛⬛⬛⬛⬛⬛⬛
⬛⬛⬛⬛⬛⬛⬛⬛⬛⬛⬛⬛
⬛⬛⬛⬛⬛⬛⬛⬛⬛⬛⬛⬛
⬛⬛⬛⬛⬛⬛⬛⬛⬛⬛⬛⬛
⬛⬛⬛⬛⬛⬛⬛⬛⬛⬛⬛⬛
⬛⬛⬛⬛⬛⬛⬛⬛⬛⬛⬛⬛
⬜⬜⬜⬛⬛⬛⬛⬜⬛⬛⬛⬛
⬜⬜⬜⬛⬜⬜⬜⬜⬛⬜⬛⬜
⬜⬜⬜⬜⬜⬜⬜⬜⬛⬜⬜⬜

Leaderboard
-----------
1. BlockBuster 5660 17:48:57/06.11.2023
2. HeapHopper 5660 12:52:01/07.11.2023
3. GravityGuru 4368 17:48:57/06.11.2023
4. DebugDropper 4368 12:52:00/07.11.2023
5. RowRanger 2289 17:48:56/06.11.2023
6. InfiniteLooper 2289 12:52:00/07.11.2023
7. TetraTitan 2216 17:48:56/06.11.2023
8. RecursiveRaider 2216 12:52:00/07.11.2023
9. CascadeKing 1807 17:48:57/06.11.2023
10. ArrayAvenger 1807 12:52:01/07.11.2023


